
     Program epsilon v.7.3.1 starts on 17Aug2025 at 15:53:36 

     This program is part of the open-source Quantum ESPRESSO suite
     for quantum simulation of materials; please cite
         "P. Giannozzi et al., J. Phys.:Condens. Matter 21 395502 (2009);
         "P. Giannozzi et al., J. Phys.:Condens. Matter 29 465901 (2017);
         "P. Giannozzi et al., J. Chem. Phys. 152 154105 (2020);
          URL http://www.quantum-espresso.org", 
     in publications or presentations arising from this work. More details at
     http://www.quantum-espresso.org/quote

     Parallel version (MPI), running on    64 processors

     MPI processes distributed on     1 nodes
     R & G space division:  proc/nbgrp/npool/nimage =      64
     240290 MiB available memory on the printing compute node when the environment starts



     Reading input file...
     Broadcasting variables...
     Reading PW restart file...

     Reading xml data from directory:

     ./pwscf.save/
     EXX fraction changed:   0.25
     EXX Screening parameter changed:    0.1060000
     file H.pbe-mt_fhi.UPF: wavefunction(s)  2p 4f renormalized
     file Zr.pbe-mt_fhi.UPF: wavefunction(s)  4f renormalized
     file C.pbe-mt_fhi.UPF: wavefunction(s)  4f renormalized
     file O.pbe-mt_fhi.UPF: wavefunction(s)  4f renormalized
     file N.pbe-mt_fhi.UPF: wavefunction(s)  4f renormalized

     IMPORTANT: XC functional enforced from input :
     Exchange-correlation= HSE
                           (   1   4  12   4   0   0   0)
     EXX-fraction              =        0.25
     Any further DFT definition will be discarded
     Please, verify this is what you really want


     Parallelization info
     --------------------
     sticks:   dense  smooth     PW     G-vecs:    dense   smooth      PW
     Min         746     497    124               109163    59418    7427
     Max         747     498    125               109170    59423    7431
     Sum       47775   31869   7969              6986593  3802973  475407

     Using Slab Decomposition



     Fermi energy [eV] is: -1.39596
     The system is a dielectric...
     metallic system: redefining wmin =     0.000000

     Performing eps calculation...

     xx,yy,zz plasmon frequences [eV] are:     0.340949909    0.358068658    0.362546923

     Writing output on file...


     eps          :      7.32s CPU      8.45s WALL (       1 calls)
     dipole_calc  :      7.28s CPU      8.41s WALL (       1 calls)


     epsilon      :     13.71s CPU     15.20s WALL


   This run was terminated on:  15:53:52  17Aug2025            

=------------------------------------------------------------------------------=
   JOB DONE.
=------------------------------------------------------------------------------=
