/var/lib/slurm-llnl/slurmd/job62083/slurm_script: line 41: ulimit: pipe size: cannot modify limit: Invalid argument
/var/lib/slurm-llnl/slurmd/job62083/slurm_script: line 42: ulimit: open files: cannot modify limit: Operation not permitted
cp: preserving permissions for ‘/local/scratch/mehlhorn/62083/JOBLOG’: Operation not supported
cp: preserving permissions for ‘/local/scratch/mehlhorn/62083/NH2.zip’: Operation not supported
cp: preserving permissions for ‘/local/scratch/mehlhorn/62083/epsilon.inp’: Operation not supported
cp: preserving permissions for ‘/local/scratch/mehlhorn/62083/epsilon.out’: Operation not supported
cp: preserving permissions for ‘/local/scratch/mehlhorn/62083/pw.inp’: Operation not supported
cp: preserving permissions for ‘/local/scratch/mehlhorn/62083/pw.out’: Operation not supported
cp: preserving permissions for ‘/local/scratch/mehlhorn/62083/pwscf.save/O.pbe-mt_fhi.UPF’: Operation not supported
cp: preserving permissions for ‘/local/scratch/mehlhorn/62083/pwscf.save/N.pbe-mt_fhi.UPF’: Operation not supported
cp: preserving permissions for ‘/local/scratch/mehlhorn/62083/pwscf.save/charge-density.dat’: Operation not supported
cp: preserving permissions for ‘/local/scratch/mehlhorn/62083/pwscf.save/data-file-schema.xml’: Operation not supported
cp: preserving permissions for ‘/local/scratch/mehlhorn/62083/pwscf.save/H.pbe-mt_fhi.UPF’: Operation not supported
cp: preserving permissions for ‘/local/scratch/mehlhorn/62083/pwscf.save/Zr.pbe-mt_fhi.UPF’: Operation not supported
cp: preserving permissions for ‘/local/scratch/mehlhorn/62083/pwscf.save/C.pbe-mt_fhi.UPF’: Operation not supported
cp: preserving permissions for ‘/local/scratch/mehlhorn/62083/pwscf.save/wfc1.dat’: Operation not supported
cp: preserving permissions for ‘/local/scratch/mehlhorn/62083/pwscf.save/ace1.dat’: Operation not supported
cp: preserving permissions for ‘/local/scratch/mehlhorn/62083/pwscf.save’: Operation not supported
cp: preserving permissions for ‘/local/scratch/mehlhorn/62083/pwscf.xml’: Operation not supported
cp: preserving permissions for ‘/local/scratch/mehlhorn/62083/qe.job’: Operation not supported
cp: preserving permissions for ‘/local/scratch/mehlhorn/62083/slurm-62053.out’: Operation not supported
