/var/lib/slurm-llnl/slurmd/job56725/slurm_script: line 26: ulimit: pipe size: cannot modify limit: Invalid argument
cp: preserving permissions for ‘/local/scratch/mehlhorn/56725/JOBLOG’: Operation not supported
cp: preserving permissions for ‘/local/scratch/mehlhorn/56725/orca.job’: Operation not supported
cp: preserving permissions for ‘/local/scratch/mehlhorn/56725/orca.out’: Operation not supported
cp: preserving permissions for ‘/local/scratch/mehlhorn/56725/orca_error.out’: Operation not supported
cp: preserving permissions for ‘/local/scratch/mehlhorn/56725/run.E.tmp’: Operation not supported
cp: preserving permissions for ‘/local/scratch/mehlhorn/56725/run.EIJ.tmp’: Operation not supported
cp: preserving permissions for ‘/local/scratch/mehlhorn/56725/run.H.tmp’: Operation not supported
cp: preserving permissions for ‘/local/scratch/mehlhorn/56725/run.K.tmp’: Operation not supported
cp: preserving permissions for ‘/local/scratch/mehlhorn/56725/run.PDAT.tmp’: Operation not supported
cp: preserving permissions for ‘/local/scratch/mehlhorn/56725/run.S.tmp’: Operation not supported
cp: preserving permissions for ‘/local/scratch/mehlhorn/56725/run.SHARK.K.tmp’: Operation not supported
cp: preserving permissions for ‘/local/scratch/mehlhorn/56725/run.SHARKINP.tmp’: Operation not supported
cp: preserving permissions for ‘/local/scratch/mehlhorn/56725/run.SM12.tmp’: Operation not supported
cp: preserving permissions for ‘/local/scratch/mehlhorn/56725/run.SP12.tmp’: Operation not supported
cp: preserving permissions for ‘/local/scratch/mehlhorn/56725/run.SQRTVC.tmp’: Operation not supported
cp: preserving permissions for ‘/local/scratch/mehlhorn/56725/run.SQRTVJ.tmp’: Operation not supported
cp: preserving permissions for ‘/local/scratch/mehlhorn/56725/run.SQRTVJK.tmp’: Operation not supported
cp: preserving permissions for ‘/local/scratch/mehlhorn/56725/run.T.tmp’: Operation not supported
cp: preserving permissions for ‘/local/scratch/mehlhorn/56725/run.V.tmp’: Operation not supported
cp: preserving permissions for ‘/local/scratch/mehlhorn/56725/run.VAUXC.tmp’: Operation not supported
cp: preserving permissions for ‘/local/scratch/mehlhorn/56725/run.VAUXJ.tmp’: Operation not supported
cp: preserving permissions for ‘/local/scratch/mehlhorn/56725/run.VAUXJK.tmp’: Operation not supported
cp: preserving permissions for ‘/local/scratch/mehlhorn/56725/run.VCDC.tmp’: Operation not supported
cp: preserving permissions for ‘/local/scratch/mehlhorn/56725/run.VCDJ.tmp’: Operation not supported
cp: preserving permissions for ‘/local/scratch/mehlhorn/56725/run.VCDJK.tmp’: Operation not supported
cp: preserving permissions for ‘/local/scratch/mehlhorn/56725/run.gbw’: Operation not supported
cp: preserving permissions for ‘/local/scratch/mehlhorn/56725/run.ginp.tmp’: Operation not supported
cp: preserving permissions for ‘/local/scratch/mehlhorn/56725/run.gu.tmp’: Operation not supported
cp: preserving permissions for ‘/local/scratch/mehlhorn/56725/run.inp’: Operation not supported
cp: preserving permissions for ‘/local/scratch/mehlhorn/56725/run.int.tmp’: Operation not supported
cp: preserving permissions for ‘/local/scratch/mehlhorn/56725/run.opt’: Operation not supported
cp: preserving permissions for ‘/local/scratch/mehlhorn/56725/run.xyz’: Operation not supported
cp: preserving permissions for ‘/local/scratch/mehlhorn/56725/run_property.txt’: Operation not supported
cp: preserving permissions for ‘/local/scratch/mehlhorn/56725/slurm-56724.out’: Operation not supported
