cp: preserving permissions for ‘/local/scratch/mehlhorn/62064/JOBLOG’: Operation not supported
cp: preserving permissions for ‘/local/scratch/mehlhorn/62064/orca.job’: Operation not supported
cp: preserving permissions for ‘/local/scratch/mehlhorn/62064/orca.out’: Operation not supported
cp: preserving permissions for ‘/local/scratch/mehlhorn/62064/orca_error.out’: Operation not supported
cp: preserving permissions for ‘/local/scratch/mehlhorn/62064/run.C0.tmp’: Operation not supported
cp: preserving permissions for ‘/local/scratch/mehlhorn/62064/run.E.tmp’: Operation not supported
cp: preserving permissions for ‘/local/scratch/mehlhorn/62064/run.EIJ.tmp’: Operation not supported
cp: preserving permissions for ‘/local/scratch/mehlhorn/62064/run.H.tmp’: Operation not supported
cp: preserving permissions for ‘/local/scratch/mehlhorn/62064/run.K.tmp’: Operation not supported
cp: preserving permissions for ‘/local/scratch/mehlhorn/62064/run.P0.tmp’: Operation not supported
cp: preserving permissions for ‘/local/scratch/mehlhorn/62064/run.PDAT.tmp’: Operation not supported
cp: preserving permissions for ‘/local/scratch/mehlhorn/62064/run.S.tmp’: Operation not supported
cp: preserving permissions for ‘/local/scratch/mehlhorn/62064/run.SCFUE.tmp.0’: Operation not supported
cp: preserving permissions for ‘/local/scratch/mehlhorn/62064/run.SCFVE.tmp.0’: Operation not supported
cp: preserving permissions for ‘/local/scratch/mehlhorn/62064/run.SHARK.KPRSCR.tmp’: Operation not supported
cp: preserving permissions for ‘/local/scratch/mehlhorn/62064/run.SHARKINP.tmp’: Operation not supported
cp: preserving permissions for ‘/local/scratch/mehlhorn/62064/run.SM12.tmp’: Operation not supported
cp: preserving permissions for ‘/local/scratch/mehlhorn/62064/run.SP12.tmp’: Operation not supported
cp: preserving permissions for ‘/local/scratch/mehlhorn/62064/run.SQRTVJ.tmp’: Operation not supported
cp: preserving permissions for ‘/local/scratch/mehlhorn/62064/run.T.tmp’: Operation not supported
cp: preserving permissions for ‘/local/scratch/mehlhorn/62064/run.V.tmp’: Operation not supported
cp: preserving permissions for ‘/local/scratch/mehlhorn/62064/run.VAUXJ.tmp’: Operation not supported
cp: preserving permissions for ‘/local/scratch/mehlhorn/62064/run.VCDJ.tmp’: Operation not supported
cp: preserving permissions for ‘/local/scratch/mehlhorn/62064/run.bas0’: Operation not supported
cp: preserving permissions for ‘/local/scratch/mehlhorn/62064/run.bas1’: Operation not supported
cp: preserving permissions for ‘/local/scratch/mehlhorn/62064/run.bas2’: Operation not supported
cp: preserving permissions for ‘/local/scratch/mehlhorn/62064/run.bas3’: Operation not supported
cp: preserving permissions for ‘/local/scratch/mehlhorn/62064/run.bas4’: Operation not supported
cp: preserving permissions for ‘/local/scratch/mehlhorn/62064/run.bas5’: Operation not supported
cp: preserving permissions for ‘/local/scratch/mehlhorn/62064/run.citations.tmp’: Operation not supported
cp: preserving permissions for ‘/local/scratch/mehlhorn/62064/run.cpscfdata.tmp.0’: Operation not supported
cp: preserving permissions for ‘/local/scratch/mehlhorn/62064/run.cpscfdata.tmp.1’: Operation not supported
cp: preserving permissions for ‘/local/scratch/mehlhorn/62064/run.cpscfdata.tmp.10’: Operation not supported
cp: preserving permissions for ‘/local/scratch/mehlhorn/62064/run.cpscfdata.tmp.11’: Operation not supported
cp: preserving permissions for ‘/local/scratch/mehlhorn/62064/run.cpscfdata.tmp.12’: Operation not supported
cp: preserving permissions for ‘/local/scratch/mehlhorn/62064/run.cpscfdata.tmp.13’: Operation not supported
cp: preserving permissions for ‘/local/scratch/mehlhorn/62064/run.cpscfdata.tmp.14’: Operation not supported
cp: preserving permissions for ‘/local/scratch/mehlhorn/62064/run.cpscfdata.tmp.15’: Operation not supported
cp: preserving permissions for ‘/local/scratch/mehlhorn/62064/run.cpscfdata.tmp.16’: Operation not supported
cp: preserving permissions for ‘/local/scratch/mehlhorn/62064/run.cpscfdata.tmp.17’: Operation not supported
cp: preserving permissions for ‘/local/scratch/mehlhorn/62064/run.cpscfdata.tmp.18’: Operation not supported
cp: preserving permissions for ‘/local/scratch/mehlhorn/62064/run.cpscfdata.tmp.19’: Operation not supported
cp: preserving permissions for ‘/local/scratch/mehlhorn/62064/run.cpscfdata.tmp.2’: Operation not supported
cp: preserving permissions for ‘/local/scratch/mehlhorn/62064/run.cpscfdata.tmp.20’: Operation not supported
cp: preserving permissions for ‘/local/scratch/mehlhorn/62064/run.cpscfdata.tmp.21’: Operation not supported
cp: preserving permissions for ‘/local/scratch/mehlhorn/62064/run.cpscfdata.tmp.22’: Operation not supported
cp: preserving permissions for ‘/local/scratch/mehlhorn/62064/run.cpscfdata.tmp.23’: Operation not supported
cp: preserving permissions for ‘/local/scratch/mehlhorn/62064/run.cpscfdata.tmp.24’: Operation not supported
cp: preserving permissions for ‘/local/scratch/mehlhorn/62064/run.cpscfdata.tmp.25’: Operation not supported
cp: preserving permissions for ‘/local/scratch/mehlhorn/62064/run.cpscfdata.tmp.26’: Operation not supported
cp: preserving permissions for ‘/local/scratch/mehlhorn/62064/run.cpscfdata.tmp.27’: Operation not supported
cp: preserving permissions for ‘/local/scratch/mehlhorn/62064/run.cpscfdata.tmp.28’: Operation not supported
cp: preserving permissions for ‘/local/scratch/mehlhorn/62064/run.cpscfdata.tmp.29’: Operation not supported
cp: preserving permissions for ‘/local/scratch/mehlhorn/62064/run.cpscfdata.tmp.3’: Operation not supported
cp: preserving permissions for ‘/local/scratch/mehlhorn/62064/run.cpscfdata.tmp.30’: Operation not supported
cp: preserving permissions for ‘/local/scratch/mehlhorn/62064/run.cpscfdata.tmp.31’: Operation not supported
cp: preserving permissions for ‘/local/scratch/mehlhorn/62064/run.cpscfdata.tmp.32’: Operation not supported
cp: preserving permissions for ‘/local/scratch/mehlhorn/62064/run.cpscfdata.tmp.33’: Operation not supported
cp: preserving permissions for ‘/local/scratch/mehlhorn/62064/run.cpscfdata.tmp.34’: Operation not supported
cp: preserving permissions for ‘/local/scratch/mehlhorn/62064/run.cpscfdata.tmp.35’: Operation not supported
cp: preserving permissions for ‘/local/scratch/mehlhorn/62064/run.cpscfdata.tmp.36’: Operation not supported
cp: preserving permissions for ‘/local/scratch/mehlhorn/62064/run.cpscfdata.tmp.37’: Operation not supported
cp: preserving permissions for ‘/local/scratch/mehlhorn/62064/run.cpscfdata.tmp.38’: Operation not supported
cp: preserving permissions for ‘/local/scratch/mehlhorn/62064/run.cpscfdata.tmp.39’: Operation not supported
cp: preserving permissions for ‘/local/scratch/mehlhorn/62064/run.cpscfdata.tmp.4’: Operation not supported
cp: preserving permissions for ‘/local/scratch/mehlhorn/62064/run.cpscfdata.tmp.40’: Operation not supported
cp: preserving permissions for ‘/local/scratch/mehlhorn/62064/run.cpscfdata.tmp.41’: Operation not supported
cp: preserving permissions for ‘/local/scratch/mehlhorn/62064/run.cpscfdata.tmp.42’: Operation not supported
cp: preserving permissions for ‘/local/scratch/mehlhorn/62064/run.cpscfdata.tmp.43’: Operation not supported
cp: preserving permissions for ‘/local/scratch/mehlhorn/62064/run.cpscfdata.tmp.44’: Operation not supported
cp: preserving permissions for ‘/local/scratch/mehlhorn/62064/run.cpscfdata.tmp.45’: Operation not supported
cp: preserving permissions for ‘/local/scratch/mehlhorn/62064/run.cpscfdata.tmp.46’: Operation not supported
cp: preserving permissions for ‘/local/scratch/mehlhorn/62064/run.cpscfdata.tmp.47’: Operation not supported
cp: preserving permissions for ‘/local/scratch/mehlhorn/62064/run.cpscfdata.tmp.48’: Operation not supported
cp: preserving permissions for ‘/local/scratch/mehlhorn/62064/run.cpscfdata.tmp.49’: Operation not supported
cp: preserving permissions for ‘/local/scratch/mehlhorn/62064/run.cpscfdata.tmp.5’: Operation not supported
cp: preserving permissions for ‘/local/scratch/mehlhorn/62064/run.cpscfdata.tmp.50’: Operation not supported
cp: preserving permissions for ‘/local/scratch/mehlhorn/62064/run.cpscfdata.tmp.51’: Operation not supported
cp: preserving permissions for ‘/local/scratch/mehlhorn/62064/run.cpscfdata.tmp.52’: Operation not supported
cp: preserving permissions for ‘/local/scratch/mehlhorn/62064/run.cpscfdata.tmp.53’: Operation not supported
cp: preserving permissions for ‘/local/scratch/mehlhorn/62064/run.cpscfdata.tmp.54’: Operation not supported
cp: preserving permissions for ‘/local/scratch/mehlhorn/62064/run.cpscfdata.tmp.55’: Operation not supported
cp: preserving permissions for ‘/local/scratch/mehlhorn/62064/run.cpscfdata.tmp.56’: Operation not supported
cp: preserving permissions for ‘/local/scratch/mehlhorn/62064/run.cpscfdata.tmp.57’: Operation not supported
cp: preserving permissions for ‘/local/scratch/mehlhorn/62064/run.cpscfdata.tmp.58’: Operation not supported
cp: preserving permissions for ‘/local/scratch/mehlhorn/62064/run.cpscfdata.tmp.59’: Operation not supported
cp: preserving permissions for ‘/local/scratch/mehlhorn/62064/run.cpscfdata.tmp.6’: Operation not supported
cp: preserving permissions for ‘/local/scratch/mehlhorn/62064/run.cpscfdata.tmp.60’: Operation not supported
cp: preserving permissions for ‘/local/scratch/mehlhorn/62064/run.cpscfdata.tmp.61’: Operation not supported
cp: preserving permissions for ‘/local/scratch/mehlhorn/62064/run.cpscfdata.tmp.62’: Operation not supported
cp: preserving permissions for ‘/local/scratch/mehlhorn/62064/run.cpscfdata.tmp.63’: Operation not supported
cp: preserving permissions for ‘/local/scratch/mehlhorn/62064/run.cpscfdata.tmp.7’: Operation not supported
cp: preserving permissions for ‘/local/scratch/mehlhorn/62064/run.cpscfdata.tmp.8’: Operation not supported
cp: preserving permissions for ‘/local/scratch/mehlhorn/62064/run.cpscfdata.tmp.9’: Operation not supported
cp: preserving permissions for ‘/local/scratch/mehlhorn/62064/run.cpscfvec.LINEQ_AB.tmp.0’: Operation not supported
cp: preserving permissions for ‘/local/scratch/mehlhorn/62064/run.cpscfvec.LINEQ_B.tmp.0’: Operation not supported
cp: preserving permissions for ‘/local/scratch/mehlhorn/62064/run.cpscfvec.POPLE_B.tmp.proc0.0’: Operation not supported
cp: preserving permissions for ‘/local/scratch/mehlhorn/62064/run.cpscfvec.POPLE_B.tmp.proc1.0’: Operation not supported
cp: preserving permissions for ‘/local/scratch/mehlhorn/62064/run.cpscfvec.POPLE_B.tmp.proc10.0’: Operation not supported
cp: preserving permissions for ‘/local/scratch/mehlhorn/62064/run.cpscfvec.POPLE_B.tmp.proc11.0’: Operation not supported
cp: preserving permissions for ‘/local/scratch/mehlhorn/62064/run.cpscfvec.POPLE_B.tmp.proc12.0’: Operation not supported
cp: preserving permissions for ‘/local/scratch/mehlhorn/62064/run.cpscfvec.POPLE_B.tmp.proc13.0’: Operation not supported
cp: preserving permissions for ‘/local/scratch/mehlhorn/62064/run.cpscfvec.POPLE_B.tmp.proc14.0’: Operation not supported
cp: preserving permissions for ‘/local/scratch/mehlhorn/62064/run.cpscfvec.POPLE_B.tmp.proc15.0’: Operation not supported
cp: preserving permissions for ‘/local/scratch/mehlhorn/62064/run.cpscfvec.POPLE_B.tmp.proc16.0’: Operation not supported
cp: preserving permissions for ‘/local/scratch/mehlhorn/62064/run.cpscfvec.POPLE_B.tmp.proc17.0’: Operation not supported
cp: preserving permissions for ‘/local/scratch/mehlhorn/62064/run.cpscfvec.POPLE_B.tmp.proc18.0’: Operation not supported
cp: preserving permissions for ‘/local/scratch/mehlhorn/62064/run.cpscfvec.POPLE_B.tmp.proc19.0’: Operation not supported
cp: preserving permissions for ‘/local/scratch/mehlhorn/62064/run.cpscfvec.POPLE_B.tmp.proc2.0’: Operation not supported
cp: preserving permissions for ‘/local/scratch/mehlhorn/62064/run.cpscfvec.POPLE_B.tmp.proc20.0’: Operation not supported
cp: preserving permissions for ‘/local/scratch/mehlhorn/62064/run.cpscfvec.POPLE_B.tmp.proc21.0’: Operation not supported
cp: preserving permissions for ‘/local/scratch/mehlhorn/62064/run.cpscfvec.POPLE_B.tmp.proc22.0’: Operation not supported
cp: preserving permissions for ‘/local/scratch/mehlhorn/62064/run.cpscfvec.POPLE_B.tmp.proc23.0’: Operation not supported
cp: preserving permissions for ‘/local/scratch/mehlhorn/62064/run.cpscfvec.POPLE_B.tmp.proc24.0’: Operation not supported
cp: preserving permissions for ‘/local/scratch/mehlhorn/62064/run.cpscfvec.POPLE_B.tmp.proc25.0’: Operation not supported
cp: preserving permissions for ‘/local/scratch/mehlhorn/62064/run.cpscfvec.POPLE_B.tmp.proc26.0’: Operation not supported
cp: preserving permissions for ‘/local/scratch/mehlhorn/62064/run.cpscfvec.POPLE_B.tmp.proc27.0’: Operation not supported
cp: preserving permissions for ‘/local/scratch/mehlhorn/62064/run.cpscfvec.POPLE_B.tmp.proc28.0’: Operation not supported
cp: preserving permissions for ‘/local/scratch/mehlhorn/62064/run.cpscfvec.POPLE_B.tmp.proc29.0’: Operation not supported
cp: preserving permissions for ‘/local/scratch/mehlhorn/62064/run.cpscfvec.POPLE_B.tmp.proc3.0’: Operation not supported
cp: preserving permissions for ‘/local/scratch/mehlhorn/62064/run.cpscfvec.POPLE_B.tmp.proc30.0’: Operation not supported
cp: preserving permissions for ‘/local/scratch/mehlhorn/62064/run.cpscfvec.POPLE_B.tmp.proc31.0’: Operation not supported
cp: preserving permissions for ‘/local/scratch/mehlhorn/62064/run.cpscfvec.POPLE_B.tmp.proc32.0’: Operation not supported
cp: preserving permissions for ‘/local/scratch/mehlhorn/62064/run.cpscfvec.POPLE_B.tmp.proc33.0’: Operation not supported
cp: preserving permissions for ‘/local/scratch/mehlhorn/62064/run.cpscfvec.POPLE_B.tmp.proc34.0’: Operation not supported
cp: preserving permissions for ‘/local/scratch/mehlhorn/62064/run.cpscfvec.POPLE_B.tmp.proc35.0’: Operation not supported
cp: preserving permissions for ‘/local/scratch/mehlhorn/62064/run.cpscfvec.POPLE_B.tmp.proc36.0’: Operation not supported
cp: preserving permissions for ‘/local/scratch/mehlhorn/62064/run.cpscfvec.POPLE_B.tmp.proc37.0’: Operation not supported
cp: preserving permissions for ‘/local/scratch/mehlhorn/62064/run.cpscfvec.POPLE_B.tmp.proc38.0’: Operation not supported
cp: preserving permissions for ‘/local/scratch/mehlhorn/62064/run.cpscfvec.POPLE_B.tmp.proc39.0’: Operation not supported
cp: preserving permissions for ‘/local/scratch/mehlhorn/62064/run.cpscfvec.POPLE_B.tmp.proc4.0’: Operation not supported
cp: preserving permissions for ‘/local/scratch/mehlhorn/62064/run.cpscfvec.POPLE_B.tmp.proc40.0’: Operation not supported
cp: preserving permissions for ‘/local/scratch/mehlhorn/62064/run.cpscfvec.POPLE_B.tmp.proc41.0’: Operation not supported
cp: preserving permissions for ‘/local/scratch/mehlhorn/62064/run.cpscfvec.POPLE_B.tmp.proc42.0’: Operation not supported
cp: preserving permissions for ‘/local/scratch/mehlhorn/62064/run.cpscfvec.POPLE_B.tmp.proc43.0’: Operation not supported
cp: preserving permissions for ‘/local/scratch/mehlhorn/62064/run.cpscfvec.POPLE_B.tmp.proc44.0’: Operation not supported
cp: preserving permissions for ‘/local/scratch/mehlhorn/62064/run.cpscfvec.POPLE_B.tmp.proc45.0’: Operation not supported
cp: preserving permissions for ‘/local/scratch/mehlhorn/62064/run.cpscfvec.POPLE_B.tmp.proc46.0’: Operation not supported
cp: preserving permissions for ‘/local/scratch/mehlhorn/62064/run.cpscfvec.POPLE_B.tmp.proc47.0’: Operation not supported
cp: preserving permissions for ‘/local/scratch/mehlhorn/62064/run.cpscfvec.POPLE_B.tmp.proc48.0’: Operation not supported
cp: preserving permissions for ‘/local/scratch/mehlhorn/62064/run.cpscfvec.POPLE_B.tmp.proc49.0’: Operation not supported
cp: preserving permissions for ‘/local/scratch/mehlhorn/62064/run.cpscfvec.POPLE_B.tmp.proc5.0’: Operation not supported
cp: preserving permissions for ‘/local/scratch/mehlhorn/62064/run.cpscfvec.POPLE_B.tmp.proc50.0’: Operation not supported
cp: preserving permissions for ‘/local/scratch/mehlhorn/62064/run.cpscfvec.POPLE_B.tmp.proc51.0’: Operation not supported
cp: preserving permissions for ‘/local/scratch/mehlhorn/62064/run.cpscfvec.POPLE_B.tmp.proc52.0’: Operation not supported
cp: preserving permissions for ‘/local/scratch/mehlhorn/62064/run.cpscfvec.POPLE_B.tmp.proc53.0’: Operation not supported
cp: preserving permissions for ‘/local/scratch/mehlhorn/62064/run.cpscfvec.POPLE_B.tmp.proc54.0’: Operation not supported
cp: preserving permissions for ‘/local/scratch/mehlhorn/62064/run.cpscfvec.POPLE_B.tmp.proc55.0’: Operation not supported
cp: preserving permissions for ‘/local/scratch/mehlhorn/62064/run.cpscfvec.POPLE_B.tmp.proc56.0’: Operation not supported
cp: preserving permissions for ‘/local/scratch/mehlhorn/62064/run.cpscfvec.POPLE_B.tmp.proc57.0’: Operation not supported
cp: preserving permissions for ‘/local/scratch/mehlhorn/62064/run.cpscfvec.POPLE_B.tmp.proc58.0’: Operation not supported
cp: preserving permissions for ‘/local/scratch/mehlhorn/62064/run.cpscfvec.POPLE_B.tmp.proc59.0’: Operation not supported
cp: preserving permissions for ‘/local/scratch/mehlhorn/62064/run.cpscfvec.POPLE_B.tmp.proc6.0’: Operation not supported
cp: preserving permissions for ‘/local/scratch/mehlhorn/62064/run.cpscfvec.POPLE_B.tmp.proc60.0’: Operation not supported
cp: preserving permissions for ‘/local/scratch/mehlhorn/62064/run.cpscfvec.POPLE_B.tmp.proc61.0’: Operation not supported
cp: preserving permissions for ‘/local/scratch/mehlhorn/62064/run.cpscfvec.POPLE_B.tmp.proc62.0’: Operation not supported
cp: preserving permissions for ‘/local/scratch/mehlhorn/62064/run.cpscfvec.POPLE_B.tmp.proc63.0’: Operation not supported
cp: preserving permissions for ‘/local/scratch/mehlhorn/62064/run.cpscfvec.POPLE_B.tmp.proc7.0’: Operation not supported
cp: preserving permissions for ‘/local/scratch/mehlhorn/62064/run.cpscfvec.POPLE_B.tmp.proc8.0’: Operation not supported
cp: preserving permissions for ‘/local/scratch/mehlhorn/62064/run.cpscfvec.POPLE_B.tmp.proc9.0’: Operation not supported
cp: preserving permissions for ‘/local/scratch/mehlhorn/62064/run.cpscfvec.POPLE_S.tmp.proc0.0’: Operation not supported
cp: preserving permissions for ‘/local/scratch/mehlhorn/62064/run.cpscfvec.POPLE_S.tmp.proc1.0’: Operation not supported
cp: preserving permissions for ‘/local/scratch/mehlhorn/62064/run.cpscfvec.POPLE_S.tmp.proc10.0’: Operation not supported
cp: preserving permissions for ‘/local/scratch/mehlhorn/62064/run.cpscfvec.POPLE_S.tmp.proc11.0’: Operation not supported
cp: preserving permissions for ‘/local/scratch/mehlhorn/62064/run.cpscfvec.POPLE_S.tmp.proc12.0’: Operation not supported
cp: preserving permissions for ‘/local/scratch/mehlhorn/62064/run.cpscfvec.POPLE_S.tmp.proc13.0’: Operation not supported
cp: preserving permissions for ‘/local/scratch/mehlhorn/62064/run.cpscfvec.POPLE_S.tmp.proc14.0’: Operation not supported
cp: preserving permissions for ‘/local/scratch/mehlhorn/62064/run.cpscfvec.POPLE_S.tmp.proc15.0’: Operation not supported
cp: preserving permissions for ‘/local/scratch/mehlhorn/62064/run.cpscfvec.POPLE_S.tmp.proc16.0’: Operation not supported
cp: preserving permissions for ‘/local/scratch/mehlhorn/62064/run.cpscfvec.POPLE_S.tmp.proc17.0’: Operation not supported
cp: preserving permissions for ‘/local/scratch/mehlhorn/62064/run.cpscfvec.POPLE_S.tmp.proc18.0’: Operation not supported
cp: preserving permissions for ‘/local/scratch/mehlhorn/62064/run.cpscfvec.POPLE_S.tmp.proc19.0’: Operation not supported
cp: preserving permissions for ‘/local/scratch/mehlhorn/62064/run.cpscfvec.POPLE_S.tmp.proc2.0’: Operation not supported
cp: preserving permissions for ‘/local/scratch/mehlhorn/62064/run.cpscfvec.POPLE_S.tmp.proc20.0’: Operation not supported
cp: preserving permissions for ‘/local/scratch/mehlhorn/62064/run.cpscfvec.POPLE_S.tmp.proc21.0’: Operation not supported
cp: preserving permissions for ‘/local/scratch/mehlhorn/62064/run.cpscfvec.POPLE_S.tmp.proc22.0’: Operation not supported
cp: preserving permissions for ‘/local/scratch/mehlhorn/62064/run.cpscfvec.POPLE_S.tmp.proc23.0’: Operation not supported
cp: preserving permissions for ‘/local/scratch/mehlhorn/62064/run.cpscfvec.POPLE_S.tmp.proc24.0’: Operation not supported
cp: preserving permissions for ‘/local/scratch/mehlhorn/62064/run.cpscfvec.POPLE_S.tmp.proc25.0’: Operation not supported
cp: preserving permissions for ‘/local/scratch/mehlhorn/62064/run.cpscfvec.POPLE_S.tmp.proc26.0’: Operation not supported
cp: preserving permissions for ‘/local/scratch/mehlhorn/62064/run.cpscfvec.POPLE_S.tmp.proc27.0’: Operation not supported
cp: preserving permissions for ‘/local/scratch/mehlhorn/62064/run.cpscfvec.POPLE_S.tmp.proc28.0’: Operation not supported
cp: preserving permissions for ‘/local/scratch/mehlhorn/62064/run.cpscfvec.POPLE_S.tmp.proc29.0’: Operation not supported
cp: preserving permissions for ‘/local/scratch/mehlhorn/62064/run.cpscfvec.POPLE_S.tmp.proc3.0’: Operation not supported
cp: preserving permissions for ‘/local/scratch/mehlhorn/62064/run.cpscfvec.POPLE_S.tmp.proc30.0’: Operation not supported
cp: preserving permissions for ‘/local/scratch/mehlhorn/62064/run.cpscfvec.POPLE_S.tmp.proc31.0’: Operation not supported
cp: preserving permissions for ‘/local/scratch/mehlhorn/62064/run.cpscfvec.POPLE_S.tmp.proc32.0’: Operation not supported
cp: preserving permissions for ‘/local/scratch/mehlhorn/62064/run.cpscfvec.POPLE_S.tmp.proc33.0’: Operation not supported
cp: preserving permissions for ‘/local/scratch/mehlhorn/62064/run.cpscfvec.POPLE_S.tmp.proc34.0’: Operation not supported
cp: preserving permissions for ‘/local/scratch/mehlhorn/62064/run.cpscfvec.POPLE_S.tmp.proc35.0’: Operation not supported
cp: preserving permissions for ‘/local/scratch/mehlhorn/62064/run.cpscfvec.POPLE_S.tmp.proc36.0’: Operation not supported
cp: preserving permissions for ‘/local/scratch/mehlhorn/62064/run.cpscfvec.POPLE_S.tmp.proc37.0’: Operation not supported
cp: preserving permissions for ‘/local/scratch/mehlhorn/62064/run.cpscfvec.POPLE_S.tmp.proc38.0’: Operation not supported
cp: preserving permissions for ‘/local/scratch/mehlhorn/62064/run.cpscfvec.POPLE_S.tmp.proc39.0’: Operation not supported
cp: preserving permissions for ‘/local/scratch/mehlhorn/62064/run.cpscfvec.POPLE_S.tmp.proc4.0’: Operation not supported
cp: preserving permissions for ‘/local/scratch/mehlhorn/62064/run.cpscfvec.POPLE_S.tmp.proc40.0’: Operation not supported
cp: preserving permissions for ‘/local/scratch/mehlhorn/62064/run.cpscfvec.POPLE_S.tmp.proc41.0’: Operation not supported
cp: preserving permissions for ‘/local/scratch/mehlhorn/62064/run.cpscfvec.POPLE_S.tmp.proc42.0’: Operation not supported
cp: preserving permissions for ‘/local/scratch/mehlhorn/62064/run.cpscfvec.POPLE_S.tmp.proc43.0’: Operation not supported
cp: preserving permissions for ‘/local/scratch/mehlhorn/62064/run.cpscfvec.POPLE_S.tmp.proc44.0’: Operation not supported
cp: preserving permissions for ‘/local/scratch/mehlhorn/62064/run.cpscfvec.POPLE_S.tmp.proc45.0’: Operation not supported
cp: preserving permissions for ‘/local/scratch/mehlhorn/62064/run.cpscfvec.POPLE_S.tmp.proc46.0’: Operation not supported
cp: preserving permissions for ‘/local/scratch/mehlhorn/62064/run.cpscfvec.POPLE_S.tmp.proc47.0’: Operation not supported
cp: preserving permissions for ‘/local/scratch/mehlhorn/62064/run.cpscfvec.POPLE_S.tmp.proc48.0’: Operation not supported
cp: preserving permissions for ‘/local/scratch/mehlhorn/62064/run.cpscfvec.POPLE_S.tmp.proc49.0’: Operation not supported
cp: preserving permissions for ‘/local/scratch/mehlhorn/62064/run.cpscfvec.POPLE_S.tmp.proc5.0’: Operation not supported
cp: preserving permissions for ‘/local/scratch/mehlhorn/62064/run.cpscfvec.POPLE_S.tmp.proc50.0’: Operation not supported
cp: preserving permissions for ‘/local/scratch/mehlhorn/62064/run.cpscfvec.POPLE_S.tmp.proc51.0’: Operation not supported
cp: preserving permissions for ‘/local/scratch/mehlhorn/62064/run.cpscfvec.POPLE_S.tmp.proc52.0’: Operation not supported
cp: preserving permissions for ‘/local/scratch/mehlhorn/62064/run.cpscfvec.POPLE_S.tmp.proc53.0’: Operation not supported
cp: preserving permissions for ‘/local/scratch/mehlhorn/62064/run.cpscfvec.POPLE_S.tmp.proc54.0’: Operation not supported
cp: preserving permissions for ‘/local/scratch/mehlhorn/62064/run.cpscfvec.POPLE_S.tmp.proc55.0’: Operation not supported
cp: preserving permissions for ‘/local/scratch/mehlhorn/62064/run.cpscfvec.POPLE_S.tmp.proc56.0’: Operation not supported
cp: preserving permissions for ‘/local/scratch/mehlhorn/62064/run.cpscfvec.POPLE_S.tmp.proc57.0’: Operation not supported
cp: preserving permissions for ‘/local/scratch/mehlhorn/62064/run.cpscfvec.POPLE_S.tmp.proc58.0’: Operation not supported
cp: preserving permissions for ‘/local/scratch/mehlhorn/62064/run.cpscfvec.POPLE_S.tmp.proc59.0’: Operation not supported
cp: preserving permissions for ‘/local/scratch/mehlhorn/62064/run.cpscfvec.POPLE_S.tmp.proc6.0’: Operation not supported
cp: preserving permissions for ‘/local/scratch/mehlhorn/62064/run.cpscfvec.POPLE_S.tmp.proc60.0’: Operation not supported
cp: preserving permissions for ‘/local/scratch/mehlhorn/62064/run.cpscfvec.POPLE_S.tmp.proc61.0’: Operation not supported
cp: preserving permissions for ‘/local/scratch/mehlhorn/62064/run.cpscfvec.POPLE_S.tmp.proc62.0’: Operation not supported
cp: preserving permissions for ‘/local/scratch/mehlhorn/62064/run.cpscfvec.POPLE_S.tmp.proc63.0’: Operation not supported
cp: preserving permissions for ‘/local/scratch/mehlhorn/62064/run.cpscfvec.POPLE_S.tmp.proc7.0’: Operation not supported
cp: preserving permissions for ‘/local/scratch/mehlhorn/62064/run.cpscfvec.POPLE_S.tmp.proc8.0’: Operation not supported
cp: preserving permissions for ‘/local/scratch/mehlhorn/62064/run.cpscfvec.POPLE_S.tmp.proc9.0’: Operation not supported
cp: preserving permissions for ‘/local/scratch/mehlhorn/62064/run.densities’: Operation not supported
cp: preserving permissions for ‘/local/scratch/mehlhorn/62064/run.densitiesinfo’: Operation not supported
cp: preserving permissions for ‘/local/scratch/mehlhorn/62064/run.en.tmp’: Operation not supported
cp: preserving permissions for ‘/local/scratch/mehlhorn/62064/run.engrad’: Operation not supported
cp: preserving permissions for ‘/local/scratch/mehlhorn/62064/run.exc0.tmp’: Operation not supported
cp: preserving permissions for ‘/local/scratch/mehlhorn/62064/run.exc1.tmp’: Operation not supported
cp: preserving permissions for ‘/local/scratch/mehlhorn/62064/run.exc10.tmp’: Operation not supported
cp: preserving permissions for ‘/local/scratch/mehlhorn/62064/run.exc11.tmp’: Operation not supported
cp: preserving permissions for ‘/local/scratch/mehlhorn/62064/run.exc12.tmp’: Operation not supported
cp: preserving permissions for ‘/local/scratch/mehlhorn/62064/run.exc13.tmp’: Operation not supported
cp: preserving permissions for ‘/local/scratch/mehlhorn/62064/run.exc14.tmp’: Operation not supported
cp: preserving permissions for ‘/local/scratch/mehlhorn/62064/run.exc15.tmp’: Operation not supported
cp: preserving permissions for ‘/local/scratch/mehlhorn/62064/run.exc16.tmp’: Operation not supported
cp: preserving permissions for ‘/local/scratch/mehlhorn/62064/run.exc17.tmp’: Operation not supported
cp: preserving permissions for ‘/local/scratch/mehlhorn/62064/run.exc18.tmp’: Operation not supported
cp: preserving permissions for ‘/local/scratch/mehlhorn/62064/run.exc19.tmp’: Operation not supported
cp: preserving permissions for ‘/local/scratch/mehlhorn/62064/run.exc2.tmp’: Operation not supported
cp: preserving permissions for ‘/local/scratch/mehlhorn/62064/run.exc20.tmp’: Operation not supported
cp: preserving permissions for ‘/local/scratch/mehlhorn/62064/run.exc21.tmp’: Operation not supported
cp: preserving permissions for ‘/local/scratch/mehlhorn/62064/run.exc22.tmp’: Operation not supported
cp: preserving permissions for ‘/local/scratch/mehlhorn/62064/run.exc23.tmp’: Operation not supported
cp: preserving permissions for ‘/local/scratch/mehlhorn/62064/run.exc24.tmp’: Operation not supported
cp: preserving permissions for ‘/local/scratch/mehlhorn/62064/run.exc25.tmp’: Operation not supported
cp: preserving permissions for ‘/local/scratch/mehlhorn/62064/run.exc26.tmp’: Operation not supported
cp: preserving permissions for ‘/local/scratch/mehlhorn/62064/run.exc27.tmp’: Operation not supported
cp: preserving permissions for ‘/local/scratch/mehlhorn/62064/run.exc28.tmp’: Operation not supported
cp: preserving permissions for ‘/local/scratch/mehlhorn/62064/run.exc29.tmp’: Operation not supported
cp: preserving permissions for ‘/local/scratch/mehlhorn/62064/run.exc3.tmp’: Operation not supported
cp: preserving permissions for ‘/local/scratch/mehlhorn/62064/run.exc30.tmp’: Operation not supported
cp: preserving permissions for ‘/local/scratch/mehlhorn/62064/run.exc31.tmp’: Operation not supported
cp: preserving permissions for ‘/local/scratch/mehlhorn/62064/run.exc32.tmp’: Operation not supported
cp: preserving permissions for ‘/local/scratch/mehlhorn/62064/run.exc33.tmp’: Operation not supported
cp: preserving permissions for ‘/local/scratch/mehlhorn/62064/run.exc34.tmp’: Operation not supported
cp: preserving permissions for ‘/local/scratch/mehlhorn/62064/run.exc35.tmp’: Operation not supported
cp: preserving permissions for ‘/local/scratch/mehlhorn/62064/run.exc36.tmp’: Operation not supported
cp: preserving permissions for ‘/local/scratch/mehlhorn/62064/run.exc37.tmp’: Operation not supported
cp: preserving permissions for ‘/local/scratch/mehlhorn/62064/run.exc38.tmp’: Operation not supported
cp: preserving permissions for ‘/local/scratch/mehlhorn/62064/run.exc39.tmp’: Operation not supported
cp: preserving permissions for ‘/local/scratch/mehlhorn/62064/run.exc4.tmp’: Operation not supported
cp: preserving permissions for ‘/local/scratch/mehlhorn/62064/run.exc40.tmp’: Operation not supported
cp: preserving permissions for ‘/local/scratch/mehlhorn/62064/run.exc41.tmp’: Operation not supported
cp: preserving permissions for ‘/local/scratch/mehlhorn/62064/run.exc42.tmp’: Operation not supported
cp: preserving permissions for ‘/local/scratch/mehlhorn/62064/run.exc43.tmp’: Operation not supported
cp: preserving permissions for ‘/local/scratch/mehlhorn/62064/run.exc44.tmp’: Operation not supported
cp: preserving permissions for ‘/local/scratch/mehlhorn/62064/run.exc45.tmp’: Operation not supported
cp: preserving permissions for ‘/local/scratch/mehlhorn/62064/run.exc46.tmp’: Operation not supported
cp: preserving permissions for ‘/local/scratch/mehlhorn/62064/run.exc47.tmp’: Operation not supported
cp: preserving permissions for ‘/local/scratch/mehlhorn/62064/run.exc48.tmp’: Operation not supported
cp: preserving permissions for ‘/local/scratch/mehlhorn/62064/run.exc49.tmp’: Operation not supported
cp: preserving permissions for ‘/local/scratch/mehlhorn/62064/run.exc5.tmp’: Operation not supported
cp: preserving permissions for ‘/local/scratch/mehlhorn/62064/run.exc50.tmp’: Operation not supported
cp: preserving permissions for ‘/local/scratch/mehlhorn/62064/run.exc51.tmp’: Operation not supported
cp: preserving permissions for ‘/local/scratch/mehlhorn/62064/run.exc52.tmp’: Operation not supported
cp: preserving permissions for ‘/local/scratch/mehlhorn/62064/run.exc53.tmp’: Operation not supported
cp: preserving permissions for ‘/local/scratch/mehlhorn/62064/run.exc54.tmp’: Operation not supported
cp: preserving permissions for ‘/local/scratch/mehlhorn/62064/run.exc55.tmp’: Operation not supported
cp: preserving permissions for ‘/local/scratch/mehlhorn/62064/run.exc56.tmp’: Operation not supported
cp: preserving permissions for ‘/local/scratch/mehlhorn/62064/run.exc57.tmp’: Operation not supported
cp: preserving permissions for ‘/local/scratch/mehlhorn/62064/run.exc58.tmp’: Operation not supported
cp: preserving permissions for ‘/local/scratch/mehlhorn/62064/run.exc59.tmp’: Operation not supported
cp: preserving permissions for ‘/local/scratch/mehlhorn/62064/run.exc6.tmp’: Operation not supported
cp: preserving permissions for ‘/local/scratch/mehlhorn/62064/run.exc60.tmp’: Operation not supported
cp: preserving permissions for ‘/local/scratch/mehlhorn/62064/run.exc61.tmp’: Operation not supported
cp: preserving permissions for ‘/local/scratch/mehlhorn/62064/run.exc62.tmp’: Operation not supported
cp: preserving permissions for ‘/local/scratch/mehlhorn/62064/run.exc63.tmp’: Operation not supported
cp: preserving permissions for ‘/local/scratch/mehlhorn/62064/run.exc7.tmp’: Operation not supported
cp: preserving permissions for ‘/local/scratch/mehlhorn/62064/run.exc8.tmp’: Operation not supported
cp: preserving permissions for ‘/local/scratch/mehlhorn/62064/run.exc9.tmp’: Operation not supported
cp: preserving permissions for ‘/local/scratch/mehlhorn/62064/run.fxc0.tmp’: Operation not supported
cp: preserving permissions for ‘/local/scratch/mehlhorn/62064/run.fxc1.tmp’: Operation not supported
cp: preserving permissions for ‘/local/scratch/mehlhorn/62064/run.fxc10.tmp’: Operation not supported
cp: preserving permissions for ‘/local/scratch/mehlhorn/62064/run.fxc11.tmp’: Operation not supported
cp: preserving permissions for ‘/local/scratch/mehlhorn/62064/run.fxc12.tmp’: Operation not supported
cp: preserving permissions for ‘/local/scratch/mehlhorn/62064/run.fxc13.tmp’: Operation not supported
cp: preserving permissions for ‘/local/scratch/mehlhorn/62064/run.fxc14.tmp’: Operation not supported
cp: preserving permissions for ‘/local/scratch/mehlhorn/62064/run.fxc15.tmp’: Operation not supported
cp: preserving permissions for ‘/local/scratch/mehlhorn/62064/run.fxc16.tmp’: Operation not supported
cp: preserving permissions for ‘/local/scratch/mehlhorn/62064/run.fxc17.tmp’: Operation not supported
cp: preserving permissions for ‘/local/scratch/mehlhorn/62064/run.fxc18.tmp’: Operation not supported
cp: preserving permissions for ‘/local/scratch/mehlhorn/62064/run.fxc19.tmp’: Operation not supported
cp: preserving permissions for ‘/local/scratch/mehlhorn/62064/run.fxc2.tmp’: Operation not supported
cp: preserving permissions for ‘/local/scratch/mehlhorn/62064/run.fxc20.tmp’: Operation not supported
cp: preserving permissions for ‘/local/scratch/mehlhorn/62064/run.fxc21.tmp’: Operation not supported
cp: preserving permissions for ‘/local/scratch/mehlhorn/62064/run.fxc22.tmp’: Operation not supported
cp: preserving permissions for ‘/local/scratch/mehlhorn/62064/run.fxc23.tmp’: Operation not supported
cp: preserving permissions for ‘/local/scratch/mehlhorn/62064/run.fxc24.tmp’: Operation not supported
cp: preserving permissions for ‘/local/scratch/mehlhorn/62064/run.fxc25.tmp’: Operation not supported
cp: preserving permissions for ‘/local/scratch/mehlhorn/62064/run.fxc26.tmp’: Operation not supported
cp: preserving permissions for ‘/local/scratch/mehlhorn/62064/run.fxc27.tmp’: Operation not supported
cp: preserving permissions for ‘/local/scratch/mehlhorn/62064/run.fxc28.tmp’: Operation not supported
cp: preserving permissions for ‘/local/scratch/mehlhorn/62064/run.fxc29.tmp’: Operation not supported
cp: preserving permissions for ‘/local/scratch/mehlhorn/62064/run.fxc3.tmp’: Operation not supported
cp: preserving permissions for ‘/local/scratch/mehlhorn/62064/run.fxc30.tmp’: Operation not supported
cp: preserving permissions for ‘/local/scratch/mehlhorn/62064/run.fxc31.tmp’: Operation not supported
cp: preserving permissions for ‘/local/scratch/mehlhorn/62064/run.fxc32.tmp’: Operation not supported
cp: preserving permissions for ‘/local/scratch/mehlhorn/62064/run.fxc33.tmp’: Operation not supported
cp: preserving permissions for ‘/local/scratch/mehlhorn/62064/run.fxc34.tmp’: Operation not supported
cp: preserving permissions for ‘/local/scratch/mehlhorn/62064/run.fxc35.tmp’: Operation not supported
cp: preserving permissions for ‘/local/scratch/mehlhorn/62064/run.fxc36.tmp’: Operation not supported
cp: preserving permissions for ‘/local/scratch/mehlhorn/62064/run.fxc37.tmp’: Operation not supported
cp: preserving permissions for ‘/local/scratch/mehlhorn/62064/run.fxc38.tmp’: Operation not supported
cp: preserving permissions for ‘/local/scratch/mehlhorn/62064/run.fxc39.tmp’: Operation not supported
cp: preserving permissions for ‘/local/scratch/mehlhorn/62064/run.fxc4.tmp’: Operation not supported
cp: preserving permissions for ‘/local/scratch/mehlhorn/62064/run.fxc40.tmp’: Operation not supported
cp: preserving permissions for ‘/local/scratch/mehlhorn/62064/run.fxc41.tmp’: Operation not supported
cp: preserving permissions for ‘/local/scratch/mehlhorn/62064/run.fxc42.tmp’: Operation not supported
cp: preserving permissions for ‘/local/scratch/mehlhorn/62064/run.fxc43.tmp’: Operation not supported
cp: preserving permissions for ‘/local/scratch/mehlhorn/62064/run.fxc44.tmp’: Operation not supported
cp: preserving permissions for ‘/local/scratch/mehlhorn/62064/run.fxc45.tmp’: Operation not supported
cp: preserving permissions for ‘/local/scratch/mehlhorn/62064/run.fxc46.tmp’: Operation not supported
cp: preserving permissions for ‘/local/scratch/mehlhorn/62064/run.fxc47.tmp’: Operation not supported
cp: preserving permissions for ‘/local/scratch/mehlhorn/62064/run.fxc48.tmp’: Operation not supported
cp: preserving permissions for ‘/local/scratch/mehlhorn/62064/run.fxc49.tmp’: Operation not supported
cp: preserving permissions for ‘/local/scratch/mehlhorn/62064/run.fxc5.tmp’: Operation not supported
cp: preserving permissions for ‘/local/scratch/mehlhorn/62064/run.fxc50.tmp’: Operation not supported
cp: preserving permissions for ‘/local/scratch/mehlhorn/62064/run.fxc51.tmp’: Operation not supported
cp: preserving permissions for ‘/local/scratch/mehlhorn/62064/run.fxc52.tmp’: Operation not supported
cp: preserving permissions for ‘/local/scratch/mehlhorn/62064/run.fxc53.tmp’: Operation not supported
cp: preserving permissions for ‘/local/scratch/mehlhorn/62064/run.fxc54.tmp’: Operation not supported
cp: preserving permissions for ‘/local/scratch/mehlhorn/62064/run.fxc55.tmp’: Operation not supported
cp: preserving permissions for ‘/local/scratch/mehlhorn/62064/run.fxc56.tmp’: Operation not supported
cp: preserving permissions for ‘/local/scratch/mehlhorn/62064/run.fxc57.tmp’: Operation not supported
cp: preserving permissions for ‘/local/scratch/mehlhorn/62064/run.fxc58.tmp’: Operation not supported
cp: preserving permissions for ‘/local/scratch/mehlhorn/62064/run.fxc59.tmp’: Operation not supported
cp: preserving permissions for ‘/local/scratch/mehlhorn/62064/run.fxc6.tmp’: Operation not supported
cp: preserving permissions for ‘/local/scratch/mehlhorn/62064/run.fxc60.tmp’: Operation not supported
cp: preserving permissions for ‘/local/scratch/mehlhorn/62064/run.fxc61.tmp’: Operation not supported
cp: preserving permissions for ‘/local/scratch/mehlhorn/62064/run.fxc62.tmp’: Operation not supported
cp: preserving permissions for ‘/local/scratch/mehlhorn/62064/run.fxc63.tmp’: Operation not supported
cp: preserving permissions for ‘/local/scratch/mehlhorn/62064/run.fxc7.tmp’: Operation not supported
cp: preserving permissions for ‘/local/scratch/mehlhorn/62064/run.fxc8.tmp’: Operation not supported
cp: preserving permissions for ‘/local/scratch/mehlhorn/62064/run.fxc9.tmp’: Operation not supported
cp: preserving permissions for ‘/local/scratch/mehlhorn/62064/run.fxc_cpscf0.tmp’: Operation not supported
cp: preserving permissions for ‘/local/scratch/mehlhorn/62064/run.fxc_cpscf1.tmp’: Operation not supported
cp: preserving permissions for ‘/local/scratch/mehlhorn/62064/run.fxc_cpscf10.tmp’: Operation not supported
cp: preserving permissions for ‘/local/scratch/mehlhorn/62064/run.fxc_cpscf11.tmp’: Operation not supported
cp: preserving permissions for ‘/local/scratch/mehlhorn/62064/run.fxc_cpscf12.tmp’: Operation not supported
cp: preserving permissions for ‘/local/scratch/mehlhorn/62064/run.fxc_cpscf13.tmp’: Operation not supported
cp: preserving permissions for ‘/local/scratch/mehlhorn/62064/run.fxc_cpscf14.tmp’: Operation not supported
cp: preserving permissions for ‘/local/scratch/mehlhorn/62064/run.fxc_cpscf15.tmp’: Operation not supported
cp: preserving permissions for ‘/local/scratch/mehlhorn/62064/run.fxc_cpscf16.tmp’: Operation not supported
cp: preserving permissions for ‘/local/scratch/mehlhorn/62064/run.fxc_cpscf17.tmp’: Operation not supported
cp: preserving permissions for ‘/local/scratch/mehlhorn/62064/run.fxc_cpscf18.tmp’: Operation not supported
cp: preserving permissions for ‘/local/scratch/mehlhorn/62064/run.fxc_cpscf19.tmp’: Operation not supported
cp: preserving permissions for ‘/local/scratch/mehlhorn/62064/run.fxc_cpscf2.tmp’: Operation not supported
cp: preserving permissions for ‘/local/scratch/mehlhorn/62064/run.fxc_cpscf20.tmp’: Operation not supported
cp: preserving permissions for ‘/local/scratch/mehlhorn/62064/run.fxc_cpscf21.tmp’: Operation not supported
cp: preserving permissions for ‘/local/scratch/mehlhorn/62064/run.fxc_cpscf22.tmp’: Operation not supported
cp: preserving permissions for ‘/local/scratch/mehlhorn/62064/run.fxc_cpscf23.tmp’: Operation not supported
cp: preserving permissions for ‘/local/scratch/mehlhorn/62064/run.fxc_cpscf24.tmp’: Operation not supported
cp: preserving permissions for ‘/local/scratch/mehlhorn/62064/run.fxc_cpscf25.tmp’: Operation not supported
cp: preserving permissions for ‘/local/scratch/mehlhorn/62064/run.fxc_cpscf26.tmp’: Operation not supported
cp: preserving permissions for ‘/local/scratch/mehlhorn/62064/run.fxc_cpscf27.tmp’: Operation not supported
cp: preserving permissions for ‘/local/scratch/mehlhorn/62064/run.fxc_cpscf28.tmp’: Operation not supported
cp: preserving permissions for ‘/local/scratch/mehlhorn/62064/run.fxc_cpscf29.tmp’: Operation not supported
cp: preserving permissions for ‘/local/scratch/mehlhorn/62064/run.fxc_cpscf3.tmp’: Operation not supported
cp: preserving permissions for ‘/local/scratch/mehlhorn/62064/run.fxc_cpscf30.tmp’: Operation not supported
cp: preserving permissions for ‘/local/scratch/mehlhorn/62064/run.fxc_cpscf31.tmp’: Operation not supported
cp: preserving permissions for ‘/local/scratch/mehlhorn/62064/run.fxc_cpscf32.tmp’: Operation not supported
cp: preserving permissions for ‘/local/scratch/mehlhorn/62064/run.fxc_cpscf33.tmp’: Operation not supported
cp: preserving permissions for ‘/local/scratch/mehlhorn/62064/run.fxc_cpscf34.tmp’: Operation not supported
cp: preserving permissions for ‘/local/scratch/mehlhorn/62064/run.fxc_cpscf35.tmp’: Operation not supported
cp: preserving permissions for ‘/local/scratch/mehlhorn/62064/run.fxc_cpscf36.tmp’: Operation not supported
cp: preserving permissions for ‘/local/scratch/mehlhorn/62064/run.fxc_cpscf37.tmp’: Operation not supported
cp: preserving permissions for ‘/local/scratch/mehlhorn/62064/run.fxc_cpscf38.tmp’: Operation not supported
cp: preserving permissions for ‘/local/scratch/mehlhorn/62064/run.fxc_cpscf39.tmp’: Operation not supported
cp: preserving permissions for ‘/local/scratch/mehlhorn/62064/run.fxc_cpscf4.tmp’: Operation not supported
cp: preserving permissions for ‘/local/scratch/mehlhorn/62064/run.fxc_cpscf40.tmp’: Operation not supported
cp: preserving permissions for ‘/local/scratch/mehlhorn/62064/run.fxc_cpscf41.tmp’: Operation not supported
cp: preserving permissions for ‘/local/scratch/mehlhorn/62064/run.fxc_cpscf42.tmp’: Operation not supported
cp: preserving permissions for ‘/local/scratch/mehlhorn/62064/run.fxc_cpscf43.tmp’: Operation not supported
cp: preserving permissions for ‘/local/scratch/mehlhorn/62064/run.fxc_cpscf44.tmp’: Operation not supported
cp: preserving permissions for ‘/local/scratch/mehlhorn/62064/run.fxc_cpscf45.tmp’: Operation not supported
cp: preserving permissions for ‘/local/scratch/mehlhorn/62064/run.fxc_cpscf46.tmp’: Operation not supported
cp: preserving permissions for ‘/local/scratch/mehlhorn/62064/run.fxc_cpscf47.tmp’: Operation not supported
cp: preserving permissions for ‘/local/scratch/mehlhorn/62064/run.fxc_cpscf48.tmp’: Operation not supported
cp: preserving permissions for ‘/local/scratch/mehlhorn/62064/run.fxc_cpscf49.tmp’: Operation not supported
cp: preserving permissions for ‘/local/scratch/mehlhorn/62064/run.fxc_cpscf5.tmp’: Operation not supported
cp: preserving permissions for ‘/local/scratch/mehlhorn/62064/run.fxc_cpscf50.tmp’: Operation not supported
cp: preserving permissions for ‘/local/scratch/mehlhorn/62064/run.fxc_cpscf51.tmp’: Operation not supported
cp: preserving permissions for ‘/local/scratch/mehlhorn/62064/run.fxc_cpscf52.tmp’: Operation not supported
cp: preserving permissions for ‘/local/scratch/mehlhorn/62064/run.fxc_cpscf53.tmp’: Operation not supported
cp: preserving permissions for ‘/local/scratch/mehlhorn/62064/run.fxc_cpscf54.tmp’: Operation not supported
cp: preserving permissions for ‘/local/scratch/mehlhorn/62064/run.fxc_cpscf55.tmp’: Operation not supported
cp: preserving permissions for ‘/local/scratch/mehlhorn/62064/run.fxc_cpscf56.tmp’: Operation not supported
cp: preserving permissions for ‘/local/scratch/mehlhorn/62064/run.fxc_cpscf57.tmp’: Operation not supported
cp: preserving permissions for ‘/local/scratch/mehlhorn/62064/run.fxc_cpscf58.tmp’: Operation not supported
cp: preserving permissions for ‘/local/scratch/mehlhorn/62064/run.fxc_cpscf59.tmp’: Operation not supported
cp: preserving permissions for ‘/local/scratch/mehlhorn/62064/run.fxc_cpscf6.tmp’: Operation not supported
cp: preserving permissions for ‘/local/scratch/mehlhorn/62064/run.fxc_cpscf60.tmp’: Operation not supported
cp: preserving permissions for ‘/local/scratch/mehlhorn/62064/run.fxc_cpscf61.tmp’: Operation not supported
cp: preserving permissions for ‘/local/scratch/mehlhorn/62064/run.fxc_cpscf62.tmp’: Operation not supported
cp: preserving permissions for ‘/local/scratch/mehlhorn/62064/run.fxc_cpscf63.tmp’: Operation not supported
cp: preserving permissions for ‘/local/scratch/mehlhorn/62064/run.fxc_cpscf7.tmp’: Operation not supported
cp: preserving permissions for ‘/local/scratch/mehlhorn/62064/run.fxc_cpscf8.tmp’: Operation not supported
cp: preserving permissions for ‘/local/scratch/mehlhorn/62064/run.fxc_cpscf9.tmp’: Operation not supported
cp: preserving permissions for ‘/local/scratch/mehlhorn/62064/run.gbw’: Operation not supported
cp: preserving permissions for ‘/local/scratch/mehlhorn/62064/run.ges’: Operation not supported
cp: preserving permissions for ‘/local/scratch/mehlhorn/62064/run.ginp.tmp’: Operation not supported
cp: preserving permissions for ‘/local/scratch/mehlhorn/62064/run.gpot0.tmp’: Operation not supported
cp: preserving permissions for ‘/local/scratch/mehlhorn/62064/run.gpot1.tmp’: Operation not supported
cp: preserving permissions for ‘/local/scratch/mehlhorn/62064/run.gpot10.tmp’: Operation not supported
cp: preserving permissions for ‘/local/scratch/mehlhorn/62064/run.gpot11.tmp’: Operation not supported
cp: preserving permissions for ‘/local/scratch/mehlhorn/62064/run.gpot12.tmp’: Operation not supported
cp: preserving permissions for ‘/local/scratch/mehlhorn/62064/run.gpot13.tmp’: Operation not supported
cp: preserving permissions for ‘/local/scratch/mehlhorn/62064/run.gpot14.tmp’: Operation not supported
cp: preserving permissions for ‘/local/scratch/mehlhorn/62064/run.gpot15.tmp’: Operation not supported
cp: preserving permissions for ‘/local/scratch/mehlhorn/62064/run.gpot16.tmp’: Operation not supported
cp: preserving permissions for ‘/local/scratch/mehlhorn/62064/run.gpot17.tmp’: Operation not supported
cp: preserving permissions for ‘/local/scratch/mehlhorn/62064/run.gpot18.tmp’: Operation not supported
cp: preserving permissions for ‘/local/scratch/mehlhorn/62064/run.gpot19.tmp’: Operation not supported
cp: preserving permissions for ‘/local/scratch/mehlhorn/62064/run.gpot2.tmp’: Operation not supported
cp: preserving permissions for ‘/local/scratch/mehlhorn/62064/run.gpot20.tmp’: Operation not supported
cp: preserving permissions for ‘/local/scratch/mehlhorn/62064/run.gpot21.tmp’: Operation not supported
cp: preserving permissions for ‘/local/scratch/mehlhorn/62064/run.gpot22.tmp’: Operation not supported
cp: preserving permissions for ‘/local/scratch/mehlhorn/62064/run.gpot23.tmp’: Operation not supported
cp: preserving permissions for ‘/local/scratch/mehlhorn/62064/run.gpot24.tmp’: Operation not supported
cp: preserving permissions for ‘/local/scratch/mehlhorn/62064/run.gpot25.tmp’: Operation not supported
cp: preserving permissions for ‘/local/scratch/mehlhorn/62064/run.gpot26.tmp’: Operation not supported
cp: preserving permissions for ‘/local/scratch/mehlhorn/62064/run.gpot27.tmp’: Operation not supported
cp: preserving permissions for ‘/local/scratch/mehlhorn/62064/run.gpot28.tmp’: Operation not supported
cp: preserving permissions for ‘/local/scratch/mehlhorn/62064/run.gpot29.tmp’: Operation not supported
cp: preserving permissions for ‘/local/scratch/mehlhorn/62064/run.gpot3.tmp’: Operation not supported
cp: preserving permissions for ‘/local/scratch/mehlhorn/62064/run.gpot30.tmp’: Operation not supported
cp: preserving permissions for ‘/local/scratch/mehlhorn/62064/run.gpot31.tmp’: Operation not supported
cp: preserving permissions for ‘/local/scratch/mehlhorn/62064/run.gpot32.tmp’: Operation not supported
cp: preserving permissions for ‘/local/scratch/mehlhorn/62064/run.gpot33.tmp’: Operation not supported
cp: preserving permissions for ‘/local/scratch/mehlhorn/62064/run.gpot34.tmp’: Operation not supported
cp: preserving permissions for ‘/local/scratch/mehlhorn/62064/run.gpot35.tmp’: Operation not supported
cp: preserving permissions for ‘/local/scratch/mehlhorn/62064/run.gpot36.tmp’: Operation not supported
cp: preserving permissions for ‘/local/scratch/mehlhorn/62064/run.gpot37.tmp’: Operation not supported
cp: preserving permissions for ‘/local/scratch/mehlhorn/62064/run.gpot38.tmp’: Operation not supported
cp: preserving permissions for ‘/local/scratch/mehlhorn/62064/run.gpot39.tmp’: Operation not supported
cp: preserving permissions for ‘/local/scratch/mehlhorn/62064/run.gpot4.tmp’: Operation not supported
cp: preserving permissions for ‘/local/scratch/mehlhorn/62064/run.gpot40.tmp’: Operation not supported
cp: preserving permissions for ‘/local/scratch/mehlhorn/62064/run.gpot41.tmp’: Operation not supported
cp: preserving permissions for ‘/local/scratch/mehlhorn/62064/run.gpot42.tmp’: Operation not supported
cp: preserving permissions for ‘/local/scratch/mehlhorn/62064/run.gpot43.tmp’: Operation not supported
cp: preserving permissions for ‘/local/scratch/mehlhorn/62064/run.gpot44.tmp’: Operation not supported
cp: preserving permissions for ‘/local/scratch/mehlhorn/62064/run.gpot45.tmp’: Operation not supported
cp: preserving permissions for ‘/local/scratch/mehlhorn/62064/run.gpot46.tmp’: Operation not supported
cp: preserving permissions for ‘/local/scratch/mehlhorn/62064/run.gpot47.tmp’: Operation not supported
cp: preserving permissions for ‘/local/scratch/mehlhorn/62064/run.gpot48.tmp’: Operation not supported
cp: preserving permissions for ‘/local/scratch/mehlhorn/62064/run.gpot49.tmp’: Operation not supported
cp: preserving permissions for ‘/local/scratch/mehlhorn/62064/run.gpot5.tmp’: Operation not supported
cp: preserving permissions for ‘/local/scratch/mehlhorn/62064/run.gpot50.tmp’: Operation not supported
cp: preserving permissions for ‘/local/scratch/mehlhorn/62064/run.gpot51.tmp’: Operation not supported
cp: preserving permissions for ‘/local/scratch/mehlhorn/62064/run.gpot52.tmp’: Operation not supported
cp: preserving permissions for ‘/local/scratch/mehlhorn/62064/run.gpot53.tmp’: Operation not supported
cp: preserving permissions for ‘/local/scratch/mehlhorn/62064/run.gpot54.tmp’: Operation not supported
cp: preserving permissions for ‘/local/scratch/mehlhorn/62064/run.gpot55.tmp’: Operation not supported
cp: preserving permissions for ‘/local/scratch/mehlhorn/62064/run.gpot56.tmp’: Operation not supported
cp: preserving permissions for ‘/local/scratch/mehlhorn/62064/run.gpot57.tmp’: Operation not supported
cp: preserving permissions for ‘/local/scratch/mehlhorn/62064/run.gpot58.tmp’: Operation not supported
cp: preserving permissions for ‘/local/scratch/mehlhorn/62064/run.gpot59.tmp’: Operation not supported
cp: preserving permissions for ‘/local/scratch/mehlhorn/62064/run.gpot6.tmp’: Operation not supported
cp: preserving permissions for ‘/local/scratch/mehlhorn/62064/run.gpot60.tmp’: Operation not supported
cp: preserving permissions for ‘/local/scratch/mehlhorn/62064/run.gpot61.tmp’: Operation not supported
cp: preserving permissions for ‘/local/scratch/mehlhorn/62064/run.gpot62.tmp’: Operation not supported
cp: preserving permissions for ‘/local/scratch/mehlhorn/62064/run.gpot63.tmp’: Operation not supported
cp: preserving permissions for ‘/local/scratch/mehlhorn/62064/run.gpot7.tmp’: Operation not supported
cp: preserving permissions for ‘/local/scratch/mehlhorn/62064/run.gpot8.tmp’: Operation not supported
cp: preserving permissions for ‘/local/scratch/mehlhorn/62064/run.gpot9.tmp’: Operation not supported
cp: preserving permissions for ‘/local/scratch/mehlhorn/62064/run.grho0.tmp’: Operation not supported
cp: preserving permissions for ‘/local/scratch/mehlhorn/62064/run.grho1.tmp’: Operation not supported
cp: preserving permissions for ‘/local/scratch/mehlhorn/62064/run.grho10.tmp’: Operation not supported
cp: preserving permissions for ‘/local/scratch/mehlhorn/62064/run.grho11.tmp’: Operation not supported
cp: preserving permissions for ‘/local/scratch/mehlhorn/62064/run.grho12.tmp’: Operation not supported
cp: preserving permissions for ‘/local/scratch/mehlhorn/62064/run.grho13.tmp’: Operation not supported
cp: preserving permissions for ‘/local/scratch/mehlhorn/62064/run.grho14.tmp’: Operation not supported
cp: preserving permissions for ‘/local/scratch/mehlhorn/62064/run.grho15.tmp’: Operation not supported
cp: preserving permissions for ‘/local/scratch/mehlhorn/62064/run.grho16.tmp’: Operation not supported
cp: preserving permissions for ‘/local/scratch/mehlhorn/62064/run.grho17.tmp’: Operation not supported
cp: preserving permissions for ‘/local/scratch/mehlhorn/62064/run.grho18.tmp’: Operation not supported
cp: preserving permissions for ‘/local/scratch/mehlhorn/62064/run.grho19.tmp’: Operation not supported
cp: preserving permissions for ‘/local/scratch/mehlhorn/62064/run.grho2.tmp’: Operation not supported
cp: preserving permissions for ‘/local/scratch/mehlhorn/62064/run.grho20.tmp’: Operation not supported
cp: preserving permissions for ‘/local/scratch/mehlhorn/62064/run.grho21.tmp’: Operation not supported
cp: preserving permissions for ‘/local/scratch/mehlhorn/62064/run.grho22.tmp’: Operation not supported
cp: preserving permissions for ‘/local/scratch/mehlhorn/62064/run.grho23.tmp’: Operation not supported
cp: preserving permissions for ‘/local/scratch/mehlhorn/62064/run.grho24.tmp’: Operation not supported
cp: preserving permissions for ‘/local/scratch/mehlhorn/62064/run.grho25.tmp’: Operation not supported
cp: preserving permissions for ‘/local/scratch/mehlhorn/62064/run.grho26.tmp’: Operation not supported
cp: preserving permissions for ‘/local/scratch/mehlhorn/62064/run.grho27.tmp’: Operation not supported
cp: preserving permissions for ‘/local/scratch/mehlhorn/62064/run.grho28.tmp’: Operation not supported
cp: preserving permissions for ‘/local/scratch/mehlhorn/62064/run.grho29.tmp’: Operation not supported
cp: preserving permissions for ‘/local/scratch/mehlhorn/62064/run.grho3.tmp’: Operation not supported
cp: preserving permissions for ‘/local/scratch/mehlhorn/62064/run.grho30.tmp’: Operation not supported
cp: preserving permissions for ‘/local/scratch/mehlhorn/62064/run.grho31.tmp’: Operation not supported
cp: preserving permissions for ‘/local/scratch/mehlhorn/62064/run.grho32.tmp’: Operation not supported
cp: preserving permissions for ‘/local/scratch/mehlhorn/62064/run.grho33.tmp’: Operation not supported
cp: preserving permissions for ‘/local/scratch/mehlhorn/62064/run.grho34.tmp’: Operation not supported
cp: preserving permissions for ‘/local/scratch/mehlhorn/62064/run.grho35.tmp’: Operation not supported
cp: preserving permissions for ‘/local/scratch/mehlhorn/62064/run.grho36.tmp’: Operation not supported
cp: preserving permissions for ‘/local/scratch/mehlhorn/62064/run.grho37.tmp’: Operation not supported
cp: preserving permissions for ‘/local/scratch/mehlhorn/62064/run.grho38.tmp’: Operation not supported
cp: preserving permissions for ‘/local/scratch/mehlhorn/62064/run.grho39.tmp’: Operation not supported
cp: preserving permissions for ‘/local/scratch/mehlhorn/62064/run.grho4.tmp’: Operation not supported
cp: preserving permissions for ‘/local/scratch/mehlhorn/62064/run.grho40.tmp’: Operation not supported
cp: preserving permissions for ‘/local/scratch/mehlhorn/62064/run.grho41.tmp’: Operation not supported
cp: preserving permissions for ‘/local/scratch/mehlhorn/62064/run.grho42.tmp’: Operation not supported
cp: preserving permissions for ‘/local/scratch/mehlhorn/62064/run.grho43.tmp’: Operation not supported
cp: preserving permissions for ‘/local/scratch/mehlhorn/62064/run.grho44.tmp’: Operation not supported
cp: preserving permissions for ‘/local/scratch/mehlhorn/62064/run.grho45.tmp’: Operation not supported
cp: preserving permissions for ‘/local/scratch/mehlhorn/62064/run.grho46.tmp’: Operation not supported
cp: preserving permissions for ‘/local/scratch/mehlhorn/62064/run.grho47.tmp’: Operation not supported
cp: preserving permissions for ‘/local/scratch/mehlhorn/62064/run.grho48.tmp’: Operation not supported
cp: preserving permissions for ‘/local/scratch/mehlhorn/62064/run.grho49.tmp’: Operation not supported
cp: preserving permissions for ‘/local/scratch/mehlhorn/62064/run.grho5.tmp’: Operation not supported
cp: preserving permissions for ‘/local/scratch/mehlhorn/62064/run.grho50.tmp’: Operation not supported
cp: preserving permissions for ‘/local/scratch/mehlhorn/62064/run.grho51.tmp’: Operation not supported
cp: preserving permissions for ‘/local/scratch/mehlhorn/62064/run.grho52.tmp’: Operation not supported
cp: preserving permissions for ‘/local/scratch/mehlhorn/62064/run.grho53.tmp’: Operation not supported
cp: preserving permissions for ‘/local/scratch/mehlhorn/62064/run.grho54.tmp’: Operation not supported
cp: preserving permissions for ‘/local/scratch/mehlhorn/62064/run.grho55.tmp’: Operation not supported
cp: preserving permissions for ‘/local/scratch/mehlhorn/62064/run.grho56.tmp’: Operation not supported
cp: preserving permissions for ‘/local/scratch/mehlhorn/62064/run.grho57.tmp’: Operation not supported
cp: preserving permissions for ‘/local/scratch/mehlhorn/62064/run.grho58.tmp’: Operation not supported
cp: preserving permissions for ‘/local/scratch/mehlhorn/62064/run.grho59.tmp’: Operation not supported
cp: preserving permissions for ‘/local/scratch/mehlhorn/62064/run.grho6.tmp’: Operation not supported
cp: preserving permissions for ‘/local/scratch/mehlhorn/62064/run.grho60.tmp’: Operation not supported
cp: preserving permissions for ‘/local/scratch/mehlhorn/62064/run.grho61.tmp’: Operation not supported
cp: preserving permissions for ‘/local/scratch/mehlhorn/62064/run.grho62.tmp’: Operation not supported
cp: preserving permissions for ‘/local/scratch/mehlhorn/62064/run.grho63.tmp’: Operation not supported
cp: preserving permissions for ‘/local/scratch/mehlhorn/62064/run.grho7.tmp’: Operation not supported
cp: preserving permissions for ‘/local/scratch/mehlhorn/62064/run.grho8.tmp’: Operation not supported
cp: preserving permissions for ‘/local/scratch/mehlhorn/62064/run.grho9.tmp’: Operation not supported
cp: preserving permissions for ‘/local/scratch/mehlhorn/62064/run.grho_cpscf0.tmp’: Operation not supported
cp: preserving permissions for ‘/local/scratch/mehlhorn/62064/run.grho_cpscf1.tmp’: Operation not supported
cp: preserving permissions for ‘/local/scratch/mehlhorn/62064/run.grho_cpscf10.tmp’: Operation not supported
cp: preserving permissions for ‘/local/scratch/mehlhorn/62064/run.grho_cpscf11.tmp’: Operation not supported
cp: preserving permissions for ‘/local/scratch/mehlhorn/62064/run.grho_cpscf12.tmp’: Operation not supported
cp: preserving permissions for ‘/local/scratch/mehlhorn/62064/run.grho_cpscf13.tmp’: Operation not supported
cp: preserving permissions for ‘/local/scratch/mehlhorn/62064/run.grho_cpscf14.tmp’: Operation not supported
cp: preserving permissions for ‘/local/scratch/mehlhorn/62064/run.grho_cpscf15.tmp’: Operation not supported
cp: preserving permissions for ‘/local/scratch/mehlhorn/62064/run.grho_cpscf16.tmp’: Operation not supported
cp: preserving permissions for ‘/local/scratch/mehlhorn/62064/run.grho_cpscf17.tmp’: Operation not supported
cp: preserving permissions for ‘/local/scratch/mehlhorn/62064/run.grho_cpscf18.tmp’: Operation not supported
cp: preserving permissions for ‘/local/scratch/mehlhorn/62064/run.grho_cpscf19.tmp’: Operation not supported
cp: preserving permissions for ‘/local/scratch/mehlhorn/62064/run.grho_cpscf2.tmp’: Operation not supported
cp: preserving permissions for ‘/local/scratch/mehlhorn/62064/run.grho_cpscf20.tmp’: Operation not supported
cp: preserving permissions for ‘/local/scratch/mehlhorn/62064/run.grho_cpscf21.tmp’: Operation not supported
cp: preserving permissions for ‘/local/scratch/mehlhorn/62064/run.grho_cpscf22.tmp’: Operation not supported
cp: preserving permissions for ‘/local/scratch/mehlhorn/62064/run.grho_cpscf23.tmp’: Operation not supported
cp: preserving permissions for ‘/local/scratch/mehlhorn/62064/run.grho_cpscf24.tmp’: Operation not supported
cp: preserving permissions for ‘/local/scratch/mehlhorn/62064/run.grho_cpscf25.tmp’: Operation not supported
cp: preserving permissions for ‘/local/scratch/mehlhorn/62064/run.grho_cpscf26.tmp’: Operation not supported
cp: preserving permissions for ‘/local/scratch/mehlhorn/62064/run.grho_cpscf27.tmp’: Operation not supported
cp: preserving permissions for ‘/local/scratch/mehlhorn/62064/run.grho_cpscf28.tmp’: Operation not supported
cp: preserving permissions for ‘/local/scratch/mehlhorn/62064/run.grho_cpscf29.tmp’: Operation not supported
cp: preserving permissions for ‘/local/scratch/mehlhorn/62064/run.grho_cpscf3.tmp’: Operation not supported
cp: preserving permissions for ‘/local/scratch/mehlhorn/62064/run.grho_cpscf30.tmp’: Operation not supported
cp: preserving permissions for ‘/local/scratch/mehlhorn/62064/run.grho_cpscf31.tmp’: Operation not supported
cp: preserving permissions for ‘/local/scratch/mehlhorn/62064/run.grho_cpscf32.tmp’: Operation not supported
cp: preserving permissions for ‘/local/scratch/mehlhorn/62064/run.grho_cpscf33.tmp’: Operation not supported
cp: preserving permissions for ‘/local/scratch/mehlhorn/62064/run.grho_cpscf34.tmp’: Operation not supported
cp: preserving permissions for ‘/local/scratch/mehlhorn/62064/run.grho_cpscf35.tmp’: Operation not supported
cp: preserving permissions for ‘/local/scratch/mehlhorn/62064/run.grho_cpscf36.tmp’: Operation not supported
cp: preserving permissions for ‘/local/scratch/mehlhorn/62064/run.grho_cpscf37.tmp’: Operation not supported
cp: preserving permissions for ‘/local/scratch/mehlhorn/62064/run.grho_cpscf38.tmp’: Operation not supported
cp: preserving permissions for ‘/local/scratch/mehlhorn/62064/run.grho_cpscf39.tmp’: Operation not supported
cp: preserving permissions for ‘/local/scratch/mehlhorn/62064/run.grho_cpscf4.tmp’: Operation not supported
cp: preserving permissions for ‘/local/scratch/mehlhorn/62064/run.grho_cpscf40.tmp’: Operation not supported
cp: preserving permissions for ‘/local/scratch/mehlhorn/62064/run.grho_cpscf41.tmp’: Operation not supported
cp: preserving permissions for ‘/local/scratch/mehlhorn/62064/run.grho_cpscf42.tmp’: Operation not supported
cp: preserving permissions for ‘/local/scratch/mehlhorn/62064/run.grho_cpscf43.tmp’: Operation not supported
cp: preserving permissions for ‘/local/scratch/mehlhorn/62064/run.grho_cpscf44.tmp’: Operation not supported
cp: preserving permissions for ‘/local/scratch/mehlhorn/62064/run.grho_cpscf45.tmp’: Operation not supported
cp: preserving permissions for ‘/local/scratch/mehlhorn/62064/run.grho_cpscf46.tmp’: Operation not supported
cp: preserving permissions for ‘/local/scratch/mehlhorn/62064/run.grho_cpscf47.tmp’: Operation not supported
cp: preserving permissions for ‘/local/scratch/mehlhorn/62064/run.grho_cpscf48.tmp’: Operation not supported
cp: preserving permissions for ‘/local/scratch/mehlhorn/62064/run.grho_cpscf49.tmp’: Operation not supported
cp: preserving permissions for ‘/local/scratch/mehlhorn/62064/run.grho_cpscf5.tmp’: Operation not supported
cp: preserving permissions for ‘/local/scratch/mehlhorn/62064/run.grho_cpscf50.tmp’: Operation not supported
cp: preserving permissions for ‘/local/scratch/mehlhorn/62064/run.grho_cpscf51.tmp’: Operation not supported
cp: preserving permissions for ‘/local/scratch/mehlhorn/62064/run.grho_cpscf52.tmp’: Operation not supported
cp: preserving permissions for ‘/local/scratch/mehlhorn/62064/run.grho_cpscf53.tmp’: Operation not supported
cp: preserving permissions for ‘/local/scratch/mehlhorn/62064/run.grho_cpscf54.tmp’: Operation not supported
cp: preserving permissions for ‘/local/scratch/mehlhorn/62064/run.grho_cpscf55.tmp’: Operation not supported
cp: preserving permissions for ‘/local/scratch/mehlhorn/62064/run.grho_cpscf56.tmp’: Operation not supported
cp: preserving permissions for ‘/local/scratch/mehlhorn/62064/run.grho_cpscf57.tmp’: Operation not supported
cp: preserving permissions for ‘/local/scratch/mehlhorn/62064/run.grho_cpscf58.tmp’: Operation not supported
cp: preserving permissions for ‘/local/scratch/mehlhorn/62064/run.grho_cpscf59.tmp’: Operation not supported
cp: preserving permissions for ‘/local/scratch/mehlhorn/62064/run.grho_cpscf6.tmp’: Operation not supported
cp: preserving permissions for ‘/local/scratch/mehlhorn/62064/run.grho_cpscf60.tmp’: Operation not supported
cp: preserving permissions for ‘/local/scratch/mehlhorn/62064/run.grho_cpscf61.tmp’: Operation not supported
cp: preserving permissions for ‘/local/scratch/mehlhorn/62064/run.grho_cpscf62.tmp’: Operation not supported
cp: preserving permissions for ‘/local/scratch/mehlhorn/62064/run.grho_cpscf63.tmp’: Operation not supported
cp: preserving permissions for ‘/local/scratch/mehlhorn/62064/run.grho_cpscf7.tmp’: Operation not supported
cp: preserving permissions for ‘/local/scratch/mehlhorn/62064/run.grho_cpscf8.tmp’: Operation not supported
cp: preserving permissions for ‘/local/scratch/mehlhorn/62064/run.grho_cpscf9.tmp’: Operation not supported
cp: preserving permissions for ‘/local/scratch/mehlhorn/62064/run.grid.tmp’: Operation not supported
cp: preserving permissions for ‘/local/scratch/mehlhorn/62064/run.grid_cpscf.tmp’: Operation not supported
cp: preserving permissions for ‘/local/scratch/mehlhorn/62064/run.hostnames’: Operation not supported
cp: preserving permissions for ‘/local/scratch/mehlhorn/62064/run.inp’: Operation not supported
cp: preserving permissions for ‘/local/scratch/mehlhorn/62064/run.int.tmp’: Operation not supported
cp: preserving permissions for ‘/local/scratch/mehlhorn/62064/run.inthess.tmp’: Operation not supported
cp: preserving permissions for ‘/local/scratch/mehlhorn/62064/run.opot0.tmp’: Operation not supported
cp: preserving permissions for ‘/local/scratch/mehlhorn/62064/run.opot1.tmp’: Operation not supported
cp: preserving permissions for ‘/local/scratch/mehlhorn/62064/run.opot10.tmp’: Operation not supported
cp: preserving permissions for ‘/local/scratch/mehlhorn/62064/run.opot11.tmp’: Operation not supported
cp: preserving permissions for ‘/local/scratch/mehlhorn/62064/run.opot12.tmp’: Operation not supported
cp: preserving permissions for ‘/local/scratch/mehlhorn/62064/run.opot13.tmp’: Operation not supported
cp: preserving permissions for ‘/local/scratch/mehlhorn/62064/run.opot14.tmp’: Operation not supported
cp: preserving permissions for ‘/local/scratch/mehlhorn/62064/run.opot15.tmp’: Operation not supported
cp: preserving permissions for ‘/local/scratch/mehlhorn/62064/run.opot16.tmp’: Operation not supported
cp: preserving permissions for ‘/local/scratch/mehlhorn/62064/run.opot17.tmp’: Operation not supported
cp: preserving permissions for ‘/local/scratch/mehlhorn/62064/run.opot18.tmp’: Operation not supported
cp: preserving permissions for ‘/local/scratch/mehlhorn/62064/run.opot19.tmp’: Operation not supported
cp: preserving permissions for ‘/local/scratch/mehlhorn/62064/run.opot2.tmp’: Operation not supported
cp: preserving permissions for ‘/local/scratch/mehlhorn/62064/run.opot20.tmp’: Operation not supported
cp: preserving permissions for ‘/local/scratch/mehlhorn/62064/run.opot21.tmp’: Operation not supported
cp: preserving permissions for ‘/local/scratch/mehlhorn/62064/run.opot22.tmp’: Operation not supported
cp: preserving permissions for ‘/local/scratch/mehlhorn/62064/run.opot23.tmp’: Operation not supported
cp: preserving permissions for ‘/local/scratch/mehlhorn/62064/run.opot24.tmp’: Operation not supported
cp: preserving permissions for ‘/local/scratch/mehlhorn/62064/run.opot25.tmp’: Operation not supported
cp: preserving permissions for ‘/local/scratch/mehlhorn/62064/run.opot26.tmp’: Operation not supported
cp: preserving permissions for ‘/local/scratch/mehlhorn/62064/run.opot27.tmp’: Operation not supported
cp: preserving permissions for ‘/local/scratch/mehlhorn/62064/run.opot28.tmp’: Operation not supported
cp: preserving permissions for ‘/local/scratch/mehlhorn/62064/run.opot29.tmp’: Operation not supported
cp: preserving permissions for ‘/local/scratch/mehlhorn/62064/run.opot3.tmp’: Operation not supported
cp: preserving permissions for ‘/local/scratch/mehlhorn/62064/run.opot30.tmp’: Operation not supported
cp: preserving permissions for ‘/local/scratch/mehlhorn/62064/run.opot31.tmp’: Operation not supported
cp: preserving permissions for ‘/local/scratch/mehlhorn/62064/run.opot32.tmp’: Operation not supported
cp: preserving permissions for ‘/local/scratch/mehlhorn/62064/run.opot33.tmp’: Operation not supported
cp: preserving permissions for ‘/local/scratch/mehlhorn/62064/run.opot34.tmp’: Operation not supported
cp: preserving permissions for ‘/local/scratch/mehlhorn/62064/run.opot35.tmp’: Operation not supported
cp: preserving permissions for ‘/local/scratch/mehlhorn/62064/run.opot36.tmp’: Operation not supported
cp: preserving permissions for ‘/local/scratch/mehlhorn/62064/run.opot37.tmp’: Operation not supported
cp: preserving permissions for ‘/local/scratch/mehlhorn/62064/run.opot38.tmp’: Operation not supported
cp: preserving permissions for ‘/local/scratch/mehlhorn/62064/run.opot39.tmp’: Operation not supported
cp: preserving permissions for ‘/local/scratch/mehlhorn/62064/run.opot4.tmp’: Operation not supported
cp: preserving permissions for ‘/local/scratch/mehlhorn/62064/run.opot40.tmp’: Operation not supported
cp: preserving permissions for ‘/local/scratch/mehlhorn/62064/run.opot41.tmp’: Operation not supported
cp: preserving permissions for ‘/local/scratch/mehlhorn/62064/run.opot42.tmp’: Operation not supported
cp: preserving permissions for ‘/local/scratch/mehlhorn/62064/run.opot43.tmp’: Operation not supported
cp: preserving permissions for ‘/local/scratch/mehlhorn/62064/run.opot44.tmp’: Operation not supported
cp: preserving permissions for ‘/local/scratch/mehlhorn/62064/run.opot45.tmp’: Operation not supported
cp: preserving permissions for ‘/local/scratch/mehlhorn/62064/run.opot46.tmp’: Operation not supported
cp: preserving permissions for ‘/local/scratch/mehlhorn/62064/run.opot47.tmp’: Operation not supported
cp: preserving permissions for ‘/local/scratch/mehlhorn/62064/run.opot48.tmp’: Operation not supported
cp: preserving permissions for ‘/local/scratch/mehlhorn/62064/run.opot49.tmp’: Operation not supported
cp: preserving permissions for ‘/local/scratch/mehlhorn/62064/run.opot5.tmp’: Operation not supported
cp: preserving permissions for ‘/local/scratch/mehlhorn/62064/run.opot50.tmp’: Operation not supported
cp: preserving permissions for ‘/local/scratch/mehlhorn/62064/run.opot51.tmp’: Operation not supported
cp: preserving permissions for ‘/local/scratch/mehlhorn/62064/run.opot52.tmp’: Operation not supported
cp: preserving permissions for ‘/local/scratch/mehlhorn/62064/run.opot53.tmp’: Operation not supported
cp: preserving permissions for ‘/local/scratch/mehlhorn/62064/run.opot54.tmp’: Operation not supported
cp: preserving permissions for ‘/local/scratch/mehlhorn/62064/run.opot55.tmp’: Operation not supported
cp: preserving permissions for ‘/local/scratch/mehlhorn/62064/run.opot56.tmp’: Operation not supported
cp: preserving permissions for ‘/local/scratch/mehlhorn/62064/run.opot57.tmp’: Operation not supported
cp: preserving permissions for ‘/local/scratch/mehlhorn/62064/run.opot58.tmp’: Operation not supported
cp: preserving permissions for ‘/local/scratch/mehlhorn/62064/run.opot59.tmp’: Operation not supported
cp: preserving permissions for ‘/local/scratch/mehlhorn/62064/run.opot6.tmp’: Operation not supported
cp: preserving permissions for ‘/local/scratch/mehlhorn/62064/run.opot60.tmp’: Operation not supported
cp: preserving permissions for ‘/local/scratch/mehlhorn/62064/run.opot61.tmp’: Operation not supported
cp: preserving permissions for ‘/local/scratch/mehlhorn/62064/run.opot62.tmp’: Operation not supported
cp: preserving permissions for ‘/local/scratch/mehlhorn/62064/run.opot63.tmp’: Operation not supported
cp: preserving permissions for ‘/local/scratch/mehlhorn/62064/run.opot7.tmp’: Operation not supported
cp: preserving permissions for ‘/local/scratch/mehlhorn/62064/run.opot8.tmp’: Operation not supported
cp: preserving permissions for ‘/local/scratch/mehlhorn/62064/run.opot9.tmp’: Operation not supported
cp: preserving permissions for ‘/local/scratch/mehlhorn/62064/run.opt’: Operation not supported
cp: preserving permissions for ‘/local/scratch/mehlhorn/62064/run.orho0.tmp’: Operation not supported
cp: preserving permissions for ‘/local/scratch/mehlhorn/62064/run.orho1.tmp’: Operation not supported
cp: preserving permissions for ‘/local/scratch/mehlhorn/62064/run.orho10.tmp’: Operation not supported
cp: preserving permissions for ‘/local/scratch/mehlhorn/62064/run.orho11.tmp’: Operation not supported
cp: preserving permissions for ‘/local/scratch/mehlhorn/62064/run.orho12.tmp’: Operation not supported
cp: preserving permissions for ‘/local/scratch/mehlhorn/62064/run.orho13.tmp’: Operation not supported
cp: preserving permissions for ‘/local/scratch/mehlhorn/62064/run.orho14.tmp’: Operation not supported
cp: preserving permissions for ‘/local/scratch/mehlhorn/62064/run.orho15.tmp’: Operation not supported
cp: preserving permissions for ‘/local/scratch/mehlhorn/62064/run.orho16.tmp’: Operation not supported
cp: preserving permissions for ‘/local/scratch/mehlhorn/62064/run.orho17.tmp’: Operation not supported
cp: preserving permissions for ‘/local/scratch/mehlhorn/62064/run.orho18.tmp’: Operation not supported
cp: preserving permissions for ‘/local/scratch/mehlhorn/62064/run.orho19.tmp’: Operation not supported
cp: preserving permissions for ‘/local/scratch/mehlhorn/62064/run.orho2.tmp’: Operation not supported
cp: preserving permissions for ‘/local/scratch/mehlhorn/62064/run.orho20.tmp’: Operation not supported
cp: preserving permissions for ‘/local/scratch/mehlhorn/62064/run.orho21.tmp’: Operation not supported
cp: preserving permissions for ‘/local/scratch/mehlhorn/62064/run.orho22.tmp’: Operation not supported
cp: preserving permissions for ‘/local/scratch/mehlhorn/62064/run.orho23.tmp’: Operation not supported
cp: preserving permissions for ‘/local/scratch/mehlhorn/62064/run.orho24.tmp’: Operation not supported
cp: preserving permissions for ‘/local/scratch/mehlhorn/62064/run.orho25.tmp’: Operation not supported
cp: preserving permissions for ‘/local/scratch/mehlhorn/62064/run.orho26.tmp’: Operation not supported
cp: preserving permissions for ‘/local/scratch/mehlhorn/62064/run.orho27.tmp’: Operation not supported
cp: preserving permissions for ‘/local/scratch/mehlhorn/62064/run.orho28.tmp’: Operation not supported
cp: preserving permissions for ‘/local/scratch/mehlhorn/62064/run.orho29.tmp’: Operation not supported
cp: preserving permissions for ‘/local/scratch/mehlhorn/62064/run.orho3.tmp’: Operation not supported
cp: preserving permissions for ‘/local/scratch/mehlhorn/62064/run.orho30.tmp’: Operation not supported
cp: preserving permissions for ‘/local/scratch/mehlhorn/62064/run.orho31.tmp’: Operation not supported
cp: preserving permissions for ‘/local/scratch/mehlhorn/62064/run.orho32.tmp’: Operation not supported
cp: preserving permissions for ‘/local/scratch/mehlhorn/62064/run.orho33.tmp’: Operation not supported
cp: preserving permissions for ‘/local/scratch/mehlhorn/62064/run.orho34.tmp’: Operation not supported
cp: preserving permissions for ‘/local/scratch/mehlhorn/62064/run.orho35.tmp’: Operation not supported
cp: preserving permissions for ‘/local/scratch/mehlhorn/62064/run.orho36.tmp’: Operation not supported
cp: preserving permissions for ‘/local/scratch/mehlhorn/62064/run.orho37.tmp’: Operation not supported
cp: preserving permissions for ‘/local/scratch/mehlhorn/62064/run.orho38.tmp’: Operation not supported
cp: preserving permissions for ‘/local/scratch/mehlhorn/62064/run.orho39.tmp’: Operation not supported
cp: preserving permissions for ‘/local/scratch/mehlhorn/62064/run.orho4.tmp’: Operation not supported
cp: preserving permissions for ‘/local/scratch/mehlhorn/62064/run.orho40.tmp’: Operation not supported
cp: preserving permissions for ‘/local/scratch/mehlhorn/62064/run.orho41.tmp’: Operation not supported
cp: preserving permissions for ‘/local/scratch/mehlhorn/62064/run.orho42.tmp’: Operation not supported
cp: preserving permissions for ‘/local/scratch/mehlhorn/62064/run.orho43.tmp’: Operation not supported
cp: preserving permissions for ‘/local/scratch/mehlhorn/62064/run.orho44.tmp’: Operation not supported
cp: preserving permissions for ‘/local/scratch/mehlhorn/62064/run.orho45.tmp’: Operation not supported
cp: preserving permissions for ‘/local/scratch/mehlhorn/62064/run.orho46.tmp’: Operation not supported
cp: preserving permissions for ‘/local/scratch/mehlhorn/62064/run.orho47.tmp’: Operation not supported
cp: preserving permissions for ‘/local/scratch/mehlhorn/62064/run.orho48.tmp’: Operation not supported
cp: preserving permissions for ‘/local/scratch/mehlhorn/62064/run.orho49.tmp’: Operation not supported
cp: preserving permissions for ‘/local/scratch/mehlhorn/62064/run.orho5.tmp’: Operation not supported
cp: preserving permissions for ‘/local/scratch/mehlhorn/62064/run.orho50.tmp’: Operation not supported
cp: preserving permissions for ‘/local/scratch/mehlhorn/62064/run.orho51.tmp’: Operation not supported
cp: preserving permissions for ‘/local/scratch/mehlhorn/62064/run.orho52.tmp’: Operation not supported
cp: preserving permissions for ‘/local/scratch/mehlhorn/62064/run.orho53.tmp’: Operation not supported
cp: preserving permissions for ‘/local/scratch/mehlhorn/62064/run.orho54.tmp’: Operation not supported
cp: preserving permissions for ‘/local/scratch/mehlhorn/62064/run.orho55.tmp’: Operation not supported
cp: preserving permissions for ‘/local/scratch/mehlhorn/62064/run.orho56.tmp’: Operation not supported
cp: preserving permissions for ‘/local/scratch/mehlhorn/62064/run.orho57.tmp’: Operation not supported
cp: preserving permissions for ‘/local/scratch/mehlhorn/62064/run.orho58.tmp’: Operation not supported
cp: preserving permissions for ‘/local/scratch/mehlhorn/62064/run.orho59.tmp’: Operation not supported
cp: preserving permissions for ‘/local/scratch/mehlhorn/62064/run.orho6.tmp’: Operation not supported
cp: preserving permissions for ‘/local/scratch/mehlhorn/62064/run.orho60.tmp’: Operation not supported
cp: preserving permissions for ‘/local/scratch/mehlhorn/62064/run.orho61.tmp’: Operation not supported
cp: preserving permissions for ‘/local/scratch/mehlhorn/62064/run.orho62.tmp’: Operation not supported
cp: preserving permissions for ‘/local/scratch/mehlhorn/62064/run.orho63.tmp’: Operation not supported
cp: preserving permissions for ‘/local/scratch/mehlhorn/62064/run.orho7.tmp’: Operation not supported
cp: preserving permissions for ‘/local/scratch/mehlhorn/62064/run.orho8.tmp’: Operation not supported
cp: preserving permissions for ‘/local/scratch/mehlhorn/62064/run.orho9.tmp’: Operation not supported
cp: preserving permissions for ‘/local/scratch/mehlhorn/62064/run.property.txt’: Operation not supported
cp: preserving permissions for ‘/local/scratch/mehlhorn/62064/run.propint.tmp.0’: Operation not supported
cp: preserving permissions for ‘/local/scratch/mehlhorn/62064/run.respinp.tmp’: Operation not supported
cp: preserving permissions for ‘/local/scratch/mehlhorn/62064/run.rot.tmp’: Operation not supported
cp: preserving permissions for ‘/local/scratch/mehlhorn/62064/run.shark_grid.tmp’: Operation not supported
cp: preserving permissions for ‘/local/scratch/mehlhorn/62064/run.tqf.tmp.0’: Operation not supported
cp: preserving permissions for ‘/local/scratch/mehlhorn/62064/run.xyz’: Operation not supported
cp: preserving permissions for ‘/local/scratch/mehlhorn/62064/run_atom40.bibtex’: Operation not supported
cp: preserving permissions for ‘/local/scratch/mehlhorn/62064/run_atom40.densities’: Operation not supported
cp: preserving permissions for ‘/local/scratch/mehlhorn/62064/run_atom40.densitiesinfo’: Operation not supported
cp: preserving permissions for ‘/local/scratch/mehlhorn/62064/run_atom40.out’: Operation not supported
cp: preserving permissions for ‘/local/scratch/mehlhorn/62064/run_atom40.property.txt’: Operation not supported
cp: preserving permissions for ‘/local/scratch/mehlhorn/62064/run_trj.xyz’: Operation not supported
cp: preserving permissions for ‘/local/scratch/mehlhorn/62064/slurm-61894.out’: Operation not supported
cp: preserving permissions for ‘/local/scratch/mehlhorn/62064/slurm-61917.out’: Operation not supported
cp: preserving permissions for ‘/local/scratch/mehlhorn/62064/slurm-61949.out’: Operation not supported
cp: preserving permissions for ‘/local/scratch/mehlhorn/62064/slurm-61950.out’: Operation not supported
cp: preserving permissions for ‘/local/scratch/mehlhorn/62064/slurm-62056.out’: Operation not supported
cp: preserving permissions for ‘/local/scratch/mehlhorn/62064/slurm-62063.out’: Operation not supported
