--------------------------------------------------------------------------
WARNING: An invalid value was given for btl_tcp_if_exclude.  This
value will be ignored.

  Local host: cuda7
  Value:      "wg0 lo"
  Message:    Invalid specification (missing "/")
--------------------------------------------------------------------------
[cuda7:75934] 23 more processes have sent help message help-mpi-btl-tcp.txt / invalid if_inexclude
[cuda7:75934] Set MCA parameter "orte_base_help_aggregate" to 0 to see all help / error messages
--------------------------------------------------------------------------
A system call failed during shared memory initialization that should
not have.  It is likely that your MPI job will now either abort or
experience performance degradation.

  Local host:  cuda7
  System call: unlink(2) /dev/shm/vader_segment.cuda7.1009.5b370001.18
  Error:       No such file or directory (errno 2)
--------------------------------------------------------------------------
[cuda7:75934] 23 more processes have sent help message help-opal-shmem-mmap.txt / sys call fail
--------------------------------------------------------------------------
WARNING: An invalid value was given for btl_tcp_if_exclude.  This
value will be ignored.

  Local host: cuda7
  Value:      "wg0 lo"
  Message:    Invalid specification (missing "/")
--------------------------------------------------------------------------
[cuda7:76043] [[23202,0],0] ORTE_ERROR_LOG: Data unpack would read past end of buffer in file ../../../orte/util/show_help.c at line 501
[cuda7:76043] 22 more processes have sent help message help-mpi-btl-tcp.txt / invalid if_inexclude
[cuda7:76043] Set MCA parameter "orte_base_help_aggregate" to 0 to see all help / error messages
[cuda7:76156] [[23253,0],0] ORTE_ERROR_LOG: Data unpack would read past end of buffer in file ../../../orte/util/show_help.c at line 501
[cuda7:76156] [[23253,0],0] ORTE_ERROR_LOG: Out of resource in file ../../../orte/util/show_help.c at line 501
[cuda7:76156] [[23253,0],0] ORTE_ERROR_LOG: Out of resource in file ../../../orte/util/show_help.c at line 501
--------------------------------------------------------------------------
WARNING: An invalid value was given for btl_tcp_if_exclude.  This
value will be ignored.

  Local host: cuda7
  Value:      "wg0 lo"
  Message:    Invalid specification (missing "/")
--------------------------------------------------------------------------
[cuda7:76156] 20 more processes have sent help message help-mpi-btl-tcp.txt / invalid if_inexclude
[cuda7:76156] Set MCA parameter "orte_base_help_aggregate" to 0 to see all help / error messages
--------------------------------------------------------------------------
WARNING: An invalid value was given for btl_tcp_if_exclude.  This
value will be ignored.

  Local host: cuda7
  Value:      "wg0 lo"
  Message:    Invalid specification (missing "/")
--------------------------------------------------------------------------
[cuda7:76302] 23 more processes have sent help message help-mpi-btl-tcp.txt / invalid if_inexclude
[cuda7:76302] Set MCA parameter "orte_base_help_aggregate" to 0 to see all help / error messages
[cuda7:76406] [[23007,0],0] ORTE_ERROR_LOG: Data unpack would read past end of buffer in file ../../../orte/util/show_help.c at line 501
--------------------------------------------------------------------------
WARNING: An invalid value was given for btl_tcp_if_exclude.  This
value will be ignored.

  Local host: cuda7
  Value:      "wg0 lo"
  Message:    Invalid specification (missing "/")
--------------------------------------------------------------------------
[cuda7:76406] [[23007,0],0] ORTE_ERROR_LOG: Out of resource in file ../../../orte/util/show_help.c at line 501
[cuda7:76406] [[23007,0],0] ORTE_ERROR_LOG: Out of resource in file ../../../orte/util/show_help.c at line 501
[cuda7:76406] [[23007,0],0] ORTE_ERROR_LOG: Out of resource in file ../../../orte/util/show_help.c at line 501
[cuda7:76406] 19 more processes have sent help message help-mpi-btl-tcp.txt / invalid if_inexclude
[cuda7:76406] Set MCA parameter "orte_base_help_aggregate" to 0 to see all help / error messages
--------------------------------------------------------------------------
WARNING: An invalid value was given for btl_tcp_if_exclude.  This
value will be ignored.

  Local host: cuda7
  Value:      "wg0 lo"
  Message:    Invalid specification (missing "/")
--------------------------------------------------------------------------
[cuda7:76514] 23 more processes have sent help message help-mpi-btl-tcp.txt / invalid if_inexclude
[cuda7:76514] Set MCA parameter "orte_base_help_aggregate" to 0 to see all help / error messages
--------------------------------------------------------------------------
WARNING: An invalid value was given for btl_tcp_if_exclude.  This
value will be ignored.

  Local host: cuda7
  Value:      "wg0 lo"
  Message:    Invalid specification (missing "/")
--------------------------------------------------------------------------
[cuda7:76615] 23 more processes have sent help message help-mpi-btl-tcp.txt / invalid if_inexclude
[cuda7:76615] Set MCA parameter "orte_base_help_aggregate" to 0 to see all help / error messages
--------------------------------------------------------------------------
WARNING: An invalid value was given for btl_tcp_if_exclude.  This
value will be ignored.

  Local host: cuda7
  Value:      "wg0 lo"
  Message:    Invalid specification (missing "/")
--------------------------------------------------------------------------
[cuda7:76716] 23 more processes have sent help message help-mpi-btl-tcp.txt / invalid if_inexclude
[cuda7:76716] Set MCA parameter "orte_base_help_aggregate" to 0 to see all help / error messages
--------------------------------------------------------------------------
WARNING: An invalid value was given for btl_tcp_if_exclude.  This
value will be ignored.

  Local host: cuda7
  Value:      "wg0 lo"
  Message:    Invalid specification (missing "/")
--------------------------------------------------------------------------
[cuda7:76819] 23 more processes have sent help message help-mpi-btl-tcp.txt / invalid if_inexclude
[cuda7:76819] Set MCA parameter "orte_base_help_aggregate" to 0 to see all help / error messages
--------------------------------------------------------------------------
WARNING: An invalid value was given for btl_tcp_if_exclude.  This
value will be ignored.

  Local host: cuda7
  Value:      "wg0 lo"
  Message:    Invalid specification (missing "/")
--------------------------------------------------------------------------
[cuda7:76921] 23 more processes have sent help message help-mpi-btl-tcp.txt / invalid if_inexclude
[cuda7:76921] Set MCA parameter "orte_base_help_aggregate" to 0 to see all help / error messages
--------------------------------------------------------------------------
WARNING: An invalid value was given for btl_tcp_if_exclude.  This
value will be ignored.

  Local host: cuda7
  Value:      "wg0 lo"
  Message:    Invalid specification (missing "/")
--------------------------------------------------------------------------
[cuda7:77024] 23 more processes have sent help message help-mpi-btl-tcp.txt / invalid if_inexclude
[cuda7:77024] Set MCA parameter "orte_base_help_aggregate" to 0 to see all help / error messages
--------------------------------------------------------------------------
WARNING: An invalid value was given for btl_tcp_if_exclude.  This
value will be ignored.

  Local host: cuda7
  Value:      "wg0 lo"
  Message:    Invalid specification (missing "/")
--------------------------------------------------------------------------
[cuda7:77127] 23 more processes have sent help message help-mpi-btl-tcp.txt / invalid if_inexclude
[cuda7:77127] Set MCA parameter "orte_base_help_aggregate" to 0 to see all help / error messages
--------------------------------------------------------------------------
WARNING: An invalid value was given for btl_tcp_if_exclude.  This
value will be ignored.

  Local host: cuda7
  Value:      "wg0 lo"
  Message:    Invalid specification (missing "/")
--------------------------------------------------------------------------
[cuda7:77228] 23 more processes have sent help message help-mpi-btl-tcp.txt / invalid if_inexclude
[cuda7:77228] Set MCA parameter "orte_base_help_aggregate" to 0 to see all help / error messages
--------------------------------------------------------------------------
WARNING: An invalid value was given for btl_tcp_if_exclude.  This
value will be ignored.

  Local host: cuda7
  Value:      "wg0 lo"
  Message:    Invalid specification (missing "/")
--------------------------------------------------------------------------
[cuda7:77329] 23 more processes have sent help message help-mpi-btl-tcp.txt / invalid if_inexclude
[cuda7:77329] Set MCA parameter "orte_base_help_aggregate" to 0 to see all help / error messages
--------------------------------------------------------------------------
WARNING: An invalid value was given for btl_tcp_if_exclude.  This
value will be ignored.

  Local host: cuda7
  Value:      "wg0 lo"
  Message:    Invalid specification (missing "/")
--------------------------------------------------------------------------
[cuda7:77430] 23 more processes have sent help message help-mpi-btl-tcp.txt / invalid if_inexclude
[cuda7:77430] Set MCA parameter "orte_base_help_aggregate" to 0 to see all help / error messages
--------------------------------------------------------------------------
WARNING: An invalid value was given for btl_tcp_if_exclude.  This
value will be ignored.

  Local host: cuda7
  Value:      "wg0 lo"
  Message:    Invalid specification (missing "/")
--------------------------------------------------------------------------
[cuda7:77534] 23 more processes have sent help message help-mpi-btl-tcp.txt / invalid if_inexclude
[cuda7:77534] Set MCA parameter "orte_base_help_aggregate" to 0 to see all help / error messages
--------------------------------------------------------------------------
WARNING: An invalid value was given for btl_tcp_if_exclude.  This
value will be ignored.

  Local host: cuda7
  Value:      "wg0 lo"
  Message:    Invalid specification (missing "/")
--------------------------------------------------------------------------
[cuda7:77637] 23 more processes have sent help message help-mpi-btl-tcp.txt / invalid if_inexclude
[cuda7:77637] Set MCA parameter "orte_base_help_aggregate" to 0 to see all help / error messages
--------------------------------------------------------------------------
WARNING: An invalid value was given for btl_tcp_if_exclude.  This
value will be ignored.

  Local host: cuda7
  Value:      "wg0 lo"
  Message:    Invalid specification (missing "/")
--------------------------------------------------------------------------
[cuda7:77741] 23 more processes have sent help message help-mpi-btl-tcp.txt / invalid if_inexclude
[cuda7:77741] Set MCA parameter "orte_base_help_aggregate" to 0 to see all help / error messages
--------------------------------------------------------------------------
WARNING: An invalid value was given for btl_tcp_if_exclude.  This
value will be ignored.

  Local host: cuda7
  Value:      "wg0 lo"
  Message:    Invalid specification (missing "/")
--------------------------------------------------------------------------
[cuda7:77842] 23 more processes have sent help message help-mpi-btl-tcp.txt / invalid if_inexclude
[cuda7:77842] Set MCA parameter "orte_base_help_aggregate" to 0 to see all help / error messages
--------------------------------------------------------------------------
WARNING: An invalid value was given for btl_tcp_if_exclude.  This
value will be ignored.

  Local host: cuda7
  Value:      "wg0 lo"
  Message:    Invalid specification (missing "/")
--------------------------------------------------------------------------
[cuda7:77944] 23 more processes have sent help message help-mpi-btl-tcp.txt / invalid if_inexclude
[cuda7:77944] Set MCA parameter "orte_base_help_aggregate" to 0 to see all help / error messages
--------------------------------------------------------------------------
WARNING: An invalid value was given for btl_tcp_if_exclude.  This
value will be ignored.

  Local host: cuda7
  Value:      "wg0 lo"
  Message:    Invalid specification (missing "/")
--------------------------------------------------------------------------
[cuda7:78045] 23 more processes have sent help message help-mpi-btl-tcp.txt / invalid if_inexclude
[cuda7:78045] Set MCA parameter "orte_base_help_aggregate" to 0 to see all help / error messages
--------------------------------------------------------------------------
WARNING: An invalid value was given for btl_tcp_if_exclude.  This
value will be ignored.

  Local host: cuda7
  Value:      "wg0 lo"
  Message:    Invalid specification (missing "/")
--------------------------------------------------------------------------
[cuda7:78148] 23 more processes have sent help message help-mpi-btl-tcp.txt / invalid if_inexclude
[cuda7:78148] Set MCA parameter "orte_base_help_aggregate" to 0 to see all help / error messages
--------------------------------------------------------------------------
WARNING: An invalid value was given for btl_tcp_if_exclude.  This
value will be ignored.

  Local host: cuda7
  Value:      "wg0 lo"
  Message:    Invalid specification (missing "/")
--------------------------------------------------------------------------
[cuda7:78252] [[16901,0],0] ORTE_ERROR_LOG: Out of resource in file ../../../orte/util/show_help.c at line 501
[cuda7:78252] 22 more processes have sent help message help-mpi-btl-tcp.txt / invalid if_inexclude
[cuda7:78252] Set MCA parameter "orte_base_help_aggregate" to 0 to see all help / error messages
--------------------------------------------------------------------------
WARNING: An invalid value was given for btl_tcp_if_exclude.  This
value will be ignored.

  Local host: cuda7
  Value:      "wg0 lo"
  Message:    Invalid specification (missing "/")
--------------------------------------------------------------------------
[cuda7:78358] 23 more processes have sent help message help-mpi-btl-tcp.txt / invalid if_inexclude
[cuda7:78358] Set MCA parameter "orte_base_help_aggregate" to 0 to see all help / error messages
--------------------------------------------------------------------------
WARNING: An invalid value was given for btl_tcp_if_exclude.  This
value will be ignored.

  Local host: cuda7
  Value:      "wg0 lo"
  Message:    Invalid specification (missing "/")
--------------------------------------------------------------------------
[cuda7:78460] 23 more processes have sent help message help-mpi-btl-tcp.txt / invalid if_inexclude
[cuda7:78460] Set MCA parameter "orte_base_help_aggregate" to 0 to see all help / error messages
--------------------------------------------------------------------------
WARNING: An invalid value was given for btl_tcp_if_exclude.  This
value will be ignored.

  Local host: cuda7
  Value:      "wg0 lo"
  Message:    Invalid specification (missing "/")
--------------------------------------------------------------------------
[cuda7:78561] 23 more processes have sent help message help-mpi-btl-tcp.txt / invalid if_inexclude
[cuda7:78561] Set MCA parameter "orte_base_help_aggregate" to 0 to see all help / error messages
--------------------------------------------------------------------------
WARNING: An invalid value was given for btl_tcp_if_exclude.  This
value will be ignored.

  Local host: cuda7
  Value:      "wg0 lo"
  Message:    Invalid specification (missing "/")
--------------------------------------------------------------------------
[cuda7:78663] [[16622,0],0] ORTE_ERROR_LOG: Data unpack would read past end of buffer in file ../../../orte/util/show_help.c at line 501
[cuda7:78663] [[16622,0],0] ORTE_ERROR_LOG: Data unpack would read past end of buffer in file ../../../orte/util/show_help.c at line 501
[cuda7:78663] 21 more processes have sent help message help-mpi-btl-tcp.txt / invalid if_inexclude
[cuda7:78663] Set MCA parameter "orte_base_help_aggregate" to 0 to see all help / error messages
--------------------------------------------------------------------------
WARNING: An invalid value was given for btl_tcp_if_exclude.  This
value will be ignored.

  Local host: cuda7
  Value:      "wg0 lo"
  Message:    Invalid specification (missing "/")
--------------------------------------------------------------------------
[cuda7:78766] 23 more processes have sent help message help-mpi-btl-tcp.txt / invalid if_inexclude
[cuda7:78766] Set MCA parameter "orte_base_help_aggregate" to 0 to see all help / error messages
--------------------------------------------------------------------------
WARNING: An invalid value was given for btl_tcp_if_exclude.  This
value will be ignored.

  Local host: cuda7
  Value:      "wg0 lo"
  Message:    Invalid specification (missing "/")
--------------------------------------------------------------------------
[cuda7:78869] 23 more processes have sent help message help-mpi-btl-tcp.txt / invalid if_inexclude
[cuda7:78869] Set MCA parameter "orte_base_help_aggregate" to 0 to see all help / error messages
--------------------------------------------------------------------------
WARNING: An invalid value was given for btl_tcp_if_exclude.  This
value will be ignored.

  Local host: cuda7
  Value:      "wg0 lo"
  Message:    Invalid specification (missing "/")
--------------------------------------------------------------------------
[cuda7:78973] 23 more processes have sent help message help-mpi-btl-tcp.txt / invalid if_inexclude
[cuda7:78973] Set MCA parameter "orte_base_help_aggregate" to 0 to see all help / error messages
--------------------------------------------------------------------------
WARNING: An invalid value was given for btl_tcp_if_exclude.  This
value will be ignored.

  Local host: cuda7
  Value:      "wg0 lo"
  Message:    Invalid specification (missing "/")
--------------------------------------------------------------------------
[cuda7:79074] 23 more processes have sent help message help-mpi-btl-tcp.txt / invalid if_inexclude
[cuda7:79074] Set MCA parameter "orte_base_help_aggregate" to 0 to see all help / error messages
--------------------------------------------------------------------------
WARNING: An invalid value was given for btl_tcp_if_exclude.  This
value will be ignored.

  Local host: cuda7
  Value:      "wg0 lo"
  Message:    Invalid specification (missing "/")
--------------------------------------------------------------------------
[cuda7:79175] 23 more processes have sent help message help-mpi-btl-tcp.txt / invalid if_inexclude
[cuda7:79175] Set MCA parameter "orte_base_help_aggregate" to 0 to see all help / error messages
--------------------------------------------------------------------------
WARNING: An invalid value was given for btl_tcp_if_exclude.  This
value will be ignored.

  Local host: cuda7
  Value:      "wg0 lo"
  Message:    Invalid specification (missing "/")
--------------------------------------------------------------------------
[cuda7:79307] 23 more processes have sent help message help-mpi-btl-tcp.txt / invalid if_inexclude
[cuda7:79307] Set MCA parameter "orte_base_help_aggregate" to 0 to see all help / error messages
--------------------------------------------------------------------------
WARNING: An invalid value was given for btl_tcp_if_exclude.  This
value will be ignored.

  Local host: cuda7
  Value:      "wg0 lo"
  Message:    Invalid specification (missing "/")
--------------------------------------------------------------------------
[cuda7:79422] 23 more processes have sent help message help-mpi-btl-tcp.txt / invalid if_inexclude
[cuda7:79422] Set MCA parameter "orte_base_help_aggregate" to 0 to see all help / error messages
--------------------------------------------------------------------------
WARNING: An invalid value was given for btl_tcp_if_exclude.  This
value will be ignored.

  Local host: cuda7
  Value:      "wg0 lo"
  Message:    Invalid specification (missing "/")
--------------------------------------------------------------------------
[cuda7:79525] 23 more processes have sent help message help-mpi-btl-tcp.txt / invalid if_inexclude
[cuda7:79525] Set MCA parameter "orte_base_help_aggregate" to 0 to see all help / error messages
--------------------------------------------------------------------------
WARNING: An invalid value was given for btl_tcp_if_exclude.  This
value will be ignored.

  Local host: cuda7
  Value:      "wg0 lo"
  Message:    Invalid specification (missing "/")
--------------------------------------------------------------------------
[cuda7:79633] 23 more processes have sent help message help-mpi-btl-tcp.txt / invalid if_inexclude
[cuda7:79633] Set MCA parameter "orte_base_help_aggregate" to 0 to see all help / error messages
--------------------------------------------------------------------------
WARNING: An invalid value was given for btl_tcp_if_exclude.  This
value will be ignored.

  Local host: cuda7
  Value:      "wg0 lo"
  Message:    Invalid specification (missing "/")
--------------------------------------------------------------------------
[cuda7:79734] 23 more processes have sent help message help-mpi-btl-tcp.txt / invalid if_inexclude
[cuda7:79734] Set MCA parameter "orte_base_help_aggregate" to 0 to see all help / error messages
--------------------------------------------------------------------------
WARNING: An invalid value was given for btl_tcp_if_exclude.  This
value will be ignored.

  Local host: cuda7
  Value:      "wg0 lo"
  Message:    Invalid specification (missing "/")
--------------------------------------------------------------------------
[cuda7:79836] 23 more processes have sent help message help-mpi-btl-tcp.txt / invalid if_inexclude
[cuda7:79836] Set MCA parameter "orte_base_help_aggregate" to 0 to see all help / error messages
--------------------------------------------------------------------------
WARNING: An invalid value was given for btl_tcp_if_exclude.  This
value will be ignored.

  Local host: cuda7
  Value:      "wg0 lo"
  Message:    Invalid specification (missing "/")
--------------------------------------------------------------------------
[cuda7:79937] 23 more processes have sent help message help-mpi-btl-tcp.txt / invalid if_inexclude
[cuda7:79937] Set MCA parameter "orte_base_help_aggregate" to 0 to see all help / error messages
--------------------------------------------------------------------------
WARNING: An invalid value was given for btl_tcp_if_exclude.  This
value will be ignored.

  Local host: cuda7
  Value:      "wg0 lo"
  Message:    Invalid specification (missing "/")
--------------------------------------------------------------------------
[cuda7:80040] 23 more processes have sent help message help-mpi-btl-tcp.txt / invalid if_inexclude
[cuda7:80040] Set MCA parameter "orte_base_help_aggregate" to 0 to see all help / error messages
--------------------------------------------------------------------------
WARNING: An invalid value was given for btl_tcp_if_exclude.  This
value will be ignored.

  Local host: cuda7
  Value:      "wg0 lo"
  Message:    Invalid specification (missing "/")
--------------------------------------------------------------------------
[cuda7:80144] 23 more processes have sent help message help-mpi-btl-tcp.txt / invalid if_inexclude
[cuda7:80144] Set MCA parameter "orte_base_help_aggregate" to 0 to see all help / error messages
--------------------------------------------------------------------------
WARNING: An invalid value was given for btl_tcp_if_exclude.  This
value will be ignored.

  Local host: cuda7
  Value:      "wg0 lo"
  Message:    Invalid specification (missing "/")
--------------------------------------------------------------------------
[cuda7:80248] 23 more processes have sent help message help-mpi-btl-tcp.txt / invalid if_inexclude
[cuda7:80248] Set MCA parameter "orte_base_help_aggregate" to 0 to see all help / error messages
--------------------------------------------------------------------------
WARNING: An invalid value was given for btl_tcp_if_exclude.  This
value will be ignored.

  Local host: cuda7
  Value:      "wg0 lo"
  Message:    Invalid specification (missing "/")
--------------------------------------------------------------------------
[cuda7:80350] 23 more processes have sent help message help-mpi-btl-tcp.txt / invalid if_inexclude
[cuda7:80350] Set MCA parameter "orte_base_help_aggregate" to 0 to see all help / error messages
--------------------------------------------------------------------------
WARNING: An invalid value was given for btl_tcp_if_exclude.  This
value will be ignored.

  Local host: cuda7
  Value:      "wg0 lo"
  Message:    Invalid specification (missing "/")
--------------------------------------------------------------------------
[cuda7:80451] 23 more processes have sent help message help-mpi-btl-tcp.txt / invalid if_inexclude
[cuda7:80451] Set MCA parameter "orte_base_help_aggregate" to 0 to see all help / error messages
--------------------------------------------------------------------------
WARNING: An invalid value was given for btl_tcp_if_exclude.  This
value will be ignored.

  Local host: cuda7
  Value:      "wg0 lo"
  Message:    Invalid specification (missing "/")
--------------------------------------------------------------------------
[cuda7:80552] [[18689,0],0] ORTE_ERROR_LOG: Data unpack would read past end of buffer in file ../../../orte/util/show_help.c at line 501
[cuda7:80552] 22 more processes have sent help message help-mpi-btl-tcp.txt / invalid if_inexclude
[cuda7:80552] Set MCA parameter "orte_base_help_aggregate" to 0 to see all help / error messages
--------------------------------------------------------------------------
WARNING: An invalid value was given for btl_tcp_if_exclude.  This
value will be ignored.

  Local host: cuda7
  Value:      "wg0 lo"
  Message:    Invalid specification (missing "/")
--------------------------------------------------------------------------
[cuda7:80656] 23 more processes have sent help message help-mpi-btl-tcp.txt / invalid if_inexclude
[cuda7:80656] Set MCA parameter "orte_base_help_aggregate" to 0 to see all help / error messages
--------------------------------------------------------------------------
WARNING: An invalid value was given for btl_tcp_if_exclude.  This
value will be ignored.

  Local host: cuda7
  Value:      "wg0 lo"
  Message:    Invalid specification (missing "/")
--------------------------------------------------------------------------
[cuda7:80759] 23 more processes have sent help message help-mpi-btl-tcp.txt / invalid if_inexclude
[cuda7:80759] Set MCA parameter "orte_base_help_aggregate" to 0 to see all help / error messages
--------------------------------------------------------------------------
WARNING: An invalid value was given for btl_tcp_if_exclude.  This
value will be ignored.

  Local host: cuda7
  Value:      "wg0 lo"
  Message:    Invalid specification (missing "/")
--------------------------------------------------------------------------
[cuda7:80862] 23 more processes have sent help message help-mpi-btl-tcp.txt / invalid if_inexclude
[cuda7:80862] Set MCA parameter "orte_base_help_aggregate" to 0 to see all help / error messages
--------------------------------------------------------------------------
WARNING: An invalid value was given for btl_tcp_if_exclude.  This
value will be ignored.

  Local host: cuda7
  Value:      "wg0 lo"
  Message:    Invalid specification (missing "/")
--------------------------------------------------------------------------
[cuda7:80963] 23 more processes have sent help message help-mpi-btl-tcp.txt / invalid if_inexclude
[cuda7:80963] Set MCA parameter "orte_base_help_aggregate" to 0 to see all help / error messages
--------------------------------------------------------------------------
WARNING: An invalid value was given for btl_tcp_if_exclude.  This
value will be ignored.

  Local host: cuda7
  Value:      "wg0 lo"
  Message:    Invalid specification (missing "/")
--------------------------------------------------------------------------
[cuda7:81065] 23 more processes have sent help message help-mpi-btl-tcp.txt / invalid if_inexclude
[cuda7:81065] Set MCA parameter "orte_base_help_aggregate" to 0 to see all help / error messages
--------------------------------------------------------------------------
WARNING: An invalid value was given for btl_tcp_if_exclude.  This
value will be ignored.

  Local host: cuda7
  Value:      "wg0 lo"
  Message:    Invalid specification (missing "/")
--------------------------------------------------------------------------
[cuda7:81166] 23 more processes have sent help message help-mpi-btl-tcp.txt / invalid if_inexclude
[cuda7:81166] Set MCA parameter "orte_base_help_aggregate" to 0 to see all help / error messages
--------------------------------------------------------------------------
WARNING: An invalid value was given for btl_tcp_if_exclude.  This
value will be ignored.

  Local host: cuda7
  Value:      "wg0 lo"
  Message:    Invalid specification (missing "/")
--------------------------------------------------------------------------
[cuda7:81268] 23 more processes have sent help message help-mpi-btl-tcp.txt / invalid if_inexclude
[cuda7:81268] Set MCA parameter "orte_base_help_aggregate" to 0 to see all help / error messages
--------------------------------------------------------------------------
WARNING: An invalid value was given for btl_tcp_if_exclude.  This
value will be ignored.

  Local host: cuda7
  Value:      "wg0 lo"
  Message:    Invalid specification (missing "/")
--------------------------------------------------------------------------
[cuda7:81371] 23 more processes have sent help message help-mpi-btl-tcp.txt / invalid if_inexclude
[cuda7:81371] Set MCA parameter "orte_base_help_aggregate" to 0 to see all help / error messages
--------------------------------------------------------------------------
WARNING: An invalid value was given for btl_tcp_if_exclude.  This
value will be ignored.

  Local host: cuda7
  Value:      "wg0 lo"
  Message:    Invalid specification (missing "/")
--------------------------------------------------------------------------
[cuda7:81475] 23 more processes have sent help message help-mpi-btl-tcp.txt / invalid if_inexclude
[cuda7:81475] Set MCA parameter "orte_base_help_aggregate" to 0 to see all help / error messages
--------------------------------------------------------------------------
WARNING: An invalid value was given for btl_tcp_if_exclude.  This
value will be ignored.

  Local host: cuda7
  Value:      "wg0 lo"
  Message:    Invalid specification (missing "/")
--------------------------------------------------------------------------
[cuda7:81576] [[19713,0],0] ORTE_ERROR_LOG: Data unpack would read past end of buffer in file ../../../orte/util/show_help.c at line 501
[cuda7:81576] 22 more processes have sent help message help-mpi-btl-tcp.txt / invalid if_inexclude
[cuda7:81576] Set MCA parameter "orte_base_help_aggregate" to 0 to see all help / error messages
--------------------------------------------------------------------------
WARNING: An invalid value was given for btl_tcp_if_exclude.  This
value will be ignored.

  Local host: cuda7
  Value:      "wg0 lo"
  Message:    Invalid specification (missing "/")
--------------------------------------------------------------------------
[cuda7:81678] 23 more processes have sent help message help-mpi-btl-tcp.txt / invalid if_inexclude
[cuda7:81678] Set MCA parameter "orte_base_help_aggregate" to 0 to see all help / error messages
--------------------------------------------------------------------------
WARNING: An invalid value was given for btl_tcp_if_exclude.  This
value will be ignored.

  Local host: cuda7
  Value:      "wg0 lo"
  Message:    Invalid specification (missing "/")
--------------------------------------------------------------------------
[cuda7:81779] 23 more processes have sent help message help-mpi-btl-tcp.txt / invalid if_inexclude
[cuda7:81779] Set MCA parameter "orte_base_help_aggregate" to 0 to see all help / error messages
--------------------------------------------------------------------------
WARNING: An invalid value was given for btl_tcp_if_exclude.  This
value will be ignored.

  Local host: cuda7
  Value:      "wg0 lo"
  Message:    Invalid specification (missing "/")
--------------------------------------------------------------------------
[cuda7:81883] 23 more processes have sent help message help-mpi-btl-tcp.txt / invalid if_inexclude
[cuda7:81883] Set MCA parameter "orte_base_help_aggregate" to 0 to see all help / error messages
--------------------------------------------------------------------------
WARNING: An invalid value was given for btl_tcp_if_exclude.  This
value will be ignored.

  Local host: cuda7
  Value:      "wg0 lo"
  Message:    Invalid specification (missing "/")
--------------------------------------------------------------------------
[cuda7:81986] 23 more processes have sent help message help-mpi-btl-tcp.txt / invalid if_inexclude
[cuda7:81986] Set MCA parameter "orte_base_help_aggregate" to 0 to see all help / error messages
--------------------------------------------------------------------------
WARNING: An invalid value was given for btl_tcp_if_exclude.  This
value will be ignored.

  Local host: cuda7
  Value:      "wg0 lo"
  Message:    Invalid specification (missing "/")
--------------------------------------------------------------------------
[cuda7:82090] 23 more processes have sent help message help-mpi-btl-tcp.txt / invalid if_inexclude
[cuda7:82090] Set MCA parameter "orte_base_help_aggregate" to 0 to see all help / error messages
--------------------------------------------------------------------------
WARNING: An invalid value was given for btl_tcp_if_exclude.  This
value will be ignored.

  Local host: cuda7
  Value:      "wg0 lo"
  Message:    Invalid specification (missing "/")
--------------------------------------------------------------------------
[cuda7:82191] 23 more processes have sent help message help-mpi-btl-tcp.txt / invalid if_inexclude
[cuda7:82191] Set MCA parameter "orte_base_help_aggregate" to 0 to see all help / error messages
--------------------------------------------------------------------------
WARNING: An invalid value was given for btl_tcp_if_exclude.  This
value will be ignored.

  Local host: cuda7
  Value:      "wg0 lo"
  Message:    Invalid specification (missing "/")
--------------------------------------------------------------------------
[cuda7:82293] 23 more processes have sent help message help-mpi-btl-tcp.txt / invalid if_inexclude
[cuda7:82293] Set MCA parameter "orte_base_help_aggregate" to 0 to see all help / error messages
--------------------------------------------------------------------------
WARNING: An invalid value was given for btl_tcp_if_exclude.  This
value will be ignored.

  Local host: cuda7
  Value:      "wg0 lo"
  Message:    Invalid specification (missing "/")
--------------------------------------------------------------------------
[cuda7:82394] 23 more processes have sent help message help-mpi-btl-tcp.txt / invalid if_inexclude
[cuda7:82394] Set MCA parameter "orte_base_help_aggregate" to 0 to see all help / error messages
--------------------------------------------------------------------------
WARNING: An invalid value was given for btl_tcp_if_exclude.  This
value will be ignored.

  Local host: cuda7
  Value:      "wg0 lo"
  Message:    Invalid specification (missing "/")
--------------------------------------------------------------------------
[cuda7:82501] 23 more processes have sent help message help-mpi-btl-tcp.txt / invalid if_inexclude
[cuda7:82501] Set MCA parameter "orte_base_help_aggregate" to 0 to see all help / error messages
--------------------------------------------------------------------------
WARNING: An invalid value was given for btl_tcp_if_exclude.  This
value will be ignored.

  Local host: cuda7
  Value:      "wg0 lo"
  Message:    Invalid specification (missing "/")
--------------------------------------------------------------------------
[cuda7:82604] 23 more processes have sent help message help-mpi-btl-tcp.txt / invalid if_inexclude
[cuda7:82604] Set MCA parameter "orte_base_help_aggregate" to 0 to see all help / error messages
--------------------------------------------------------------------------
WARNING: An invalid value was given for btl_tcp_if_exclude.  This
value will be ignored.

  Local host: cuda7
  Value:      "wg0 lo"
  Message:    Invalid specification (missing "/")
--------------------------------------------------------------------------
[cuda7:82709] 23 more processes have sent help message help-mpi-btl-tcp.txt / invalid if_inexclude
[cuda7:82709] Set MCA parameter "orte_base_help_aggregate" to 0 to see all help / error messages
--------------------------------------------------------------------------
WARNING: An invalid value was given for btl_tcp_if_exclude.  This
value will be ignored.

  Local host: cuda7
  Value:      "wg0 lo"
  Message:    Invalid specification (missing "/")
--------------------------------------------------------------------------
[cuda7:82810] 23 more processes have sent help message help-mpi-btl-tcp.txt / invalid if_inexclude
[cuda7:82810] Set MCA parameter "orte_base_help_aggregate" to 0 to see all help / error messages
--------------------------------------------------------------------------
WARNING: An invalid value was given for btl_tcp_if_exclude.  This
value will be ignored.

  Local host: cuda7
  Value:      "wg0 lo"
  Message:    Invalid specification (missing "/")
--------------------------------------------------------------------------
[cuda7:82911] [[12406,0],0] ORTE_ERROR_LOG: Data unpack would read past end of buffer in file ../../../orte/util/show_help.c at line 501
[cuda7:82911] 22 more processes have sent help message help-mpi-btl-tcp.txt / invalid if_inexclude
[cuda7:82911] Set MCA parameter "orte_base_help_aggregate" to 0 to see all help / error messages
--------------------------------------------------------------------------
WARNING: An invalid value was given for btl_tcp_if_exclude.  This
value will be ignored.

  Local host: cuda7
  Value:      "wg0 lo"
  Message:    Invalid specification (missing "/")
--------------------------------------------------------------------------
[cuda7:83013] 23 more processes have sent help message help-mpi-btl-tcp.txt / invalid if_inexclude
[cuda7:83013] Set MCA parameter "orte_base_help_aggregate" to 0 to see all help / error messages
--------------------------------------------------------------------------
WARNING: An invalid value was given for btl_tcp_if_exclude.  This
value will be ignored.

  Local host: cuda7
  Value:      "wg0 lo"
  Message:    Invalid specification (missing "/")
--------------------------------------------------------------------------
[cuda7:83116] 23 more processes have sent help message help-mpi-btl-tcp.txt / invalid if_inexclude
[cuda7:83116] Set MCA parameter "orte_base_help_aggregate" to 0 to see all help / error messages
--------------------------------------------------------------------------
WARNING: An invalid value was given for btl_tcp_if_exclude.  This
value will be ignored.

  Local host: cuda7
  Value:      "wg0 lo"
  Message:    Invalid specification (missing "/")
--------------------------------------------------------------------------
[cuda7:83219] 23 more processes have sent help message help-mpi-btl-tcp.txt / invalid if_inexclude
[cuda7:83219] Set MCA parameter "orte_base_help_aggregate" to 0 to see all help / error messages
--------------------------------------------------------------------------
WARNING: An invalid value was given for btl_tcp_if_exclude.  This
value will be ignored.

  Local host: cuda7
  Value:      "wg0 lo"
  Message:    Invalid specification (missing "/")
--------------------------------------------------------------------------
[cuda7:83322] 23 more processes have sent help message help-mpi-btl-tcp.txt / invalid if_inexclude
[cuda7:83322] Set MCA parameter "orte_base_help_aggregate" to 0 to see all help / error messages
--------------------------------------------------------------------------
WARNING: An invalid value was given for btl_tcp_if_exclude.  This
value will be ignored.

  Local host: cuda7
  Value:      "wg0 lo"
  Message:    Invalid specification (missing "/")
--------------------------------------------------------------------------
[cuda7:83423] 23 more processes have sent help message help-mpi-btl-tcp.txt / invalid if_inexclude
[cuda7:83423] Set MCA parameter "orte_base_help_aggregate" to 0 to see all help / error messages
--------------------------------------------------------------------------
WARNING: An invalid value was given for btl_tcp_if_exclude.  This
value will be ignored.

  Local host: cuda7
  Value:      "wg0 lo"
  Message:    Invalid specification (missing "/")
--------------------------------------------------------------------------
[cuda7:83525] 23 more processes have sent help message help-mpi-btl-tcp.txt / invalid if_inexclude
[cuda7:83525] Set MCA parameter "orte_base_help_aggregate" to 0 to see all help / error messages
--------------------------------------------------------------------------
WARNING: An invalid value was given for btl_tcp_if_exclude.  This
value will be ignored.

  Local host: cuda7
  Value:      "wg0 lo"
  Message:    Invalid specification (missing "/")
--------------------------------------------------------------------------
[cuda7:83626] 23 more processes have sent help message help-mpi-btl-tcp.txt / invalid if_inexclude
[cuda7:83626] Set MCA parameter "orte_base_help_aggregate" to 0 to see all help / error messages
--------------------------------------------------------------------------
WARNING: An invalid value was given for btl_tcp_if_exclude.  This
value will be ignored.

  Local host: cuda7
  Value:      "wg0 lo"
  Message:    Invalid specification (missing "/")
--------------------------------------------------------------------------
[cuda7:83730] 23 more processes have sent help message help-mpi-btl-tcp.txt / invalid if_inexclude
[cuda7:83730] Set MCA parameter "orte_base_help_aggregate" to 0 to see all help / error messages
--------------------------------------------------------------------------
WARNING: An invalid value was given for btl_tcp_if_exclude.  This
value will be ignored.

  Local host: cuda7
  Value:      "wg0 lo"
  Message:    Invalid specification (missing "/")
--------------------------------------------------------------------------
[cuda7:83833] 23 more processes have sent help message help-mpi-btl-tcp.txt / invalid if_inexclude
[cuda7:83833] Set MCA parameter "orte_base_help_aggregate" to 0 to see all help / error messages
--------------------------------------------------------------------------
WARNING: An invalid value was given for btl_tcp_if_exclude.  This
value will be ignored.

  Local host: cuda7
  Value:      "wg0 lo"
  Message:    Invalid specification (missing "/")
--------------------------------------------------------------------------
[cuda7:83937] [[13384,0],0] ORTE_ERROR_LOG: Data unpack would read past end of buffer in file ../../../orte/util/show_help.c at line 501
[cuda7:83937] [[13384,0],0] ORTE_ERROR_LOG: Data unpack would read past end of buffer in file ../../../orte/util/show_help.c at line 501
[cuda7:83937] [[13384,0],0] ORTE_ERROR_LOG: Data unpack would read past end of buffer in file ../../../orte/util/show_help.c at line 501
[cuda7:83937] [[13384,0],0] ORTE_ERROR_LOG: Data unpack would read past end of buffer in file ../../../orte/util/show_help.c at line 501
[cuda7:83937] 19 more processes have sent help message help-mpi-btl-tcp.txt / invalid if_inexclude
[cuda7:83937] Set MCA parameter "orte_base_help_aggregate" to 0 to see all help / error messages
--------------------------------------------------------------------------
WARNING: An invalid value was given for btl_tcp_if_exclude.  This
value will be ignored.

  Local host: cuda7
  Value:      "wg0 lo"
  Message:    Invalid specification (missing "/")
--------------------------------------------------------------------------
[cuda7:84038] 23 more processes have sent help message help-mpi-btl-tcp.txt / invalid if_inexclude
[cuda7:84038] Set MCA parameter "orte_base_help_aggregate" to 0 to see all help / error messages
--------------------------------------------------------------------------
WARNING: An invalid value was given for btl_tcp_if_exclude.  This
value will be ignored.

  Local host: cuda7
  Value:      "wg0 lo"
  Message:    Invalid specification (missing "/")
--------------------------------------------------------------------------
[cuda7:84140] 23 more processes have sent help message help-mpi-btl-tcp.txt / invalid if_inexclude
[cuda7:84140] Set MCA parameter "orte_base_help_aggregate" to 0 to see all help / error messages
--------------------------------------------------------------------------
WARNING: An invalid value was given for btl_tcp_if_exclude.  This
value will be ignored.

  Local host: cuda7
  Value:      "wg0 lo"
  Message:    Invalid specification (missing "/")
--------------------------------------------------------------------------
[cuda7:84241] 23 more processes have sent help message help-mpi-btl-tcp.txt / invalid if_inexclude
[cuda7:84241] Set MCA parameter "orte_base_help_aggregate" to 0 to see all help / error messages
--------------------------------------------------------------------------
WARNING: An invalid value was given for btl_tcp_if_exclude.  This
value will be ignored.

  Local host: cuda7
  Value:      "wg0 lo"
  Message:    Invalid specification (missing "/")
--------------------------------------------------------------------------
[cuda7:84344] 23 more processes have sent help message help-mpi-btl-tcp.txt / invalid if_inexclude
[cuda7:84344] Set MCA parameter "orte_base_help_aggregate" to 0 to see all help / error messages
--------------------------------------------------------------------------
WARNING: An invalid value was given for btl_tcp_if_exclude.  This
value will be ignored.

  Local host: cuda7
  Value:      "wg0 lo"
  Message:    Invalid specification (missing "/")
--------------------------------------------------------------------------
[cuda7:84447] 23 more processes have sent help message help-mpi-btl-tcp.txt / invalid if_inexclude
[cuda7:84447] Set MCA parameter "orte_base_help_aggregate" to 0 to see all help / error messages
--------------------------------------------------------------------------
WARNING: An invalid value was given for btl_tcp_if_exclude.  This
value will be ignored.

  Local host: cuda7
  Value:      "wg0 lo"
  Message:    Invalid specification (missing "/")
--------------------------------------------------------------------------
[cuda7:84551] 23 more processes have sent help message help-mpi-btl-tcp.txt / invalid if_inexclude
[cuda7:84551] Set MCA parameter "orte_base_help_aggregate" to 0 to see all help / error messages
--------------------------------------------------------------------------
WARNING: An invalid value was given for btl_tcp_if_exclude.  This
value will be ignored.

  Local host: cuda7
  Value:      "wg0 lo"
  Message:    Invalid specification (missing "/")
--------------------------------------------------------------------------
[cuda7:84652] 23 more processes have sent help message help-mpi-btl-tcp.txt / invalid if_inexclude
[cuda7:84652] Set MCA parameter "orte_base_help_aggregate" to 0 to see all help / error messages
--------------------------------------------------------------------------
WARNING: An invalid value was given for btl_tcp_if_exclude.  This
value will be ignored.

  Local host: cuda7
  Value:      "wg0 lo"
  Message:    Invalid specification (missing "/")
--------------------------------------------------------------------------
[cuda7:84754] 23 more processes have sent help message help-mpi-btl-tcp.txt / invalid if_inexclude
[cuda7:84754] Set MCA parameter "orte_base_help_aggregate" to 0 to see all help / error messages
--------------------------------------------------------------------------
WARNING: An invalid value was given for btl_tcp_if_exclude.  This
value will be ignored.

  Local host: cuda7
  Value:      "wg0 lo"
  Message:    Invalid specification (missing "/")
--------------------------------------------------------------------------
[cuda7:84855] 23 more processes have sent help message help-mpi-btl-tcp.txt / invalid if_inexclude
[cuda7:84855] Set MCA parameter "orte_base_help_aggregate" to 0 to see all help / error messages
--------------------------------------------------------------------------
WARNING: An invalid value was given for btl_tcp_if_exclude.  This
value will be ignored.

  Local host: cuda7
  Value:      "wg0 lo"
  Message:    Invalid specification (missing "/")
--------------------------------------------------------------------------
[cuda7:84958] 23 more processes have sent help message help-mpi-btl-tcp.txt / invalid if_inexclude
[cuda7:84958] Set MCA parameter "orte_base_help_aggregate" to 0 to see all help / error messages
--------------------------------------------------------------------------
WARNING: An invalid value was given for btl_tcp_if_exclude.  This
value will be ignored.

  Local host: cuda7
  Value:      "wg0 lo"
  Message:    Invalid specification (missing "/")
--------------------------------------------------------------------------
[cuda7:85061] 23 more processes have sent help message help-mpi-btl-tcp.txt / invalid if_inexclude
[cuda7:85061] Set MCA parameter "orte_base_help_aggregate" to 0 to see all help / error messages
--------------------------------------------------------------------------
WARNING: An invalid value was given for btl_tcp_if_exclude.  This
value will be ignored.

  Local host: cuda7
  Value:      "wg0 lo"
  Message:    Invalid specification (missing "/")
--------------------------------------------------------------------------
[cuda7:85164] 23 more processes have sent help message help-mpi-btl-tcp.txt / invalid if_inexclude
[cuda7:85164] Set MCA parameter "orte_base_help_aggregate" to 0 to see all help / error messages
--------------------------------------------------------------------------
WARNING: An invalid value was given for btl_tcp_if_exclude.  This
value will be ignored.

  Local host: cuda7
  Value:      "wg0 lo"
  Message:    Invalid specification (missing "/")
--------------------------------------------------------------------------
[cuda7:85265] 23 more processes have sent help message help-mpi-btl-tcp.txt / invalid if_inexclude
[cuda7:85265] Set MCA parameter "orte_base_help_aggregate" to 0 to see all help / error messages
--------------------------------------------------------------------------
WARNING: An invalid value was given for btl_tcp_if_exclude.  This
value will be ignored.

  Local host: cuda7
  Value:      "wg0 lo"
  Message:    Invalid specification (missing "/")
--------------------------------------------------------------------------
[cuda7:85367] 23 more processes have sent help message help-mpi-btl-tcp.txt / invalid if_inexclude
[cuda7:85367] Set MCA parameter "orte_base_help_aggregate" to 0 to see all help / error messages
--------------------------------------------------------------------------
WARNING: An invalid value was given for btl_tcp_if_exclude.  This
value will be ignored.

  Local host: cuda7
  Value:      "wg0 lo"
  Message:    Invalid specification (missing "/")
--------------------------------------------------------------------------
[cuda7:85468] 23 more processes have sent help message help-mpi-btl-tcp.txt / invalid if_inexclude
[cuda7:85468] Set MCA parameter "orte_base_help_aggregate" to 0 to see all help / error messages
--------------------------------------------------------------------------
WARNING: An invalid value was given for btl_tcp_if_exclude.  This
value will be ignored.

  Local host: cuda7
  Value:      "wg0 lo"
  Message:    Invalid specification (missing "/")
--------------------------------------------------------------------------
[cuda7:85571] 23 more processes have sent help message help-mpi-btl-tcp.txt / invalid if_inexclude
[cuda7:85571] Set MCA parameter "orte_base_help_aggregate" to 0 to see all help / error messages
--------------------------------------------------------------------------
WARNING: An invalid value was given for btl_tcp_if_exclude.  This
value will be ignored.

  Local host: cuda7
  Value:      "wg0 lo"
  Message:    Invalid specification (missing "/")
--------------------------------------------------------------------------
[cuda7:85674] 23 more processes have sent help message help-mpi-btl-tcp.txt / invalid if_inexclude
[cuda7:85674] Set MCA parameter "orte_base_help_aggregate" to 0 to see all help / error messages
--------------------------------------------------------------------------
WARNING: An invalid value was given for btl_tcp_if_exclude.  This
value will be ignored.

  Local host: cuda7
  Value:      "wg0 lo"
  Message:    Invalid specification (missing "/")
--------------------------------------------------------------------------
[cuda7:85782] 23 more processes have sent help message help-mpi-btl-tcp.txt / invalid if_inexclude
[cuda7:85782] Set MCA parameter "orte_base_help_aggregate" to 0 to see all help / error messages
--------------------------------------------------------------------------
WARNING: An invalid value was given for btl_tcp_if_exclude.  This
value will be ignored.

  Local host: cuda7
  Value:      "wg0 lo"
  Message:    Invalid specification (missing "/")
--------------------------------------------------------------------------
[cuda7:85883] 23 more processes have sent help message help-mpi-btl-tcp.txt / invalid if_inexclude
[cuda7:85883] Set MCA parameter "orte_base_help_aggregate" to 0 to see all help / error messages
--------------------------------------------------------------------------
WARNING: An invalid value was given for btl_tcp_if_exclude.  This
value will be ignored.

  Local host: cuda7
  Value:      "wg0 lo"
  Message:    Invalid specification (missing "/")
--------------------------------------------------------------------------
[cuda7:85984] 23 more processes have sent help message help-mpi-btl-tcp.txt / invalid if_inexclude
[cuda7:85984] Set MCA parameter "orte_base_help_aggregate" to 0 to see all help / error messages
--------------------------------------------------------------------------
WARNING: An invalid value was given for btl_tcp_if_exclude.  This
value will be ignored.

  Local host: cuda7
  Value:      "wg0 lo"
  Message:    Invalid specification (missing "/")
--------------------------------------------------------------------------
[cuda7:86085] 23 more processes have sent help message help-mpi-btl-tcp.txt / invalid if_inexclude
[cuda7:86085] Set MCA parameter "orte_base_help_aggregate" to 0 to see all help / error messages
--------------------------------------------------------------------------
WARNING: An invalid value was given for btl_tcp_if_exclude.  This
value will be ignored.

  Local host: cuda7
  Value:      "wg0 lo"
  Message:    Invalid specification (missing "/")
--------------------------------------------------------------------------
[cuda7:86188] 23 more processes have sent help message help-mpi-btl-tcp.txt / invalid if_inexclude
[cuda7:86188] Set MCA parameter "orte_base_help_aggregate" to 0 to see all help / error messages
--------------------------------------------------------------------------
WARNING: An invalid value was given for btl_tcp_if_exclude.  This
value will be ignored.

  Local host: cuda7
  Value:      "wg0 lo"
  Message:    Invalid specification (missing "/")
--------------------------------------------------------------------------
[cuda7:86292] 23 more processes have sent help message help-mpi-btl-tcp.txt / invalid if_inexclude
[cuda7:86292] Set MCA parameter "orte_base_help_aggregate" to 0 to see all help / error messages
--------------------------------------------------------------------------
WARNING: An invalid value was given for btl_tcp_if_exclude.  This
value will be ignored.

  Local host: cuda7
  Value:      "wg0 lo"
  Message:    Invalid specification (missing "/")
--------------------------------------------------------------------------
[cuda7:86396] 23 more processes have sent help message help-mpi-btl-tcp.txt / invalid if_inexclude
[cuda7:86396] Set MCA parameter "orte_base_help_aggregate" to 0 to see all help / error messages
--------------------------------------------------------------------------
WARNING: An invalid value was given for btl_tcp_if_exclude.  This
value will be ignored.

  Local host: cuda7
  Value:      "wg0 lo"
  Message:    Invalid specification (missing "/")
--------------------------------------------------------------------------
[cuda7:86497] 23 more processes have sent help message help-mpi-btl-tcp.txt / invalid if_inexclude
[cuda7:86497] Set MCA parameter "orte_base_help_aggregate" to 0 to see all help / error messages
--------------------------------------------------------------------------
WARNING: An invalid value was given for btl_tcp_if_exclude.  This
value will be ignored.

  Local host: cuda7
  Value:      "wg0 lo"
  Message:    Invalid specification (missing "/")
--------------------------------------------------------------------------
[cuda7:86601] 23 more processes have sent help message help-mpi-btl-tcp.txt / invalid if_inexclude
[cuda7:86601] Set MCA parameter "orte_base_help_aggregate" to 0 to see all help / error messages
--------------------------------------------------------------------------
WARNING: An invalid value was given for btl_tcp_if_exclude.  This
value will be ignored.

  Local host: cuda7
  Value:      "wg0 lo"
  Message:    Invalid specification (missing "/")
--------------------------------------------------------------------------
[cuda7:86703] 23 more processes have sent help message help-mpi-btl-tcp.txt / invalid if_inexclude
[cuda7:86703] Set MCA parameter "orte_base_help_aggregate" to 0 to see all help / error messages
--------------------------------------------------------------------------
WARNING: An invalid value was given for btl_tcp_if_exclude.  This
value will be ignored.

  Local host: cuda7
  Value:      "wg0 lo"
  Message:    Invalid specification (missing "/")
--------------------------------------------------------------------------
[cuda7:86807] 23 more processes have sent help message help-mpi-btl-tcp.txt / invalid if_inexclude
[cuda7:86807] Set MCA parameter "orte_base_help_aggregate" to 0 to see all help / error messages
--------------------------------------------------------------------------
WARNING: An invalid value was given for btl_tcp_if_exclude.  This
value will be ignored.

  Local host: cuda7
  Value:      "wg0 lo"
  Message:    Invalid specification (missing "/")
--------------------------------------------------------------------------
[cuda7:86910] 23 more processes have sent help message help-mpi-btl-tcp.txt / invalid if_inexclude
[cuda7:86910] Set MCA parameter "orte_base_help_aggregate" to 0 to see all help / error messages
--------------------------------------------------------------------------
WARNING: An invalid value was given for btl_tcp_if_exclude.  This
value will be ignored.

  Local host: cuda7
  Value:      "wg0 lo"
  Message:    Invalid specification (missing "/")
--------------------------------------------------------------------------
[cuda7:87015] 23 more processes have sent help message help-mpi-btl-tcp.txt / invalid if_inexclude
[cuda7:87015] Set MCA parameter "orte_base_help_aggregate" to 0 to see all help / error messages
--------------------------------------------------------------------------
WARNING: An invalid value was given for btl_tcp_if_exclude.  This
value will be ignored.

  Local host: cuda7
  Value:      "wg0 lo"
  Message:    Invalid specification (missing "/")
--------------------------------------------------------------------------
[cuda7:87117] 23 more processes have sent help message help-mpi-btl-tcp.txt / invalid if_inexclude
[cuda7:87117] Set MCA parameter "orte_base_help_aggregate" to 0 to see all help / error messages
--------------------------------------------------------------------------
WARNING: An invalid value was given for btl_tcp_if_exclude.  This
value will be ignored.

  Local host: cuda7
  Value:      "wg0 lo"
  Message:    Invalid specification (missing "/")
--------------------------------------------------------------------------
[cuda7:87218] 23 more processes have sent help message help-mpi-btl-tcp.txt / invalid if_inexclude
[cuda7:87218] Set MCA parameter "orte_base_help_aggregate" to 0 to see all help / error messages
--------------------------------------------------------------------------
WARNING: An invalid value was given for btl_tcp_if_exclude.  This
value will be ignored.

  Local host: cuda7
  Value:      "wg0 lo"
  Message:    Invalid specification (missing "/")
--------------------------------------------------------------------------
[cuda7:87319] 23 more processes have sent help message help-mpi-btl-tcp.txt / invalid if_inexclude
[cuda7:87319] Set MCA parameter "orte_base_help_aggregate" to 0 to see all help / error messages
--------------------------------------------------------------------------
WARNING: An invalid value was given for btl_tcp_if_exclude.  This
value will be ignored.

  Local host: cuda7
  Value:      "wg0 lo"
  Message:    Invalid specification (missing "/")
--------------------------------------------------------------------------
[cuda7:87421] 23 more processes have sent help message help-mpi-btl-tcp.txt / invalid if_inexclude
[cuda7:87421] Set MCA parameter "orte_base_help_aggregate" to 0 to see all help / error messages
--------------------------------------------------------------------------
WARNING: An invalid value was given for btl_tcp_if_exclude.  This
value will be ignored.

  Local host: cuda7
  Value:      "wg0 lo"
  Message:    Invalid specification (missing "/")
--------------------------------------------------------------------------
[cuda7:87525] [[9804,0],0] ORTE_ERROR_LOG: Data unpack would read past end of buffer in file ../../../orte/util/show_help.c at line 501
[cuda7:87525] 22 more processes have sent help message help-mpi-btl-tcp.txt / invalid if_inexclude
[cuda7:87525] Set MCA parameter "orte_base_help_aggregate" to 0 to see all help / error messages
[cuda7:87630] [[9703,0],0] ORTE_ERROR_LOG: Data unpack would read past end of buffer in file ../../../orte/util/show_help.c at line 501
--------------------------------------------------------------------------
WARNING: An invalid value was given for btl_tcp_if_exclude.  This
value will be ignored.

  Local host: cuda7
  Value:      "wg0 lo"
  Message:    Invalid specification (missing "/")
--------------------------------------------------------------------------
[cuda7:87630] 22 more processes have sent help message help-mpi-btl-tcp.txt / invalid if_inexclude
[cuda7:87630] Set MCA parameter "orte_base_help_aggregate" to 0 to see all help / error messages
--------------------------------------------------------------------------
WARNING: An invalid value was given for btl_tcp_if_exclude.  This
value will be ignored.

  Local host: cuda7
  Value:      "wg0 lo"
  Message:    Invalid specification (missing "/")
--------------------------------------------------------------------------
[cuda7:87732] 23 more processes have sent help message help-mpi-btl-tcp.txt / invalid if_inexclude
[cuda7:87732] Set MCA parameter "orte_base_help_aggregate" to 0 to see all help / error messages
--------------------------------------------------------------------------
WARNING: An invalid value was given for btl_tcp_if_exclude.  This
value will be ignored.

  Local host: cuda7
  Value:      "wg0 lo"
  Message:    Invalid specification (missing "/")
--------------------------------------------------------------------------
[cuda7:87833] 23 more processes have sent help message help-mpi-btl-tcp.txt / invalid if_inexclude
[cuda7:87833] Set MCA parameter "orte_base_help_aggregate" to 0 to see all help / error messages
--------------------------------------------------------------------------
WARNING: An invalid value was given for btl_tcp_if_exclude.  This
value will be ignored.

  Local host: cuda7
  Value:      "wg0 lo"
  Message:    Invalid specification (missing "/")
--------------------------------------------------------------------------
[cuda7:87934] 23 more processes have sent help message help-mpi-btl-tcp.txt / invalid if_inexclude
[cuda7:87934] Set MCA parameter "orte_base_help_aggregate" to 0 to see all help / error messages
--------------------------------------------------------------------------
WARNING: An invalid value was given for btl_tcp_if_exclude.  This
value will be ignored.

  Local host: cuda7
  Value:      "wg0 lo"
  Message:    Invalid specification (missing "/")
--------------------------------------------------------------------------
[cuda7:88037] 23 more processes have sent help message help-mpi-btl-tcp.txt / invalid if_inexclude
[cuda7:88037] Set MCA parameter "orte_base_help_aggregate" to 0 to see all help / error messages
[cuda7:88188] [[11221,0],0] ORTE_ERROR_LOG: Data unpack would read past end of buffer in file ../../../orte/util/show_help.c at line 501
[cuda7:88188] [[11221,0],0] ORTE_ERROR_LOG: Out of resource in file ../../../orte/util/show_help.c at line 501
--------------------------------------------------------------------------
WARNING: An invalid value was given for btl_tcp_if_exclude.  This
value will be ignored.

  Local host: cuda7
  Value:      "wg0 lo"
  Message:    Invalid specification (missing "/")
--------------------------------------------------------------------------
[cuda7:88188] 21 more processes have sent help message help-mpi-btl-tcp.txt / invalid if_inexclude
[cuda7:88188] Set MCA parameter "orte_base_help_aggregate" to 0 to see all help / error messages
--------------------------------------------------------------------------
WARNING: An invalid value was given for btl_tcp_if_exclude.  This
value will be ignored.

  Local host: cuda7
  Value:      "wg0 lo"
  Message:    Invalid specification (missing "/")
--------------------------------------------------------------------------
[cuda7:88334] 23 more processes have sent help message help-mpi-btl-tcp.txt / invalid if_inexclude
[cuda7:88334] Set MCA parameter "orte_base_help_aggregate" to 0 to see all help / error messages
--------------------------------------------------------------------------
WARNING: An invalid value was given for btl_tcp_if_exclude.  This
value will be ignored.

  Local host: cuda7
  Value:      "wg0 lo"
  Message:    Invalid specification (missing "/")
--------------------------------------------------------------------------
[cuda7:88483] [[10762,0],0] ORTE_ERROR_LOG: Data unpack would read past end of buffer in file ../../../orte/util/show_help.c at line 501
[cuda7:88483] 22 more processes have sent help message help-mpi-btl-tcp.txt / invalid if_inexclude
[cuda7:88483] Set MCA parameter "orte_base_help_aggregate" to 0 to see all help / error messages
