--------------------------------------------------------------------------
WARNING: An invalid value was given for btl_tcp_if_exclude.  This
value will be ignored.

  Local host: cuda8
  Value:      "wg0 lo"
  Message:    Invalid specification (missing "/")
--------------------------------------------------------------------------
[cuda8:114688] 23 more processes have sent help message help-mpi-btl-tcp.txt / invalid if_inexclude
[cuda8:114688] Set MCA parameter "orte_base_help_aggregate" to 0 to see all help / error messages
--------------------------------------------------------------------------
WARNING: An invalid value was given for btl_tcp_if_exclude.  This
value will be ignored.

  Local host: cuda8
  Value:      "wg0 lo"
  Message:    Invalid specification (missing "/")
--------------------------------------------------------------------------
[cuda8:114809] 23 more processes have sent help message help-mpi-btl-tcp.txt / invalid if_inexclude
[cuda8:114809] Set MCA parameter "orte_base_help_aggregate" to 0 to see all help / error messages
--------------------------------------------------------------------------
WARNING: An invalid value was given for btl_tcp_if_exclude.  This
value will be ignored.

  Local host: cuda8
  Value:      "wg0 lo"
  Message:    Invalid specification (missing "/")
--------------------------------------------------------------------------
[cuda8:114948] 23 more processes have sent help message help-mpi-btl-tcp.txt / invalid if_inexclude
[cuda8:114948] Set MCA parameter "orte_base_help_aggregate" to 0 to see all help / error messages
--------------------------------------------------------------------------
WARNING: An invalid value was given for btl_tcp_if_exclude.  This
value will be ignored.

  Local host: cuda8
  Value:      "wg0 lo"
  Message:    Invalid specification (missing "/")
--------------------------------------------------------------------------
[cuda8:115120] [[64704,0],0] ORTE_ERROR_LOG: Data unpack would read past end of buffer in file ../../../orte/util/show_help.c at line 513
[cuda8:115120] [[64704,0],0] ORTE_ERROR_LOG: Data unpack would read past end of buffer in file ../../../orte/util/show_help.c at line 513
[cuda8:115120] [[64704,0],0] ORTE_ERROR_LOG: Data unpack would read past end of buffer in file ../../../orte/util/show_help.c at line 501
[cuda8:115120] [[64704,0],0] ORTE_ERROR_LOG: Data unpack would read past end of buffer in file ../../../orte/util/show_help.c at line 513
[cuda8:115120] 19 more processes have sent help message help-mpi-btl-tcp.txt / invalid if_inexclude
[cuda8:115120] Set MCA parameter "orte_base_help_aggregate" to 0 to see all help / error messages
--------------------------------------------------------------------------
WARNING: An invalid value was given for btl_tcp_if_exclude.  This
value will be ignored.

  Local host: cuda8
  Value:      "wg0 lo"
  Message:    Invalid specification (missing "/")
--------------------------------------------------------------------------
[cuda8:115260] 23 more processes have sent help message help-mpi-btl-tcp.txt / invalid if_inexclude
[cuda8:115260] Set MCA parameter "orte_base_help_aggregate" to 0 to see all help / error messages
--------------------------------------------------------------------------
WARNING: An invalid value was given for btl_tcp_if_exclude.  This
value will be ignored.

  Local host: cuda8
  Value:      "wg0 lo"
  Message:    Invalid specification (missing "/")
--------------------------------------------------------------------------
[cuda8:115391] [[65487,0],0] ORTE_ERROR_LOG: Data unpack would read past end of buffer in file ../../../orte/util/show_help.c at line 513
[cuda8:115391] 22 more processes have sent help message help-mpi-btl-tcp.txt / invalid if_inexclude
[cuda8:115391] Set MCA parameter "orte_base_help_aggregate" to 0 to see all help / error messages
--------------------------------------------------------------------------
WARNING: An invalid value was given for btl_tcp_if_exclude.  This
value will be ignored.

  Local host: cuda8
  Value:      "wg0 lo"
  Message:    Invalid specification (missing "/")
--------------------------------------------------------------------------
[cuda8:115500] 23 more processes have sent help message help-mpi-btl-tcp.txt / invalid if_inexclude
[cuda8:115500] Set MCA parameter "orte_base_help_aggregate" to 0 to see all help / error messages
--------------------------------------------------------------------------
WARNING: An invalid value was given for btl_tcp_if_exclude.  This
value will be ignored.

  Local host: cuda8
  Value:      "wg0 lo"
  Message:    Invalid specification (missing "/")
--------------------------------------------------------------------------
[cuda8:115626] [[65242,0],0] ORTE_ERROR_LOG: Data unpack would read past end of buffer in file ../../../orte/util/show_help.c at line 507
[cuda8:115626] 22 more processes have sent help message help-mpi-btl-tcp.txt / invalid if_inexclude
[cuda8:115626] Set MCA parameter "orte_base_help_aggregate" to 0 to see all help / error messages
--------------------------------------------------------------------------
WARNING: An invalid value was given for btl_tcp_if_exclude.  This
value will be ignored.

  Local host: cuda8
  Value:      "wg0 lo"
  Message:    Invalid specification (missing "/")
--------------------------------------------------------------------------
[cuda8:115744] [[63824,0],0] ORTE_ERROR_LOG: Data unpack would read past end of buffer in file ../../../orte/util/show_help.c at line 501
[cuda8:115744] 22 more processes have sent help message help-mpi-btl-tcp.txt / invalid if_inexclude
[cuda8:115744] Set MCA parameter "orte_base_help_aggregate" to 0 to see all help / error messages
--------------------------------------------------------------------------
WARNING: An invalid value was given for btl_tcp_if_exclude.  This
value will be ignored.

  Local host: cuda8
  Value:      "wg0 lo"
  Message:    Invalid specification (missing "/")
--------------------------------------------------------------------------
[cuda8:115857] [[63969,0],0] ORTE_ERROR_LOG: Out of resource in file ../../../orte/util/show_help.c at line 507
[cuda8:115857] [[63969,0],0] ORTE_ERROR_LOG: Out of resource in file ../../../orte/util/show_help.c at line 507
[cuda8:115857] 21 more processes have sent help message help-mpi-btl-tcp.txt / invalid if_inexclude
[cuda8:115857] Set MCA parameter "orte_base_help_aggregate" to 0 to see all help / error messages
--------------------------------------------------------------------------
WARNING: An invalid value was given for btl_tcp_if_exclude.  This
value will be ignored.

  Local host: cuda8
  Value:      "wg0 lo"
  Message:    Invalid specification (missing "/")
--------------------------------------------------------------------------
[cuda8:115991] 23 more processes have sent help message help-mpi-btl-tcp.txt / invalid if_inexclude
[cuda8:115991] Set MCA parameter "orte_base_help_aggregate" to 0 to see all help / error messages
--------------------------------------------------------------------------
WARNING: An invalid value was given for btl_tcp_if_exclude.  This
value will be ignored.

  Local host: cuda8
  Value:      "wg0 lo"
  Message:    Invalid specification (missing "/")
--------------------------------------------------------------------------
[cuda8:116119] [[63719,0],0] ORTE_ERROR_LOG: Out of resource in file ../../../orte/util/show_help.c at line 507
[cuda8:116119] 22 more processes have sent help message help-mpi-btl-tcp.txt / invalid if_inexclude
[cuda8:116119] Set MCA parameter "orte_base_help_aggregate" to 0 to see all help / error messages
--------------------------------------------------------------------------
WARNING: An invalid value was given for btl_tcp_if_exclude.  This
value will be ignored.

  Local host: cuda8
  Value:      "wg0 lo"
  Message:    Invalid specification (missing "/")
--------------------------------------------------------------------------
[cuda8:116233] 23 more processes have sent help message help-mpi-btl-tcp.txt / invalid if_inexclude
[cuda8:116233] Set MCA parameter "orte_base_help_aggregate" to 0 to see all help / error messages
--------------------------------------------------------------------------
WARNING: An invalid value was given for btl_tcp_if_exclude.  This
value will be ignored.

  Local host: cuda8
  Value:      "wg0 lo"
  Message:    Invalid specification (missing "/")
--------------------------------------------------------------------------
[cuda8:116393] [[64473,0],0] ORTE_ERROR_LOG: Out of resource in file ../../../orte/util/show_help.c at line 501
[cuda8:116393] [[64473,0],0] ORTE_ERROR_LOG: Out of resource in file ../../../orte/util/show_help.c at line 501
[cuda8:116393] [[64473,0],0] ORTE_ERROR_LOG: Data unpack would read past end of buffer in file ../../../orte/util/show_help.c at line 513
[cuda8:116393] 20 more processes have sent help message help-mpi-btl-tcp.txt / invalid if_inexclude
[cuda8:116393] Set MCA parameter "orte_base_help_aggregate" to 0 to see all help / error messages
--------------------------------------------------------------------------
WARNING: An invalid value was given for btl_tcp_if_exclude.  This
value will be ignored.

  Local host: cuda8
  Value:      "wg0 lo"
  Message:    Invalid specification (missing "/")
--------------------------------------------------------------------------
[cuda8:116513] [[64081,0],0] ORTE_ERROR_LOG: Out of resource in file ../../../orte/util/show_help.c at line 507
[cuda8:116513] 22 more processes have sent help message help-mpi-btl-tcp.txt / invalid if_inexclude
[cuda8:116513] Set MCA parameter "orte_base_help_aggregate" to 0 to see all help / error messages
--------------------------------------------------------------------------
WARNING: An invalid value was given for btl_tcp_if_exclude.  This
value will be ignored.

  Local host: cuda8
  Value:      "wg0 lo"
  Message:    Invalid specification (missing "/")
--------------------------------------------------------------------------
[cuda8:116630] [[64230,0],0] ORTE_ERROR_LOG: Data unpack would read past end of buffer in file ../../../orte/util/show_help.c at line 501
[cuda8:116630] [[64230,0],0] ORTE_ERROR_LOG: Out of resource in file ../../../orte/util/show_help.c at line 507
[cuda8:116630] [[64230,0],0] ORTE_ERROR_LOG: Out of resource in file ../../../orte/util/show_help.c at line 507
[cuda8:116630] 20 more processes have sent help message help-mpi-btl-tcp.txt / invalid if_inexclude
[cuda8:116630] Set MCA parameter "orte_base_help_aggregate" to 0 to see all help / error messages
--------------------------------------------------------------------------
WARNING: An invalid value was given for btl_tcp_if_exclude.  This
value will be ignored.

  Local host: cuda8
  Value:      "wg0 lo"
  Message:    Invalid specification (missing "/")
--------------------------------------------------------------------------
[cuda8:116756] 23 more processes have sent help message help-mpi-btl-tcp.txt / invalid if_inexclude
[cuda8:116756] Set MCA parameter "orte_base_help_aggregate" to 0 to see all help / error messages
--------------------------------------------------------------------------
WARNING: An invalid value was given for btl_tcp_if_exclude.  This
value will be ignored.

  Local host: cuda8
  Value:      "wg0 lo"
  Message:    Invalid specification (missing "/")
--------------------------------------------------------------------------
[cuda8:116873] [[62969,0],0] ORTE_ERROR_LOG: Out of resource in file ../../../orte/util/show_help.c at line 507
[cuda8:116873] 22 more processes have sent help message help-mpi-btl-tcp.txt / invalid if_inexclude
[cuda8:116873] Set MCA parameter "orte_base_help_aggregate" to 0 to see all help / error messages
--------------------------------------------------------------------------
WARNING: An invalid value was given for btl_tcp_if_exclude.  This
value will be ignored.

  Local host: cuda8
  Value:      "wg0 lo"
  Message:    Invalid specification (missing "/")
--------------------------------------------------------------------------
[cuda8:116990] [[62862,0],0] ORTE_ERROR_LOG: Data unpack would read past end of buffer in file ../../../orte/util/show_help.c at line 501
[cuda8:116990] [[62862,0],0] ORTE_ERROR_LOG: Out of resource in file ../../../orte/util/show_help.c at line 507
[cuda8:116990] 21 more processes have sent help message help-mpi-btl-tcp.txt / invalid if_inexclude
[cuda8:116990] Set MCA parameter "orte_base_help_aggregate" to 0 to see all help / error messages
--------------------------------------------------------------------------
WARNING: An invalid value was given for btl_tcp_if_exclude.  This
value will be ignored.

  Local host: cuda8
  Value:      "wg0 lo"
  Message:    Invalid specification (missing "/")
--------------------------------------------------------------------------
[cuda8:117108] 23 more processes have sent help message help-mpi-btl-tcp.txt / invalid if_inexclude
[cuda8:117108] Set MCA parameter "orte_base_help_aggregate" to 0 to see all help / error messages
--------------------------------------------------------------------------
WARNING: An invalid value was given for btl_tcp_if_exclude.  This
value will be ignored.

  Local host: cuda8
  Value:      "wg0 lo"
  Message:    Invalid specification (missing "/")
--------------------------------------------------------------------------
[cuda8:117226] 23 more processes have sent help message help-mpi-btl-tcp.txt / invalid if_inexclude
[cuda8:117226] Set MCA parameter "orte_base_help_aggregate" to 0 to see all help / error messages
--------------------------------------------------------------------------
WARNING: An invalid value was given for btl_tcp_if_exclude.  This
value will be ignored.

  Local host: cuda8
  Value:      "wg0 lo"
  Message:    Invalid specification (missing "/")
--------------------------------------------------------------------------
[cuda8:117348] 23 more processes have sent help message help-mpi-btl-tcp.txt / invalid if_inexclude
[cuda8:117348] Set MCA parameter "orte_base_help_aggregate" to 0 to see all help / error messages
--------------------------------------------------------------------------
WARNING: An invalid value was given for btl_tcp_if_exclude.  This
value will be ignored.

  Local host: cuda8
  Value:      "wg0 lo"
  Message:    Invalid specification (missing "/")
--------------------------------------------------------------------------
[cuda8:117463] 23 more processes have sent help message help-mpi-btl-tcp.txt / invalid if_inexclude
[cuda8:117463] Set MCA parameter "orte_base_help_aggregate" to 0 to see all help / error messages
--------------------------------------------------------------------------
WARNING: An invalid value was given for btl_tcp_if_exclude.  This
value will be ignored.

  Local host: cuda8
  Value:      "wg0 lo"
  Message:    Invalid specification (missing "/")
--------------------------------------------------------------------------
[cuda8:117584] 23 more processes have sent help message help-mpi-btl-tcp.txt / invalid if_inexclude
[cuda8:117584] Set MCA parameter "orte_base_help_aggregate" to 0 to see all help / error messages
--------------------------------------------------------------------------
WARNING: An invalid value was given for btl_tcp_if_exclude.  This
value will be ignored.

  Local host: cuda8
  Value:      "wg0 lo"
  Message:    Invalid specification (missing "/")
--------------------------------------------------------------------------
[cuda8:117708] 23 more processes have sent help message help-mpi-btl-tcp.txt / invalid if_inexclude
[cuda8:117708] Set MCA parameter "orte_base_help_aggregate" to 0 to see all help / error messages
--------------------------------------------------------------------------
WARNING: An invalid value was given for btl_tcp_if_exclude.  This
value will be ignored.

  Local host: cuda8
  Value:      "wg0 lo"
  Message:    Invalid specification (missing "/")
--------------------------------------------------------------------------
[cuda8:117826] 23 more processes have sent help message help-mpi-btl-tcp.txt / invalid if_inexclude
[cuda8:117826] Set MCA parameter "orte_base_help_aggregate" to 0 to see all help / error messages
--------------------------------------------------------------------------
WARNING: An invalid value was given for btl_tcp_if_exclude.  This
value will be ignored.

  Local host: cuda8
  Value:      "wg0 lo"
  Message:    Invalid specification (missing "/")
--------------------------------------------------------------------------
[cuda8:117946] [[61898,0],0] ORTE_ERROR_LOG: Out of resource in file ../../../orte/util/show_help.c at line 501
[cuda8:117946] [[61898,0],0] ORTE_ERROR_LOG: Data unpack had inadequate space in file ../../../orte/util/show_help.c at line 513
[cuda8:117946] 21 more processes have sent help message help-mpi-btl-tcp.txt / invalid if_inexclude
[cuda8:117946] Set MCA parameter "orte_base_help_aggregate" to 0 to see all help / error messages
--------------------------------------------------------------------------
WARNING: An invalid value was given for btl_tcp_if_exclude.  This
value will be ignored.

  Local host: cuda8
  Value:      "wg0 lo"
  Message:    Invalid specification (missing "/")
--------------------------------------------------------------------------
[cuda8:118062] 23 more processes have sent help message help-mpi-btl-tcp.txt / invalid if_inexclude
[cuda8:118062] Set MCA parameter "orte_base_help_aggregate" to 0 to see all help / error messages
--------------------------------------------------------------------------
WARNING: An invalid value was given for btl_tcp_if_exclude.  This
value will be ignored.

  Local host: cuda8
  Value:      "wg0 lo"
  Message:    Invalid specification (missing "/")
--------------------------------------------------------------------------
[cuda8:118182] 23 more processes have sent help message help-mpi-btl-tcp.txt / invalid if_inexclude
[cuda8:118182] Set MCA parameter "orte_base_help_aggregate" to 0 to see all help / error messages
--------------------------------------------------------------------------
WARNING: An invalid value was given for btl_tcp_if_exclude.  This
value will be ignored.

  Local host: cuda8
  Value:      "wg0 lo"
  Message:    Invalid specification (missing "/")
--------------------------------------------------------------------------
[cuda8:118300] 23 more processes have sent help message help-mpi-btl-tcp.txt / invalid if_inexclude
[cuda8:118300] Set MCA parameter "orte_base_help_aggregate" to 0 to see all help / error messages
--------------------------------------------------------------------------
WARNING: An invalid value was given for btl_tcp_if_exclude.  This
value will be ignored.

  Local host: cuda8
  Value:      "wg0 lo"
  Message:    Invalid specification (missing "/")
--------------------------------------------------------------------------
[cuda8:118425] [[62441,0],0] ORTE_ERROR_LOG: Data unpack would read past end of buffer in file ../../../orte/util/show_help.c at line 501
[cuda8:118425] [[62441,0],0] ORTE_ERROR_LOG: Out of resource in file ../../../orte/util/show_help.c at line 507
[cuda8:118425] [[62441,0],0] ORTE_ERROR_LOG: Data unpack would read past end of buffer in file ../../../orte/util/show_help.c at line 501
[cuda8:118425] [[62441,0],0] ORTE_ERROR_LOG: Out of resource in file ../../../orte/util/show_help.c at line 501
[cuda8:118425] [[62441,0],0] ORTE_ERROR_LOG: Out of resource in file ../../../orte/util/show_help.c at line 507
[cuda8:118425] 18 more processes have sent help message help-mpi-btl-tcp.txt / invalid if_inexclude
[cuda8:118425] Set MCA parameter "orte_base_help_aggregate" to 0 to see all help / error messages
--------------------------------------------------------------------------
WARNING: An invalid value was given for btl_tcp_if_exclude.  This
value will be ignored.

  Local host: cuda8
  Value:      "wg0 lo"
  Message:    Invalid specification (missing "/")
--------------------------------------------------------------------------
[cuda8:118551] 23 more processes have sent help message help-mpi-btl-tcp.txt / invalid if_inexclude
[cuda8:118551] Set MCA parameter "orte_base_help_aggregate" to 0 to see all help / error messages
--------------------------------------------------------------------------
WARNING: An invalid value was given for btl_tcp_if_exclude.  This
value will be ignored.

  Local host: cuda8
  Value:      "wg0 lo"
  Message:    Invalid specification (missing "/")
--------------------------------------------------------------------------
[cuda8:118668] 23 more processes have sent help message help-mpi-btl-tcp.txt / invalid if_inexclude
[cuda8:118668] Set MCA parameter "orte_base_help_aggregate" to 0 to see all help / error messages
--------------------------------------------------------------------------
WARNING: An invalid value was given for btl_tcp_if_exclude.  This
value will be ignored.

  Local host: cuda8
  Value:      "wg0 lo"
  Message:    Invalid specification (missing "/")
--------------------------------------------------------------------------
[cuda8:118788] 23 more processes have sent help message help-mpi-btl-tcp.txt / invalid if_inexclude
[cuda8:118788] Set MCA parameter "orte_base_help_aggregate" to 0 to see all help / error messages
--------------------------------------------------------------------------
WARNING: An invalid value was given for btl_tcp_if_exclude.  This
value will be ignored.

  Local host: cuda8
  Value:      "wg0 lo"
  Message:    Invalid specification (missing "/")
--------------------------------------------------------------------------
[cuda8:118906] 23 more processes have sent help message help-mpi-btl-tcp.txt / invalid if_inexclude
[cuda8:118906] Set MCA parameter "orte_base_help_aggregate" to 0 to see all help / error messages
--------------------------------------------------------------------------
WARNING: An invalid value was given for btl_tcp_if_exclude.  This
value will be ignored.

  Local host: cuda8
  Value:      "wg0 lo"
  Message:    Invalid specification (missing "/")
--------------------------------------------------------------------------
[cuda8:119033] 23 more processes have sent help message help-mpi-btl-tcp.txt / invalid if_inexclude
[cuda8:119033] Set MCA parameter "orte_base_help_aggregate" to 0 to see all help / error messages
--------------------------------------------------------------------------
WARNING: An invalid value was given for btl_tcp_if_exclude.  This
value will be ignored.

  Local host: cuda8
  Value:      "wg0 lo"
  Message:    Invalid specification (missing "/")
--------------------------------------------------------------------------
[cuda8:119149] 23 more processes have sent help message help-mpi-btl-tcp.txt / invalid if_inexclude
[cuda8:119149] Set MCA parameter "orte_base_help_aggregate" to 0 to see all help / error messages
--------------------------------------------------------------------------
WARNING: An invalid value was given for btl_tcp_if_exclude.  This
value will be ignored.

  Local host: cuda8
  Value:      "wg0 lo"
  Message:    Invalid specification (missing "/")
--------------------------------------------------------------------------
[cuda8:119261] [[60589,0],0] ORTE_ERROR_LOG: Data unpack had inadequate space in file ../../../orte/util/show_help.c at line 513
[cuda8:119261] [[60589,0],0] ORTE_ERROR_LOG: Data unpack would read past end of buffer in file ../../../orte/util/show_help.c at line 513
[cuda8:119261] 21 more processes have sent help message help-mpi-btl-tcp.txt / invalid if_inexclude
[cuda8:119261] Set MCA parameter "orte_base_help_aggregate" to 0 to see all help / error messages
--------------------------------------------------------------------------
WARNING: An invalid value was given for btl_tcp_if_exclude.  This
value will be ignored.

  Local host: cuda8
  Value:      "wg0 lo"
  Message:    Invalid specification (missing "/")
--------------------------------------------------------------------------
[cuda8:119385] [[61225,0],0] ORTE_ERROR_LOG: Out of resource in file ../../../orte/util/show_help.c at line 501
[cuda8:119385] 22 more processes have sent help message help-mpi-btl-tcp.txt / invalid if_inexclude
[cuda8:119385] Set MCA parameter "orte_base_help_aggregate" to 0 to see all help / error messages
--------------------------------------------------------------------------
WARNING: An invalid value was given for btl_tcp_if_exclude.  This
value will be ignored.

  Local host: cuda8
  Value:      "wg0 lo"
  Message:    Invalid specification (missing "/")
--------------------------------------------------------------------------
[cuda8:119511] [[61351,0],0] ORTE_ERROR_LOG: Data unpack had inadequate space in file ../../../orte/util/show_help.c at line 513
[cuda8:119511] 22 more processes have sent help message help-mpi-btl-tcp.txt / invalid if_inexclude
[cuda8:119511] Set MCA parameter "orte_base_help_aggregate" to 0 to see all help / error messages
--------------------------------------------------------------------------
WARNING: An invalid value was given for btl_tcp_if_exclude.  This
value will be ignored.

  Local host: cuda8
  Value:      "wg0 lo"
  Message:    Invalid specification (missing "/")
--------------------------------------------------------------------------
[cuda8:119629] 23 more processes have sent help message help-mpi-btl-tcp.txt / invalid if_inexclude
[cuda8:119629] Set MCA parameter "orte_base_help_aggregate" to 0 to see all help / error messages
--------------------------------------------------------------------------
WARNING: An invalid value was given for btl_tcp_if_exclude.  This
value will be ignored.

  Local host: cuda8
  Value:      "wg0 lo"
  Message:    Invalid specification (missing "/")
--------------------------------------------------------------------------
[cuda8:119751] 23 more processes have sent help message help-mpi-btl-tcp.txt / invalid if_inexclude
[cuda8:119751] Set MCA parameter "orte_base_help_aggregate" to 0 to see all help / error messages
--------------------------------------------------------------------------
WARNING: An invalid value was given for btl_tcp_if_exclude.  This
value will be ignored.

  Local host: cuda8
  Value:      "wg0 lo"
  Message:    Invalid specification (missing "/")
--------------------------------------------------------------------------
[cuda8:119871] [[59727,0],0] ORTE_ERROR_LOG: Data unpack would read past end of buffer in file ../../../orte/util/show_help.c at line 501
[cuda8:119871] [[59727,0],0] ORTE_ERROR_LOG: Out of resource in file ../../../orte/util/show_help.c at line 507
[cuda8:119871] 21 more processes have sent help message help-mpi-btl-tcp.txt / invalid if_inexclude
[cuda8:119871] Set MCA parameter "orte_base_help_aggregate" to 0 to see all help / error messages
--------------------------------------------------------------------------
WARNING: An invalid value was given for btl_tcp_if_exclude.  This
value will be ignored.

  Local host: cuda8
  Value:      "wg0 lo"
  Message:    Invalid specification (missing "/")
--------------------------------------------------------------------------
[cuda8:119996] 23 more processes have sent help message help-mpi-btl-tcp.txt / invalid if_inexclude
[cuda8:119996] Set MCA parameter "orte_base_help_aggregate" to 0 to see all help / error messages
--------------------------------------------------------------------------
WARNING: An invalid value was given for btl_tcp_if_exclude.  This
value will be ignored.

  Local host: cuda8
  Value:      "wg0 lo"
  Message:    Invalid specification (missing "/")
--------------------------------------------------------------------------
[cuda8:120114] 23 more processes have sent help message help-mpi-btl-tcp.txt / invalid if_inexclude
[cuda8:120114] Set MCA parameter "orte_base_help_aggregate" to 0 to see all help / error messages
--------------------------------------------------------------------------
WARNING: An invalid value was given for btl_tcp_if_exclude.  This
value will be ignored.

  Local host: cuda8
  Value:      "wg0 lo"
  Message:    Invalid specification (missing "/")
--------------------------------------------------------------------------
[cuda8:120241] 23 more processes have sent help message help-mpi-btl-tcp.txt / invalid if_inexclude
[cuda8:120241] Set MCA parameter "orte_base_help_aggregate" to 0 to see all help / error messages
--------------------------------------------------------------------------
WARNING: An invalid value was given for btl_tcp_if_exclude.  This
value will be ignored.

  Local host: cuda8
  Value:      "wg0 lo"
  Message:    Invalid specification (missing "/")
--------------------------------------------------------------------------
[cuda8:120364] 23 more processes have sent help message help-mpi-btl-tcp.txt / invalid if_inexclude
[cuda8:120364] Set MCA parameter "orte_base_help_aggregate" to 0 to see all help / error messages
--------------------------------------------------------------------------
WARNING: An invalid value was given for btl_tcp_if_exclude.  This
value will be ignored.

  Local host: cuda8
  Value:      "wg0 lo"
  Message:    Invalid specification (missing "/")
--------------------------------------------------------------------------
[cuda8:120483] 23 more processes have sent help message help-mpi-btl-tcp.txt / invalid if_inexclude
[cuda8:120483] Set MCA parameter "orte_base_help_aggregate" to 0 to see all help / error messages
--------------------------------------------------------------------------
WARNING: An invalid value was given for btl_tcp_if_exclude.  This
value will be ignored.

  Local host: cuda8
  Value:      "wg0 lo"
  Message:    Invalid specification (missing "/")
--------------------------------------------------------------------------
[cuda8:120612] 23 more processes have sent help message help-mpi-btl-tcp.txt / invalid if_inexclude
[cuda8:120612] Set MCA parameter "orte_base_help_aggregate" to 0 to see all help / error messages
--------------------------------------------------------------------------
WARNING: An invalid value was given for btl_tcp_if_exclude.  This
value will be ignored.

  Local host: cuda8
  Value:      "wg0 lo"
  Message:    Invalid specification (missing "/")
--------------------------------------------------------------------------
[cuda8:120726] 23 more processes have sent help message help-mpi-btl-tcp.txt / invalid if_inexclude
[cuda8:120726] Set MCA parameter "orte_base_help_aggregate" to 0 to see all help / error messages
--------------------------------------------------------------------------
WARNING: An invalid value was given for btl_tcp_if_exclude.  This
value will be ignored.

  Local host: cuda8
  Value:      "wg0 lo"
  Message:    Invalid specification (missing "/")
--------------------------------------------------------------------------
[cuda8:120859] 23 more processes have sent help message help-mpi-btl-tcp.txt / invalid if_inexclude
[cuda8:120859] Set MCA parameter "orte_base_help_aggregate" to 0 to see all help / error messages
--------------------------------------------------------------------------
WARNING: An invalid value was given for btl_tcp_if_exclude.  This
value will be ignored.

  Local host: cuda8
  Value:      "wg0 lo"
  Message:    Invalid specification (missing "/")
--------------------------------------------------------------------------
[cuda8:120983] [[58855,0],0] ORTE_ERROR_LOG: Data unpack would read past end of buffer in file ../../../orte/util/show_help.c at line 501
[cuda8:120983] 22 more processes have sent help message help-mpi-btl-tcp.txt / invalid if_inexclude
[cuda8:120983] Set MCA parameter "orte_base_help_aggregate" to 0 to see all help / error messages
--------------------------------------------------------------------------
WARNING: An invalid value was given for btl_tcp_if_exclude.  This
value will be ignored.

  Local host: cuda8
  Value:      "wg0 lo"
  Message:    Invalid specification (missing "/")
--------------------------------------------------------------------------
[cuda8:121102] [[58494,0],0] ORTE_ERROR_LOG: Out of resource in file ../../../orte/util/show_help.c at line 507
[cuda8:121102] [[58494,0],0] ORTE_ERROR_LOG: Out of resource in file ../../../orte/util/show_help.c at line 507
[cuda8:121102] [[58494,0],0] ORTE_ERROR_LOG: Data unpack would read past end of buffer in file ../../../orte/util/show_help.c at line 501
[cuda8:121102] [[58494,0],0] ORTE_ERROR_LOG: Out of resource in file ../../../orte/util/show_help.c at line 507
[cuda8:121102] 19 more processes have sent help message help-mpi-btl-tcp.txt / invalid if_inexclude
[cuda8:121102] Set MCA parameter "orte_base_help_aggregate" to 0 to see all help / error messages
--------------------------------------------------------------------------
WARNING: An invalid value was given for btl_tcp_if_exclude.  This
value will be ignored.

  Local host: cuda8
  Value:      "wg0 lo"
  Message:    Invalid specification (missing "/")
--------------------------------------------------------------------------
[cuda8:121224] 23 more processes have sent help message help-mpi-btl-tcp.txt / invalid if_inexclude
[cuda8:121224] Set MCA parameter "orte_base_help_aggregate" to 0 to see all help / error messages
--------------------------------------------------------------------------
WARNING: An invalid value was given for btl_tcp_if_exclude.  This
value will be ignored.

  Local host: cuda8
  Value:      "wg0 lo"
  Message:    Invalid specification (missing "/")
--------------------------------------------------------------------------
[cuda8:121338] [[58506,0],0] ORTE_ERROR_LOG: Out of resource in file ../../../orte/util/show_help.c at line 501
[cuda8:121338] [[58506,0],0] ORTE_ERROR_LOG: Out of resource in file ../../../orte/util/show_help.c at line 501
[cuda8:121338] [[58506,0],0] ORTE_ERROR_LOG: Out of resource in file ../../../orte/util/show_help.c at line 501
[cuda8:121338] 20 more processes have sent help message help-mpi-btl-tcp.txt / invalid if_inexclude
[cuda8:121338] Set MCA parameter "orte_base_help_aggregate" to 0 to see all help / error messages
--------------------------------------------------------------------------
WARNING: An invalid value was given for btl_tcp_if_exclude.  This
value will be ignored.

  Local host: cuda8
  Value:      "wg0 lo"
  Message:    Invalid specification (missing "/")
--------------------------------------------------------------------------
[cuda8:121459] [[59139,0],0] ORTE_ERROR_LOG: Data unpack would read past end of buffer in file ../../../orte/util/show_help.c at line 501
[cuda8:121459] 22 more processes have sent help message help-mpi-btl-tcp.txt / invalid if_inexclude
[cuda8:121459] Set MCA parameter "orte_base_help_aggregate" to 0 to see all help / error messages
--------------------------------------------------------------------------
WARNING: An invalid value was given for btl_tcp_if_exclude.  This
value will be ignored.

  Local host: cuda8
  Value:      "wg0 lo"
  Message:    Invalid specification (missing "/")
--------------------------------------------------------------------------
[cuda8:121580] [[59292,0],0] ORTE_ERROR_LOG: Data unpack would read past end of buffer in file ../../../orte/util/show_help.c at line 513
[cuda8:121580] [[59292,0],0] ORTE_ERROR_LOG: Data unpack would read past end of buffer in file ../../../orte/util/show_help.c at line 513
[cuda8:121580] [[59292,0],0] ORTE_ERROR_LOG: Data unpack would read past end of buffer in file ../../../orte/util/show_help.c at line 501
[cuda8:121580] [[59292,0],0] ORTE_ERROR_LOG: Data unpack would read past end of buffer in file ../../../orte/util/show_help.c at line 513
[cuda8:121580] 19 more processes have sent help message help-mpi-btl-tcp.txt / invalid if_inexclude
[cuda8:121580] Set MCA parameter "orte_base_help_aggregate" to 0 to see all help / error messages
--------------------------------------------------------------------------
WARNING: An invalid value was given for btl_tcp_if_exclude.  This
value will be ignored.

  Local host: cuda8
  Value:      "wg0 lo"
  Message:    Invalid specification (missing "/")
--------------------------------------------------------------------------
[cuda8:121697] 23 more processes have sent help message help-mpi-btl-tcp.txt / invalid if_inexclude
[cuda8:121697] Set MCA parameter "orte_base_help_aggregate" to 0 to see all help / error messages
--------------------------------------------------------------------------
WARNING: An invalid value was given for btl_tcp_if_exclude.  This
value will be ignored.

  Local host: cuda8
  Value:      "wg0 lo"
  Message:    Invalid specification (missing "/")
--------------------------------------------------------------------------
[cuda8:121822] 23 more processes have sent help message help-mpi-btl-tcp.txt / invalid if_inexclude
[cuda8:121822] Set MCA parameter "orte_base_help_aggregate" to 0 to see all help / error messages
--------------------------------------------------------------------------
WARNING: An invalid value was given for btl_tcp_if_exclude.  This
value will be ignored.

  Local host: cuda8
  Value:      "wg0 lo"
  Message:    Invalid specification (missing "/")
--------------------------------------------------------------------------
[cuda8:121941] [[57637,0],0] ORTE_ERROR_LOG: Out of resource in file ../../../orte/util/show_help.c at line 501
[cuda8:121941] [[57637,0],0] ORTE_ERROR_LOG: Out of resource in file ../../../orte/util/show_help.c at line 501
[cuda8:121941] [[57637,0],0] ORTE_ERROR_LOG: Data unpack had inadequate space in file ../../../orte/util/show_help.c at line 513
[cuda8:121941] 20 more processes have sent help message help-mpi-btl-tcp.txt / invalid if_inexclude
[cuda8:121941] Set MCA parameter "orte_base_help_aggregate" to 0 to see all help / error messages
--------------------------------------------------------------------------
WARNING: An invalid value was given for btl_tcp_if_exclude.  This
value will be ignored.

  Local host: cuda8
  Value:      "wg0 lo"
  Message:    Invalid specification (missing "/")
--------------------------------------------------------------------------
[cuda8:122060] 23 more processes have sent help message help-mpi-btl-tcp.txt / invalid if_inexclude
[cuda8:122060] Set MCA parameter "orte_base_help_aggregate" to 0 to see all help / error messages
--------------------------------------------------------------------------
WARNING: An invalid value was given for btl_tcp_if_exclude.  This
value will be ignored.

  Local host: cuda8
  Value:      "wg0 lo"
  Message:    Invalid specification (missing "/")
--------------------------------------------------------------------------
[cuda8:122178] 23 more processes have sent help message help-mpi-btl-tcp.txt / invalid if_inexclude
[cuda8:122178] Set MCA parameter "orte_base_help_aggregate" to 0 to see all help / error messages
--------------------------------------------------------------------------
WARNING: An invalid value was given for btl_tcp_if_exclude.  This
value will be ignored.

  Local host: cuda8
  Value:      "wg0 lo"
  Message:    Invalid specification (missing "/")
--------------------------------------------------------------------------
[cuda8:122298] 23 more processes have sent help message help-mpi-btl-tcp.txt / invalid if_inexclude
[cuda8:122298] Set MCA parameter "orte_base_help_aggregate" to 0 to see all help / error messages
--------------------------------------------------------------------------
WARNING: An invalid value was given for btl_tcp_if_exclude.  This
value will be ignored.

  Local host: cuda8
  Value:      "wg0 lo"
  Message:    Invalid specification (missing "/")
--------------------------------------------------------------------------
[cuda8:122425] 23 more processes have sent help message help-mpi-btl-tcp.txt / invalid if_inexclude
[cuda8:122425] Set MCA parameter "orte_base_help_aggregate" to 0 to see all help / error messages
--------------------------------------------------------------------------
WARNING: An invalid value was given for btl_tcp_if_exclude.  This
value will be ignored.

  Local host: cuda8
  Value:      "wg0 lo"
  Message:    Invalid specification (missing "/")
--------------------------------------------------------------------------
[cuda8:122544] 23 more processes have sent help message help-mpi-btl-tcp.txt / invalid if_inexclude
[cuda8:122544] Set MCA parameter "orte_base_help_aggregate" to 0 to see all help / error messages
--------------------------------------------------------------------------
WARNING: An invalid value was given for btl_tcp_if_exclude.  This
value will be ignored.

  Local host: cuda8
  Value:      "wg0 lo"
  Message:    Invalid specification (missing "/")
--------------------------------------------------------------------------
[cuda8:122669] [[57949,0],0] ORTE_ERROR_LOG: Data unpack would read past end of buffer in file ../../../orte/util/show_help.c at line 513
[cuda8:122669] [[57949,0],0] ORTE_ERROR_LOG: Data unpack would read past end of buffer in file ../../../orte/util/show_help.c at line 513
[cuda8:122669] [[57949,0],0] ORTE_ERROR_LOG: Out of resource in file ../../../orte/util/show_help.c at line 501
[cuda8:122669] [[57949,0],0] ORTE_ERROR_LOG: Out of resource in file ../../../orte/util/show_help.c at line 501
[cuda8:122669] [[57949,0],0] ORTE_ERROR_LOG: Out of resource in file ../../../orte/util/show_help.c at line 501
[cuda8:122669] [[57949,0],0] ORTE_ERROR_LOG: Out of resource in file ../../../orte/util/show_help.c at line 501
[cuda8:122669] [[57949,0],0] ORTE_ERROR_LOG: Data unpack would read past end of buffer in file ../../../orte/util/show_help.c at line 513
[cuda8:122669] [[57949,0],0] ORTE_ERROR_LOG: Data unpack would read past end of buffer in file ../../../orte/util/show_help.c at line 513
[cuda8:122669] 15 more processes have sent help message help-mpi-btl-tcp.txt / invalid if_inexclude
[cuda8:122669] Set MCA parameter "orte_base_help_aggregate" to 0 to see all help / error messages
--------------------------------------------------------------------------
WARNING: An invalid value was given for btl_tcp_if_exclude.  This
value will be ignored.

  Local host: cuda8
  Value:      "wg0 lo"
  Message:    Invalid specification (missing "/")
--------------------------------------------------------------------------
[cuda8:122785] 23 more processes have sent help message help-mpi-btl-tcp.txt / invalid if_inexclude
[cuda8:122785] Set MCA parameter "orte_base_help_aggregate" to 0 to see all help / error messages
--------------------------------------------------------------------------
WARNING: An invalid value was given for btl_tcp_if_exclude.  This
value will be ignored.

  Local host: cuda8
  Value:      "wg0 lo"
  Message:    Invalid specification (missing "/")
--------------------------------------------------------------------------
[cuda8:122896] [[56672,0],0] ORTE_ERROR_LOG: Out of resource in file ../../../orte/util/show_help.c at line 501
[cuda8:122896] [[56672,0],0] ORTE_ERROR_LOG: Data unpack would read past end of buffer in file ../../../orte/util/show_help.c at line 513
[cuda8:122896] 21 more processes have sent help message help-mpi-btl-tcp.txt / invalid if_inexclude
[cuda8:122896] Set MCA parameter "orte_base_help_aggregate" to 0 to see all help / error messages
--------------------------------------------------------------------------
WARNING: An invalid value was given for btl_tcp_if_exclude.  This
value will be ignored.

  Local host: cuda8
  Value:      "wg0 lo"
  Message:    Invalid specification (missing "/")
--------------------------------------------------------------------------
[cuda8:123026] 23 more processes have sent help message help-mpi-btl-tcp.txt / invalid if_inexclude
[cuda8:123026] Set MCA parameter "orte_base_help_aggregate" to 0 to see all help / error messages
--------------------------------------------------------------------------
WARNING: An invalid value was given for btl_tcp_if_exclude.  This
value will be ignored.

  Local host: cuda8
  Value:      "wg0 lo"
  Message:    Invalid specification (missing "/")
--------------------------------------------------------------------------
[cuda8:123137] [[56433,0],0] ORTE_ERROR_LOG: Data unpack would read past end of buffer in file ../../../orte/util/show_help.c at line 507
[cuda8:123137] [[56433,0],0] ORTE_ERROR_LOG: Data unpack would read past end of buffer in file ../../../orte/util/show_help.c at line 501
[cuda8:123137] 21 more processes have sent help message help-mpi-btl-tcp.txt / invalid if_inexclude
[cuda8:123137] Set MCA parameter "orte_base_help_aggregate" to 0 to see all help / error messages
--------------------------------------------------------------------------
WARNING: An invalid value was given for btl_tcp_if_exclude.  This
value will be ignored.

  Local host: cuda8
  Value:      "wg0 lo"
  Message:    Invalid specification (missing "/")
--------------------------------------------------------------------------
[cuda8:123266] 23 more processes have sent help message help-mpi-btl-tcp.txt / invalid if_inexclude
[cuda8:123266] Set MCA parameter "orte_base_help_aggregate" to 0 to see all help / error messages
--------------------------------------------------------------------------
WARNING: An invalid value was given for btl_tcp_if_exclude.  This
value will be ignored.

  Local host: cuda8
  Value:      "wg0 lo"
  Message:    Invalid specification (missing "/")
--------------------------------------------------------------------------
[cuda8:123382] 23 more processes have sent help message help-mpi-btl-tcp.txt / invalid if_inexclude
[cuda8:123382] Set MCA parameter "orte_base_help_aggregate" to 0 to see all help / error messages
--------------------------------------------------------------------------
WARNING: An invalid value was given for btl_tcp_if_exclude.  This
value will be ignored.

  Local host: cuda8
  Value:      "wg0 lo"
  Message:    Invalid specification (missing "/")
--------------------------------------------------------------------------
[cuda8:123495] [[57111,0],0] ORTE_ERROR_LOG: Out of resource in file ../../../orte/util/show_help.c at line 501
[cuda8:123495] [[57111,0],0] ORTE_ERROR_LOG: Out of resource in file ../../../orte/util/show_help.c at line 507
[cuda8:123495] [[57111,0],0] ORTE_ERROR_LOG: Out of resource in file ../../../orte/util/show_help.c at line 501
[cuda8:123495] [[57111,0],0] ORTE_ERROR_LOG: Data unpack would read past end of buffer in file ../../../orte/util/show_help.c at line 513
[cuda8:123495] 19 more processes have sent help message help-mpi-btl-tcp.txt / invalid if_inexclude
[cuda8:123495] Set MCA parameter "orte_base_help_aggregate" to 0 to see all help / error messages
--------------------------------------------------------------------------
WARNING: An invalid value was given for btl_tcp_if_exclude.  This
value will be ignored.

  Local host: cuda8
  Value:      "wg0 lo"
  Message:    Invalid specification (missing "/")
--------------------------------------------------------------------------
[cuda8:123625] 23 more processes have sent help message help-mpi-btl-tcp.txt / invalid if_inexclude
[cuda8:123625] Set MCA parameter "orte_base_help_aggregate" to 0 to see all help / error messages
--------------------------------------------------------------------------
WARNING: An invalid value was given for btl_tcp_if_exclude.  This
value will be ignored.

  Local host: cuda8
  Value:      "wg0 lo"
  Message:    Invalid specification (missing "/")
--------------------------------------------------------------------------
[cuda8:123745] 23 more processes have sent help message help-mpi-btl-tcp.txt / invalid if_inexclude
[cuda8:123745] Set MCA parameter "orte_base_help_aggregate" to 0 to see all help / error messages
--------------------------------------------------------------------------
WARNING: An invalid value was given for btl_tcp_if_exclude.  This
value will be ignored.

  Local host: cuda8
  Value:      "wg0 lo"
  Message:    Invalid specification (missing "/")
--------------------------------------------------------------------------
[cuda8:123862] 23 more processes have sent help message help-mpi-btl-tcp.txt / invalid if_inexclude
[cuda8:123862] Set MCA parameter "orte_base_help_aggregate" to 0 to see all help / error messages
--------------------------------------------------------------------------
WARNING: An invalid value was given for btl_tcp_if_exclude.  This
value will be ignored.

  Local host: cuda8
  Value:      "wg0 lo"
  Message:    Invalid specification (missing "/")
--------------------------------------------------------------------------
[cuda8:123986] 23 more processes have sent help message help-mpi-btl-tcp.txt / invalid if_inexclude
[cuda8:123986] Set MCA parameter "orte_base_help_aggregate" to 0 to see all help / error messages
--------------------------------------------------------------------------
WARNING: An invalid value was given for btl_tcp_if_exclude.  This
value will be ignored.

  Local host: cuda8
  Value:      "wg0 lo"
  Message:    Invalid specification (missing "/")
--------------------------------------------------------------------------
[cuda8:124625] 23 more processes have sent help message help-mpi-btl-tcp.txt / invalid if_inexclude
[cuda8:124625] Set MCA parameter "orte_base_help_aggregate" to 0 to see all help / error messages
--------------------------------------------------------------------------
WARNING: An invalid value was given for btl_tcp_if_exclude.  This
value will be ignored.

  Local host: cuda8
  Value:      "wg0 lo"
  Message:    Invalid specification (missing "/")
--------------------------------------------------------------------------
[cuda8:124747] 23 more processes have sent help message help-mpi-btl-tcp.txt / invalid if_inexclude
[cuda8:124747] Set MCA parameter "orte_base_help_aggregate" to 0 to see all help / error messages
--------------------------------------------------------------------------
WARNING: An invalid value was given for btl_tcp_if_exclude.  This
value will be ignored.

  Local host: cuda8
  Value:      "wg0 lo"
  Message:    Invalid specification (missing "/")
--------------------------------------------------------------------------
[cuda8:124867] 3 more processes have sent help message help-mpi-btl-tcp.txt / invalid if_inexclude
[cuda8:124867] Set MCA parameter "orte_base_help_aggregate" to 0 to see all help / error messages
[cuda8:124867] 1 more process has sent help message help-mpi-btl-tcp.txt / invalid if_inexclude
[cuda8:124867] 1 more process has sent help message help-mpi-btl-tcp.txt / invalid if_inexclude
[cuda8:124867] 18 more processes have sent help message help-mpi-btl-tcp.txt / invalid if_inexclude
--------------------------------------------------------------------------
WARNING: An invalid value was given for btl_tcp_if_exclude.  This
value will be ignored.

  Local host: cuda8
  Value:      "wg0 lo"
  Message:    Invalid specification (missing "/")
--------------------------------------------------------------------------
[cuda8:124984] 23 more processes have sent help message help-mpi-btl-tcp.txt / invalid if_inexclude
[cuda8:124984] Set MCA parameter "orte_base_help_aggregate" to 0 to see all help / error messages
--------------------------------------------------------------------------
WARNING: An invalid value was given for btl_tcp_if_exclude.  This
value will be ignored.

  Local host: cuda8
  Value:      "wg0 lo"
  Message:    Invalid specification (missing "/")
--------------------------------------------------------------------------
[cuda8:125112] [[54728,0],0] ORTE_ERROR_LOG: Out of resource in file ../../../orte/util/show_help.c at line 501
[cuda8:125112] [[54728,0],0] ORTE_ERROR_LOG: Out of resource in file ../../../orte/util/show_help.c at line 501
[cuda8:125112] 21 more processes have sent help message help-mpi-btl-tcp.txt / invalid if_inexclude
[cuda8:125112] Set MCA parameter "orte_base_help_aggregate" to 0 to see all help / error messages
--------------------------------------------------------------------------
WARNING: An invalid value was given for btl_tcp_if_exclude.  This
value will be ignored.

  Local host: cuda8
  Value:      "wg0 lo"
  Message:    Invalid specification (missing "/")
--------------------------------------------------------------------------
[cuda8:125242] 23 more processes have sent help message help-mpi-btl-tcp.txt / invalid if_inexclude
[cuda8:125242] Set MCA parameter "orte_base_help_aggregate" to 0 to see all help / error messages
--------------------------------------------------------------------------
WARNING: An invalid value was given for btl_tcp_if_exclude.  This
value will be ignored.

  Local host: cuda8
  Value:      "wg0 lo"
  Message:    Invalid specification (missing "/")
--------------------------------------------------------------------------
[cuda8:125373] [[54477,0],0] ORTE_ERROR_LOG: Data unpack would read past end of buffer in file ../../../orte/util/show_help.c at line 501
[cuda8:125373] 22 more processes have sent help message help-mpi-btl-tcp.txt / invalid if_inexclude
[cuda8:125373] Set MCA parameter "orte_base_help_aggregate" to 0 to see all help / error messages
--------------------------------------------------------------------------
WARNING: An invalid value was given for btl_tcp_if_exclude.  This
value will be ignored.

  Local host: cuda8
  Value:      "wg0 lo"
  Message:    Invalid specification (missing "/")
--------------------------------------------------------------------------
[cuda8:125482] [[55130,0],0] ORTE_ERROR_LOG: Out of resource in file ../../../orte/util/show_help.c at line 507
[cuda8:125482] [[55130,0],0] ORTE_ERROR_LOG: Data unpack would read past end of buffer in file ../../../orte/util/show_help.c at line 501
[cuda8:125482] 21 more processes have sent help message help-mpi-btl-tcp.txt / invalid if_inexclude
[cuda8:125482] Set MCA parameter "orte_base_help_aggregate" to 0 to see all help / error messages
--------------------------------------------------------------------------
WARNING: An invalid value was given for btl_tcp_if_exclude.  This
value will be ignored.

  Local host: cuda8
  Value:      "wg0 lo"
  Message:    Invalid specification (missing "/")
--------------------------------------------------------------------------
[cuda8:125617] 23 more processes have sent help message help-mpi-btl-tcp.txt / invalid if_inexclude
[cuda8:125617] Set MCA parameter "orte_base_help_aggregate" to 0 to see all help / error messages
--------------------------------------------------------------------------
WARNING: An invalid value was given for btl_tcp_if_exclude.  This
value will be ignored.

  Local host: cuda8
  Value:      "wg0 lo"
  Message:    Invalid specification (missing "/")
--------------------------------------------------------------------------
[cuda8:125733] [[54869,0],0] ORTE_ERROR_LOG: Out of resource in file ../../../orte/util/show_help.c at line 501
[cuda8:125733] 22 more processes have sent help message help-mpi-btl-tcp.txt / invalid if_inexclude
[cuda8:125733] Set MCA parameter "orte_base_help_aggregate" to 0 to see all help / error messages
--------------------------------------------------------------------------
WARNING: An invalid value was given for btl_tcp_if_exclude.  This
value will be ignored.

  Local host: cuda8
  Value:      "wg0 lo"
  Message:    Invalid specification (missing "/")
--------------------------------------------------------------------------
[cuda8:125852] 23 more processes have sent help message help-mpi-btl-tcp.txt / invalid if_inexclude
[cuda8:125852] Set MCA parameter "orte_base_help_aggregate" to 0 to see all help / error messages
--------------------------------------------------------------------------
WARNING: An invalid value was given for btl_tcp_if_exclude.  This
value will be ignored.

  Local host: cuda8
  Value:      "wg0 lo"
  Message:    Invalid specification (missing "/")
--------------------------------------------------------------------------
[cuda8:125979] 23 more processes have sent help message help-mpi-btl-tcp.txt / invalid if_inexclude
[cuda8:125979] Set MCA parameter "orte_base_help_aggregate" to 0 to see all help / error messages
--------------------------------------------------------------------------
WARNING: An invalid value was given for btl_tcp_if_exclude.  This
value will be ignored.

  Local host: cuda8
  Value:      "wg0 lo"
  Message:    Invalid specification (missing "/")
--------------------------------------------------------------------------
[cuda8:126097] 23 more processes have sent help message help-mpi-btl-tcp.txt / invalid if_inexclude
[cuda8:126097] Set MCA parameter "orte_base_help_aggregate" to 0 to see all help / error messages
--------------------------------------------------------------------------
WARNING: An invalid value was given for btl_tcp_if_exclude.  This
value will be ignored.

  Local host: cuda8
  Value:      "wg0 lo"
  Message:    Invalid specification (missing "/")
--------------------------------------------------------------------------
[cuda8:126216] [[53368,0],0] ORTE_ERROR_LOG: Data unpack would read past end of buffer in file ../../../orte/util/show_help.c at line 513
[cuda8:126216] [[53368,0],0] ORTE_ERROR_LOG: Out of resource in file ../../../orte/util/show_help.c at line 501
[cuda8:126216] [[53368,0],0] ORTE_ERROR_LOG: Data unpack would read past end of buffer in file ../../../orte/util/show_help.c at line 513
[cuda8:126216] [[53368,0],0] ORTE_ERROR_LOG: Out of resource in file ../../../orte/util/show_help.c at line 501
[cuda8:126216] 19 more processes have sent help message help-mpi-btl-tcp.txt / invalid if_inexclude
[cuda8:126216] Set MCA parameter "orte_base_help_aggregate" to 0 to see all help / error messages
--------------------------------------------------------------------------
WARNING: An invalid value was given for btl_tcp_if_exclude.  This
value will be ignored.

  Local host: cuda8
  Value:      "wg0 lo"
  Message:    Invalid specification (missing "/")
--------------------------------------------------------------------------
[cuda8:126333] 23 more processes have sent help message help-mpi-btl-tcp.txt / invalid if_inexclude
[cuda8:126333] Set MCA parameter "orte_base_help_aggregate" to 0 to see all help / error messages
--------------------------------------------------------------------------
WARNING: An invalid value was given for btl_tcp_if_exclude.  This
value will be ignored.

  Local host: cuda8
  Value:      "wg0 lo"
  Message:    Invalid specification (missing "/")
--------------------------------------------------------------------------
[cuda8:126456] [[53384,0],0] ORTE_ERROR_LOG: Data unpack would read past end of buffer in file ../../../orte/util/show_help.c at line 507
[cuda8:126456] [[53384,0],0] ORTE_ERROR_LOG: Data unpack would read past end of buffer in file ../../../orte/util/show_help.c at line 501
[cuda8:126456] [[53384,0],0] ORTE_ERROR_LOG: Data unpack would read past end of buffer in file ../../../orte/util/show_help.c at line 501
[cuda8:126456] 20 more processes have sent help message help-mpi-btl-tcp.txt / invalid if_inexclude
[cuda8:126456] Set MCA parameter "orte_base_help_aggregate" to 0 to see all help / error messages
--------------------------------------------------------------------------
WARNING: An invalid value was given for btl_tcp_if_exclude.  This
value will be ignored.

  Local host: cuda8
  Value:      "wg0 lo"
  Message:    Invalid specification (missing "/")
--------------------------------------------------------------------------
[cuda8:126574] [[54046,0],0] ORTE_ERROR_LOG: Out of resource in file ../../../orte/util/show_help.c at line 507
[cuda8:126574] 22 more processes have sent help message help-mpi-btl-tcp.txt / invalid if_inexclude
[cuda8:126574] Set MCA parameter "orte_base_help_aggregate" to 0 to see all help / error messages
--------------------------------------------------------------------------
WARNING: An invalid value was given for btl_tcp_if_exclude.  This
value will be ignored.

  Local host: cuda8
  Value:      "wg0 lo"
  Message:    Invalid specification (missing "/")
--------------------------------------------------------------------------
[cuda8:126697] [[54169,0],0] ORTE_ERROR_LOG: Data unpack would read past end of buffer in file ../../../orte/util/show_help.c at line 501
[cuda8:126697] 22 more processes have sent help message help-mpi-btl-tcp.txt / invalid if_inexclude
[cuda8:126697] Set MCA parameter "orte_base_help_aggregate" to 0 to see all help / error messages
--------------------------------------------------------------------------
WARNING: An invalid value was given for btl_tcp_if_exclude.  This
value will be ignored.

  Local host: cuda8
  Value:      "wg0 lo"
  Message:    Invalid specification (missing "/")
--------------------------------------------------------------------------
[cuda8:126812] 23 more processes have sent help message help-mpi-btl-tcp.txt / invalid if_inexclude
[cuda8:126812] Set MCA parameter "orte_base_help_aggregate" to 0 to see all help / error messages
--------------------------------------------------------------------------
WARNING: An invalid value was given for btl_tcp_if_exclude.  This
value will be ignored.

  Local host: cuda8
  Value:      "wg0 lo"
  Message:    Invalid specification (missing "/")
--------------------------------------------------------------------------
[cuda8:126930] 23 more processes have sent help message help-mpi-btl-tcp.txt / invalid if_inexclude
[cuda8:126930] Set MCA parameter "orte_base_help_aggregate" to 0 to see all help / error messages
--------------------------------------------------------------------------
WARNING: An invalid value was given for btl_tcp_if_exclude.  This
value will be ignored.

  Local host: cuda8
  Value:      "wg0 lo"
  Message:    Invalid specification (missing "/")
--------------------------------------------------------------------------
[cuda8:127050] 23 more processes have sent help message help-mpi-btl-tcp.txt / invalid if_inexclude
[cuda8:127050] Set MCA parameter "orte_base_help_aggregate" to 0 to see all help / error messages
--------------------------------------------------------------------------
WARNING: An invalid value was given for btl_tcp_if_exclude.  This
value will be ignored.

  Local host: cuda8
  Value:      "wg0 lo"
  Message:    Invalid specification (missing "/")
--------------------------------------------------------------------------
[cuda8:127171] 23 more processes have sent help message help-mpi-btl-tcp.txt / invalid if_inexclude
[cuda8:127171] Set MCA parameter "orte_base_help_aggregate" to 0 to see all help / error messages
--------------------------------------------------------------------------
WARNING: An invalid value was given for btl_tcp_if_exclude.  This
value will be ignored.

  Local host: cuda8
  Value:      "wg0 lo"
  Message:    Invalid specification (missing "/")
--------------------------------------------------------------------------
[cuda8:127290] 23 more processes have sent help message help-mpi-btl-tcp.txt / invalid if_inexclude
[cuda8:127290] Set MCA parameter "orte_base_help_aggregate" to 0 to see all help / error messages
--------------------------------------------------------------------------
WARNING: An invalid value was given for btl_tcp_if_exclude.  This
value will be ignored.

  Local host: cuda8
  Value:      "wg0 lo"
  Message:    Invalid specification (missing "/")
--------------------------------------------------------------------------
[cuda8:127411] [[52419,0],0] ORTE_ERROR_LOG: Data unpack would read past end of buffer in file ../../../orte/util/show_help.c at line 513
[cuda8:127411] 22 more processes have sent help message help-mpi-btl-tcp.txt / invalid if_inexclude
[cuda8:127411] Set MCA parameter "orte_base_help_aggregate" to 0 to see all help / error messages
--------------------------------------------------------------------------
WARNING: An invalid value was given for btl_tcp_if_exclude.  This
value will be ignored.

  Local host: cuda8
  Value:      "wg0 lo"
  Message:    Invalid specification (missing "/")
--------------------------------------------------------------------------
[cuda8:127529] 23 more processes have sent help message help-mpi-btl-tcp.txt / invalid if_inexclude
[cuda8:127529] Set MCA parameter "orte_base_help_aggregate" to 0 to see all help / error messages
--------------------------------------------------------------------------
WARNING: An invalid value was given for btl_tcp_if_exclude.  This
value will be ignored.

  Local host: cuda8
  Value:      "wg0 lo"
  Message:    Invalid specification (missing "/")
--------------------------------------------------------------------------
[cuda8:127646] [[53230,0],0] ORTE_ERROR_LOG: Data unpack would read past end of buffer in file ../../../orte/util/show_help.c at line 507
[cuda8:127646] 22 more processes have sent help message help-mpi-btl-tcp.txt / invalid if_inexclude
[cuda8:127646] Set MCA parameter "orte_base_help_aggregate" to 0 to see all help / error messages
--------------------------------------------------------------------------
WARNING: An invalid value was given for btl_tcp_if_exclude.  This
value will be ignored.

  Local host: cuda8
  Value:      "wg0 lo"
  Message:    Invalid specification (missing "/")
--------------------------------------------------------------------------
[cuda8:127768] 23 more processes have sent help message help-mpi-btl-tcp.txt / invalid if_inexclude
[cuda8:127768] Set MCA parameter "orte_base_help_aggregate" to 0 to see all help / error messages
--------------------------------------------------------------------------
WARNING: An invalid value was given for btl_tcp_if_exclude.  This
value will be ignored.

  Local host: cuda8
  Value:      "wg0 lo"
  Message:    Invalid specification (missing "/")
--------------------------------------------------------------------------
[cuda8:127891] [[52963,0],0] ORTE_ERROR_LOG: Data unpack would read past end of buffer in file ../../../orte/util/show_help.c at line 501
[cuda8:127891] [[52963,0],0] ORTE_ERROR_LOG: Data unpack would read past end of buffer in file ../../../orte/util/show_help.c at line 501
[cuda8:127891] [[52963,0],0] ORTE_ERROR_LOG: Data unpack would read past end of buffer in file ../../../orte/util/show_help.c at line 501
[cuda8:127891] 20 more processes have sent help message help-mpi-btl-tcp.txt / invalid if_inexclude
[cuda8:127891] Set MCA parameter "orte_base_help_aggregate" to 0 to see all help / error messages
--------------------------------------------------------------------------
WARNING: An invalid value was given for btl_tcp_if_exclude.  This
value will be ignored.

  Local host: cuda8
  Value:      "wg0 lo"
  Message:    Invalid specification (missing "/")
--------------------------------------------------------------------------
[cuda8:128010] 23 more processes have sent help message help-mpi-btl-tcp.txt / invalid if_inexclude
[cuda8:128010] Set MCA parameter "orte_base_help_aggregate" to 0 to see all help / error messages
--------------------------------------------------------------------------
WARNING: An invalid value was given for btl_tcp_if_exclude.  This
value will be ignored.

  Local host: cuda8
  Value:      "wg0 lo"
  Message:    Invalid specification (missing "/")
--------------------------------------------------------------------------
[cuda8:128136] 1 more process has sent help message help-mpi-btl-tcp.txt / invalid if_inexclude
[cuda8:128136] Set MCA parameter "orte_base_help_aggregate" to 0 to see all help / error messages
[cuda8:128136] 1 more process has sent help message help-mpi-btl-tcp.txt / invalid if_inexclude
[cuda8:128136] 21 more processes have sent help message help-mpi-btl-tcp.txt / invalid if_inexclude
--------------------------------------------------------------------------
WARNING: An invalid value was given for btl_tcp_if_exclude.  This
value will be ignored.

  Local host: cuda8
  Value:      "wg0 lo"
  Message:    Invalid specification (missing "/")
--------------------------------------------------------------------------
[cuda8:128251] 23 more processes have sent help message help-mpi-btl-tcp.txt / invalid if_inexclude
[cuda8:128251] Set MCA parameter "orte_base_help_aggregate" to 0 to see all help / error messages
--------------------------------------------------------------------------
WARNING: An invalid value was given for btl_tcp_if_exclude.  This
value will be ignored.

  Local host: cuda8
  Value:      "wg0 lo"
  Message:    Invalid specification (missing "/")
--------------------------------------------------------------------------
[cuda8:128375] 23 more processes have sent help message help-mpi-btl-tcp.txt / invalid if_inexclude
[cuda8:128375] Set MCA parameter "orte_base_help_aggregate" to 0 to see all help / error messages
--------------------------------------------------------------------------
WARNING: An invalid value was given for btl_tcp_if_exclude.  This
value will be ignored.

  Local host: cuda8
  Value:      "wg0 lo"
  Message:    Invalid specification (missing "/")
--------------------------------------------------------------------------
[cuda8:128494] 23 more processes have sent help message help-mpi-btl-tcp.txt / invalid if_inexclude
[cuda8:128494] Set MCA parameter "orte_base_help_aggregate" to 0 to see all help / error messages
--------------------------------------------------------------------------
WARNING: An invalid value was given for btl_tcp_if_exclude.  This
value will be ignored.

  Local host: cuda8
  Value:      "wg0 lo"
  Message:    Invalid specification (missing "/")
--------------------------------------------------------------------------
[cuda8:128613] 23 more processes have sent help message help-mpi-btl-tcp.txt / invalid if_inexclude
[cuda8:128613] Set MCA parameter "orte_base_help_aggregate" to 0 to see all help / error messages
--------------------------------------------------------------------------
WARNING: An invalid value was given for btl_tcp_if_exclude.  This
value will be ignored.

  Local host: cuda8
  Value:      "wg0 lo"
  Message:    Invalid specification (missing "/")
--------------------------------------------------------------------------
[cuda8:128736] 23 more processes have sent help message help-mpi-btl-tcp.txt / invalid if_inexclude
[cuda8:128736] Set MCA parameter "orte_base_help_aggregate" to 0 to see all help / error messages
--------------------------------------------------------------------------
WARNING: An invalid value was given for btl_tcp_if_exclude.  This
value will be ignored.

  Local host: cuda8
  Value:      "wg0 lo"
  Message:    Invalid specification (missing "/")
--------------------------------------------------------------------------
[cuda8:128859] [[51755,0],0] ORTE_ERROR_LOG: Data unpack would read past end of buffer in file ../../../orte/util/show_help.c at line 513
[cuda8:128859] [[51755,0],0] ORTE_ERROR_LOG: Data unpack had inadequate space in file ../../../orte/util/show_help.c at line 513
[cuda8:128859] 21 more processes have sent help message help-mpi-btl-tcp.txt / invalid if_inexclude
[cuda8:128859] Set MCA parameter "orte_base_help_aggregate" to 0 to see all help / error messages
--------------------------------------------------------------------------
WARNING: An invalid value was given for btl_tcp_if_exclude.  This
value will be ignored.

  Local host: cuda8
  Value:      "wg0 lo"
  Message:    Invalid specification (missing "/")
--------------------------------------------------------------------------
[cuda8:128980] 23 more processes have sent help message help-mpi-btl-tcp.txt / invalid if_inexclude
[cuda8:128980] Set MCA parameter "orte_base_help_aggregate" to 0 to see all help / error messages
--------------------------------------------------------------------------
WARNING: An invalid value was given for btl_tcp_if_exclude.  This
value will be ignored.

  Local host: cuda8
  Value:      "wg0 lo"
  Message:    Invalid specification (missing "/")
--------------------------------------------------------------------------
[cuda8:129093] [[50485,0],0] ORTE_ERROR_LOG: Data unpack would read past end of buffer in file ../../../orte/util/show_help.c at line 513
[cuda8:129093] 22 more processes have sent help message help-mpi-btl-tcp.txt / invalid if_inexclude
[cuda8:129093] Set MCA parameter "orte_base_help_aggregate" to 0 to see all help / error messages
--------------------------------------------------------------------------
WARNING: An invalid value was given for btl_tcp_if_exclude.  This
value will be ignored.

  Local host: cuda8
  Value:      "wg0 lo"
  Message:    Invalid specification (missing "/")
--------------------------------------------------------------------------
[cuda8:129211] 23 more processes have sent help message help-mpi-btl-tcp.txt / invalid if_inexclude
[cuda8:129211] Set MCA parameter "orte_base_help_aggregate" to 0 to see all help / error messages
--------------------------------------------------------------------------
WARNING: An invalid value was given for btl_tcp_if_exclude.  This
value will be ignored.

  Local host: cuda8
  Value:      "wg0 lo"
  Message:    Invalid specification (missing "/")
--------------------------------------------------------------------------
[cuda8:129331] [[50243,0],0] ORTE_ERROR_LOG: Data unpack would read past end of buffer in file ../../../orte/util/show_help.c at line 501
[cuda8:129331] [[50243,0],0] ORTE_ERROR_LOG: Data unpack would read past end of buffer in file ../../../orte/util/show_help.c at line 501
[cuda8:129331] [[50243,0],0] ORTE_ERROR_LOG: Data unpack would read past end of buffer in file ../../../orte/util/show_help.c at line 501
[cuda8:129331] [[50243,0],0] ORTE_ERROR_LOG: Data unpack would read past end of buffer in file ../../../orte/util/show_help.c at line 501
[cuda8:129331] [[50243,0],0] ORTE_ERROR_LOG: Data unpack would read past end of buffer in file ../../../orte/util/show_help.c at line 507
[cuda8:129331] [[50243,0],0] ORTE_ERROR_LOG: Out of resource in file ../../../orte/util/show_help.c at line 507
[cuda8:129331] 17 more processes have sent help message help-mpi-btl-tcp.txt / invalid if_inexclude
[cuda8:129331] Set MCA parameter "orte_base_help_aggregate" to 0 to see all help / error messages
--------------------------------------------------------------------------
WARNING: An invalid value was given for btl_tcp_if_exclude.  This
value will be ignored.

  Local host: cuda8
  Value:      "wg0 lo"
  Message:    Invalid specification (missing "/")
--------------------------------------------------------------------------
[cuda8:129455] [[50399,0],0] ORTE_ERROR_LOG: Out of resource in file ../../../orte/util/show_help.c at line 501
[cuda8:129455] [[50399,0],0] ORTE_ERROR_LOG: Out of resource in file ../../../orte/util/show_help.c at line 501
[cuda8:129455] 21 more processes have sent help message help-mpi-btl-tcp.txt / invalid if_inexclude
[cuda8:129455] Set MCA parameter "orte_base_help_aggregate" to 0 to see all help / error messages
--------------------------------------------------------------------------
WARNING: An invalid value was given for btl_tcp_if_exclude.  This
value will be ignored.

  Local host: cuda8
  Value:      "wg0 lo"
  Message:    Invalid specification (missing "/")
--------------------------------------------------------------------------
[cuda8:129578] [[51034,0],0] ORTE_ERROR_LOG: Data unpack would read past end of buffer in file ../../../orte/util/show_help.c at line 513
[cuda8:129578] [[51034,0],0] ORTE_ERROR_LOG: Out of resource in file ../../../orte/util/show_help.c at line 501
[cuda8:129578] 21 more processes have sent help message help-mpi-btl-tcp.txt / invalid if_inexclude
[cuda8:129578] Set MCA parameter "orte_base_help_aggregate" to 0 to see all help / error messages
--------------------------------------------------------------------------
WARNING: An invalid value was given for btl_tcp_if_exclude.  This
value will be ignored.

  Local host: cuda8
  Value:      "wg0 lo"
  Message:    Invalid specification (missing "/")
--------------------------------------------------------------------------
[cuda8:129820] 1 more process has sent help message help-mpi-btl-tcp.txt / invalid if_inexclude
[cuda8:129820] Set MCA parameter "orte_base_help_aggregate" to 0 to see all help / error messages
[cuda8:129820] 9 more processes have sent help message help-mpi-btl-tcp.txt / invalid if_inexclude
[cuda8:129820] 1 more process has sent help message help-mpi-btl-tcp.txt / invalid if_inexclude
[cuda8:129820] 12 more processes have sent help message help-mpi-btl-tcp.txt / invalid if_inexclude
--------------------------------------------------------------------------
WARNING: An invalid value was given for btl_tcp_if_exclude.  This
value will be ignored.

  Local host: cuda8
  Value:      "wg0 lo"
  Message:    Invalid specification (missing "/")
--------------------------------------------------------------------------
[cuda8:129950] 1 more process has sent help message help-mpi-btl-tcp.txt / invalid if_inexclude
[cuda8:129950] Set MCA parameter "orte_base_help_aggregate" to 0 to see all help / error messages
[cuda8:129950] 5 more processes have sent help message help-mpi-btl-tcp.txt / invalid if_inexclude
[cuda8:129950] 1 more process has sent help message help-mpi-btl-tcp.txt / invalid if_inexclude
[cuda8:129950] 16 more processes have sent help message help-mpi-btl-tcp.txt / invalid if_inexclude
--------------------------------------------------------------------------
WARNING: An invalid value was given for btl_tcp_if_exclude.  This
value will be ignored.

  Local host: cuda8
  Value:      "wg0 lo"
  Message:    Invalid specification (missing "/")
--------------------------------------------------------------------------
[cuda8:130074] [[49514,0],0] ORTE_ERROR_LOG: Data unpack would read past end of buffer in file ../../../orte/util/show_help.c at line 501
[cuda8:130074] 4 more processes have sent help message help-mpi-btl-tcp.txt / invalid if_inexclude
[cuda8:130074] Set MCA parameter "orte_base_help_aggregate" to 0 to see all help / error messages
[cuda8:130074] 5 more processes have sent help message help-mpi-btl-tcp.txt / invalid if_inexclude
[cuda8:130074] 13 more processes have sent help message help-mpi-btl-tcp.txt / invalid if_inexclude
--------------------------------------------------------------------------
WARNING: An invalid value was given for btl_tcp_if_exclude.  This
value will be ignored.

  Local host: cuda8
  Value:      "wg0 lo"
  Message:    Invalid specification (missing "/")
--------------------------------------------------------------------------
[cuda8:130199] 3 more processes have sent help message help-mpi-btl-tcp.txt / invalid if_inexclude
[cuda8:130199] Set MCA parameter "orte_base_help_aggregate" to 0 to see all help / error messages
[cuda8:130199] 3 more processes have sent help message help-mpi-btl-tcp.txt / invalid if_inexclude
[cuda8:130199] [[49639,0],0] ORTE_ERROR_LOG: Out of resource in file ../../../orte/util/show_help.c at line 501
[cuda8:130199] 16 more processes have sent help message help-mpi-btl-tcp.txt / invalid if_inexclude
--------------------------------------------------------------------------
WARNING: An invalid value was given for btl_tcp_if_exclude.  This
value will be ignored.

  Local host: cuda8
  Value:      "wg0 lo"
  Message:    Invalid specification (missing "/")
--------------------------------------------------------------------------
[cuda8:130334] 1 more process has sent help message help-mpi-btl-tcp.txt / invalid if_inexclude
[cuda8:130334] Set MCA parameter "orte_base_help_aggregate" to 0 to see all help / error messages
[cuda8:130334] 3 more processes have sent help message help-mpi-btl-tcp.txt / invalid if_inexclude
[cuda8:130334] 1 more process has sent help message help-mpi-btl-tcp.txt / invalid if_inexclude
[cuda8:130334] 4 more processes have sent help message help-mpi-btl-tcp.txt / invalid if_inexclude
[cuda8:130334] 14 more processes have sent help message help-mpi-btl-tcp.txt / invalid if_inexclude
--------------------------------------------------------------------------
WARNING: An invalid value was given for btl_tcp_if_exclude.  This
value will be ignored.

  Local host: cuda8
  Value:      "wg0 lo"
  Message:    Invalid specification (missing "/")
--------------------------------------------------------------------------
[cuda8:130536] [[49304,0],0] ORTE_ERROR_LOG: Data unpack would read past end of buffer in file ../../../orte/util/show_help.c at line 501
[cuda8:130536] 22 more processes have sent help message help-mpi-btl-tcp.txt / invalid if_inexclude
[cuda8:130536] Set MCA parameter "orte_base_help_aggregate" to 0 to see all help / error messages
--------------------------------------------------------------------------
WARNING: An invalid value was given for btl_tcp_if_exclude.  This
value will be ignored.

  Local host: cuda8
  Value:      "wg0 lo"
  Message:    Invalid specification (missing "/")
--------------------------------------------------------------------------
[cuda8:130752] [[50096,0],0] ORTE_ERROR_LOG: Out of resource in file ../../../orte/util/show_help.c at line 501
[cuda8:130752] [[50096,0],0] ORTE_ERROR_LOG: Data unpack had inadequate space in file ../../../orte/util/show_help.c at line 513
[cuda8:130752] [[50096,0],0] ORTE_ERROR_LOG: Data unpack would read past end of buffer in file ../../../orte/util/show_help.c at line 513
[cuda8:130752] [[50096,0],0] ORTE_ERROR_LOG: Out of resource in file ../../../orte/util/show_help.c at line 501
[cuda8:130752] [[50096,0],0] ORTE_ERROR_LOG: Data unpack would read past end of buffer in file ../../../orte/util/show_help.c at line 513
[cuda8:130752] 18 more processes have sent help message help-mpi-btl-tcp.txt / invalid if_inexclude
[cuda8:130752] Set MCA parameter "orte_base_help_aggregate" to 0 to see all help / error messages
--------------------------------------------------------------------------
WARNING: An invalid value was given for btl_tcp_if_exclude.  This
value will be ignored.

  Local host: cuda8
  Value:      "wg0 lo"
  Message:    Invalid specification (missing "/")
--------------------------------------------------------------------------
[cuda8:130973] 1 more process has sent help message help-mpi-btl-tcp.txt / invalid if_inexclude
[cuda8:130973] Set MCA parameter "orte_base_help_aggregate" to 0 to see all help / error messages
[cuda8:130973] 7 more processes have sent help message help-mpi-btl-tcp.txt / invalid if_inexclude
[cuda8:130973] 15 more processes have sent help message help-mpi-btl-tcp.txt / invalid if_inexclude
