--------------------------------------------------------------------------
WARNING: An invalid value was given for btl_tcp_if_exclude.  This
value will be ignored.

  Local host: cuda7
  Value:      "wg0 lo"
  Message:    Invalid specification (missing "/")
--------------------------------------------------------------------------
[cuda7:177292] 23 more processes have sent help message help-mpi-btl-tcp.txt / invalid if_inexclude
[cuda7:177292] Set MCA parameter "orte_base_help_aggregate" to 0 to see all help / error messages
--------------------------------------------------------------------------
A system call failed during shared memory initialization that should
not have.  It is likely that your MPI job will now either abort or
experience performance degradation.

  Local host:  cuda7
  System call: unlink(2) /dev/shm/vader_segment.cuda7.1009.c7260001.4
  Error:       No such file or directory (errno 2)
--------------------------------------------------------------------------
[cuda7:177292] 23 more processes have sent help message help-opal-shmem-mmap.txt / sys call fail
--------------------------------------------------------------------------
WARNING: An invalid value was given for btl_tcp_if_exclude.  This
value will be ignored.

  Local host: cuda7
  Value:      "wg0 lo"
  Message:    Invalid specification (missing "/")
--------------------------------------------------------------------------
[cuda7:177400] 23 more processes have sent help message help-mpi-btl-tcp.txt / invalid if_inexclude
[cuda7:177400] Set MCA parameter "orte_base_help_aggregate" to 0 to see all help / error messages
--------------------------------------------------------------------------
WARNING: An invalid value was given for btl_tcp_if_exclude.  This
value will be ignored.

  Local host: cuda7
  Value:      "wg0 lo"
  Message:    Invalid specification (missing "/")
--------------------------------------------------------------------------
[cuda7:177513] 23 more processes have sent help message help-mpi-btl-tcp.txt / invalid if_inexclude
[cuda7:177513] Set MCA parameter "orte_base_help_aggregate" to 0 to see all help / error messages
--------------------------------------------------------------------------
WARNING: An invalid value was given for btl_tcp_if_exclude.  This
value will be ignored.

  Local host: cuda7
  Value:      "wg0 lo"
  Message:    Invalid specification (missing "/")
--------------------------------------------------------------------------
[cuda7:177672] 23 more processes have sent help message help-mpi-btl-tcp.txt / invalid if_inexclude
[cuda7:177672] Set MCA parameter "orte_base_help_aggregate" to 0 to see all help / error messages
--------------------------------------------------------------------------
WARNING: An invalid value was given for btl_tcp_if_exclude.  This
value will be ignored.

  Local host: cuda7
  Value:      "wg0 lo"
  Message:    Invalid specification (missing "/")
--------------------------------------------------------------------------
[cuda7:177775] 23 more processes have sent help message help-mpi-btl-tcp.txt / invalid if_inexclude
[cuda7:177775] Set MCA parameter "orte_base_help_aggregate" to 0 to see all help / error messages
--------------------------------------------------------------------------
WARNING: An invalid value was given for btl_tcp_if_exclude.  This
value will be ignored.

  Local host: cuda7
  Value:      "wg0 lo"
  Message:    Invalid specification (missing "/")
--------------------------------------------------------------------------
[cuda7:177879] [[50557,0],0] ORTE_ERROR_LOG: Data unpack would read past end of buffer in file ../../../orte/util/show_help.c at line 501
[cuda7:177879] 22 more processes have sent help message help-mpi-btl-tcp.txt / invalid if_inexclude
[cuda7:177879] Set MCA parameter "orte_base_help_aggregate" to 0 to see all help / error messages
--------------------------------------------------------------------------
WARNING: An invalid value was given for btl_tcp_if_exclude.  This
value will be ignored.

  Local host: cuda7
  Value:      "wg0 lo"
  Message:    Invalid specification (missing "/")
--------------------------------------------------------------------------
[cuda7:177980] 23 more processes have sent help message help-mpi-btl-tcp.txt / invalid if_inexclude
[cuda7:177980] Set MCA parameter "orte_base_help_aggregate" to 0 to see all help / error messages
--------------------------------------------------------------------------
WARNING: An invalid value was given for btl_tcp_if_exclude.  This
value will be ignored.

  Local host: cuda7
  Value:      "wg0 lo"
  Message:    Invalid specification (missing "/")
--------------------------------------------------------------------------
[cuda7:178082] 23 more processes have sent help message help-mpi-btl-tcp.txt / invalid if_inexclude
[cuda7:178082] Set MCA parameter "orte_base_help_aggregate" to 0 to see all help / error messages
--------------------------------------------------------------------------
WARNING: An invalid value was given for btl_tcp_if_exclude.  This
value will be ignored.

  Local host: cuda7
  Value:      "wg0 lo"
  Message:    Invalid specification (missing "/")
--------------------------------------------------------------------------
[cuda7:178183] 23 more processes have sent help message help-mpi-btl-tcp.txt / invalid if_inexclude
[cuda7:178183] Set MCA parameter "orte_base_help_aggregate" to 0 to see all help / error messages
--------------------------------------------------------------------------
WARNING: An invalid value was given for btl_tcp_if_exclude.  This
value will be ignored.

  Local host: cuda7
  Value:      "wg0 lo"
  Message:    Invalid specification (missing "/")
--------------------------------------------------------------------------
[cuda7:178290] 23 more processes have sent help message help-mpi-btl-tcp.txt / invalid if_inexclude
[cuda7:178290] Set MCA parameter "orte_base_help_aggregate" to 0 to see all help / error messages
--------------------------------------------------------------------------
WARNING: An invalid value was given for btl_tcp_if_exclude.  This
value will be ignored.

  Local host: cuda7
  Value:      "wg0 lo"
  Message:    Invalid specification (missing "/")
--------------------------------------------------------------------------
[cuda7:178394] 23 more processes have sent help message help-mpi-btl-tcp.txt / invalid if_inexclude
[cuda7:178394] Set MCA parameter "orte_base_help_aggregate" to 0 to see all help / error messages
--------------------------------------------------------------------------
WARNING: An invalid value was given for btl_tcp_if_exclude.  This
value will be ignored.

  Local host: cuda7
  Value:      "wg0 lo"
  Message:    Invalid specification (missing "/")
--------------------------------------------------------------------------
[cuda7:178499] 23 more processes have sent help message help-mpi-btl-tcp.txt / invalid if_inexclude
[cuda7:178499] Set MCA parameter "orte_base_help_aggregate" to 0 to see all help / error messages
--------------------------------------------------------------------------
WARNING: An invalid value was given for btl_tcp_if_exclude.  This
value will be ignored.

  Local host: cuda7
  Value:      "wg0 lo"
  Message:    Invalid specification (missing "/")
--------------------------------------------------------------------------
[cuda7:178600] 23 more processes have sent help message help-mpi-btl-tcp.txt / invalid if_inexclude
[cuda7:178600] Set MCA parameter "orte_base_help_aggregate" to 0 to see all help / error messages
--------------------------------------------------------------------------
WARNING: An invalid value was given for btl_tcp_if_exclude.  This
value will be ignored.

  Local host: cuda7
  Value:      "wg0 lo"
  Message:    Invalid specification (missing "/")
--------------------------------------------------------------------------
[cuda7:178703] 23 more processes have sent help message help-mpi-btl-tcp.txt / invalid if_inexclude
[cuda7:178703] Set MCA parameter "orte_base_help_aggregate" to 0 to see all help / error messages
--------------------------------------------------------------------------
WARNING: An invalid value was given for btl_tcp_if_exclude.  This
value will be ignored.

  Local host: cuda7
  Value:      "wg0 lo"
  Message:    Invalid specification (missing "/")
--------------------------------------------------------------------------
[cuda7:178804] 23 more processes have sent help message help-mpi-btl-tcp.txt / invalid if_inexclude
[cuda7:178804] Set MCA parameter "orte_base_help_aggregate" to 0 to see all help / error messages
--------------------------------------------------------------------------
WARNING: An invalid value was given for btl_tcp_if_exclude.  This
value will be ignored.

  Local host: cuda7
  Value:      "wg0 lo"
  Message:    Invalid specification (missing "/")
--------------------------------------------------------------------------
[cuda7:178908] 23 more processes have sent help message help-mpi-btl-tcp.txt / invalid if_inexclude
[cuda7:178908] Set MCA parameter "orte_base_help_aggregate" to 0 to see all help / error messages
--------------------------------------------------------------------------
WARNING: An invalid value was given for btl_tcp_if_exclude.  This
value will be ignored.

  Local host: cuda7
  Value:      "wg0 lo"
  Message:    Invalid specification (missing "/")
--------------------------------------------------------------------------
[cuda7:179013] [[51439,0],0] ORTE_ERROR_LOG: Data unpack would read past end of buffer in file ../../../orte/util/show_help.c at line 501
[cuda7:179013] 22 more processes have sent help message help-mpi-btl-tcp.txt / invalid if_inexclude
[cuda7:179013] Set MCA parameter "orte_base_help_aggregate" to 0 to see all help / error messages
--------------------------------------------------------------------------
WARNING: An invalid value was given for btl_tcp_if_exclude.  This
value will be ignored.

  Local host: cuda7
  Value:      "wg0 lo"
  Message:    Invalid specification (missing "/")
--------------------------------------------------------------------------
[cuda7:179119] 23 more processes have sent help message help-mpi-btl-tcp.txt / invalid if_inexclude
[cuda7:179119] Set MCA parameter "orte_base_help_aggregate" to 0 to see all help / error messages
--------------------------------------------------------------------------
WARNING: An invalid value was given for btl_tcp_if_exclude.  This
value will be ignored.

  Local host: cuda7
  Value:      "wg0 lo"
  Message:    Invalid specification (missing "/")
--------------------------------------------------------------------------
[cuda7:179220] 23 more processes have sent help message help-mpi-btl-tcp.txt / invalid if_inexclude
[cuda7:179220] Set MCA parameter "orte_base_help_aggregate" to 0 to see all help / error messages
--------------------------------------------------------------------------
WARNING: An invalid value was given for btl_tcp_if_exclude.  This
value will be ignored.

  Local host: cuda7
  Value:      "wg0 lo"
  Message:    Invalid specification (missing "/")
--------------------------------------------------------------------------
[cuda7:179322] 23 more processes have sent help message help-mpi-btl-tcp.txt / invalid if_inexclude
[cuda7:179322] Set MCA parameter "orte_base_help_aggregate" to 0 to see all help / error messages
--------------------------------------------------------------------------
WARNING: An invalid value was given for btl_tcp_if_exclude.  This
value will be ignored.

  Local host: cuda7
  Value:      "wg0 lo"
  Message:    Invalid specification (missing "/")
--------------------------------------------------------------------------
[cuda7:179423] 23 more processes have sent help message help-mpi-btl-tcp.txt / invalid if_inexclude
[cuda7:179423] Set MCA parameter "orte_base_help_aggregate" to 0 to see all help / error messages
--------------------------------------------------------------------------
WARNING: An invalid value was given for btl_tcp_if_exclude.  This
value will be ignored.

  Local host: cuda7
  Value:      "wg0 lo"
  Message:    Invalid specification (missing "/")
--------------------------------------------------------------------------
[cuda7:179527] 23 more processes have sent help message help-mpi-btl-tcp.txt / invalid if_inexclude
[cuda7:179527] Set MCA parameter "orte_base_help_aggregate" to 0 to see all help / error messages
--------------------------------------------------------------------------
WARNING: An invalid value was given for btl_tcp_if_exclude.  This
value will be ignored.

  Local host: cuda7
  Value:      "wg0 lo"
  Message:    Invalid specification (missing "/")
--------------------------------------------------------------------------
[cuda7:179630] 23 more processes have sent help message help-mpi-btl-tcp.txt / invalid if_inexclude
[cuda7:179630] Set MCA parameter "orte_base_help_aggregate" to 0 to see all help / error messages
--------------------------------------------------------------------------
WARNING: An invalid value was given for btl_tcp_if_exclude.  This
value will be ignored.

  Local host: cuda7
  Value:      "wg0 lo"
  Message:    Invalid specification (missing "/")
--------------------------------------------------------------------------
[cuda7:179735] 23 more processes have sent help message help-mpi-btl-tcp.txt / invalid if_inexclude
[cuda7:179735] Set MCA parameter "orte_base_help_aggregate" to 0 to see all help / error messages
--------------------------------------------------------------------------
WARNING: An invalid value was given for btl_tcp_if_exclude.  This
value will be ignored.

  Local host: cuda7
  Value:      "wg0 lo"
  Message:    Invalid specification (missing "/")
--------------------------------------------------------------------------
[cuda7:179836] 23 more processes have sent help message help-mpi-btl-tcp.txt / invalid if_inexclude
[cuda7:179836] Set MCA parameter "orte_base_help_aggregate" to 0 to see all help / error messages
--------------------------------------------------------------------------
WARNING: An invalid value was given for btl_tcp_if_exclude.  This
value will be ignored.

  Local host: cuda7
  Value:      "wg0 lo"
  Message:    Invalid specification (missing "/")
--------------------------------------------------------------------------
[cuda7:179938] [[52552,0],0] ORTE_ERROR_LOG: Data unpack would read past end of buffer in file ../../../orte/util/show_help.c at line 501
[cuda7:179938] 22 more processes have sent help message help-mpi-btl-tcp.txt / invalid if_inexclude
[cuda7:179938] Set MCA parameter "orte_base_help_aggregate" to 0 to see all help / error messages
--------------------------------------------------------------------------
WARNING: An invalid value was given for btl_tcp_if_exclude.  This
value will be ignored.

  Local host: cuda7
  Value:      "wg0 lo"
  Message:    Invalid specification (missing "/")
--------------------------------------------------------------------------
[cuda7:180039] 23 more processes have sent help message help-mpi-btl-tcp.txt / invalid if_inexclude
[cuda7:180039] Set MCA parameter "orte_base_help_aggregate" to 0 to see all help / error messages
--------------------------------------------------------------------------
WARNING: An invalid value was given for btl_tcp_if_exclude.  This
value will be ignored.

  Local host: cuda7
  Value:      "wg0 lo"
  Message:    Invalid specification (missing "/")
--------------------------------------------------------------------------
[cuda7:180142] 23 more processes have sent help message help-mpi-btl-tcp.txt / invalid if_inexclude
[cuda7:180142] Set MCA parameter "orte_base_help_aggregate" to 0 to see all help / error messages
--------------------------------------------------------------------------
WARNING: An invalid value was given for btl_tcp_if_exclude.  This
value will be ignored.

  Local host: cuda7
  Value:      "wg0 lo"
  Message:    Invalid specification (missing "/")
--------------------------------------------------------------------------
[cuda7:180245] 23 more processes have sent help message help-mpi-btl-tcp.txt / invalid if_inexclude
[cuda7:180245] Set MCA parameter "orte_base_help_aggregate" to 0 to see all help / error messages
--------------------------------------------------------------------------
WARNING: An invalid value was given for btl_tcp_if_exclude.  This
value will be ignored.

  Local host: cuda7
  Value:      "wg0 lo"
  Message:    Invalid specification (missing "/")
--------------------------------------------------------------------------
[cuda7:180350] 23 more processes have sent help message help-mpi-btl-tcp.txt / invalid if_inexclude
[cuda7:180350] Set MCA parameter "orte_base_help_aggregate" to 0 to see all help / error messages
[cuda7:180452] [[45902,0],0] ORTE_ERROR_LOG: Data unpack would read past end of buffer in file ../../../orte/util/show_help.c at line 501
--------------------------------------------------------------------------
WARNING: An invalid value was given for btl_tcp_if_exclude.  This
value will be ignored.

  Local host: cuda7
  Value:      "wg0 lo"
  Message:    Invalid specification (missing "/")
--------------------------------------------------------------------------
[cuda7:180452] [[45902,0],0] ORTE_ERROR_LOG: Data unpack would read past end of buffer in file ../../../orte/util/show_help.c at line 501
[cuda7:180452] 21 more processes have sent help message help-mpi-btl-tcp.txt / invalid if_inexclude
[cuda7:180452] Set MCA parameter "orte_base_help_aggregate" to 0 to see all help / error messages
--------------------------------------------------------------------------
WARNING: An invalid value was given for btl_tcp_if_exclude.  This
value will be ignored.

  Local host: cuda7
  Value:      "wg0 lo"
  Message:    Invalid specification (missing "/")
--------------------------------------------------------------------------
[cuda7:180557] 23 more processes have sent help message help-mpi-btl-tcp.txt / invalid if_inexclude
[cuda7:180557] Set MCA parameter "orte_base_help_aggregate" to 0 to see all help / error messages
--------------------------------------------------------------------------
WARNING: An invalid value was given for btl_tcp_if_exclude.  This
value will be ignored.

  Local host: cuda7
  Value:      "wg0 lo"
  Message:    Invalid specification (missing "/")
--------------------------------------------------------------------------
[cuda7:180658] 23 more processes have sent help message help-mpi-btl-tcp.txt / invalid if_inexclude
[cuda7:180658] Set MCA parameter "orte_base_help_aggregate" to 0 to see all help / error messages
--------------------------------------------------------------------------
WARNING: An invalid value was given for btl_tcp_if_exclude.  This
value will be ignored.

  Local host: cuda7
  Value:      "wg0 lo"
  Message:    Invalid specification (missing "/")
--------------------------------------------------------------------------
[cuda7:180761] 23 more processes have sent help message help-mpi-btl-tcp.txt / invalid if_inexclude
[cuda7:180761] Set MCA parameter "orte_base_help_aggregate" to 0 to see all help / error messages
--------------------------------------------------------------------------
WARNING: An invalid value was given for btl_tcp_if_exclude.  This
value will be ignored.

  Local host: cuda7
  Value:      "wg0 lo"
  Message:    Invalid specification (missing "/")
--------------------------------------------------------------------------
[cuda7:180864] 23 more processes have sent help message help-mpi-btl-tcp.txt / invalid if_inexclude
[cuda7:180864] Set MCA parameter "orte_base_help_aggregate" to 0 to see all help / error messages
--------------------------------------------------------------------------
WARNING: An invalid value was given for btl_tcp_if_exclude.  This
value will be ignored.

  Local host: cuda7
  Value:      "wg0 lo"
  Message:    Invalid specification (missing "/")
--------------------------------------------------------------------------
[cuda7:180971] 23 more processes have sent help message help-mpi-btl-tcp.txt / invalid if_inexclude
[cuda7:180971] Set MCA parameter "orte_base_help_aggregate" to 0 to see all help / error messages
--------------------------------------------------------------------------
WARNING: An invalid value was given for btl_tcp_if_exclude.  This
value will be ignored.

  Local host: cuda7
  Value:      "wg0 lo"
  Message:    Invalid specification (missing "/")
--------------------------------------------------------------------------
[cuda7:181072] 23 more processes have sent help message help-mpi-btl-tcp.txt / invalid if_inexclude
[cuda7:181072] Set MCA parameter "orte_base_help_aggregate" to 0 to see all help / error messages
--------------------------------------------------------------------------
WARNING: An invalid value was given for btl_tcp_if_exclude.  This
value will be ignored.

  Local host: cuda7
  Value:      "wg0 lo"
  Message:    Invalid specification (missing "/")
--------------------------------------------------------------------------
[cuda7:181176] 23 more processes have sent help message help-mpi-btl-tcp.txt / invalid if_inexclude
[cuda7:181176] Set MCA parameter "orte_base_help_aggregate" to 0 to see all help / error messages
--------------------------------------------------------------------------
WARNING: An invalid value was given for btl_tcp_if_exclude.  This
value will be ignored.

  Local host: cuda7
  Value:      "wg0 lo"
  Message:    Invalid specification (missing "/")
--------------------------------------------------------------------------
[cuda7:181278] 23 more processes have sent help message help-mpi-btl-tcp.txt / invalid if_inexclude
[cuda7:181278] Set MCA parameter "orte_base_help_aggregate" to 0 to see all help / error messages
--------------------------------------------------------------------------
WARNING: An invalid value was given for btl_tcp_if_exclude.  This
value will be ignored.

  Local host: cuda7
  Value:      "wg0 lo"
  Message:    Invalid specification (missing "/")
--------------------------------------------------------------------------
[cuda7:181382] 23 more processes have sent help message help-mpi-btl-tcp.txt / invalid if_inexclude
[cuda7:181382] Set MCA parameter "orte_base_help_aggregate" to 0 to see all help / error messages
--------------------------------------------------------------------------
WARNING: An invalid value was given for btl_tcp_if_exclude.  This
value will be ignored.

  Local host: cuda7
  Value:      "wg0 lo"
  Message:    Invalid specification (missing "/")
--------------------------------------------------------------------------
[cuda7:181485] 23 more processes have sent help message help-mpi-btl-tcp.txt / invalid if_inexclude
[cuda7:181485] Set MCA parameter "orte_base_help_aggregate" to 0 to see all help / error messages
--------------------------------------------------------------------------
WARNING: An invalid value was given for btl_tcp_if_exclude.  This
value will be ignored.

  Local host: cuda7
  Value:      "wg0 lo"
  Message:    Invalid specification (missing "/")
--------------------------------------------------------------------------
[cuda7:181589] 23 more processes have sent help message help-mpi-btl-tcp.txt / invalid if_inexclude
[cuda7:181589] Set MCA parameter "orte_base_help_aggregate" to 0 to see all help / error messages
--------------------------------------------------------------------------
WARNING: An invalid value was given for btl_tcp_if_exclude.  This
value will be ignored.

  Local host: cuda7
  Value:      "wg0 lo"
  Message:    Invalid specification (missing "/")
--------------------------------------------------------------------------
[cuda7:181690] 23 more processes have sent help message help-mpi-btl-tcp.txt / invalid if_inexclude
[cuda7:181690] Set MCA parameter "orte_base_help_aggregate" to 0 to see all help / error messages
--------------------------------------------------------------------------
WARNING: An invalid value was given for btl_tcp_if_exclude.  This
value will be ignored.

  Local host: cuda7
  Value:      "wg0 lo"
  Message:    Invalid specification (missing "/")
--------------------------------------------------------------------------
[cuda7:181792] 23 more processes have sent help message help-mpi-btl-tcp.txt / invalid if_inexclude
[cuda7:181792] Set MCA parameter "orte_base_help_aggregate" to 0 to see all help / error messages
--------------------------------------------------------------------------
WARNING: An invalid value was given for btl_tcp_if_exclude.  This
value will be ignored.

  Local host: cuda7
  Value:      "wg0 lo"
  Message:    Invalid specification (missing "/")
--------------------------------------------------------------------------
[cuda7:181894] 23 more processes have sent help message help-mpi-btl-tcp.txt / invalid if_inexclude
[cuda7:181894] Set MCA parameter "orte_base_help_aggregate" to 0 to see all help / error messages
--------------------------------------------------------------------------
WARNING: An invalid value was given for btl_tcp_if_exclude.  This
value will be ignored.

  Local host: cuda7
  Value:      "wg0 lo"
  Message:    Invalid specification (missing "/")
--------------------------------------------------------------------------
[cuda7:182003] 23 more processes have sent help message help-mpi-btl-tcp.txt / invalid if_inexclude
[cuda7:182003] Set MCA parameter "orte_base_help_aggregate" to 0 to see all help / error messages
--------------------------------------------------------------------------
WARNING: An invalid value was given for btl_tcp_if_exclude.  This
value will be ignored.

  Local host: cuda7
  Value:      "wg0 lo"
  Message:    Invalid specification (missing "/")
--------------------------------------------------------------------------
[cuda7:182106] 23 more processes have sent help message help-mpi-btl-tcp.txt / invalid if_inexclude
[cuda7:182106] Set MCA parameter "orte_base_help_aggregate" to 0 to see all help / error messages
--------------------------------------------------------------------------
WARNING: An invalid value was given for btl_tcp_if_exclude.  This
value will be ignored.

  Local host: cuda7
  Value:      "wg0 lo"
  Message:    Invalid specification (missing "/")
--------------------------------------------------------------------------
[cuda7:182211] 23 more processes have sent help message help-mpi-btl-tcp.txt / invalid if_inexclude
[cuda7:182211] Set MCA parameter "orte_base_help_aggregate" to 0 to see all help / error messages
--------------------------------------------------------------------------
WARNING: An invalid value was given for btl_tcp_if_exclude.  This
value will be ignored.

  Local host: cuda7
  Value:      "wg0 lo"
  Message:    Invalid specification (missing "/")
--------------------------------------------------------------------------
[cuda7:182312] 23 more processes have sent help message help-mpi-btl-tcp.txt / invalid if_inexclude
[cuda7:182312] Set MCA parameter "orte_base_help_aggregate" to 0 to see all help / error messages
--------------------------------------------------------------------------
WARNING: An invalid value was given for btl_tcp_if_exclude.  This
value will be ignored.

  Local host: cuda7
  Value:      "wg0 lo"
  Message:    Invalid specification (missing "/")
--------------------------------------------------------------------------
[cuda7:182416] 23 more processes have sent help message help-mpi-btl-tcp.txt / invalid if_inexclude
[cuda7:182416] Set MCA parameter "orte_base_help_aggregate" to 0 to see all help / error messages
--------------------------------------------------------------------------
WARNING: An invalid value was given for btl_tcp_if_exclude.  This
value will be ignored.

  Local host: cuda7
  Value:      "wg0 lo"
  Message:    Invalid specification (missing "/")
--------------------------------------------------------------------------
[cuda7:182517] 23 more processes have sent help message help-mpi-btl-tcp.txt / invalid if_inexclude
[cuda7:182517] Set MCA parameter "orte_base_help_aggregate" to 0 to see all help / error messages
--------------------------------------------------------------------------
WARNING: An invalid value was given for btl_tcp_if_exclude.  This
value will be ignored.

  Local host: cuda7
  Value:      "wg0 lo"
  Message:    Invalid specification (missing "/")
--------------------------------------------------------------------------
[cuda7:182620] 23 more processes have sent help message help-mpi-btl-tcp.txt / invalid if_inexclude
[cuda7:182620] Set MCA parameter "orte_base_help_aggregate" to 0 to see all help / error messages
--------------------------------------------------------------------------
WARNING: An invalid value was given for btl_tcp_if_exclude.  This
value will be ignored.

  Local host: cuda7
  Value:      "wg0 lo"
  Message:    Invalid specification (missing "/")
--------------------------------------------------------------------------
[cuda7:182723] 23 more processes have sent help message help-mpi-btl-tcp.txt / invalid if_inexclude
[cuda7:182723] Set MCA parameter "orte_base_help_aggregate" to 0 to see all help / error messages
--------------------------------------------------------------------------
WARNING: An invalid value was given for btl_tcp_if_exclude.  This
value will be ignored.

  Local host: cuda7
  Value:      "wg0 lo"
  Message:    Invalid specification (missing "/")
--------------------------------------------------------------------------
[cuda7:182831] 23 more processes have sent help message help-mpi-btl-tcp.txt / invalid if_inexclude
[cuda7:182831] Set MCA parameter "orte_base_help_aggregate" to 0 to see all help / error messages
--------------------------------------------------------------------------
WARNING: An invalid value was given for btl_tcp_if_exclude.  This
value will be ignored.

  Local host: cuda7
  Value:      "wg0 lo"
  Message:    Invalid specification (missing "/")
--------------------------------------------------------------------------
[cuda7:182932] 23 more processes have sent help message help-mpi-btl-tcp.txt / invalid if_inexclude
[cuda7:182932] Set MCA parameter "orte_base_help_aggregate" to 0 to see all help / error messages
--------------------------------------------------------------------------
WARNING: An invalid value was given for btl_tcp_if_exclude.  This
value will be ignored.

  Local host: cuda7
  Value:      "wg0 lo"
  Message:    Invalid specification (missing "/")
--------------------------------------------------------------------------
[cuda7:183034] 23 more processes have sent help message help-mpi-btl-tcp.txt / invalid if_inexclude
[cuda7:183034] Set MCA parameter "orte_base_help_aggregate" to 0 to see all help / error messages
--------------------------------------------------------------------------
WARNING: An invalid value was given for btl_tcp_if_exclude.  This
value will be ignored.

  Local host: cuda7
  Value:      "wg0 lo"
  Message:    Invalid specification (missing "/")
--------------------------------------------------------------------------
[cuda7:183135] 23 more processes have sent help message help-mpi-btl-tcp.txt / invalid if_inexclude
[cuda7:183135] Set MCA parameter "orte_base_help_aggregate" to 0 to see all help / error messages
--------------------------------------------------------------------------
WARNING: An invalid value was given for btl_tcp_if_exclude.  This
value will be ignored.

  Local host: cuda7
  Value:      "wg0 lo"
  Message:    Invalid specification (missing "/")
--------------------------------------------------------------------------
[cuda7:183239] 23 more processes have sent help message help-mpi-btl-tcp.txt / invalid if_inexclude
[cuda7:183239] Set MCA parameter "orte_base_help_aggregate" to 0 to see all help / error messages
--------------------------------------------------------------------------
WARNING: An invalid value was given for btl_tcp_if_exclude.  This
value will be ignored.

  Local host: cuda7
  Value:      "wg0 lo"
  Message:    Invalid specification (missing "/")
--------------------------------------------------------------------------
[cuda7:183343] 23 more processes have sent help message help-mpi-btl-tcp.txt / invalid if_inexclude
[cuda7:183343] Set MCA parameter "orte_base_help_aggregate" to 0 to see all help / error messages
--------------------------------------------------------------------------
WARNING: An invalid value was given for btl_tcp_if_exclude.  This
value will be ignored.

  Local host: cuda7
  Value:      "wg0 lo"
  Message:    Invalid specification (missing "/")
--------------------------------------------------------------------------
[cuda7:183448] 23 more processes have sent help message help-mpi-btl-tcp.txt / invalid if_inexclude
[cuda7:183448] Set MCA parameter "orte_base_help_aggregate" to 0 to see all help / error messages
--------------------------------------------------------------------------
WARNING: An invalid value was given for btl_tcp_if_exclude.  This
value will be ignored.

  Local host: cuda7
  Value:      "wg0 lo"
  Message:    Invalid specification (missing "/")
--------------------------------------------------------------------------
[cuda7:183549] 23 more processes have sent help message help-mpi-btl-tcp.txt / invalid if_inexclude
[cuda7:183549] Set MCA parameter "orte_base_help_aggregate" to 0 to see all help / error messages
--------------------------------------------------------------------------
WARNING: An invalid value was given for btl_tcp_if_exclude.  This
value will be ignored.

  Local host: cuda7
  Value:      "wg0 lo"
  Message:    Invalid specification (missing "/")
--------------------------------------------------------------------------
[cuda7:183653] 23 more processes have sent help message help-mpi-btl-tcp.txt / invalid if_inexclude
[cuda7:183653] Set MCA parameter "orte_base_help_aggregate" to 0 to see all help / error messages
--------------------------------------------------------------------------
WARNING: An invalid value was given for btl_tcp_if_exclude.  This
value will be ignored.

  Local host: cuda7
  Value:      "wg0 lo"
  Message:    Invalid specification (missing "/")
--------------------------------------------------------------------------
[cuda7:183754] 23 more processes have sent help message help-mpi-btl-tcp.txt / invalid if_inexclude
[cuda7:183754] Set MCA parameter "orte_base_help_aggregate" to 0 to see all help / error messages
--------------------------------------------------------------------------
WARNING: An invalid value was given for btl_tcp_if_exclude.  This
value will be ignored.

  Local host: cuda7
  Value:      "wg0 lo"
  Message:    Invalid specification (missing "/")
--------------------------------------------------------------------------
[cuda7:183856] 23 more processes have sent help message help-mpi-btl-tcp.txt / invalid if_inexclude
[cuda7:183856] Set MCA parameter "orte_base_help_aggregate" to 0 to see all help / error messages
--------------------------------------------------------------------------
WARNING: An invalid value was given for btl_tcp_if_exclude.  This
value will be ignored.

  Local host: cuda7
  Value:      "wg0 lo"
  Message:    Invalid specification (missing "/")
--------------------------------------------------------------------------
[cuda7:183959] 23 more processes have sent help message help-mpi-btl-tcp.txt / invalid if_inexclude
[cuda7:183959] Set MCA parameter "orte_base_help_aggregate" to 0 to see all help / error messages
--------------------------------------------------------------------------
WARNING: An invalid value was given for btl_tcp_if_exclude.  This
value will be ignored.

  Local host: cuda7
  Value:      "wg0 lo"
  Message:    Invalid specification (missing "/")
--------------------------------------------------------------------------
[cuda7:184063] 23 more processes have sent help message help-mpi-btl-tcp.txt / invalid if_inexclude
[cuda7:184063] Set MCA parameter "orte_base_help_aggregate" to 0 to see all help / error messages
--------------------------------------------------------------------------
WARNING: An invalid value was given for btl_tcp_if_exclude.  This
value will be ignored.

  Local host: cuda7
  Value:      "wg0 lo"
  Message:    Invalid specification (missing "/")
--------------------------------------------------------------------------
[cuda7:184164] [[48334,0],0] ORTE_ERROR_LOG: Out of resource in file ../../../orte/util/show_help.c at line 507
[cuda7:184164] [[48334,0],0] ORTE_ERROR_LOG: Data unpack would read past end of buffer in file ../../../orte/util/show_help.c at line 501
[cuda7:184164] [[48334,0],0] ORTE_ERROR_LOG: Data unpack would read past end of buffer in file ../../../orte/util/show_help.c at line 501
[cuda7:184164] 20 more processes have sent help message help-mpi-btl-tcp.txt / invalid if_inexclude
[cuda7:184164] Set MCA parameter "orte_base_help_aggregate" to 0 to see all help / error messages
--------------------------------------------------------------------------
WARNING: An invalid value was given for btl_tcp_if_exclude.  This
value will be ignored.

  Local host: cuda7
  Value:      "wg0 lo"
  Message:    Invalid specification (missing "/")
--------------------------------------------------------------------------
[cuda7:184266] 23 more processes have sent help message help-mpi-btl-tcp.txt / invalid if_inexclude
[cuda7:184266] Set MCA parameter "orte_base_help_aggregate" to 0 to see all help / error messages
--------------------------------------------------------------------------
WARNING: An invalid value was given for btl_tcp_if_exclude.  This
value will be ignored.

  Local host: cuda7
  Value:      "wg0 lo"
  Message:    Invalid specification (missing "/")
--------------------------------------------------------------------------
[cuda7:184367] 23 more processes have sent help message help-mpi-btl-tcp.txt / invalid if_inexclude
[cuda7:184367] Set MCA parameter "orte_base_help_aggregate" to 0 to see all help / error messages
--------------------------------------------------------------------------
WARNING: An invalid value was given for btl_tcp_if_exclude.  This
value will be ignored.

  Local host: cuda7
  Value:      "wg0 lo"
  Message:    Invalid specification (missing "/")
--------------------------------------------------------------------------
[cuda7:184470] 23 more processes have sent help message help-mpi-btl-tcp.txt / invalid if_inexclude
[cuda7:184470] Set MCA parameter "orte_base_help_aggregate" to 0 to see all help / error messages
--------------------------------------------------------------------------
WARNING: An invalid value was given for btl_tcp_if_exclude.  This
value will be ignored.

  Local host: cuda7
  Value:      "wg0 lo"
  Message:    Invalid specification (missing "/")
--------------------------------------------------------------------------
[cuda7:184573] 23 more processes have sent help message help-mpi-btl-tcp.txt / invalid if_inexclude
[cuda7:184573] Set MCA parameter "orte_base_help_aggregate" to 0 to see all help / error messages
--------------------------------------------------------------------------
WARNING: An invalid value was given for btl_tcp_if_exclude.  This
value will be ignored.

  Local host: cuda7
  Value:      "wg0 lo"
  Message:    Invalid specification (missing "/")
--------------------------------------------------------------------------
[cuda7:184680] 23 more processes have sent help message help-mpi-btl-tcp.txt / invalid if_inexclude
[cuda7:184680] Set MCA parameter "orte_base_help_aggregate" to 0 to see all help / error messages
--------------------------------------------------------------------------
WARNING: An invalid value was given for btl_tcp_if_exclude.  This
value will be ignored.

  Local host: cuda7
  Value:      "wg0 lo"
  Message:    Invalid specification (missing "/")
--------------------------------------------------------------------------
[cuda7:184782] 23 more processes have sent help message help-mpi-btl-tcp.txt / invalid if_inexclude
[cuda7:184782] Set MCA parameter "orte_base_help_aggregate" to 0 to see all help / error messages
--------------------------------------------------------------------------
WARNING: An invalid value was given for btl_tcp_if_exclude.  This
value will be ignored.

  Local host: cuda7
  Value:      "wg0 lo"
  Message:    Invalid specification (missing "/")
--------------------------------------------------------------------------
[cuda7:184884] 23 more processes have sent help message help-mpi-btl-tcp.txt / invalid if_inexclude
[cuda7:184884] Set MCA parameter "orte_base_help_aggregate" to 0 to see all help / error messages
--------------------------------------------------------------------------
WARNING: An invalid value was given for btl_tcp_if_exclude.  This
value will be ignored.

  Local host: cuda7
  Value:      "wg0 lo"
  Message:    Invalid specification (missing "/")
--------------------------------------------------------------------------
[cuda7:184985] 23 more processes have sent help message help-mpi-btl-tcp.txt / invalid if_inexclude
[cuda7:184985] Set MCA parameter "orte_base_help_aggregate" to 0 to see all help / error messages
--------------------------------------------------------------------------
WARNING: An invalid value was given for btl_tcp_if_exclude.  This
value will be ignored.

  Local host: cuda7
  Value:      "wg0 lo"
  Message:    Invalid specification (missing "/")
--------------------------------------------------------------------------
[cuda7:185090] 23 more processes have sent help message help-mpi-btl-tcp.txt / invalid if_inexclude
[cuda7:185090] Set MCA parameter "orte_base_help_aggregate" to 0 to see all help / error messages
--------------------------------------------------------------------------
WARNING: An invalid value was given for btl_tcp_if_exclude.  This
value will be ignored.

  Local host: cuda7
  Value:      "wg0 lo"
  Message:    Invalid specification (missing "/")
--------------------------------------------------------------------------
[cuda7:185193] 23 more processes have sent help message help-mpi-btl-tcp.txt / invalid if_inexclude
[cuda7:185193] Set MCA parameter "orte_base_help_aggregate" to 0 to see all help / error messages
--------------------------------------------------------------------------
WARNING: An invalid value was given for btl_tcp_if_exclude.  This
value will be ignored.

  Local host: cuda7
  Value:      "wg0 lo"
  Message:    Invalid specification (missing "/")
--------------------------------------------------------------------------
[cuda7:185301] 23 more processes have sent help message help-mpi-btl-tcp.txt / invalid if_inexclude
[cuda7:185301] Set MCA parameter "orte_base_help_aggregate" to 0 to see all help / error messages
--------------------------------------------------------------------------
WARNING: An invalid value was given for btl_tcp_if_exclude.  This
value will be ignored.

  Local host: cuda7
  Value:      "wg0 lo"
  Message:    Invalid specification (missing "/")
--------------------------------------------------------------------------
[cuda7:185402] 23 more processes have sent help message help-mpi-btl-tcp.txt / invalid if_inexclude
[cuda7:185402] Set MCA parameter "orte_base_help_aggregate" to 0 to see all help / error messages
--------------------------------------------------------------------------
WARNING: An invalid value was given for btl_tcp_if_exclude.  This
value will be ignored.

  Local host: cuda7
  Value:      "wg0 lo"
  Message:    Invalid specification (missing "/")
--------------------------------------------------------------------------
[cuda7:185506] 23 more processes have sent help message help-mpi-btl-tcp.txt / invalid if_inexclude
[cuda7:185506] Set MCA parameter "orte_base_help_aggregate" to 0 to see all help / error messages
--------------------------------------------------------------------------
WARNING: An invalid value was given for btl_tcp_if_exclude.  This
value will be ignored.

  Local host: cuda7
  Value:      "wg0 lo"
  Message:    Invalid specification (missing "/")
--------------------------------------------------------------------------
[cuda7:185607] 23 more processes have sent help message help-mpi-btl-tcp.txt / invalid if_inexclude
[cuda7:185607] Set MCA parameter "orte_base_help_aggregate" to 0 to see all help / error messages
--------------------------------------------------------------------------
WARNING: An invalid value was given for btl_tcp_if_exclude.  This
value will be ignored.

  Local host: cuda7
  Value:      "wg0 lo"
  Message:    Invalid specification (missing "/")
--------------------------------------------------------------------------
[cuda7:185709] 23 more processes have sent help message help-mpi-btl-tcp.txt / invalid if_inexclude
[cuda7:185709] Set MCA parameter "orte_base_help_aggregate" to 0 to see all help / error messages
--------------------------------------------------------------------------
WARNING: An invalid value was given for btl_tcp_if_exclude.  This
value will be ignored.

  Local host: cuda7
  Value:      "wg0 lo"
  Message:    Invalid specification (missing "/")
--------------------------------------------------------------------------
[cuda7:185812] 23 more processes have sent help message help-mpi-btl-tcp.txt / invalid if_inexclude
[cuda7:185812] Set MCA parameter "orte_base_help_aggregate" to 0 to see all help / error messages
--------------------------------------------------------------------------
WARNING: An invalid value was given for btl_tcp_if_exclude.  This
value will be ignored.

  Local host: cuda7
  Value:      "wg0 lo"
  Message:    Invalid specification (missing "/")
--------------------------------------------------------------------------
[cuda7:185919] 23 more processes have sent help message help-mpi-btl-tcp.txt / invalid if_inexclude
[cuda7:185919] Set MCA parameter "orte_base_help_aggregate" to 0 to see all help / error messages
--------------------------------------------------------------------------
WARNING: An invalid value was given for btl_tcp_if_exclude.  This
value will be ignored.

  Local host: cuda7
  Value:      "wg0 lo"
  Message:    Invalid specification (missing "/")
--------------------------------------------------------------------------
[cuda7:186020] 23 more processes have sent help message help-mpi-btl-tcp.txt / invalid if_inexclude
[cuda7:186020] Set MCA parameter "orte_base_help_aggregate" to 0 to see all help / error messages
--------------------------------------------------------------------------
WARNING: An invalid value was given for btl_tcp_if_exclude.  This
value will be ignored.

  Local host: cuda7
  Value:      "wg0 lo"
  Message:    Invalid specification (missing "/")
--------------------------------------------------------------------------
[cuda7:186122] 23 more processes have sent help message help-mpi-btl-tcp.txt / invalid if_inexclude
[cuda7:186122] Set MCA parameter "orte_base_help_aggregate" to 0 to see all help / error messages
--------------------------------------------------------------------------
WARNING: An invalid value was given for btl_tcp_if_exclude.  This
value will be ignored.

  Local host: cuda7
  Value:      "wg0 lo"
  Message:    Invalid specification (missing "/")
--------------------------------------------------------------------------
[cuda7:186224] 23 more processes have sent help message help-mpi-btl-tcp.txt / invalid if_inexclude
[cuda7:186224] Set MCA parameter "orte_base_help_aggregate" to 0 to see all help / error messages
--------------------------------------------------------------------------
WARNING: An invalid value was given for btl_tcp_if_exclude.  This
value will be ignored.

  Local host: cuda7
  Value:      "wg0 lo"
  Message:    Invalid specification (missing "/")
--------------------------------------------------------------------------
[cuda7:186326] 23 more processes have sent help message help-mpi-btl-tcp.txt / invalid if_inexclude
[cuda7:186326] Set MCA parameter "orte_base_help_aggregate" to 0 to see all help / error messages
--------------------------------------------------------------------------
WARNING: An invalid value was given for btl_tcp_if_exclude.  This
value will be ignored.

  Local host: cuda7
  Value:      "wg0 lo"
  Message:    Invalid specification (missing "/")
--------------------------------------------------------------------------
[cuda7:186430] [[43924,0],0] ORTE_ERROR_LOG: Data unpack would read past end of buffer in file ../../../orte/util/show_help.c at line 501
[cuda7:186430] 22 more processes have sent help message help-mpi-btl-tcp.txt / invalid if_inexclude
[cuda7:186430] Set MCA parameter "orte_base_help_aggregate" to 0 to see all help / error messages
--------------------------------------------------------------------------
WARNING: An invalid value was given for btl_tcp_if_exclude.  This
value will be ignored.

  Local host: cuda7
  Value:      "wg0 lo"
  Message:    Invalid specification (missing "/")
--------------------------------------------------------------------------
[cuda7:186535] 23 more processes have sent help message help-mpi-btl-tcp.txt / invalid if_inexclude
[cuda7:186535] Set MCA parameter "orte_base_help_aggregate" to 0 to see all help / error messages
--------------------------------------------------------------------------
WARNING: An invalid value was given for btl_tcp_if_exclude.  This
value will be ignored.

  Local host: cuda7
  Value:      "wg0 lo"
  Message:    Invalid specification (missing "/")
--------------------------------------------------------------------------
[cuda7:186636] 23 more processes have sent help message help-mpi-btl-tcp.txt / invalid if_inexclude
[cuda7:186636] Set MCA parameter "orte_base_help_aggregate" to 0 to see all help / error messages
--------------------------------------------------------------------------
WARNING: An invalid value was given for btl_tcp_if_exclude.  This
value will be ignored.

  Local host: cuda7
  Value:      "wg0 lo"
  Message:    Invalid specification (missing "/")
--------------------------------------------------------------------------
[cuda7:186738] 23 more processes have sent help message help-mpi-btl-tcp.txt / invalid if_inexclude
[cuda7:186738] Set MCA parameter "orte_base_help_aggregate" to 0 to see all help / error messages
--------------------------------------------------------------------------
WARNING: An invalid value was given for btl_tcp_if_exclude.  This
value will be ignored.

  Local host: cuda7
  Value:      "wg0 lo"
  Message:    Invalid specification (missing "/")
--------------------------------------------------------------------------
[cuda7:186839] 23 more processes have sent help message help-mpi-btl-tcp.txt / invalid if_inexclude
[cuda7:186839] Set MCA parameter "orte_base_help_aggregate" to 0 to see all help / error messages
--------------------------------------------------------------------------
WARNING: An invalid value was given for btl_tcp_if_exclude.  This
value will be ignored.

  Local host: cuda7
  Value:      "wg0 lo"
  Message:    Invalid specification (missing "/")
--------------------------------------------------------------------------
[cuda7:186943] 23 more processes have sent help message help-mpi-btl-tcp.txt / invalid if_inexclude
[cuda7:186943] Set MCA parameter "orte_base_help_aggregate" to 0 to see all help / error messages
--------------------------------------------------------------------------
WARNING: An invalid value was given for btl_tcp_if_exclude.  This
value will be ignored.

  Local host: cuda7
  Value:      "wg0 lo"
  Message:    Invalid specification (missing "/")
--------------------------------------------------------------------------
[cuda7:187046] 23 more processes have sent help message help-mpi-btl-tcp.txt / invalid if_inexclude
[cuda7:187046] Set MCA parameter "orte_base_help_aggregate" to 0 to see all help / error messages
--------------------------------------------------------------------------
WARNING: An invalid value was given for btl_tcp_if_exclude.  This
value will be ignored.

  Local host: cuda7
  Value:      "wg0 lo"
  Message:    Invalid specification (missing "/")
--------------------------------------------------------------------------
[cuda7:187150] 23 more processes have sent help message help-mpi-btl-tcp.txt / invalid if_inexclude
[cuda7:187150] Set MCA parameter "orte_base_help_aggregate" to 0 to see all help / error messages
--------------------------------------------------------------------------
WARNING: An invalid value was given for btl_tcp_if_exclude.  This
value will be ignored.

  Local host: cuda7
  Value:      "wg0 lo"
  Message:    Invalid specification (missing "/")
--------------------------------------------------------------------------
[cuda7:187251] 23 more processes have sent help message help-mpi-btl-tcp.txt / invalid if_inexclude
[cuda7:187251] Set MCA parameter "orte_base_help_aggregate" to 0 to see all help / error messages
--------------------------------------------------------------------------
WARNING: An invalid value was given for btl_tcp_if_exclude.  This
value will be ignored.

  Local host: cuda7
  Value:      "wg0 lo"
  Message:    Invalid specification (missing "/")
--------------------------------------------------------------------------
[cuda7:187352] 23 more processes have sent help message help-mpi-btl-tcp.txt / invalid if_inexclude
[cuda7:187352] Set MCA parameter "orte_base_help_aggregate" to 0 to see all help / error messages
--------------------------------------------------------------------------
WARNING: An invalid value was given for btl_tcp_if_exclude.  This
value will be ignored.

  Local host: cuda7
  Value:      "wg0 lo"
  Message:    Invalid specification (missing "/")
--------------------------------------------------------------------------
[cuda7:187453] 23 more processes have sent help message help-mpi-btl-tcp.txt / invalid if_inexclude
[cuda7:187453] Set MCA parameter "orte_base_help_aggregate" to 0 to see all help / error messages
--------------------------------------------------------------------------
WARNING: An invalid value was given for btl_tcp_if_exclude.  This
value will be ignored.

  Local host: cuda7
  Value:      "wg0 lo"
  Message:    Invalid specification (missing "/")
--------------------------------------------------------------------------
[cuda7:187557] 23 more processes have sent help message help-mpi-btl-tcp.txt / invalid if_inexclude
[cuda7:187557] Set MCA parameter "orte_base_help_aggregate" to 0 to see all help / error messages
--------------------------------------------------------------------------
WARNING: An invalid value was given for btl_tcp_if_exclude.  This
value will be ignored.

  Local host: cuda7
  Value:      "wg0 lo"
  Message:    Invalid specification (missing "/")
--------------------------------------------------------------------------
[cuda7:187660] 23 more processes have sent help message help-mpi-btl-tcp.txt / invalid if_inexclude
[cuda7:187660] Set MCA parameter "orte_base_help_aggregate" to 0 to see all help / error messages
--------------------------------------------------------------------------
WARNING: An invalid value was given for btl_tcp_if_exclude.  This
value will be ignored.

  Local host: cuda7
  Value:      "wg0 lo"
  Message:    Invalid specification (missing "/")
--------------------------------------------------------------------------
[cuda7:187767] 23 more processes have sent help message help-mpi-btl-tcp.txt / invalid if_inexclude
[cuda7:187767] Set MCA parameter "orte_base_help_aggregate" to 0 to see all help / error messages
--------------------------------------------------------------------------
WARNING: An invalid value was given for btl_tcp_if_exclude.  This
value will be ignored.

  Local host: cuda7
  Value:      "wg0 lo"
  Message:    Invalid specification (missing "/")
--------------------------------------------------------------------------
[cuda7:187868] [[44662,0],0] ORTE_ERROR_LOG: Data unpack would read past end of buffer in file ../../../orte/util/show_help.c at line 501
[cuda7:187868] 22 more processes have sent help message help-mpi-btl-tcp.txt / invalid if_inexclude
[cuda7:187868] Set MCA parameter "orte_base_help_aggregate" to 0 to see all help / error messages
--------------------------------------------------------------------------
WARNING: An invalid value was given for btl_tcp_if_exclude.  This
value will be ignored.

  Local host: cuda7
  Value:      "wg0 lo"
  Message:    Invalid specification (missing "/")
--------------------------------------------------------------------------
[cuda7:187971] 23 more processes have sent help message help-mpi-btl-tcp.txt / invalid if_inexclude
[cuda7:187971] Set MCA parameter "orte_base_help_aggregate" to 0 to see all help / error messages
--------------------------------------------------------------------------
WARNING: An invalid value was given for btl_tcp_if_exclude.  This
value will be ignored.

  Local host: cuda7
  Value:      "wg0 lo"
  Message:    Invalid specification (missing "/")
--------------------------------------------------------------------------
[cuda7:188073] 23 more processes have sent help message help-mpi-btl-tcp.txt / invalid if_inexclude
[cuda7:188073] Set MCA parameter "orte_base_help_aggregate" to 0 to see all help / error messages
--------------------------------------------------------------------------
WARNING: An invalid value was given for btl_tcp_if_exclude.  This
value will be ignored.

  Local host: cuda7
  Value:      "wg0 lo"
  Message:    Invalid specification (missing "/")
--------------------------------------------------------------------------
[cuda7:188176] 23 more processes have sent help message help-mpi-btl-tcp.txt / invalid if_inexclude
[cuda7:188176] Set MCA parameter "orte_base_help_aggregate" to 0 to see all help / error messages
--------------------------------------------------------------------------
WARNING: An invalid value was given for btl_tcp_if_exclude.  This
value will be ignored.

  Local host: cuda7
  Value:      "wg0 lo"
  Message:    Invalid specification (missing "/")
--------------------------------------------------------------------------
[cuda7:188279] 23 more processes have sent help message help-mpi-btl-tcp.txt / invalid if_inexclude
[cuda7:188279] Set MCA parameter "orte_base_help_aggregate" to 0 to see all help / error messages
--------------------------------------------------------------------------
WARNING: An invalid value was given for btl_tcp_if_exclude.  This
value will be ignored.

  Local host: cuda7
  Value:      "wg0 lo"
  Message:    Invalid specification (missing "/")
--------------------------------------------------------------------------
[cuda7:188383] 23 more processes have sent help message help-mpi-btl-tcp.txt / invalid if_inexclude
[cuda7:188383] Set MCA parameter "orte_base_help_aggregate" to 0 to see all help / error messages
--------------------------------------------------------------------------
WARNING: An invalid value was given for btl_tcp_if_exclude.  This
value will be ignored.

  Local host: cuda7
  Value:      "wg0 lo"
  Message:    Invalid specification (missing "/")
--------------------------------------------------------------------------
[cuda7:188484] 23 more processes have sent help message help-mpi-btl-tcp.txt / invalid if_inexclude
[cuda7:188484] Set MCA parameter "orte_base_help_aggregate" to 0 to see all help / error messages
--------------------------------------------------------------------------
WARNING: An invalid value was given for btl_tcp_if_exclude.  This
value will be ignored.

  Local host: cuda7
  Value:      "wg0 lo"
  Message:    Invalid specification (missing "/")
--------------------------------------------------------------------------
[cuda7:188586] 23 more processes have sent help message help-mpi-btl-tcp.txt / invalid if_inexclude
[cuda7:188586] Set MCA parameter "orte_base_help_aggregate" to 0 to see all help / error messages
--------------------------------------------------------------------------
WARNING: An invalid value was given for btl_tcp_if_exclude.  This
value will be ignored.

  Local host: cuda7
  Value:      "wg0 lo"
  Message:    Invalid specification (missing "/")
--------------------------------------------------------------------------
[cuda7:188687] 23 more processes have sent help message help-mpi-btl-tcp.txt / invalid if_inexclude
[cuda7:188687] Set MCA parameter "orte_base_help_aggregate" to 0 to see all help / error messages
--------------------------------------------------------------------------
WARNING: An invalid value was given for btl_tcp_if_exclude.  This
value will be ignored.

  Local host: cuda7
  Value:      "wg0 lo"
  Message:    Invalid specification (missing "/")
--------------------------------------------------------------------------
[cuda7:188791] 23 more processes have sent help message help-mpi-btl-tcp.txt / invalid if_inexclude
[cuda7:188791] Set MCA parameter "orte_base_help_aggregate" to 0 to see all help / error messages
--------------------------------------------------------------------------
WARNING: An invalid value was given for btl_tcp_if_exclude.  This
value will be ignored.

  Local host: cuda7
  Value:      "wg0 lo"
  Message:    Invalid specification (missing "/")
--------------------------------------------------------------------------
[cuda7:188989] 23 more processes have sent help message help-mpi-btl-tcp.txt / invalid if_inexclude
[cuda7:188989] Set MCA parameter "orte_base_help_aggregate" to 0 to see all help / error messages
--------------------------------------------------------------------------
WARNING: An invalid value was given for btl_tcp_if_exclude.  This
value will be ignored.

  Local host: cuda7
  Value:      "wg0 lo"
  Message:    Invalid specification (missing "/")
--------------------------------------------------------------------------
[cuda7:189170] 23 more processes have sent help message help-mpi-btl-tcp.txt / invalid if_inexclude
[cuda7:189170] Set MCA parameter "orte_base_help_aggregate" to 0 to see all help / error messages
--------------------------------------------------------------------------
WARNING: An invalid value was given for btl_tcp_if_exclude.  This
value will be ignored.

  Local host: cuda7
  Value:      "wg0 lo"
  Message:    Invalid specification (missing "/")
--------------------------------------------------------------------------
[cuda7:189341] 23 more processes have sent help message help-mpi-btl-tcp.txt / invalid if_inexclude
[cuda7:189341] Set MCA parameter "orte_base_help_aggregate" to 0 to see all help / error messages
