cp: preserving permissions for ‘/local/scratch/mehlhorn/61900/JOBLOG’: Operation not supported
cp: preserving permissions for ‘/local/scratch/mehlhorn/61900/orca.job’: Operation not supported
cp: preserving permissions for ‘/local/scratch/mehlhorn/61900/orca.out’: Operation not supported
cp: preserving permissions for ‘/local/scratch/mehlhorn/61900/orca_error.out’: Operation not supported
cp: preserving permissions for ‘/local/scratch/mehlhorn/61900/run.E.tmp’: Operation not supported
cp: preserving permissions for ‘/local/scratch/mehlhorn/61900/run.EIJ.tmp’: Operation not supported
cp: preserving permissions for ‘/local/scratch/mehlhorn/61900/run.H.tmp’: Operation not supported
cp: preserving permissions for ‘/local/scratch/mehlhorn/61900/run.K.tmp’: Operation not supported
cp: preserving permissions for ‘/local/scratch/mehlhorn/61900/run.P0.tmp’: Operation not supported
cp: preserving permissions for ‘/local/scratch/mehlhorn/61900/run.PDAT.tmp’: Operation not supported
cp: preserving permissions for ‘/local/scratch/mehlhorn/61900/run.S.tmp’: Operation not supported
cp: preserving permissions for ‘/local/scratch/mehlhorn/61900/run.SHARK.KPRSCR.tmp’: Operation not supported
cp: preserving permissions for ‘/local/scratch/mehlhorn/61900/run.SHARKINP.tmp’: Operation not supported
cp: preserving permissions for ‘/local/scratch/mehlhorn/61900/run.SM12.tmp’: Operation not supported
cp: preserving permissions for ‘/local/scratch/mehlhorn/61900/run.SP12.tmp’: Operation not supported
cp: preserving permissions for ‘/local/scratch/mehlhorn/61900/run.SQRTVEXT.tmp’: Operation not supported
cp: preserving permissions for ‘/local/scratch/mehlhorn/61900/run.SQRTVJ.tmp’: Operation not supported
cp: preserving permissions for ‘/local/scratch/mehlhorn/61900/run.T.tmp’: Operation not supported
cp: preserving permissions for ‘/local/scratch/mehlhorn/61900/run.V.tmp’: Operation not supported
cp: preserving permissions for ‘/local/scratch/mehlhorn/61900/run.VAUXJ.tmp’: Operation not supported
cp: preserving permissions for ‘/local/scratch/mehlhorn/61900/run.VCDJ.tmp’: Operation not supported
cp: preserving permissions for ‘/local/scratch/mehlhorn/61900/run.VEXT.tmp’: Operation not supported
cp: preserving permissions for ‘/local/scratch/mehlhorn/61900/run.VM1EXT.tmp’: Operation not supported
cp: preserving permissions for ‘/local/scratch/mehlhorn/61900/run.bas0’: Operation not supported
cp: preserving permissions for ‘/local/scratch/mehlhorn/61900/run.bas1’: Operation not supported
cp: preserving permissions for ‘/local/scratch/mehlhorn/61900/run.bas2’: Operation not supported
cp: preserving permissions for ‘/local/scratch/mehlhorn/61900/run.bas3’: Operation not supported
cp: preserving permissions for ‘/local/scratch/mehlhorn/61900/run.bas4’: Operation not supported
cp: preserving permissions for ‘/local/scratch/mehlhorn/61900/run.bas5’: Operation not supported
cp: preserving permissions for ‘/local/scratch/mehlhorn/61900/run.citations.tmp’: Operation not supported
cp: preserving permissions for ‘/local/scratch/mehlhorn/61900/run.cpscfdata.tmp.0’: Operation not supported
cp: preserving permissions for ‘/local/scratch/mehlhorn/61900/run.densities’: Operation not supported
cp: preserving permissions for ‘/local/scratch/mehlhorn/61900/run.densitiesinfo’: Operation not supported
cp: preserving permissions for ‘/local/scratch/mehlhorn/61900/run.en.tmp’: Operation not supported
cp: preserving permissions for ‘/local/scratch/mehlhorn/61900/run.exc0.tmp’: Operation not supported
cp: preserving permissions for ‘/local/scratch/mehlhorn/61900/run.exc1.tmp’: Operation not supported
cp: preserving permissions for ‘/local/scratch/mehlhorn/61900/run.exc10.tmp’: Operation not supported
cp: preserving permissions for ‘/local/scratch/mehlhorn/61900/run.exc11.tmp’: Operation not supported
cp: preserving permissions for ‘/local/scratch/mehlhorn/61900/run.exc12.tmp’: Operation not supported
cp: preserving permissions for ‘/local/scratch/mehlhorn/61900/run.exc13.tmp’: Operation not supported
cp: preserving permissions for ‘/local/scratch/mehlhorn/61900/run.exc14.tmp’: Operation not supported
cp: preserving permissions for ‘/local/scratch/mehlhorn/61900/run.exc15.tmp’: Operation not supported
cp: preserving permissions for ‘/local/scratch/mehlhorn/61900/run.exc16.tmp’: Operation not supported
cp: preserving permissions for ‘/local/scratch/mehlhorn/61900/run.exc17.tmp’: Operation not supported
cp: preserving permissions for ‘/local/scratch/mehlhorn/61900/run.exc18.tmp’: Operation not supported
cp: preserving permissions for ‘/local/scratch/mehlhorn/61900/run.exc19.tmp’: Operation not supported
cp: preserving permissions for ‘/local/scratch/mehlhorn/61900/run.exc2.tmp’: Operation not supported
cp: preserving permissions for ‘/local/scratch/mehlhorn/61900/run.exc20.tmp’: Operation not supported
cp: preserving permissions for ‘/local/scratch/mehlhorn/61900/run.exc21.tmp’: Operation not supported
cp: preserving permissions for ‘/local/scratch/mehlhorn/61900/run.exc22.tmp’: Operation not supported
cp: preserving permissions for ‘/local/scratch/mehlhorn/61900/run.exc23.tmp’: Operation not supported
cp: preserving permissions for ‘/local/scratch/mehlhorn/61900/run.exc3.tmp’: Operation not supported
cp: preserving permissions for ‘/local/scratch/mehlhorn/61900/run.exc4.tmp’: Operation not supported
cp: preserving permissions for ‘/local/scratch/mehlhorn/61900/run.exc5.tmp’: Operation not supported
cp: preserving permissions for ‘/local/scratch/mehlhorn/61900/run.exc6.tmp’: Operation not supported
cp: preserving permissions for ‘/local/scratch/mehlhorn/61900/run.exc7.tmp’: Operation not supported
cp: preserving permissions for ‘/local/scratch/mehlhorn/61900/run.exc8.tmp’: Operation not supported
cp: preserving permissions for ‘/local/scratch/mehlhorn/61900/run.exc9.tmp’: Operation not supported
cp: preserving permissions for ‘/local/scratch/mehlhorn/61900/run.gbw’: Operation not supported
cp: preserving permissions for ‘/local/scratch/mehlhorn/61900/run.ginp.tmp’: Operation not supported
cp: preserving permissions for ‘/local/scratch/mehlhorn/61900/run.gpot0.tmp’: Operation not supported
cp: preserving permissions for ‘/local/scratch/mehlhorn/61900/run.gpot1.tmp’: Operation not supported
cp: preserving permissions for ‘/local/scratch/mehlhorn/61900/run.gpot10.tmp’: Operation not supported
cp: preserving permissions for ‘/local/scratch/mehlhorn/61900/run.gpot11.tmp’: Operation not supported
cp: preserving permissions for ‘/local/scratch/mehlhorn/61900/run.gpot12.tmp’: Operation not supported
cp: preserving permissions for ‘/local/scratch/mehlhorn/61900/run.gpot13.tmp’: Operation not supported
cp: preserving permissions for ‘/local/scratch/mehlhorn/61900/run.gpot14.tmp’: Operation not supported
cp: preserving permissions for ‘/local/scratch/mehlhorn/61900/run.gpot15.tmp’: Operation not supported
cp: preserving permissions for ‘/local/scratch/mehlhorn/61900/run.gpot16.tmp’: Operation not supported
cp: preserving permissions for ‘/local/scratch/mehlhorn/61900/run.gpot17.tmp’: Operation not supported
cp: preserving permissions for ‘/local/scratch/mehlhorn/61900/run.gpot18.tmp’: Operation not supported
cp: preserving permissions for ‘/local/scratch/mehlhorn/61900/run.gpot19.tmp’: Operation not supported
cp: preserving permissions for ‘/local/scratch/mehlhorn/61900/run.gpot2.tmp’: Operation not supported
cp: preserving permissions for ‘/local/scratch/mehlhorn/61900/run.gpot20.tmp’: Operation not supported
cp: preserving permissions for ‘/local/scratch/mehlhorn/61900/run.gpot21.tmp’: Operation not supported
cp: preserving permissions for ‘/local/scratch/mehlhorn/61900/run.gpot22.tmp’: Operation not supported
cp: preserving permissions for ‘/local/scratch/mehlhorn/61900/run.gpot23.tmp’: Operation not supported
cp: preserving permissions for ‘/local/scratch/mehlhorn/61900/run.gpot3.tmp’: Operation not supported
cp: preserving permissions for ‘/local/scratch/mehlhorn/61900/run.gpot4.tmp’: Operation not supported
cp: preserving permissions for ‘/local/scratch/mehlhorn/61900/run.gpot5.tmp’: Operation not supported
cp: preserving permissions for ‘/local/scratch/mehlhorn/61900/run.gpot6.tmp’: Operation not supported
cp: preserving permissions for ‘/local/scratch/mehlhorn/61900/run.gpot7.tmp’: Operation not supported
cp: preserving permissions for ‘/local/scratch/mehlhorn/61900/run.gpot8.tmp’: Operation not supported
cp: preserving permissions for ‘/local/scratch/mehlhorn/61900/run.gpot9.tmp’: Operation not supported
cp: preserving permissions for ‘/local/scratch/mehlhorn/61900/run.grho0.tmp’: Operation not supported
cp: preserving permissions for ‘/local/scratch/mehlhorn/61900/run.grho1.tmp’: Operation not supported
cp: preserving permissions for ‘/local/scratch/mehlhorn/61900/run.grho10.tmp’: Operation not supported
cp: preserving permissions for ‘/local/scratch/mehlhorn/61900/run.grho11.tmp’: Operation not supported
cp: preserving permissions for ‘/local/scratch/mehlhorn/61900/run.grho12.tmp’: Operation not supported
cp: preserving permissions for ‘/local/scratch/mehlhorn/61900/run.grho13.tmp’: Operation not supported
cp: preserving permissions for ‘/local/scratch/mehlhorn/61900/run.grho14.tmp’: Operation not supported
cp: preserving permissions for ‘/local/scratch/mehlhorn/61900/run.grho15.tmp’: Operation not supported
cp: preserving permissions for ‘/local/scratch/mehlhorn/61900/run.grho16.tmp’: Operation not supported
cp: preserving permissions for ‘/local/scratch/mehlhorn/61900/run.grho17.tmp’: Operation not supported
cp: preserving permissions for ‘/local/scratch/mehlhorn/61900/run.grho18.tmp’: Operation not supported
cp: preserving permissions for ‘/local/scratch/mehlhorn/61900/run.grho19.tmp’: Operation not supported
cp: preserving permissions for ‘/local/scratch/mehlhorn/61900/run.grho2.tmp’: Operation not supported
cp: preserving permissions for ‘/local/scratch/mehlhorn/61900/run.grho20.tmp’: Operation not supported
cp: preserving permissions for ‘/local/scratch/mehlhorn/61900/run.grho21.tmp’: Operation not supported
cp: preserving permissions for ‘/local/scratch/mehlhorn/61900/run.grho22.tmp’: Operation not supported
cp: preserving permissions for ‘/local/scratch/mehlhorn/61900/run.grho23.tmp’: Operation not supported
cp: preserving permissions for ‘/local/scratch/mehlhorn/61900/run.grho3.tmp’: Operation not supported
cp: preserving permissions for ‘/local/scratch/mehlhorn/61900/run.grho4.tmp’: Operation not supported
cp: preserving permissions for ‘/local/scratch/mehlhorn/61900/run.grho5.tmp’: Operation not supported
cp: preserving permissions for ‘/local/scratch/mehlhorn/61900/run.grho6.tmp’: Operation not supported
cp: preserving permissions for ‘/local/scratch/mehlhorn/61900/run.grho7.tmp’: Operation not supported
cp: preserving permissions for ‘/local/scratch/mehlhorn/61900/run.grho8.tmp’: Operation not supported
cp: preserving permissions for ‘/local/scratch/mehlhorn/61900/run.grho9.tmp’: Operation not supported
cp: preserving permissions for ‘/local/scratch/mehlhorn/61900/run.grid.tmp’: Operation not supported
cp: preserving permissions for ‘/local/scratch/mehlhorn/61900/run.hostnames’: Operation not supported
cp: preserving permissions for ‘/local/scratch/mehlhorn/61900/run.inp’: Operation not supported
cp: preserving permissions for ‘/local/scratch/mehlhorn/61900/run.int.tmp’: Operation not supported
cp: preserving permissions for ‘/local/scratch/mehlhorn/61900/run.opot0.tmp’: Operation not supported
cp: preserving permissions for ‘/local/scratch/mehlhorn/61900/run.opot1.tmp’: Operation not supported
cp: preserving permissions for ‘/local/scratch/mehlhorn/61900/run.opot10.tmp’: Operation not supported
cp: preserving permissions for ‘/local/scratch/mehlhorn/61900/run.opot11.tmp’: Operation not supported
cp: preserving permissions for ‘/local/scratch/mehlhorn/61900/run.opot12.tmp’: Operation not supported
cp: preserving permissions for ‘/local/scratch/mehlhorn/61900/run.opot13.tmp’: Operation not supported
cp: preserving permissions for ‘/local/scratch/mehlhorn/61900/run.opot14.tmp’: Operation not supported
cp: preserving permissions for ‘/local/scratch/mehlhorn/61900/run.opot15.tmp’: Operation not supported
cp: preserving permissions for ‘/local/scratch/mehlhorn/61900/run.opot16.tmp’: Operation not supported
cp: preserving permissions for ‘/local/scratch/mehlhorn/61900/run.opot17.tmp’: Operation not supported
cp: preserving permissions for ‘/local/scratch/mehlhorn/61900/run.opot18.tmp’: Operation not supported
cp: preserving permissions for ‘/local/scratch/mehlhorn/61900/run.opot19.tmp’: Operation not supported
cp: preserving permissions for ‘/local/scratch/mehlhorn/61900/run.opot2.tmp’: Operation not supported
cp: preserving permissions for ‘/local/scratch/mehlhorn/61900/run.opot20.tmp’: Operation not supported
cp: preserving permissions for ‘/local/scratch/mehlhorn/61900/run.opot21.tmp’: Operation not supported
cp: preserving permissions for ‘/local/scratch/mehlhorn/61900/run.opot22.tmp’: Operation not supported
cp: preserving permissions for ‘/local/scratch/mehlhorn/61900/run.opot23.tmp’: Operation not supported
cp: preserving permissions for ‘/local/scratch/mehlhorn/61900/run.opot3.tmp’: Operation not supported
cp: preserving permissions for ‘/local/scratch/mehlhorn/61900/run.opot4.tmp’: Operation not supported
cp: preserving permissions for ‘/local/scratch/mehlhorn/61900/run.opot5.tmp’: Operation not supported
cp: preserving permissions for ‘/local/scratch/mehlhorn/61900/run.opot6.tmp’: Operation not supported
cp: preserving permissions for ‘/local/scratch/mehlhorn/61900/run.opot7.tmp’: Operation not supported
cp: preserving permissions for ‘/local/scratch/mehlhorn/61900/run.opot8.tmp’: Operation not supported
cp: preserving permissions for ‘/local/scratch/mehlhorn/61900/run.opot9.tmp’: Operation not supported
cp: preserving permissions for ‘/local/scratch/mehlhorn/61900/run.opt’: Operation not supported
cp: preserving permissions for ‘/local/scratch/mehlhorn/61900/run.orho0.tmp’: Operation not supported
cp: preserving permissions for ‘/local/scratch/mehlhorn/61900/run.orho1.tmp’: Operation not supported
cp: preserving permissions for ‘/local/scratch/mehlhorn/61900/run.orho10.tmp’: Operation not supported
cp: preserving permissions for ‘/local/scratch/mehlhorn/61900/run.orho11.tmp’: Operation not supported
cp: preserving permissions for ‘/local/scratch/mehlhorn/61900/run.orho12.tmp’: Operation not supported
cp: preserving permissions for ‘/local/scratch/mehlhorn/61900/run.orho13.tmp’: Operation not supported
cp: preserving permissions for ‘/local/scratch/mehlhorn/61900/run.orho14.tmp’: Operation not supported
cp: preserving permissions for ‘/local/scratch/mehlhorn/61900/run.orho15.tmp’: Operation not supported
cp: preserving permissions for ‘/local/scratch/mehlhorn/61900/run.orho16.tmp’: Operation not supported
cp: preserving permissions for ‘/local/scratch/mehlhorn/61900/run.orho17.tmp’: Operation not supported
cp: preserving permissions for ‘/local/scratch/mehlhorn/61900/run.orho18.tmp’: Operation not supported
cp: preserving permissions for ‘/local/scratch/mehlhorn/61900/run.orho19.tmp’: Operation not supported
cp: preserving permissions for ‘/local/scratch/mehlhorn/61900/run.orho2.tmp’: Operation not supported
cp: preserving permissions for ‘/local/scratch/mehlhorn/61900/run.orho20.tmp’: Operation not supported
cp: preserving permissions for ‘/local/scratch/mehlhorn/61900/run.orho21.tmp’: Operation not supported
cp: preserving permissions for ‘/local/scratch/mehlhorn/61900/run.orho22.tmp’: Operation not supported
cp: preserving permissions for ‘/local/scratch/mehlhorn/61900/run.orho23.tmp’: Operation not supported
cp: preserving permissions for ‘/local/scratch/mehlhorn/61900/run.orho3.tmp’: Operation not supported
cp: preserving permissions for ‘/local/scratch/mehlhorn/61900/run.orho4.tmp’: Operation not supported
cp: preserving permissions for ‘/local/scratch/mehlhorn/61900/run.orho5.tmp’: Operation not supported
cp: preserving permissions for ‘/local/scratch/mehlhorn/61900/run.orho6.tmp’: Operation not supported
cp: preserving permissions for ‘/local/scratch/mehlhorn/61900/run.orho7.tmp’: Operation not supported
cp: preserving permissions for ‘/local/scratch/mehlhorn/61900/run.orho8.tmp’: Operation not supported
cp: preserving permissions for ‘/local/scratch/mehlhorn/61900/run.orho9.tmp’: Operation not supported
cp: preserving permissions for ‘/local/scratch/mehlhorn/61900/run.property.txt’: Operation not supported
cp: preserving permissions for ‘/local/scratch/mehlhorn/61900/run.propint.tmp.0’: Operation not supported
cp: preserving permissions for ‘/local/scratch/mehlhorn/61900/run.scfgrad.inp’: Operation not supported
cp: preserving permissions for ‘/local/scratch/mehlhorn/61900/run.shark_grid.tmp’: Operation not supported
cp: preserving permissions for ‘/local/scratch/mehlhorn/61900/run.xyz’: Operation not supported
cp: preserving permissions for ‘/local/scratch/mehlhorn/61900/run_atom40.bibtex’: Operation not supported
cp: preserving permissions for ‘/local/scratch/mehlhorn/61900/run_atom40.densities’: Operation not supported
cp: preserving permissions for ‘/local/scratch/mehlhorn/61900/run_atom40.densitiesinfo’: Operation not supported
cp: preserving permissions for ‘/local/scratch/mehlhorn/61900/run_atom40.out’: Operation not supported
cp: preserving permissions for ‘/local/scratch/mehlhorn/61900/run_atom40.property.txt’: Operation not supported
cp: preserving permissions for ‘/local/scratch/mehlhorn/61900/slurm-61887.out’: Operation not supported
