/var/lib/slurm-llnl/slurmd/job62286/slurm_script: line 41: ulimit: pipe size: cannot modify limit: Invalid argument
/var/lib/slurm-llnl/slurmd/job62286/slurm_script: line 42: ulimit: open files: cannot modify limit: Operation not permitted
cp: preserving permissions for ‘/local/scratch/mehlhorn/62286/JOBLOG’: Operation not supported
cp: preserving permissions for ‘/local/scratch/mehlhorn/62286/deh.zip’: Operation not supported
cp: preserving permissions for ‘/local/scratch/mehlhorn/62286/epsilon.inp’: Operation not supported
cp: preserving permissions for ‘/local/scratch/mehlhorn/62286/epsilon.out’: Operation not supported
cp: preserving permissions for ‘/local/scratch/mehlhorn/62286/pw.inp’: Operation not supported
cp: preserving permissions for ‘/local/scratch/mehlhorn/62286/pw.out’: Operation not supported
cp: preserving permissions for ‘/local/scratch/mehlhorn/62286/pwscf.save/H.pbe-mt_fhi.UPF’: Operation not supported
cp: preserving permissions for ‘/local/scratch/mehlhorn/62286/pwscf.save/C.pbe-mt_fhi.UPF’: Operation not supported
cp: preserving permissions for ‘/local/scratch/mehlhorn/62286/pwscf.save/data-file-schema.xml’: Operation not supported
cp: preserving permissions for ‘/local/scratch/mehlhorn/62286/pwscf.save/Zr.pbe-mt_fhi.UPF’: Operation not supported
cp: preserving permissions for ‘/local/scratch/mehlhorn/62286/pwscf.save/O.pbe-mt_fhi.UPF’: Operation not supported
cp: preserving permissions for ‘/local/scratch/mehlhorn/62286/pwscf.save/wfc1.dat’: Operation not supported
cp: preserving permissions for ‘/local/scratch/mehlhorn/62286/pwscf.save/ace1.dat’: Operation not supported
cp: preserving permissions for ‘/local/scratch/mehlhorn/62286/pwscf.save/charge-density.dat’: Operation not supported
cp: preserving permissions for ‘/local/scratch/mehlhorn/62286/pwscf.save’: Operation not supported
cp: preserving permissions for ‘/local/scratch/mehlhorn/62286/pwscf.xml’: Operation not supported
cp: preserving permissions for ‘/local/scratch/mehlhorn/62286/qe.job’: Operation not supported
cp: preserving permissions for ‘/local/scratch/mehlhorn/62286/slurm-62048.out’: Operation not supported
cp: preserving permissions for ‘/local/scratch/mehlhorn/62286/slurm-62054.out’: Operation not supported
cp: preserving permissions for ‘/local/scratch/mehlhorn/62286/slurm-62085.out’: Operation not supported
cp: preserving permissions for ‘/local/scratch/mehlhorn/62286/slurm-62086.out’: Operation not supported
cp: preserving permissions for ‘/local/scratch/mehlhorn/62286/slurm-62087.out’: Operation not supported
cp: preserving permissions for ‘/local/scratch/mehlhorn/62286/slurm-62088.out’: Operation not supported
cp: preserving permissions for ‘/local/scratch/mehlhorn/62286/slurm-62089.out’: Operation not supported
cp: preserving permissions for ‘/local/scratch/mehlhorn/62286/slurm-62279.out’: Operation not supported
cp: preserving permissions for ‘/local/scratch/mehlhorn/62286/slurm-62280.out’: Operation not supported
cp: preserving permissions for ‘/local/scratch/mehlhorn/62286/slurm-62281.out’: Operation not supported
cp: preserving permissions for ‘/local/scratch/mehlhorn/62286/slurm-62282.out’: Operation not supported
cp: preserving permissions for ‘/local/scratch/mehlhorn/62286/slurm-62283.out’: Operation not supported
cp: preserving permissions for ‘/local/scratch/mehlhorn/62286/slurm-62284.out’: Operation not supported
cp: preserving permissions for ‘/local/scratch/mehlhorn/62286/slurm-62285.out’: Operation not supported
