/var/lib/slurm-llnl/slurmd/job62086/slurm_script: line 41: ulimit: pipe size: cannot modify limit: Invalid argument
/var/lib/slurm-llnl/slurmd/job62086/slurm_script: line 42: ulimit: open files: cannot modify limit: Operation not permitted
cp: preserving permissions for ‘/local/scratch/mehlhorn/62086/JOBLOG’: Operation not supported
cp: preserving permissions for ‘/local/scratch/mehlhorn/62086/deh.zip’: Operation not supported
cp: preserving permissions for ‘/local/scratch/mehlhorn/62086/epsilon.inp’: Operation not supported
cp: preserving permissions for ‘/local/scratch/mehlhorn/62086/epsilon.out’: Operation not supported
cp: preserving permissions for ‘/local/scratch/mehlhorn/62086/pw.inp’: Operation not supported
cp: preserving permissions for ‘/local/scratch/mehlhorn/62086/pw.out’: Operation not supported
cp: preserving permissions for ‘/local/scratch/mehlhorn/62086/pwscf.save/H.pbe-mt_fhi.UPF’: Operation not supported
cp: preserving permissions for ‘/local/scratch/mehlhorn/62086/pwscf.save/C.pbe-mt_fhi.UPF’: Operation not supported
cp: preserving permissions for ‘/local/scratch/mehlhorn/62086/pwscf.save/data-file-schema.xml’: Operation not supported
cp: preserving permissions for ‘/local/scratch/mehlhorn/62086/pwscf.save/Zr.pbe-mt_fhi.UPF’: Operation not supported
cp: preserving permissions for ‘/local/scratch/mehlhorn/62086/pwscf.save/O.pbe-mt_fhi.UPF’: Operation not supported
cp: preserving permissions for ‘/local/scratch/mehlhorn/62086/pwscf.save/wfc1.dat’: Operation not supported
cp: preserving permissions for ‘/local/scratch/mehlhorn/62086/pwscf.save/ace1.dat’: Operation not supported
cp: preserving permissions for ‘/local/scratch/mehlhorn/62086/pwscf.save/charge-density.dat’: Operation not supported
cp: preserving permissions for ‘/local/scratch/mehlhorn/62086/pwscf.save’: Operation not supported
cp: preserving permissions for ‘/local/scratch/mehlhorn/62086/pwscf.xml’: Operation not supported
cp: preserving permissions for ‘/local/scratch/mehlhorn/62086/qe.job’: Operation not supported
cp: preserving permissions for ‘/local/scratch/mehlhorn/62086/slurm-62048.out’: Operation not supported
cp: preserving permissions for ‘/local/scratch/mehlhorn/62086/slurm-62054.out’: Operation not supported
cp: preserving permissions for ‘/local/scratch/mehlhorn/62086/slurm-62085.out’: Operation not supported
