/var/lib/slurm-llnl/slurmd/job62281/slurm_script: line 41: ulimit: pipe size: cannot modify limit: Invalid argument
/var/lib/slurm-llnl/slurmd/job62281/slurm_script: line 42: ulimit: open files: cannot modify limit: Operation not permitted
cp: preserving permissions for ‘/local/scratch/mehlhorn/62281/JOBLOG’: Operation not supported
cp: preserving permissions for ‘/local/scratch/mehlhorn/62281/deh.zip’: Operation not supported
cp: preserving permissions for ‘/local/scratch/mehlhorn/62281/epsilon.inp’: Operation not supported
cp: preserving permissions for ‘/local/scratch/mehlhorn/62281/epsilon.out’: Operation not supported
cp: preserving permissions for ‘/local/scratch/mehlhorn/62281/pw.inp’: Operation not supported
cp: preserving permissions for ‘/local/scratch/mehlhorn/62281/pw.out’: Operation not supported
cp: preserving permissions for ‘/local/scratch/mehlhorn/62281/pwscf.save/H.pbe-mt_fhi.UPF’: Operation not supported
cp: preserving permissions for ‘/local/scratch/mehlhorn/62281/pwscf.save/C.pbe-mt_fhi.UPF’: Operation not supported
cp: preserving permissions for ‘/local/scratch/mehlhorn/62281/pwscf.save/data-file-schema.xml’: Operation not supported
cp: preserving permissions for ‘/local/scratch/mehlhorn/62281/pwscf.save/Zr.pbe-mt_fhi.UPF’: Operation not supported
cp: preserving permissions for ‘/local/scratch/mehlhorn/62281/pwscf.save/O.pbe-mt_fhi.UPF’: Operation not supported
cp: preserving permissions for ‘/local/scratch/mehlhorn/62281/pwscf.save/wfc1.dat’: Operation not supported
cp: preserving permissions for ‘/local/scratch/mehlhorn/62281/pwscf.save/ace1.dat’: Operation not supported
cp: preserving permissions for ‘/local/scratch/mehlhorn/62281/pwscf.save/charge-density.dat’: Operation not supported
cp: preserving permissions for ‘/local/scratch/mehlhorn/62281/pwscf.save’: Operation not supported
cp: preserving permissions for ‘/local/scratch/mehlhorn/62281/pwscf.xml’: Operation not supported
cp: preserving permissions for ‘/local/scratch/mehlhorn/62281/qe.job’: Operation not supported
cp: preserving permissions for ‘/local/scratch/mehlhorn/62281/slurm-62048.out’: Operation not supported
cp: preserving permissions for ‘/local/scratch/mehlhorn/62281/slurm-62054.out’: Operation not supported
cp: preserving permissions for ‘/local/scratch/mehlhorn/62281/slurm-62085.out’: Operation not supported
cp: preserving permissions for ‘/local/scratch/mehlhorn/62281/slurm-62086.out’: Operation not supported
cp: preserving permissions for ‘/local/scratch/mehlhorn/62281/slurm-62087.out’: Operation not supported
cp: preserving permissions for ‘/local/scratch/mehlhorn/62281/slurm-62088.out’: Operation not supported
cp: preserving permissions for ‘/local/scratch/mehlhorn/62281/slurm-62089.out’: Operation not supported
cp: preserving permissions for ‘/local/scratch/mehlhorn/62281/slurm-62279.out’: Operation not supported
cp: preserving permissions for ‘/local/scratch/mehlhorn/62281/slurm-62280.out’: Operation not supported
cp: preserving permissions for ‘/local/scratch/mehlhorn/62281/slurm-62281.out’: Operation not supported
At line 357 of file io_base.f90 (unit = 4, file = './pwscf.save/wfc1.dat')
Fortran runtime error: I/O past end of record on unformatted file

Error termination. Backtrace:
#0  0x74b835823e59 in ???
#1  0x74b835824a71 in ???
#2  0x74b8358256dc in ???
#3  0x74b835ac0149 in ???
#4  0x74b835abb08b in ???
#5  0x5a2c799ed035 in __io_base_MOD_read_wfc
	at /home/mehlhorn/qe-7.3.1/Modules/io_base.f90:357
#6  0x5a2c7976a433 in __pw_restart_new_MOD_read_collected_wfc
	at /home/mehlhorn/qe-7.3.1/PW/src/pw_restart_new.f90:1520
#7  0x5a2c79760f78 in dipole_calc_
	at /home/mehlhorn/qe-7.3.1/PP/src/epsilon.f90:1153
#8  0x5a2c79766f09 in eps_calc_
	at /home/mehlhorn/qe-7.3.1/PP/src/epsilon.f90:454
#9  0x5a2c79769936 in epsilon
	at /home/mehlhorn/qe-7.3.1/PP/src/epsilon.f90:346
#10  0x5a2c7975ff2e in main
	at /home/mehlhorn/qe-7.3.1/PP/src/epsilon.f90:201
--------------------------------------------------------------------------
Primary job  terminated normally, but 1 process returned
a non-zero exit code. Per user-direction, the job has been aborted.
--------------------------------------------------------------------------
--------------------------------------------------------------------------
mpirun detected that one or more processes exited with non-zero status, thus causing
the job to be terminated. The first process to do so was:

  Process name: [[42928,1],0]
  Exit code:    2
--------------------------------------------------------------------------
