cp: preserving permissions for ‘/local/scratch/mehlhorn/62393/JOBLOG’: Operation not supported
cp: preserving permissions for ‘/local/scratch/mehlhorn/62393/orca.job’: Operation not supported
cp: preserving permissions for ‘/local/scratch/mehlhorn/62393/orca.out’: Operation not supported
cp: preserving permissions for ‘/local/scratch/mehlhorn/62393/orca_error.out’: Operation not supported
cp: preserving permissions for ‘/local/scratch/mehlhorn/62393/run.bas0’: Operation not supported
cp: preserving permissions for ‘/local/scratch/mehlhorn/62393/run.bas1’: Operation not supported
cp: preserving permissions for ‘/local/scratch/mehlhorn/62393/run.bas2’: Operation not supported
cp: preserving permissions for ‘/local/scratch/mehlhorn/62393/run.bas3’: Operation not supported
cp: preserving permissions for ‘/local/scratch/mehlhorn/62393/run.bas4’: Operation not supported
cp: preserving permissions for ‘/local/scratch/mehlhorn/62393/run.bas5’: Operation not supported
cp: preserving permissions for ‘/local/scratch/mehlhorn/62393/run.cpcm’: Operation not supported
cp: preserving permissions for ‘/local/scratch/mehlhorn/62393/run.cpcm_corr’: Operation not supported
cp: preserving permissions for ‘/local/scratch/mehlhorn/62393/run.densities’: Operation not supported
cp: preserving permissions for ‘/local/scratch/mehlhorn/62393/run.densitiesinfo’: Operation not supported
cp: preserving permissions for ‘/local/scratch/mehlhorn/62393/run.engrad’: Operation not supported
cp: preserving permissions for ‘/local/scratch/mehlhorn/62393/run.gbw’: Operation not supported
cp: preserving permissions for ‘/local/scratch/mehlhorn/62393/run.hostnames’: Operation not supported
cp: preserving permissions for ‘/local/scratch/mehlhorn/62393/run.inp’: Operation not supported
cp: preserving permissions for ‘/local/scratch/mehlhorn/62393/run.opt’: Operation not supported
cp: preserving permissions for ‘/local/scratch/mehlhorn/62393/run.property.txt’: Operation not supported
cp: preserving permissions for ‘/local/scratch/mehlhorn/62393/run.xyz’: Operation not supported
cp: preserving permissions for ‘/local/scratch/mehlhorn/62393/run_atom40.bibtex’: Operation not supported
cp: preserving permissions for ‘/local/scratch/mehlhorn/62393/run_atom40.densities’: Operation not supported
cp: preserving permissions for ‘/local/scratch/mehlhorn/62393/run_atom40.densitiesinfo’: Operation not supported
cp: preserving permissions for ‘/local/scratch/mehlhorn/62393/run_atom40.out’: Operation not supported
cp: preserving permissions for ‘/local/scratch/mehlhorn/62393/run_atom40.property.txt’: Operation not supported
cp: preserving permissions for ‘/local/scratch/mehlhorn/62393/run_f.inp’: Operation not supported
cp: preserving permissions for ‘/local/scratch/mehlhorn/62393/run_trj.xyz’: Operation not supported
cp: preserving permissions for ‘/local/scratch/mehlhorn/62393/slurm-62348.out’: Operation not supported
