--------------------------------------------------------------------------
WARNING: An invalid value was given for btl_tcp_if_exclude.  This
value will be ignored.

  Local host: cuda6
  Value:      "wg0 lo"
  Message:    Invalid specification (missing "/")
--------------------------------------------------------------------------
[cuda6:107988] 23 more processes have sent help message help-mpi-btl-tcp.txt / invalid if_inexclude
[cuda6:107988] Set MCA parameter "orte_base_help_aggregate" to 0 to see all help / error messages
--------------------------------------------------------------------------
A system call failed during shared memory initialization that should
not have.  It is likely that your MPI job will now either abort or
experience performance degradation.

  Local host:  cuda6
  System call: unlink(2) /dev/shm/vader_segment.cuda6.1009.e6340001.4
  Error:       No such file or directory (errno 2)
--------------------------------------------------------------------------
[cuda6:107988] 23 more processes have sent help message help-opal-shmem-mmap.txt / sys call fail
--------------------------------------------------------------------------
WARNING: An invalid value was given for btl_tcp_if_exclude.  This
value will be ignored.

  Local host: cuda6
  Value:      "wg0 lo"
  Message:    Invalid specification (missing "/")
--------------------------------------------------------------------------
[cuda6:108096] 23 more processes have sent help message help-mpi-btl-tcp.txt / invalid if_inexclude
[cuda6:108096] Set MCA parameter "orte_base_help_aggregate" to 0 to see all help / error messages
--------------------------------------------------------------------------
WARNING: An invalid value was given for btl_tcp_if_exclude.  This
value will be ignored.

  Local host: cuda6
  Value:      "wg0 lo"
  Message:    Invalid specification (missing "/")
--------------------------------------------------------------------------
[cuda6:108209] 23 more processes have sent help message help-mpi-btl-tcp.txt / invalid if_inexclude
[cuda6:108209] Set MCA parameter "orte_base_help_aggregate" to 0 to see all help / error messages
--------------------------------------------------------------------------
WARNING: An invalid value was given for btl_tcp_if_exclude.  This
value will be ignored.

  Local host: cuda6
  Value:      "wg0 lo"
  Message:    Invalid specification (missing "/")
--------------------------------------------------------------------------
[cuda6:108884] 23 more processes have sent help message help-mpi-btl-tcp.txt / invalid if_inexclude
[cuda6:108884] Set MCA parameter "orte_base_help_aggregate" to 0 to see all help / error messages
--------------------------------------------------------------------------
WARNING: An invalid value was given for btl_tcp_if_exclude.  This
value will be ignored.

  Local host: cuda6
  Value:      "wg0 lo"
  Message:    Invalid specification (missing "/")
--------------------------------------------------------------------------
[cuda6:108988] 23 more processes have sent help message help-mpi-btl-tcp.txt / invalid if_inexclude
[cuda6:108988] Set MCA parameter "orte_base_help_aggregate" to 0 to see all help / error messages
--------------------------------------------------------------------------
WARNING: An invalid value was given for btl_tcp_if_exclude.  This
value will be ignored.

  Local host: cuda6
  Value:      "wg0 lo"
  Message:    Invalid specification (missing "/")
--------------------------------------------------------------------------
[cuda6:109096] 23 more processes have sent help message help-mpi-btl-tcp.txt / invalid if_inexclude
[cuda6:109096] Set MCA parameter "orte_base_help_aggregate" to 0 to see all help / error messages
--------------------------------------------------------------------------
WARNING: An invalid value was given for btl_tcp_if_exclude.  This
value will be ignored.

  Local host: cuda6
  Value:      "wg0 lo"
  Message:    Invalid specification (missing "/")
--------------------------------------------------------------------------
[cuda6:109197] [[59757,0],0] ORTE_ERROR_LOG: Data unpack would read past end of buffer in file ../../../orte/util/show_help.c at line 501
[cuda6:109197] 22 more processes have sent help message help-mpi-btl-tcp.txt / invalid if_inexclude
[cuda6:109197] Set MCA parameter "orte_base_help_aggregate" to 0 to see all help / error messages
--------------------------------------------------------------------------
WARNING: An invalid value was given for btl_tcp_if_exclude.  This
value will be ignored.

  Local host: cuda6
  Value:      "wg0 lo"
  Message:    Invalid specification (missing "/")
--------------------------------------------------------------------------
[cuda6:109298] 23 more processes have sent help message help-mpi-btl-tcp.txt / invalid if_inexclude
[cuda6:109298] Set MCA parameter "orte_base_help_aggregate" to 0 to see all help / error messages
--------------------------------------------------------------------------
WARNING: An invalid value was given for btl_tcp_if_exclude.  This
value will be ignored.

  Local host: cuda6
  Value:      "wg0 lo"
  Message:    Invalid specification (missing "/")
--------------------------------------------------------------------------
[cuda6:109400] 23 more processes have sent help message help-mpi-btl-tcp.txt / invalid if_inexclude
[cuda6:109400] Set MCA parameter "orte_base_help_aggregate" to 0 to see all help / error messages
--------------------------------------------------------------------------
WARNING: An invalid value was given for btl_tcp_if_exclude.  This
value will be ignored.

  Local host: cuda6
  Value:      "wg0 lo"
  Message:    Invalid specification (missing "/")
--------------------------------------------------------------------------
[cuda6:109504] 23 more processes have sent help message help-mpi-btl-tcp.txt / invalid if_inexclude
[cuda6:109504] Set MCA parameter "orte_base_help_aggregate" to 0 to see all help / error messages
--------------------------------------------------------------------------
WARNING: An invalid value was given for btl_tcp_if_exclude.  This
value will be ignored.

  Local host: cuda6
  Value:      "wg0 lo"
  Message:    Invalid specification (missing "/")
--------------------------------------------------------------------------
[cuda6:109607] 23 more processes have sent help message help-mpi-btl-tcp.txt / invalid if_inexclude
[cuda6:109607] Set MCA parameter "orte_base_help_aggregate" to 0 to see all help / error messages
--------------------------------------------------------------------------
WARNING: An invalid value was given for btl_tcp_if_exclude.  This
value will be ignored.

  Local host: cuda6
  Value:      "wg0 lo"
  Message:    Invalid specification (missing "/")
--------------------------------------------------------------------------
[cuda6:109712] 23 more processes have sent help message help-mpi-btl-tcp.txt / invalid if_inexclude
[cuda6:109712] Set MCA parameter "orte_base_help_aggregate" to 0 to see all help / error messages
--------------------------------------------------------------------------
WARNING: An invalid value was given for btl_tcp_if_exclude.  This
value will be ignored.

  Local host: cuda6
  Value:      "wg0 lo"
  Message:    Invalid specification (missing "/")
--------------------------------------------------------------------------
[cuda6:109813] 23 more processes have sent help message help-mpi-btl-tcp.txt / invalid if_inexclude
[cuda6:109813] Set MCA parameter "orte_base_help_aggregate" to 0 to see all help / error messages
--------------------------------------------------------------------------
WARNING: An invalid value was given for btl_tcp_if_exclude.  This
value will be ignored.

  Local host: cuda6
  Value:      "wg0 lo"
  Message:    Invalid specification (missing "/")
--------------------------------------------------------------------------
[cuda6:109914] 23 more processes have sent help message help-mpi-btl-tcp.txt / invalid if_inexclude
[cuda6:109914] Set MCA parameter "orte_base_help_aggregate" to 0 to see all help / error messages
--------------------------------------------------------------------------
WARNING: An invalid value was given for btl_tcp_if_exclude.  This
value will be ignored.

  Local host: cuda6
  Value:      "wg0 lo"
  Message:    Invalid specification (missing "/")
--------------------------------------------------------------------------
[cuda6:110015] 23 more processes have sent help message help-mpi-btl-tcp.txt / invalid if_inexclude
[cuda6:110015] Set MCA parameter "orte_base_help_aggregate" to 0 to see all help / error messages
--------------------------------------------------------------------------
WARNING: An invalid value was given for btl_tcp_if_exclude.  This
value will be ignored.

  Local host: cuda6
  Value:      "wg0 lo"
  Message:    Invalid specification (missing "/")
--------------------------------------------------------------------------
[cuda6:110121] 23 more processes have sent help message help-mpi-btl-tcp.txt / invalid if_inexclude
[cuda6:110121] Set MCA parameter "orte_base_help_aggregate" to 0 to see all help / error messages
--------------------------------------------------------------------------
WARNING: An invalid value was given for btl_tcp_if_exclude.  This
value will be ignored.

  Local host: cuda6
  Value:      "wg0 lo"
  Message:    Invalid specification (missing "/")
--------------------------------------------------------------------------
[cuda6:110225] 23 more processes have sent help message help-mpi-btl-tcp.txt / invalid if_inexclude
[cuda6:110225] Set MCA parameter "orte_base_help_aggregate" to 0 to see all help / error messages
--------------------------------------------------------------------------
WARNING: An invalid value was given for btl_tcp_if_exclude.  This
value will be ignored.

  Local host: cuda6
  Value:      "wg0 lo"
  Message:    Invalid specification (missing "/")
--------------------------------------------------------------------------
[cuda6:110328] 23 more processes have sent help message help-mpi-btl-tcp.txt / invalid if_inexclude
[cuda6:110328] Set MCA parameter "orte_base_help_aggregate" to 0 to see all help / error messages
--------------------------------------------------------------------------
WARNING: An invalid value was given for btl_tcp_if_exclude.  This
value will be ignored.

  Local host: cuda6
  Value:      "wg0 lo"
  Message:    Invalid specification (missing "/")
--------------------------------------------------------------------------
[cuda6:110429] 23 more processes have sent help message help-mpi-btl-tcp.txt / invalid if_inexclude
[cuda6:110429] Set MCA parameter "orte_base_help_aggregate" to 0 to see all help / error messages
--------------------------------------------------------------------------
WARNING: An invalid value was given for btl_tcp_if_exclude.  This
value will be ignored.

  Local host: cuda6
  Value:      "wg0 lo"
  Message:    Invalid specification (missing "/")
--------------------------------------------------------------------------
[cuda6:110531] 23 more processes have sent help message help-mpi-btl-tcp.txt / invalid if_inexclude
[cuda6:110531] Set MCA parameter "orte_base_help_aggregate" to 0 to see all help / error messages
--------------------------------------------------------------------------
WARNING: An invalid value was given for btl_tcp_if_exclude.  This
value will be ignored.

  Local host: cuda6
  Value:      "wg0 lo"
  Message:    Invalid specification (missing "/")
--------------------------------------------------------------------------
[cuda6:110633] 23 more processes have sent help message help-mpi-btl-tcp.txt / invalid if_inexclude
[cuda6:110633] Set MCA parameter "orte_base_help_aggregate" to 0 to see all help / error messages
--------------------------------------------------------------------------
WARNING: An invalid value was given for btl_tcp_if_exclude.  This
value will be ignored.

  Local host: cuda6
  Value:      "wg0 lo"
  Message:    Invalid specification (missing "/")
--------------------------------------------------------------------------
[cuda6:110736] 23 more processes have sent help message help-mpi-btl-tcp.txt / invalid if_inexclude
[cuda6:110736] Set MCA parameter "orte_base_help_aggregate" to 0 to see all help / error messages
--------------------------------------------------------------------------
WARNING: An invalid value was given for btl_tcp_if_exclude.  This
value will be ignored.

  Local host: cuda6
  Value:      "wg0 lo"
  Message:    Invalid specification (missing "/")
--------------------------------------------------------------------------
[cuda6:110839] 23 more processes have sent help message help-mpi-btl-tcp.txt / invalid if_inexclude
[cuda6:110839] Set MCA parameter "orte_base_help_aggregate" to 0 to see all help / error messages
--------------------------------------------------------------------------
WARNING: An invalid value was given for btl_tcp_if_exclude.  This
value will be ignored.

  Local host: cuda6
  Value:      "wg0 lo"
  Message:    Invalid specification (missing "/")
--------------------------------------------------------------------------
[cuda6:110942] 23 more processes have sent help message help-mpi-btl-tcp.txt / invalid if_inexclude
[cuda6:110942] Set MCA parameter "orte_base_help_aggregate" to 0 to see all help / error messages
--------------------------------------------------------------------------
WARNING: An invalid value was given for btl_tcp_if_exclude.  This
value will be ignored.

  Local host: cuda6
  Value:      "wg0 lo"
  Message:    Invalid specification (missing "/")
--------------------------------------------------------------------------
[cuda6:111043] 23 more processes have sent help message help-mpi-btl-tcp.txt / invalid if_inexclude
[cuda6:111043] Set MCA parameter "orte_base_help_aggregate" to 0 to see all help / error messages
--------------------------------------------------------------------------
WARNING: An invalid value was given for btl_tcp_if_exclude.  This
value will be ignored.

  Local host: cuda6
  Value:      "wg0 lo"
  Message:    Invalid specification (missing "/")
--------------------------------------------------------------------------
[cuda6:111144] 23 more processes have sent help message help-mpi-btl-tcp.txt / invalid if_inexclude
[cuda6:111144] Set MCA parameter "orte_base_help_aggregate" to 0 to see all help / error messages
--------------------------------------------------------------------------
WARNING: An invalid value was given for btl_tcp_if_exclude.  This
value will be ignored.

  Local host: cuda6
  Value:      "wg0 lo"
  Message:    Invalid specification (missing "/")
--------------------------------------------------------------------------
[cuda6:111245] 23 more processes have sent help message help-mpi-btl-tcp.txt / invalid if_inexclude
[cuda6:111245] Set MCA parameter "orte_base_help_aggregate" to 0 to see all help / error messages
--------------------------------------------------------------------------
WARNING: An invalid value was given for btl_tcp_if_exclude.  This
value will be ignored.

  Local host: cuda6
  Value:      "wg0 lo"
  Message:    Invalid specification (missing "/")
--------------------------------------------------------------------------
[cuda6:111350] [[61718,0],0] ORTE_ERROR_LOG: Data unpack would read past end of buffer in file ../../../orte/util/show_help.c at line 501
[cuda6:111350] 22 more processes have sent help message help-mpi-btl-tcp.txt / invalid if_inexclude
[cuda6:111350] Set MCA parameter "orte_base_help_aggregate" to 0 to see all help / error messages
--------------------------------------------------------------------------
WARNING: An invalid value was given for btl_tcp_if_exclude.  This
value will be ignored.

  Local host: cuda6
  Value:      "wg0 lo"
  Message:    Invalid specification (missing "/")
--------------------------------------------------------------------------
[cuda6:111453] 23 more processes have sent help message help-mpi-btl-tcp.txt / invalid if_inexclude
[cuda6:111453] Set MCA parameter "orte_base_help_aggregate" to 0 to see all help / error messages
--------------------------------------------------------------------------
WARNING: An invalid value was given for btl_tcp_if_exclude.  This
value will be ignored.

  Local host: cuda6
  Value:      "wg0 lo"
  Message:    Invalid specification (missing "/")
--------------------------------------------------------------------------
[cuda6:111556] 23 more processes have sent help message help-mpi-btl-tcp.txt / invalid if_inexclude
[cuda6:111556] Set MCA parameter "orte_base_help_aggregate" to 0 to see all help / error messages
--------------------------------------------------------------------------
WARNING: An invalid value was given for btl_tcp_if_exclude.  This
value will be ignored.

  Local host: cuda6
  Value:      "wg0 lo"
  Message:    Invalid specification (missing "/")
--------------------------------------------------------------------------
[cuda6:111657] 23 more processes have sent help message help-mpi-btl-tcp.txt / invalid if_inexclude
[cuda6:111657] Set MCA parameter "orte_base_help_aggregate" to 0 to see all help / error messages
--------------------------------------------------------------------------
WARNING: An invalid value was given for btl_tcp_if_exclude.  This
value will be ignored.

  Local host: cuda6
  Value:      "wg0 lo"
  Message:    Invalid specification (missing "/")
--------------------------------------------------------------------------
[cuda6:111758] 23 more processes have sent help message help-mpi-btl-tcp.txt / invalid if_inexclude
[cuda6:111758] Set MCA parameter "orte_base_help_aggregate" to 0 to see all help / error messages
--------------------------------------------------------------------------
WARNING: An invalid value was given for btl_tcp_if_exclude.  This
value will be ignored.

  Local host: cuda6
  Value:      "wg0 lo"
  Message:    Invalid specification (missing "/")
--------------------------------------------------------------------------
[cuda6:111859] 23 more processes have sent help message help-mpi-btl-tcp.txt / invalid if_inexclude
[cuda6:111859] Set MCA parameter "orte_base_help_aggregate" to 0 to see all help / error messages
--------------------------------------------------------------------------
WARNING: An invalid value was given for btl_tcp_if_exclude.  This
value will be ignored.

  Local host: cuda6
  Value:      "wg0 lo"
  Message:    Invalid specification (missing "/")
--------------------------------------------------------------------------
[cuda6:111962] 23 more processes have sent help message help-mpi-btl-tcp.txt / invalid if_inexclude
[cuda6:111962] Set MCA parameter "orte_base_help_aggregate" to 0 to see all help / error messages
--------------------------------------------------------------------------
WARNING: An invalid value was given for btl_tcp_if_exclude.  This
value will be ignored.

  Local host: cuda6
  Value:      "wg0 lo"
  Message:    Invalid specification (missing "/")
--------------------------------------------------------------------------
[cuda6:112067] 23 more processes have sent help message help-mpi-btl-tcp.txt / invalid if_inexclude
[cuda6:112067] Set MCA parameter "orte_base_help_aggregate" to 0 to see all help / error messages
--------------------------------------------------------------------------
WARNING: An invalid value was given for btl_tcp_if_exclude.  This
value will be ignored.

  Local host: cuda6
  Value:      "wg0 lo"
  Message:    Invalid specification (missing "/")
--------------------------------------------------------------------------
[cuda6:112173] 23 more processes have sent help message help-mpi-btl-tcp.txt / invalid if_inexclude
[cuda6:112173] Set MCA parameter "orte_base_help_aggregate" to 0 to see all help / error messages
--------------------------------------------------------------------------
WARNING: An invalid value was given for btl_tcp_if_exclude.  This
value will be ignored.

  Local host: cuda6
  Value:      "wg0 lo"
  Message:    Invalid specification (missing "/")
--------------------------------------------------------------------------
[cuda6:112274] 23 more processes have sent help message help-mpi-btl-tcp.txt / invalid if_inexclude
[cuda6:112274] Set MCA parameter "orte_base_help_aggregate" to 0 to see all help / error messages
--------------------------------------------------------------------------
WARNING: An invalid value was given for btl_tcp_if_exclude.  This
value will be ignored.

  Local host: cuda6
  Value:      "wg0 lo"
  Message:    Invalid specification (missing "/")
--------------------------------------------------------------------------
[cuda6:112375] 23 more processes have sent help message help-mpi-btl-tcp.txt / invalid if_inexclude
[cuda6:112375] Set MCA parameter "orte_base_help_aggregate" to 0 to see all help / error messages
--------------------------------------------------------------------------
WARNING: An invalid value was given for btl_tcp_if_exclude.  This
value will be ignored.

  Local host: cuda6
  Value:      "wg0 lo"
  Message:    Invalid specification (missing "/")
--------------------------------------------------------------------------
[cuda6:112479] 23 more processes have sent help message help-mpi-btl-tcp.txt / invalid if_inexclude
[cuda6:112479] Set MCA parameter "orte_base_help_aggregate" to 0 to see all help / error messages
--------------------------------------------------------------------------
WARNING: An invalid value was given for btl_tcp_if_exclude.  This
value will be ignored.

  Local host: cuda6
  Value:      "wg0 lo"
  Message:    Invalid specification (missing "/")
--------------------------------------------------------------------------
[cuda6:112581] 23 more processes have sent help message help-mpi-btl-tcp.txt / invalid if_inexclude
[cuda6:112581] Set MCA parameter "orte_base_help_aggregate" to 0 to see all help / error messages
--------------------------------------------------------------------------
WARNING: An invalid value was given for btl_tcp_if_exclude.  This
value will be ignored.

  Local host: cuda6
  Value:      "wg0 lo"
  Message:    Invalid specification (missing "/")
--------------------------------------------------------------------------
[cuda6:112686] 23 more processes have sent help message help-mpi-btl-tcp.txt / invalid if_inexclude
[cuda6:112686] Set MCA parameter "orte_base_help_aggregate" to 0 to see all help / error messages
--------------------------------------------------------------------------
WARNING: An invalid value was given for btl_tcp_if_exclude.  This
value will be ignored.

  Local host: cuda6
  Value:      "wg0 lo"
  Message:    Invalid specification (missing "/")
--------------------------------------------------------------------------
[cuda6:112789] 23 more processes have sent help message help-mpi-btl-tcp.txt / invalid if_inexclude
[cuda6:112789] Set MCA parameter "orte_base_help_aggregate" to 0 to see all help / error messages
[cuda6:112890] [[64282,0],0] ORTE_ERROR_LOG: Data unpack would read past end of buffer in file ../../../orte/util/show_help.c at line 501
[cuda6:112890] [[64282,0],0] ORTE_ERROR_LOG: Data unpack would read past end of buffer in file ../../../orte/util/show_help.c at line 501
--------------------------------------------------------------------------
WARNING: An invalid value was given for btl_tcp_if_exclude.  This
value will be ignored.

  Local host: cuda6
  Value:      "wg0 lo"
  Message:    Invalid specification (missing "/")
--------------------------------------------------------------------------
[cuda6:112890] 21 more processes have sent help message help-mpi-btl-tcp.txt / invalid if_inexclude
[cuda6:112890] Set MCA parameter "orte_base_help_aggregate" to 0 to see all help / error messages
[cuda6:112992] [[64128,0],0] ORTE_ERROR_LOG: Data unpack would read past end of buffer in file ../../../orte/util/show_help.c at line 501
[cuda6:112992] [[64128,0],0] ORTE_ERROR_LOG: Data unpack would read past end of buffer in file ../../../orte/util/show_help.c at line 501
[cuda6:112992] [[64128,0],0] ORTE_ERROR_LOG: Data unpack would read past end of buffer in file ../../../orte/util/show_help.c at line 501
[cuda6:112992] [[64128,0],0] ORTE_ERROR_LOG: Data unpack would read past end of buffer in file ../../../orte/util/show_help.c at line 501
--------------------------------------------------------------------------
WARNING: An invalid value was given for btl_tcp_if_exclude.  This
value will be ignored.

  Local host: cuda6
  Value:      "wg0 lo"
  Message:    Invalid specification (missing "/")
--------------------------------------------------------------------------
[cuda6:112992] 19 more processes have sent help message help-mpi-btl-tcp.txt / invalid if_inexclude
[cuda6:112992] Set MCA parameter "orte_base_help_aggregate" to 0 to see all help / error messages
--------------------------------------------------------------------------
WARNING: An invalid value was given for btl_tcp_if_exclude.  This
value will be ignored.

  Local host: cuda6
  Value:      "wg0 lo"
  Message:    Invalid specification (missing "/")
--------------------------------------------------------------------------
[cuda6:113093] 23 more processes have sent help message help-mpi-btl-tcp.txt / invalid if_inexclude
[cuda6:113093] Set MCA parameter "orte_base_help_aggregate" to 0 to see all help / error messages
--------------------------------------------------------------------------
WARNING: An invalid value was given for btl_tcp_if_exclude.  This
value will be ignored.

  Local host: cuda6
  Value:      "wg0 lo"
  Message:    Invalid specification (missing "/")
--------------------------------------------------------------------------
[cuda6:113196] 23 more processes have sent help message help-mpi-btl-tcp.txt / invalid if_inexclude
[cuda6:113196] Set MCA parameter "orte_base_help_aggregate" to 0 to see all help / error messages
--------------------------------------------------------------------------
WARNING: An invalid value was given for btl_tcp_if_exclude.  This
value will be ignored.

  Local host: cuda6
  Value:      "wg0 lo"
  Message:    Invalid specification (missing "/")
--------------------------------------------------------------------------
[cuda6:113300] 23 more processes have sent help message help-mpi-btl-tcp.txt / invalid if_inexclude
[cuda6:113300] Set MCA parameter "orte_base_help_aggregate" to 0 to see all help / error messages
--------------------------------------------------------------------------
WARNING: An invalid value was given for btl_tcp_if_exclude.  This
value will be ignored.

  Local host: cuda6
  Value:      "wg0 lo"
  Message:    Invalid specification (missing "/")
--------------------------------------------------------------------------
[cuda6:113405] 23 more processes have sent help message help-mpi-btl-tcp.txt / invalid if_inexclude
[cuda6:113405] Set MCA parameter "orte_base_help_aggregate" to 0 to see all help / error messages
--------------------------------------------------------------------------
WARNING: An invalid value was given for btl_tcp_if_exclude.  This
value will be ignored.

  Local host: cuda6
  Value:      "wg0 lo"
  Message:    Invalid specification (missing "/")
--------------------------------------------------------------------------
[cuda6:113506] 23 more processes have sent help message help-mpi-btl-tcp.txt / invalid if_inexclude
[cuda6:113506] Set MCA parameter "orte_base_help_aggregate" to 0 to see all help / error messages
--------------------------------------------------------------------------
WARNING: An invalid value was given for btl_tcp_if_exclude.  This
value will be ignored.

  Local host: cuda6
  Value:      "wg0 lo"
  Message:    Invalid specification (missing "/")
--------------------------------------------------------------------------
[cuda6:113607] 23 more processes have sent help message help-mpi-btl-tcp.txt / invalid if_inexclude
[cuda6:113607] Set MCA parameter "orte_base_help_aggregate" to 0 to see all help / error messages
--------------------------------------------------------------------------
WARNING: An invalid value was given for btl_tcp_if_exclude.  This
value will be ignored.

  Local host: cuda6
  Value:      "wg0 lo"
  Message:    Invalid specification (missing "/")
--------------------------------------------------------------------------
[cuda6:113708] 23 more processes have sent help message help-mpi-btl-tcp.txt / invalid if_inexclude
[cuda6:113708] Set MCA parameter "orte_base_help_aggregate" to 0 to see all help / error messages
--------------------------------------------------------------------------
WARNING: An invalid value was given for btl_tcp_if_exclude.  This
value will be ignored.

  Local host: cuda6
  Value:      "wg0 lo"
  Message:    Invalid specification (missing "/")
--------------------------------------------------------------------------
[cuda6:113810] 23 more processes have sent help message help-mpi-btl-tcp.txt / invalid if_inexclude
[cuda6:113810] Set MCA parameter "orte_base_help_aggregate" to 0 to see all help / error messages
--------------------------------------------------------------------------
WARNING: An invalid value was given for btl_tcp_if_exclude.  This
value will be ignored.

  Local host: cuda6
  Value:      "wg0 lo"
  Message:    Invalid specification (missing "/")
--------------------------------------------------------------------------
[cuda6:113913] 23 more processes have sent help message help-mpi-btl-tcp.txt / invalid if_inexclude
[cuda6:113913] Set MCA parameter "orte_base_help_aggregate" to 0 to see all help / error messages
--------------------------------------------------------------------------
WARNING: An invalid value was given for btl_tcp_if_exclude.  This
value will be ignored.

  Local host: cuda6
  Value:      "wg0 lo"
  Message:    Invalid specification (missing "/")
--------------------------------------------------------------------------
[cuda6:114020] 23 more processes have sent help message help-mpi-btl-tcp.txt / invalid if_inexclude
[cuda6:114020] Set MCA parameter "orte_base_help_aggregate" to 0 to see all help / error messages
--------------------------------------------------------------------------
WARNING: An invalid value was given for btl_tcp_if_exclude.  This
value will be ignored.

  Local host: cuda6
  Value:      "wg0 lo"
  Message:    Invalid specification (missing "/")
--------------------------------------------------------------------------
[cuda6:114121] 23 more processes have sent help message help-mpi-btl-tcp.txt / invalid if_inexclude
[cuda6:114121] Set MCA parameter "orte_base_help_aggregate" to 0 to see all help / error messages
[cuda6:114222] [[64974,0],0] ORTE_ERROR_LOG: Data unpack would read past end of buffer in file ../../../orte/util/show_help.c at line 501
--------------------------------------------------------------------------
WARNING: An invalid value was given for btl_tcp_if_exclude.  This
value will be ignored.

  Local host: cuda6
  Value:      "wg0 lo"
  Message:    Invalid specification (missing "/")
--------------------------------------------------------------------------
[cuda6:114222] 22 more processes have sent help message help-mpi-btl-tcp.txt / invalid if_inexclude
[cuda6:114222] Set MCA parameter "orte_base_help_aggregate" to 0 to see all help / error messages
--------------------------------------------------------------------------
WARNING: An invalid value was given for btl_tcp_if_exclude.  This
value will be ignored.

  Local host: cuda6
  Value:      "wg0 lo"
  Message:    Invalid specification (missing "/")
--------------------------------------------------------------------------
[cuda6:114323] 23 more processes have sent help message help-mpi-btl-tcp.txt / invalid if_inexclude
[cuda6:114323] Set MCA parameter "orte_base_help_aggregate" to 0 to see all help / error messages
--------------------------------------------------------------------------
WARNING: An invalid value was given for btl_tcp_if_exclude.  This
value will be ignored.

  Local host: cuda6
  Value:      "wg0 lo"
  Message:    Invalid specification (missing "/")
--------------------------------------------------------------------------
[cuda6:114431] 23 more processes have sent help message help-mpi-btl-tcp.txt / invalid if_inexclude
[cuda6:114431] Set MCA parameter "orte_base_help_aggregate" to 0 to see all help / error messages
--------------------------------------------------------------------------
WARNING: An invalid value was given for btl_tcp_if_exclude.  This
value will be ignored.

  Local host: cuda6
  Value:      "wg0 lo"
  Message:    Invalid specification (missing "/")
--------------------------------------------------------------------------
[cuda6:114534] 23 more processes have sent help message help-mpi-btl-tcp.txt / invalid if_inexclude
[cuda6:114534] Set MCA parameter "orte_base_help_aggregate" to 0 to see all help / error messages
--------------------------------------------------------------------------
WARNING: An invalid value was given for btl_tcp_if_exclude.  This
value will be ignored.

  Local host: cuda6
  Value:      "wg0 lo"
  Message:    Invalid specification (missing "/")
--------------------------------------------------------------------------
[cuda6:114637] 23 more processes have sent help message help-mpi-btl-tcp.txt / invalid if_inexclude
[cuda6:114637] Set MCA parameter "orte_base_help_aggregate" to 0 to see all help / error messages
--------------------------------------------------------------------------
WARNING: An invalid value was given for btl_tcp_if_exclude.  This
value will be ignored.

  Local host: cuda6
  Value:      "wg0 lo"
  Message:    Invalid specification (missing "/")
--------------------------------------------------------------------------
[cuda6:114738] 23 more processes have sent help message help-mpi-btl-tcp.txt / invalid if_inexclude
[cuda6:114738] Set MCA parameter "orte_base_help_aggregate" to 0 to see all help / error messages
--------------------------------------------------------------------------
WARNING: An invalid value was given for btl_tcp_if_exclude.  This
value will be ignored.

  Local host: cuda6
  Value:      "wg0 lo"
  Message:    Invalid specification (missing "/")
--------------------------------------------------------------------------
[cuda6:114839] 23 more processes have sent help message help-mpi-btl-tcp.txt / invalid if_inexclude
[cuda6:114839] Set MCA parameter "orte_base_help_aggregate" to 0 to see all help / error messages
--------------------------------------------------------------------------
WARNING: An invalid value was given for btl_tcp_if_exclude.  This
value will be ignored.

  Local host: cuda6
  Value:      "wg0 lo"
  Message:    Invalid specification (missing "/")
--------------------------------------------------------------------------
[cuda6:114940] 23 more processes have sent help message help-mpi-btl-tcp.txt / invalid if_inexclude
[cuda6:114940] Set MCA parameter "orte_base_help_aggregate" to 0 to see all help / error messages
--------------------------------------------------------------------------
WARNING: An invalid value was given for btl_tcp_if_exclude.  This
value will be ignored.

  Local host: cuda6
  Value:      "wg0 lo"
  Message:    Invalid specification (missing "/")
--------------------------------------------------------------------------
[cuda6:115044] 23 more processes have sent help message help-mpi-btl-tcp.txt / invalid if_inexclude
[cuda6:115044] Set MCA parameter "orte_base_help_aggregate" to 0 to see all help / error messages
--------------------------------------------------------------------------
WARNING: An invalid value was given for btl_tcp_if_exclude.  This
value will be ignored.

  Local host: cuda6
  Value:      "wg0 lo"
  Message:    Invalid specification (missing "/")
--------------------------------------------------------------------------
[cuda6:115147] [[33323,0],0] ORTE_ERROR_LOG: Data unpack would read past end of buffer in file ../../../orte/util/show_help.c at line 501
[cuda6:115147] 22 more processes have sent help message help-mpi-btl-tcp.txt / invalid if_inexclude
[cuda6:115147] Set MCA parameter "orte_base_help_aggregate" to 0 to see all help / error messages
--------------------------------------------------------------------------
WARNING: An invalid value was given for btl_tcp_if_exclude.  This
value will be ignored.

  Local host: cuda6
  Value:      "wg0 lo"
  Message:    Invalid specification (missing "/")
--------------------------------------------------------------------------
[cuda6:115250] 23 more processes have sent help message help-mpi-btl-tcp.txt / invalid if_inexclude
[cuda6:115250] Set MCA parameter "orte_base_help_aggregate" to 0 to see all help / error messages
--------------------------------------------------------------------------
WARNING: An invalid value was given for btl_tcp_if_exclude.  This
value will be ignored.

  Local host: cuda6
  Value:      "wg0 lo"
  Message:    Invalid specification (missing "/")
--------------------------------------------------------------------------
[cuda6:115351] 23 more processes have sent help message help-mpi-btl-tcp.txt / invalid if_inexclude
[cuda6:115351] Set MCA parameter "orte_base_help_aggregate" to 0 to see all help / error messages
--------------------------------------------------------------------------
WARNING: An invalid value was given for btl_tcp_if_exclude.  This
value will be ignored.

  Local host: cuda6
  Value:      "wg0 lo"
  Message:    Invalid specification (missing "/")
--------------------------------------------------------------------------
[cuda6:115453] 23 more processes have sent help message help-mpi-btl-tcp.txt / invalid if_inexclude
[cuda6:115453] Set MCA parameter "orte_base_help_aggregate" to 0 to see all help / error messages
--------------------------------------------------------------------------
WARNING: An invalid value was given for btl_tcp_if_exclude.  This
value will be ignored.

  Local host: cuda6
  Value:      "wg0 lo"
  Message:    Invalid specification (missing "/")
--------------------------------------------------------------------------
[cuda6:115554] 23 more processes have sent help message help-mpi-btl-tcp.txt / invalid if_inexclude
[cuda6:115554] Set MCA parameter "orte_base_help_aggregate" to 0 to see all help / error messages
--------------------------------------------------------------------------
WARNING: An invalid value was given for btl_tcp_if_exclude.  This
value will be ignored.

  Local host: cuda6
  Value:      "wg0 lo"
  Message:    Invalid specification (missing "/")
--------------------------------------------------------------------------
[cuda6:115665] 23 more processes have sent help message help-mpi-btl-tcp.txt / invalid if_inexclude
[cuda6:115665] Set MCA parameter "orte_base_help_aggregate" to 0 to see all help / error messages
--------------------------------------------------------------------------
WARNING: An invalid value was given for btl_tcp_if_exclude.  This
value will be ignored.

  Local host: cuda6
  Value:      "wg0 lo"
  Message:    Invalid specification (missing "/")
--------------------------------------------------------------------------
[cuda6:115770] 23 more processes have sent help message help-mpi-btl-tcp.txt / invalid if_inexclude
[cuda6:115770] Set MCA parameter "orte_base_help_aggregate" to 0 to see all help / error messages
--------------------------------------------------------------------------
WARNING: An invalid value was given for btl_tcp_if_exclude.  This
value will be ignored.

  Local host: cuda6
  Value:      "wg0 lo"
  Message:    Invalid specification (missing "/")
--------------------------------------------------------------------------
[cuda6:115873] 23 more processes have sent help message help-mpi-btl-tcp.txt / invalid if_inexclude
[cuda6:115873] Set MCA parameter "orte_base_help_aggregate" to 0 to see all help / error messages
--------------------------------------------------------------------------
WARNING: An invalid value was given for btl_tcp_if_exclude.  This
value will be ignored.

  Local host: cuda6
  Value:      "wg0 lo"
  Message:    Invalid specification (missing "/")
--------------------------------------------------------------------------
[cuda6:115974] 23 more processes have sent help message help-mpi-btl-tcp.txt / invalid if_inexclude
[cuda6:115974] Set MCA parameter "orte_base_help_aggregate" to 0 to see all help / error messages
--------------------------------------------------------------------------
WARNING: An invalid value was given for btl_tcp_if_exclude.  This
value will be ignored.

  Local host: cuda6
  Value:      "wg0 lo"
  Message:    Invalid specification (missing "/")
--------------------------------------------------------------------------
[cuda6:116075] 23 more processes have sent help message help-mpi-btl-tcp.txt / invalid if_inexclude
[cuda6:116075] Set MCA parameter "orte_base_help_aggregate" to 0 to see all help / error messages
--------------------------------------------------------------------------
WARNING: An invalid value was given for btl_tcp_if_exclude.  This
value will be ignored.

  Local host: cuda6
  Value:      "wg0 lo"
  Message:    Invalid specification (missing "/")
--------------------------------------------------------------------------
[cuda6:116176] 23 more processes have sent help message help-mpi-btl-tcp.txt / invalid if_inexclude
[cuda6:116176] Set MCA parameter "orte_base_help_aggregate" to 0 to see all help / error messages
--------------------------------------------------------------------------
WARNING: An invalid value was given for btl_tcp_if_exclude.  This
value will be ignored.

  Local host: cuda6
  Value:      "wg0 lo"
  Message:    Invalid specification (missing "/")
--------------------------------------------------------------------------
[cuda6:116282] 23 more processes have sent help message help-mpi-btl-tcp.txt / invalid if_inexclude
[cuda6:116282] Set MCA parameter "orte_base_help_aggregate" to 0 to see all help / error messages
--------------------------------------------------------------------------
WARNING: An invalid value was given for btl_tcp_if_exclude.  This
value will be ignored.

  Local host: cuda6
  Value:      "wg0 lo"
  Message:    Invalid specification (missing "/")
--------------------------------------------------------------------------
[cuda6:116385] 23 more processes have sent help message help-mpi-btl-tcp.txt / invalid if_inexclude
[cuda6:116385] Set MCA parameter "orte_base_help_aggregate" to 0 to see all help / error messages
--------------------------------------------------------------------------
WARNING: An invalid value was given for btl_tcp_if_exclude.  This
value will be ignored.

  Local host: cuda6
  Value:      "wg0 lo"
  Message:    Invalid specification (missing "/")
--------------------------------------------------------------------------
[cuda6:116489] 23 more processes have sent help message help-mpi-btl-tcp.txt / invalid if_inexclude
[cuda6:116489] Set MCA parameter "orte_base_help_aggregate" to 0 to see all help / error messages
--------------------------------------------------------------------------
WARNING: An invalid value was given for btl_tcp_if_exclude.  This
value will be ignored.

  Local host: cuda6
  Value:      "wg0 lo"
  Message:    Invalid specification (missing "/")
--------------------------------------------------------------------------
[cuda6:116590] 23 more processes have sent help message help-mpi-btl-tcp.txt / invalid if_inexclude
[cuda6:116590] Set MCA parameter "orte_base_help_aggregate" to 0 to see all help / error messages
--------------------------------------------------------------------------
WARNING: An invalid value was given for btl_tcp_if_exclude.  This
value will be ignored.

  Local host: cuda6
  Value:      "wg0 lo"
  Message:    Invalid specification (missing "/")
--------------------------------------------------------------------------
[cuda6:116691] 23 more processes have sent help message help-mpi-btl-tcp.txt / invalid if_inexclude
[cuda6:116691] Set MCA parameter "orte_base_help_aggregate" to 0 to see all help / error messages
--------------------------------------------------------------------------
WARNING: An invalid value was given for btl_tcp_if_exclude.  This
value will be ignored.

  Local host: cuda6
  Value:      "wg0 lo"
  Message:    Invalid specification (missing "/")
--------------------------------------------------------------------------
[cuda6:116792] 23 more processes have sent help message help-mpi-btl-tcp.txt / invalid if_inexclude
[cuda6:116792] Set MCA parameter "orte_base_help_aggregate" to 0 to see all help / error messages
--------------------------------------------------------------------------
WARNING: An invalid value was given for btl_tcp_if_exclude.  This
value will be ignored.

  Local host: cuda6
  Value:      "wg0 lo"
  Message:    Invalid specification (missing "/")
--------------------------------------------------------------------------
[cuda6:116897] 23 more processes have sent help message help-mpi-btl-tcp.txt / invalid if_inexclude
[cuda6:116897] Set MCA parameter "orte_base_help_aggregate" to 0 to see all help / error messages
--------------------------------------------------------------------------
WARNING: An invalid value was given for btl_tcp_if_exclude.  This
value will be ignored.

  Local host: cuda6
  Value:      "wg0 lo"
  Message:    Invalid specification (missing "/")
--------------------------------------------------------------------------
[cuda6:117000] 23 more processes have sent help message help-mpi-btl-tcp.txt / invalid if_inexclude
[cuda6:117000] Set MCA parameter "orte_base_help_aggregate" to 0 to see all help / error messages
--------------------------------------------------------------------------
WARNING: An invalid value was given for btl_tcp_if_exclude.  This
value will be ignored.

  Local host: cuda6
  Value:      "wg0 lo"
  Message:    Invalid specification (missing "/")
--------------------------------------------------------------------------
[cuda6:117104] 23 more processes have sent help message help-mpi-btl-tcp.txt / invalid if_inexclude
[cuda6:117104] Set MCA parameter "orte_base_help_aggregate" to 0 to see all help / error messages
--------------------------------------------------------------------------
WARNING: An invalid value was given for btl_tcp_if_exclude.  This
value will be ignored.

  Local host: cuda6
  Value:      "wg0 lo"
  Message:    Invalid specification (missing "/")
--------------------------------------------------------------------------
[cuda6:117205] 23 more processes have sent help message help-mpi-btl-tcp.txt / invalid if_inexclude
[cuda6:117205] Set MCA parameter "orte_base_help_aggregate" to 0 to see all help / error messages
--------------------------------------------------------------------------
WARNING: An invalid value was given for btl_tcp_if_exclude.  This
value will be ignored.

  Local host: cuda6
  Value:      "wg0 lo"
  Message:    Invalid specification (missing "/")
--------------------------------------------------------------------------
[cuda6:117306] [[35290,0],0] ORTE_ERROR_LOG: Data unpack would read past end of buffer in file ../../../orte/util/show_help.c at line 513
[cuda6:117306] 22 more processes have sent help message help-mpi-btl-tcp.txt / invalid if_inexclude
[cuda6:117306] Set MCA parameter "orte_base_help_aggregate" to 0 to see all help / error messages
--------------------------------------------------------------------------
WARNING: An invalid value was given for btl_tcp_if_exclude.  This
value will be ignored.

  Local host: cuda6
  Value:      "wg0 lo"
  Message:    Invalid specification (missing "/")
--------------------------------------------------------------------------
[cuda6:117408] 23 more processes have sent help message help-mpi-btl-tcp.txt / invalid if_inexclude
[cuda6:117408] Set MCA parameter "orte_base_help_aggregate" to 0 to see all help / error messages
--------------------------------------------------------------------------
WARNING: An invalid value was given for btl_tcp_if_exclude.  This
value will be ignored.

  Local host: cuda6
  Value:      "wg0 lo"
  Message:    Invalid specification (missing "/")
--------------------------------------------------------------------------
[cuda6:117514] 23 more processes have sent help message help-mpi-btl-tcp.txt / invalid if_inexclude
[cuda6:117514] Set MCA parameter "orte_base_help_aggregate" to 0 to see all help / error messages
--------------------------------------------------------------------------
WARNING: An invalid value was given for btl_tcp_if_exclude.  This
value will be ignored.

  Local host: cuda6
  Value:      "wg0 lo"
  Message:    Invalid specification (missing "/")
--------------------------------------------------------------------------
[cuda6:117618] 23 more processes have sent help message help-mpi-btl-tcp.txt / invalid if_inexclude
[cuda6:117618] Set MCA parameter "orte_base_help_aggregate" to 0 to see all help / error messages
--------------------------------------------------------------------------
WARNING: An invalid value was given for btl_tcp_if_exclude.  This
value will be ignored.

  Local host: cuda6
  Value:      "wg0 lo"
  Message:    Invalid specification (missing "/")
--------------------------------------------------------------------------
[cuda6:117721] 23 more processes have sent help message help-mpi-btl-tcp.txt / invalid if_inexclude
[cuda6:117721] Set MCA parameter "orte_base_help_aggregate" to 0 to see all help / error messages
--------------------------------------------------------------------------
WARNING: An invalid value was given for btl_tcp_if_exclude.  This
value will be ignored.

  Local host: cuda6
  Value:      "wg0 lo"
  Message:    Invalid specification (missing "/")
--------------------------------------------------------------------------
[cuda6:117822] [[36830,0],0] ORTE_ERROR_LOG: Data unpack would read past end of buffer in file ../../../orte/util/show_help.c at line 501
[cuda6:117822] 22 more processes have sent help message help-mpi-btl-tcp.txt / invalid if_inexclude
[cuda6:117822] Set MCA parameter "orte_base_help_aggregate" to 0 to see all help / error messages
--------------------------------------------------------------------------
WARNING: An invalid value was given for btl_tcp_if_exclude.  This
value will be ignored.

  Local host: cuda6
  Value:      "wg0 lo"
  Message:    Invalid specification (missing "/")
--------------------------------------------------------------------------
[cuda6:117923] 23 more processes have sent help message help-mpi-btl-tcp.txt / invalid if_inexclude
[cuda6:117923] Set MCA parameter "orte_base_help_aggregate" to 0 to see all help / error messages
--------------------------------------------------------------------------
WARNING: An invalid value was given for btl_tcp_if_exclude.  This
value will be ignored.

  Local host: cuda6
  Value:      "wg0 lo"
  Message:    Invalid specification (missing "/")
--------------------------------------------------------------------------
[cuda6:118024] 23 more processes have sent help message help-mpi-btl-tcp.txt / invalid if_inexclude
[cuda6:118024] Set MCA parameter "orte_base_help_aggregate" to 0 to see all help / error messages
--------------------------------------------------------------------------
WARNING: An invalid value was given for btl_tcp_if_exclude.  This
value will be ignored.

  Local host: cuda6
  Value:      "wg0 lo"
  Message:    Invalid specification (missing "/")
--------------------------------------------------------------------------
[cuda6:118127] 23 more processes have sent help message help-mpi-btl-tcp.txt / invalid if_inexclude
[cuda6:118127] Set MCA parameter "orte_base_help_aggregate" to 0 to see all help / error messages
[cuda6:118230] [[36406,0],0] ORTE_ERROR_LOG: Data unpack would read past end of buffer in file ../../../orte/util/show_help.c at line 501
[cuda6:118230] [[36406,0],0] ORTE_ERROR_LOG: Data unpack would read past end of buffer in file ../../../orte/util/show_help.c at line 513
--------------------------------------------------------------------------
WARNING: An invalid value was given for btl_tcp_if_exclude.  This
value will be ignored.

  Local host: cuda6
  Value:      "wg0 lo"
  Message:    Invalid specification (missing "/")
--------------------------------------------------------------------------
[cuda6:118230] 21 more processes have sent help message help-mpi-btl-tcp.txt / invalid if_inexclude
[cuda6:118230] Set MCA parameter "orte_base_help_aggregate" to 0 to see all help / error messages
--------------------------------------------------------------------------
WARNING: An invalid value was given for btl_tcp_if_exclude.  This
value will be ignored.

  Local host: cuda6
  Value:      "wg0 lo"
  Message:    Invalid specification (missing "/")
--------------------------------------------------------------------------
[cuda6:118334] 23 more processes have sent help message help-mpi-btl-tcp.txt / invalid if_inexclude
[cuda6:118334] Set MCA parameter "orte_base_help_aggregate" to 0 to see all help / error messages
--------------------------------------------------------------------------
WARNING: An invalid value was given for btl_tcp_if_exclude.  This
value will be ignored.

  Local host: cuda6
  Value:      "wg0 lo"
  Message:    Invalid specification (missing "/")
--------------------------------------------------------------------------
[cuda6:118435] 23 more processes have sent help message help-mpi-btl-tcp.txt / invalid if_inexclude
[cuda6:118435] Set MCA parameter "orte_base_help_aggregate" to 0 to see all help / error messages
--------------------------------------------------------------------------
WARNING: An invalid value was given for btl_tcp_if_exclude.  This
value will be ignored.

  Local host: cuda6
  Value:      "wg0 lo"
  Message:    Invalid specification (missing "/")
--------------------------------------------------------------------------
[cuda6:118536] 23 more processes have sent help message help-mpi-btl-tcp.txt / invalid if_inexclude
[cuda6:118536] Set MCA parameter "orte_base_help_aggregate" to 0 to see all help / error messages
--------------------------------------------------------------------------
WARNING: An invalid value was given for btl_tcp_if_exclude.  This
value will be ignored.

  Local host: cuda6
  Value:      "wg0 lo"
  Message:    Invalid specification (missing "/")
--------------------------------------------------------------------------
[cuda6:118637] 23 more processes have sent help message help-mpi-btl-tcp.txt / invalid if_inexclude
[cuda6:118637] Set MCA parameter "orte_base_help_aggregate" to 0 to see all help / error messages
--------------------------------------------------------------------------
WARNING: An invalid value was given for btl_tcp_if_exclude.  This
value will be ignored.

  Local host: cuda6
  Value:      "wg0 lo"
  Message:    Invalid specification (missing "/")
--------------------------------------------------------------------------
[cuda6:118740] 23 more processes have sent help message help-mpi-btl-tcp.txt / invalid if_inexclude
[cuda6:118740] Set MCA parameter "orte_base_help_aggregate" to 0 to see all help / error messages
--------------------------------------------------------------------------
WARNING: An invalid value was given for btl_tcp_if_exclude.  This
value will be ignored.

  Local host: cuda6
  Value:      "wg0 lo"
  Message:    Invalid specification (missing "/")
--------------------------------------------------------------------------
[cuda6:118846] 23 more processes have sent help message help-mpi-btl-tcp.txt / invalid if_inexclude
[cuda6:118846] Set MCA parameter "orte_base_help_aggregate" to 0 to see all help / error messages
--------------------------------------------------------------------------
WARNING: An invalid value was given for btl_tcp_if_exclude.  This
value will be ignored.

  Local host: cuda6
  Value:      "wg0 lo"
  Message:    Invalid specification (missing "/")
--------------------------------------------------------------------------
[cuda6:118950] 23 more processes have sent help message help-mpi-btl-tcp.txt / invalid if_inexclude
[cuda6:118950] Set MCA parameter "orte_base_help_aggregate" to 0 to see all help / error messages
--------------------------------------------------------------------------
WARNING: An invalid value was given for btl_tcp_if_exclude.  This
value will be ignored.

  Local host: cuda6
  Value:      "wg0 lo"
  Message:    Invalid specification (missing "/")
--------------------------------------------------------------------------
[cuda6:119051] 23 more processes have sent help message help-mpi-btl-tcp.txt / invalid if_inexclude
[cuda6:119051] Set MCA parameter "orte_base_help_aggregate" to 0 to see all help / error messages
--------------------------------------------------------------------------
WARNING: An invalid value was given for btl_tcp_if_exclude.  This
value will be ignored.

  Local host: cuda6
  Value:      "wg0 lo"
  Message:    Invalid specification (missing "/")
--------------------------------------------------------------------------
[cuda6:119152] 23 more processes have sent help message help-mpi-btl-tcp.txt / invalid if_inexclude
[cuda6:119152] Set MCA parameter "orte_base_help_aggregate" to 0 to see all help / error messages
--------------------------------------------------------------------------
WARNING: An invalid value was given for btl_tcp_if_exclude.  This
value will be ignored.

  Local host: cuda6
  Value:      "wg0 lo"
  Message:    Invalid specification (missing "/")
--------------------------------------------------------------------------
[cuda6:119253] 23 more processes have sent help message help-mpi-btl-tcp.txt / invalid if_inexclude
[cuda6:119253] Set MCA parameter "orte_base_help_aggregate" to 0 to see all help / error messages
--------------------------------------------------------------------------
WARNING: An invalid value was given for btl_tcp_if_exclude.  This
value will be ignored.

  Local host: cuda6
  Value:      "wg0 lo"
  Message:    Invalid specification (missing "/")
--------------------------------------------------------------------------
[cuda6:119356] 23 more processes have sent help message help-mpi-btl-tcp.txt / invalid if_inexclude
[cuda6:119356] Set MCA parameter "orte_base_help_aggregate" to 0 to see all help / error messages
--------------------------------------------------------------------------
WARNING: An invalid value was given for btl_tcp_if_exclude.  This
value will be ignored.

  Local host: cuda6
  Value:      "wg0 lo"
  Message:    Invalid specification (missing "/")
--------------------------------------------------------------------------
[cuda6:119459] 23 more processes have sent help message help-mpi-btl-tcp.txt / invalid if_inexclude
[cuda6:119459] Set MCA parameter "orte_base_help_aggregate" to 0 to see all help / error messages
--------------------------------------------------------------------------
WARNING: An invalid value was given for btl_tcp_if_exclude.  This
value will be ignored.

  Local host: cuda6
  Value:      "wg0 lo"
  Message:    Invalid specification (missing "/")
--------------------------------------------------------------------------
[cuda6:119564] 23 more processes have sent help message help-mpi-btl-tcp.txt / invalid if_inexclude
[cuda6:119564] Set MCA parameter "orte_base_help_aggregate" to 0 to see all help / error messages
--------------------------------------------------------------------------
WARNING: An invalid value was given for btl_tcp_if_exclude.  This
value will be ignored.

  Local host: cuda6
  Value:      "wg0 lo"
  Message:    Invalid specification (missing "/")
--------------------------------------------------------------------------
[cuda6:119666] 23 more processes have sent help message help-mpi-btl-tcp.txt / invalid if_inexclude
[cuda6:119666] Set MCA parameter "orte_base_help_aggregate" to 0 to see all help / error messages
--------------------------------------------------------------------------
WARNING: An invalid value was given for btl_tcp_if_exclude.  This
value will be ignored.

  Local host: cuda6
  Value:      "wg0 lo"
  Message:    Invalid specification (missing "/")
--------------------------------------------------------------------------
[cuda6:119767] 23 more processes have sent help message help-mpi-btl-tcp.txt / invalid if_inexclude
[cuda6:119767] Set MCA parameter "orte_base_help_aggregate" to 0 to see all help / error messages
--------------------------------------------------------------------------
WARNING: An invalid value was given for btl_tcp_if_exclude.  This
value will be ignored.

  Local host: cuda6
  Value:      "wg0 lo"
  Message:    Invalid specification (missing "/")
--------------------------------------------------------------------------
[cuda6:119868] 23 more processes have sent help message help-mpi-btl-tcp.txt / invalid if_inexclude
[cuda6:119868] Set MCA parameter "orte_base_help_aggregate" to 0 to see all help / error messages
--------------------------------------------------------------------------
WARNING: An invalid value was given for btl_tcp_if_exclude.  This
value will be ignored.

  Local host: cuda6
  Value:      "wg0 lo"
  Message:    Invalid specification (missing "/")
--------------------------------------------------------------------------
[cuda6:119972] 23 more processes have sent help message help-mpi-btl-tcp.txt / invalid if_inexclude
[cuda6:119972] Set MCA parameter "orte_base_help_aggregate" to 0 to see all help / error messages
--------------------------------------------------------------------------
WARNING: An invalid value was given for btl_tcp_if_exclude.  This
value will be ignored.

  Local host: cuda6
  Value:      "wg0 lo"
  Message:    Invalid specification (missing "/")
--------------------------------------------------------------------------
[cuda6:120076] 23 more processes have sent help message help-mpi-btl-tcp.txt / invalid if_inexclude
[cuda6:120076] Set MCA parameter "orte_base_help_aggregate" to 0 to see all help / error messages
--------------------------------------------------------------------------
WARNING: An invalid value was given for btl_tcp_if_exclude.  This
value will be ignored.

  Local host: cuda6
  Value:      "wg0 lo"
  Message:    Invalid specification (missing "/")
--------------------------------------------------------------------------
[cuda6:120180] 23 more processes have sent help message help-mpi-btl-tcp.txt / invalid if_inexclude
[cuda6:120180] Set MCA parameter "orte_base_help_aggregate" to 0 to see all help / error messages
--------------------------------------------------------------------------
WARNING: An invalid value was given for btl_tcp_if_exclude.  This
value will be ignored.

  Local host: cuda6
  Value:      "wg0 lo"
  Message:    Invalid specification (missing "/")
--------------------------------------------------------------------------
[cuda6:120282] 23 more processes have sent help message help-mpi-btl-tcp.txt / invalid if_inexclude
[cuda6:120282] Set MCA parameter "orte_base_help_aggregate" to 0 to see all help / error messages
--------------------------------------------------------------------------
WARNING: An invalid value was given for btl_tcp_if_exclude.  This
value will be ignored.

  Local host: cuda6
  Value:      "wg0 lo"
  Message:    Invalid specification (missing "/")
--------------------------------------------------------------------------
[cuda6:120383] [[38367,0],0] ORTE_ERROR_LOG: Data unpack would read past end of buffer in file ../../../orte/util/show_help.c at line 501
[cuda6:120383] 22 more processes have sent help message help-mpi-btl-tcp.txt / invalid if_inexclude
[cuda6:120383] Set MCA parameter "orte_base_help_aggregate" to 0 to see all help / error messages
--------------------------------------------------------------------------
WARNING: An invalid value was given for btl_tcp_if_exclude.  This
value will be ignored.

  Local host: cuda6
  Value:      "wg0 lo"
  Message:    Invalid specification (missing "/")
--------------------------------------------------------------------------
[cuda6:120484] 23 more processes have sent help message help-mpi-btl-tcp.txt / invalid if_inexclude
[cuda6:120484] Set MCA parameter "orte_base_help_aggregate" to 0 to see all help / error messages
--------------------------------------------------------------------------
WARNING: An invalid value was given for btl_tcp_if_exclude.  This
value will be ignored.

  Local host: cuda6
  Value:      "wg0 lo"
  Message:    Invalid specification (missing "/")
--------------------------------------------------------------------------
[cuda6:120588] 23 more processes have sent help message help-mpi-btl-tcp.txt / invalid if_inexclude
[cuda6:120588] Set MCA parameter "orte_base_help_aggregate" to 0 to see all help / error messages
--------------------------------------------------------------------------
WARNING: An invalid value was given for btl_tcp_if_exclude.  This
value will be ignored.

  Local host: cuda6
  Value:      "wg0 lo"
  Message:    Invalid specification (missing "/")
--------------------------------------------------------------------------
[cuda6:120691] 23 more processes have sent help message help-mpi-btl-tcp.txt / invalid if_inexclude
[cuda6:120691] Set MCA parameter "orte_base_help_aggregate" to 0 to see all help / error messages
--------------------------------------------------------------------------
WARNING: An invalid value was given for btl_tcp_if_exclude.  This
value will be ignored.

  Local host: cuda6
  Value:      "wg0 lo"
  Message:    Invalid specification (missing "/")
--------------------------------------------------------------------------
[cuda6:120796] 23 more processes have sent help message help-mpi-btl-tcp.txt / invalid if_inexclude
[cuda6:120796] Set MCA parameter "orte_base_help_aggregate" to 0 to see all help / error messages
--------------------------------------------------------------------------
WARNING: An invalid value was given for btl_tcp_if_exclude.  This
value will be ignored.

  Local host: cuda6
  Value:      "wg0 lo"
  Message:    Invalid specification (missing "/")
--------------------------------------------------------------------------
[cuda6:120897] [[39841,0],0] ORTE_ERROR_LOG: Data unpack would read past end of buffer in file ../../../orte/util/show_help.c at line 501
[cuda6:120897] 22 more processes have sent help message help-mpi-btl-tcp.txt / invalid if_inexclude
[cuda6:120897] Set MCA parameter "orte_base_help_aggregate" to 0 to see all help / error messages
--------------------------------------------------------------------------
WARNING: An invalid value was given for btl_tcp_if_exclude.  This
value will be ignored.

  Local host: cuda6
  Value:      "wg0 lo"
  Message:    Invalid specification (missing "/")
--------------------------------------------------------------------------
[cuda6:120998] 23 more processes have sent help message help-mpi-btl-tcp.txt / invalid if_inexclude
[cuda6:120998] Set MCA parameter "orte_base_help_aggregate" to 0 to see all help / error messages
--------------------------------------------------------------------------
WARNING: An invalid value was given for btl_tcp_if_exclude.  This
value will be ignored.

  Local host: cuda6
  Value:      "wg0 lo"
  Message:    Invalid specification (missing "/")
--------------------------------------------------------------------------
[cuda6:121100] 23 more processes have sent help message help-mpi-btl-tcp.txt / invalid if_inexclude
[cuda6:121100] Set MCA parameter "orte_base_help_aggregate" to 0 to see all help / error messages
[cuda6:121203] [[39571,0],0] ORTE_ERROR_LOG: Data unpack would read past end of buffer in file ../../../orte/util/show_help.c at line 501
--------------------------------------------------------------------------
WARNING: An invalid value was given for btl_tcp_if_exclude.  This
value will be ignored.

  Local host: cuda6
  Value:      "wg0 lo"
  Message:    Invalid specification (missing "/")
--------------------------------------------------------------------------
[cuda6:121203] 22 more processes have sent help message help-mpi-btl-tcp.txt / invalid if_inexclude
[cuda6:121203] Set MCA parameter "orte_base_help_aggregate" to 0 to see all help / error messages
--------------------------------------------------------------------------
WARNING: An invalid value was given for btl_tcp_if_exclude.  This
value will be ignored.

  Local host: cuda6
  Value:      "wg0 lo"
  Message:    Invalid specification (missing "/")
--------------------------------------------------------------------------
[cuda6:121353] 23 more processes have sent help message help-mpi-btl-tcp.txt / invalid if_inexclude
[cuda6:121353] Set MCA parameter "orte_base_help_aggregate" to 0 to see all help / error messages
--------------------------------------------------------------------------
WARNING: An invalid value was given for btl_tcp_if_exclude.  This
value will be ignored.

  Local host: cuda6
  Value:      "wg0 lo"
  Message:    Invalid specification (missing "/")
--------------------------------------------------------------------------
[cuda6:121495] 23 more processes have sent help message help-mpi-btl-tcp.txt / invalid if_inexclude
[cuda6:121495] Set MCA parameter "orte_base_help_aggregate" to 0 to see all help / error messages
--------------------------------------------------------------------------
WARNING: An invalid value was given for btl_tcp_if_exclude.  This
value will be ignored.

  Local host: cuda6
  Value:      "wg0 lo"
  Message:    Invalid specification (missing "/")
--------------------------------------------------------------------------
[cuda6:121640] [[39112,0],0] ORTE_ERROR_LOG: Data unpack would read past end of buffer in file ../../../orte/util/show_help.c at line 501
[cuda6:121640] [[39112,0],0] ORTE_ERROR_LOG: Data unpack would read past end of buffer in file ../../../orte/util/show_help.c at line 501
[cuda6:121640] 21 more processes have sent help message help-mpi-btl-tcp.txt / invalid if_inexclude
[cuda6:121640] Set MCA parameter "orte_base_help_aggregate" to 0 to see all help / error messages
