--------------------------------------------------------------------------
A system call failed during shared memory initialization that should
not have.  It is likely that your MPI job will now either abort or
experience performance degradation.

  Local host:  gadolinium01
  System call: unlink(2) /dev/shm/vader_segment.gadolinium01.1009.4c190001.36
  Error:       No such file or directory (errno 2)
--------------------------------------------------------------------------
[gadolinium01:2250220] 63 more processes have sent help message help-opal-shmem-mmap.txt / sys call fail
[gadolinium01:2250220] Set MCA parameter "orte_base_help_aggregate" to 0 to see all help / error messages
--------------------------------------------------------------------------
A system call failed during shared memory initialization that should
not have.  It is likely that your MPI job will now either abort or
experience performance degradation.

  Local host:  gadolinium01
  System call: unlink(2) /dev/shm/vader_segment.gadolinium01.1009.c2330001.42
  Error:       No such file or directory (errno 2)
--------------------------------------------------------------------------
[gadolinium01:2415552] 63 more processes have sent help message help-opal-shmem-mmap.txt / sys call fail
[gadolinium01:2415552] Set MCA parameter "orte_base_help_aggregate" to 0 to see all help / error messages
