--------------------------------------------------------------------------
A system call failed during shared memory initialization that should
not have.  It is likely that your MPI job will now either abort or
experience performance degradation.

  Local host:  chromium02
  System call: unlink(2) /dev/shm/vader_segment.chromium02.1009.2d540001.0
  Error:       No such file or directory (errno 2)
--------------------------------------------------------------------------
[chromium02:248967] 23 more processes have sent help message help-opal-shmem-mmap.txt / sys call fail
[chromium02:248967] Set MCA parameter "orte_base_help_aggregate" to 0 to see all help / error messages
[chromium02:249199] [[11452,0],0] ORTE_ERROR_LOG: Data unpack would read past end of buffer in file ../../../orte/util/show_help.c at line 507
--------------------------------------------------------------------------
A system call failed during shared memory initialization that should
not have.  It is likely that your MPI job will now either abort or
experience performance degradation.

  Local host:  chromium02
  System call: unlink(2) /dev/shm/vader_segment.chromium02.1009.2cbc0001.17
  Error:       No such file or directory (errno 2)
--------------------------------------------------------------------------
[chromium02:249199] 22 more processes have sent help message help-opal-shmem-mmap.txt / sys call fail
[chromium02:249199] Set MCA parameter "orte_base_help_aggregate" to 0 to see all help / error messages
