cp: preserving permissions for ‘/local/scratch/mehlhorn/61898/JOBLOG’: Operation not supported
cp: preserving permissions for ‘/local/scratch/mehlhorn/61898/orca.job’: Operation not supported
cp: preserving permissions for ‘/local/scratch/mehlhorn/61898/orca.out’: Operation not supported
cp: preserving permissions for ‘/local/scratch/mehlhorn/61898/orca_error.out’: Operation not supported
cp: preserving permissions for ‘/local/scratch/mehlhorn/61898/run.E.tmp’: Operation not supported
cp: preserving permissions for ‘/local/scratch/mehlhorn/61898/run.EIJ.tmp’: Operation not supported
cp: preserving permissions for ‘/local/scratch/mehlhorn/61898/run.H.tmp’: Operation not supported
cp: preserving permissions for ‘/local/scratch/mehlhorn/61898/run.K.tmp’: Operation not supported
cp: preserving permissions for ‘/local/scratch/mehlhorn/61898/run.P0.tmp’: Operation not supported
cp: preserving permissions for ‘/local/scratch/mehlhorn/61898/run.PDAT.tmp’: Operation not supported
cp: preserving permissions for ‘/local/scratch/mehlhorn/61898/run.S.tmp’: Operation not supported
cp: preserving permissions for ‘/local/scratch/mehlhorn/61898/run.SHARK.KPRSCR.tmp’: Operation not supported
cp: preserving permissions for ‘/local/scratch/mehlhorn/61898/run.SHARKINP.tmp’: Operation not supported
cp: preserving permissions for ‘/local/scratch/mehlhorn/61898/run.SM12.tmp’: Operation not supported
cp: preserving permissions for ‘/local/scratch/mehlhorn/61898/run.SP12.tmp’: Operation not supported
cp: preserving permissions for ‘/local/scratch/mehlhorn/61898/run.SQRTVEXT.tmp’: Operation not supported
cp: preserving permissions for ‘/local/scratch/mehlhorn/61898/run.SQRTVJ.tmp’: Operation not supported
cp: preserving permissions for ‘/local/scratch/mehlhorn/61898/run.T.tmp’: Operation not supported
cp: preserving permissions for ‘/local/scratch/mehlhorn/61898/run.V.tmp’: Operation not supported
cp: preserving permissions for ‘/local/scratch/mehlhorn/61898/run.VAUXJ.tmp’: Operation not supported
cp: preserving permissions for ‘/local/scratch/mehlhorn/61898/run.VCDJ.tmp’: Operation not supported
cp: preserving permissions for ‘/local/scratch/mehlhorn/61898/run.VEXT.tmp’: Operation not supported
cp: preserving permissions for ‘/local/scratch/mehlhorn/61898/run.VM1EXT.tmp’: Operation not supported
cp: preserving permissions for ‘/local/scratch/mehlhorn/61898/run.bas0’: Operation not supported
cp: preserving permissions for ‘/local/scratch/mehlhorn/61898/run.bas1’: Operation not supported
cp: preserving permissions for ‘/local/scratch/mehlhorn/61898/run.bas2’: Operation not supported
cp: preserving permissions for ‘/local/scratch/mehlhorn/61898/run.bas3’: Operation not supported
cp: preserving permissions for ‘/local/scratch/mehlhorn/61898/run.bas4’: Operation not supported
cp: preserving permissions for ‘/local/scratch/mehlhorn/61898/run.bas5’: Operation not supported
cp: preserving permissions for ‘/local/scratch/mehlhorn/61898/run.citations.tmp’: Operation not supported
cp: preserving permissions for ‘/local/scratch/mehlhorn/61898/run.cpscfdata.tmp.0’: Operation not supported
cp: preserving permissions for ‘/local/scratch/mehlhorn/61898/run.densities’: Operation not supported
cp: preserving permissions for ‘/local/scratch/mehlhorn/61898/run.densitiesinfo’: Operation not supported
cp: preserving permissions for ‘/local/scratch/mehlhorn/61898/run.en.tmp’: Operation not supported
cp: preserving permissions for ‘/local/scratch/mehlhorn/61898/run.gbw’: Operation not supported
cp: preserving permissions for ‘/local/scratch/mehlhorn/61898/run.ginp.tmp’: Operation not supported
cp: preserving permissions for ‘/local/scratch/mehlhorn/61898/run.grid.tmp’: Operation not supported
cp: preserving permissions for ‘/local/scratch/mehlhorn/61898/run.hostnames’: Operation not supported
cp: preserving permissions for ‘/local/scratch/mehlhorn/61898/run.inp’: Operation not supported
cp: preserving permissions for ‘/local/scratch/mehlhorn/61898/run.int.tmp’: Operation not supported
cp: preserving permissions for ‘/local/scratch/mehlhorn/61898/run.opt’: Operation not supported
cp: preserving permissions for ‘/local/scratch/mehlhorn/61898/run.property.txt’: Operation not supported
cp: preserving permissions for ‘/local/scratch/mehlhorn/61898/run.propint.tmp.0’: Operation not supported
cp: preserving permissions for ‘/local/scratch/mehlhorn/61898/run.shark_grid.tmp’: Operation not supported
cp: preserving permissions for ‘/local/scratch/mehlhorn/61898/run.xyz’: Operation not supported
cp: preserving permissions for ‘/local/scratch/mehlhorn/61898/run_atom40.bibtex’: Operation not supported
cp: preserving permissions for ‘/local/scratch/mehlhorn/61898/run_atom40.densities’: Operation not supported
cp: preserving permissions for ‘/local/scratch/mehlhorn/61898/run_atom40.densitiesinfo’: Operation not supported
cp: preserving permissions for ‘/local/scratch/mehlhorn/61898/run_atom40.out’: Operation not supported
cp: preserving permissions for ‘/local/scratch/mehlhorn/61898/run_atom40.property.txt’: Operation not supported
cp: preserving permissions for ‘/local/scratch/mehlhorn/61898/slurm-61879.out’: Operation not supported
