cp: preserving permissions for ‘/local/scratch/mehlhorn/61899/JOBLOG’: Operation not supported
cp: preserving permissions for ‘/local/scratch/mehlhorn/61899/orca.job’: Operation not supported
cp: preserving permissions for ‘/local/scratch/mehlhorn/61899/orca.out’: Operation not supported
cp: preserving permissions for ‘/local/scratch/mehlhorn/61899/orca_error.out’: Operation not supported
cp: preserving permissions for ‘/local/scratch/mehlhorn/61899/run.E.tmp’: Operation not supported
cp: preserving permissions for ‘/local/scratch/mehlhorn/61899/run.EIJ.tmp’: Operation not supported
cp: preserving permissions for ‘/local/scratch/mehlhorn/61899/run.H.tmp’: Operation not supported
cp: preserving permissions for ‘/local/scratch/mehlhorn/61899/run.K.tmp’: Operation not supported
cp: preserving permissions for ‘/local/scratch/mehlhorn/61899/run.PDAT.tmp’: Operation not supported
cp: preserving permissions for ‘/local/scratch/mehlhorn/61899/run.S.tmp’: Operation not supported
cp: preserving permissions for ‘/local/scratch/mehlhorn/61899/run.SHARK.KPRSCR.tmp’: Operation not supported
cp: preserving permissions for ‘/local/scratch/mehlhorn/61899/run.SHARKINP.tmp’: Operation not supported
cp: preserving permissions for ‘/local/scratch/mehlhorn/61899/run.SM12.tmp’: Operation not supported
cp: preserving permissions for ‘/local/scratch/mehlhorn/61899/run.SP12.tmp’: Operation not supported
cp: preserving permissions for ‘/local/scratch/mehlhorn/61899/run.SQRTVJ.tmp’: Operation not supported
cp: preserving permissions for ‘/local/scratch/mehlhorn/61899/run.T.tmp’: Operation not supported
cp: preserving permissions for ‘/local/scratch/mehlhorn/61899/run.V.tmp’: Operation not supported
cp: preserving permissions for ‘/local/scratch/mehlhorn/61899/run.VAUXJ.tmp’: Operation not supported
cp: preserving permissions for ‘/local/scratch/mehlhorn/61899/run.VCDJ.tmp’: Operation not supported
cp: preserving permissions for ‘/local/scratch/mehlhorn/61899/run.bas0’: Operation not supported
cp: preserving permissions for ‘/local/scratch/mehlhorn/61899/run.bas1’: Operation not supported
cp: preserving permissions for ‘/local/scratch/mehlhorn/61899/run.bas2’: Operation not supported
cp: preserving permissions for ‘/local/scratch/mehlhorn/61899/run.bas3’: Operation not supported
cp: preserving permissions for ‘/local/scratch/mehlhorn/61899/run.bas4’: Operation not supported
cp: preserving permissions for ‘/local/scratch/mehlhorn/61899/run.bas5’: Operation not supported
cp: preserving permissions for ‘/local/scratch/mehlhorn/61899/run.carthess’: Operation not supported
cp: preserving permissions for ‘/local/scratch/mehlhorn/61899/run.citations.tmp’: Operation not supported
cp: preserving permissions for ‘/local/scratch/mehlhorn/61899/run.cpscfdata.tmp.0’: Operation not supported
cp: preserving permissions for ‘/local/scratch/mehlhorn/61899/run.densities’: Operation not supported
cp: preserving permissions for ‘/local/scratch/mehlhorn/61899/run.densitiesinfo’: Operation not supported
cp: preserving permissions for ‘/local/scratch/mehlhorn/61899/run.gbw’: Operation not supported
cp: preserving permissions for ‘/local/scratch/mehlhorn/61899/run.ginp.tmp’: Operation not supported
cp: preserving permissions for ‘/local/scratch/mehlhorn/61899/run.grid.tmp’: Operation not supported
cp: preserving permissions for ‘/local/scratch/mehlhorn/61899/run.hostnames’: Operation not supported
cp: preserving permissions for ‘/local/scratch/mehlhorn/61899/run.inp’: Operation not supported
cp: preserving permissions for ‘/local/scratch/mehlhorn/61899/run.int.tmp’: Operation not supported
cp: preserving permissions for ‘/local/scratch/mehlhorn/61899/run.inthess.tmp’: Operation not supported
cp: preserving permissions for ‘/local/scratch/mehlhorn/61899/run.opt’: Operation not supported
cp: preserving permissions for ‘/local/scratch/mehlhorn/61899/run.property.txt’: Operation not supported
cp: preserving permissions for ‘/local/scratch/mehlhorn/61899/run.propint.tmp.0’: Operation not supported
cp: preserving permissions for ‘/local/scratch/mehlhorn/61899/run.refgeohess.tmp’: Operation not supported
cp: preserving permissions for ‘/local/scratch/mehlhorn/61899/run.rot.tmp’: Operation not supported
cp: preserving permissions for ‘/local/scratch/mehlhorn/61899/run.shark_grid.tmp’: Operation not supported
cp: preserving permissions for ‘/local/scratch/mehlhorn/61899/run.xyz’: Operation not supported
cp: preserving permissions for ‘/local/scratch/mehlhorn/61899/run_atom40.bibtex’: Operation not supported
cp: preserving permissions for ‘/local/scratch/mehlhorn/61899/run_atom40.densities’: Operation not supported
cp: preserving permissions for ‘/local/scratch/mehlhorn/61899/run_atom40.densitiesinfo’: Operation not supported
cp: preserving permissions for ‘/local/scratch/mehlhorn/61899/run_atom40.out’: Operation not supported
cp: preserving permissions for ‘/local/scratch/mehlhorn/61899/run_atom40.property.txt’: Operation not supported
cp: preserving permissions for ‘/local/scratch/mehlhorn/61899/run_trj.xyz’: Operation not supported
cp: preserving permissions for ‘/local/scratch/mehlhorn/61899/slurm-61892.out’: Operation not supported
