cp: preserving permissions for ‘/local/scratch/mehlhorn/62055/JOBLOG’: Operation not supported
cp: preserving permissions for ‘/local/scratch/mehlhorn/62055/orca.job’: Operation not supported
cp: preserving permissions for ‘/local/scratch/mehlhorn/62055/orca.out’: Operation not supported
cp: preserving permissions for ‘/local/scratch/mehlhorn/62055/orca_error.out’: Operation not supported
cp: preserving permissions for ‘/local/scratch/mehlhorn/62055/run.E.tmp’: Operation not supported
cp: preserving permissions for ‘/local/scratch/mehlhorn/62055/run.EIJ.tmp’: Operation not supported
cp: preserving permissions for ‘/local/scratch/mehlhorn/62055/run.H.tmp’: Operation not supported
cp: preserving permissions for ‘/local/scratch/mehlhorn/62055/run.K.tmp’: Operation not supported
cp: preserving permissions for ‘/local/scratch/mehlhorn/62055/run.PDAT.tmp’: Operation not supported
cp: preserving permissions for ‘/local/scratch/mehlhorn/62055/run.S.tmp’: Operation not supported
cp: preserving permissions for ‘/local/scratch/mehlhorn/62055/run.SHARK.KPRSCR.tmp’: Operation not supported
cp: preserving permissions for ‘/local/scratch/mehlhorn/62055/run.SHARKINP.tmp’: Operation not supported
cp: preserving permissions for ‘/local/scratch/mehlhorn/62055/run.SM12.tmp’: Operation not supported
cp: preserving permissions for ‘/local/scratch/mehlhorn/62055/run.SP12.tmp’: Operation not supported
cp: preserving permissions for ‘/local/scratch/mehlhorn/62055/run.SQRTVJ.tmp’: Operation not supported
cp: preserving permissions for ‘/local/scratch/mehlhorn/62055/run.T.tmp’: Operation not supported
cp: preserving permissions for ‘/local/scratch/mehlhorn/62055/run.V.tmp’: Operation not supported
cp: preserving permissions for ‘/local/scratch/mehlhorn/62055/run.VAUXJ.tmp’: Operation not supported
cp: preserving permissions for ‘/local/scratch/mehlhorn/62055/run.VCDJ.tmp’: Operation not supported
cp: preserving permissions for ‘/local/scratch/mehlhorn/62055/run.bas0’: Operation not supported
cp: preserving permissions for ‘/local/scratch/mehlhorn/62055/run.bas1’: Operation not supported
cp: preserving permissions for ‘/local/scratch/mehlhorn/62055/run.bas2’: Operation not supported
cp: preserving permissions for ‘/local/scratch/mehlhorn/62055/run.bas3’: Operation not supported
cp: preserving permissions for ‘/local/scratch/mehlhorn/62055/run.bas4’: Operation not supported
cp: preserving permissions for ‘/local/scratch/mehlhorn/62055/run.bas5’: Operation not supported
cp: preserving permissions for ‘/local/scratch/mehlhorn/62055/run.citations.tmp’: Operation not supported
cp: preserving permissions for ‘/local/scratch/mehlhorn/62055/run.cpscfdata.tmp.0’: Operation not supported
cp: preserving permissions for ‘/local/scratch/mehlhorn/62055/run.gbw’: Operation not supported
cp: preserving permissions for ‘/local/scratch/mehlhorn/62055/run.ginp.tmp’: Operation not supported
cp: preserving permissions for ‘/local/scratch/mehlhorn/62055/run.grid.tmp’: Operation not supported
cp: preserving permissions for ‘/local/scratch/mehlhorn/62055/run.inp’: Operation not supported
cp: preserving permissions for ‘/local/scratch/mehlhorn/62055/run.int.tmp’: Operation not supported
cp: preserving permissions for ‘/local/scratch/mehlhorn/62055/run.opt’: Operation not supported
cp: preserving permissions for ‘/local/scratch/mehlhorn/62055/run.property.txt’: Operation not supported
cp: preserving permissions for ‘/local/scratch/mehlhorn/62055/run.propint.tmp.0’: Operation not supported
cp: preserving permissions for ‘/local/scratch/mehlhorn/62055/run.rot.tmp’: Operation not supported
cp: preserving permissions for ‘/local/scratch/mehlhorn/62055/run.shark_grid.tmp’: Operation not supported
cp: preserving permissions for ‘/local/scratch/mehlhorn/62055/run.xyz’: Operation not supported
cp: preserving permissions for ‘/local/scratch/mehlhorn/62055/slurm-61881.out’: Operation not supported
