cp: preserving permissions for ‘/local/scratch/mehlhorn/62120/CRASH’: Operation not supported
cp: preserving permissions for ‘/local/scratch/mehlhorn/62120/JOBLOG’: Operation not supported
cp: preserving permissions for ‘/local/scratch/mehlhorn/62120/UiO-66-dehydrox_pbe.cif’: Operation not supported
cp: preserving permissions for ‘/local/scratch/mehlhorn/62120/UiO-66-dehydrox_pbe_R3.cif’: Operation not supported
cp: preserving permissions for ‘/local/scratch/mehlhorn/62120/UiO-66-dehydrox_pbe_R3_rhom.cif’: Operation not supported
cp: preserving permissions for ‘/local/scratch/mehlhorn/62120/UiO-66-dehydrox_pbe_R3_rhom_pw.inp’: Operation not supported
cp: preserving permissions for ‘/local/scratch/mehlhorn/62120/_ph0/pwscf.dvscf_paw1’: Operation not supported
cp: preserving permissions for ‘/local/scratch/mehlhorn/62120/_ph0/pwscf.phsave/dynmat.1.205.xml’: Operation not supported
cp: preserving permissions for ‘/local/scratch/mehlhorn/62120/_ph0/pwscf.phsave/dynmat.1.209.xml’: Operation not supported
cp: preserving permissions for ‘/local/scratch/mehlhorn/62120/_ph0/pwscf.phsave/dynmat.1.63.xml’: Operation not supported
cp: preserving permissions for ‘/local/scratch/mehlhorn/62120/_ph0/pwscf.phsave/dynmat.1.73.xml’: Operation not supported
cp: preserving permissions for ‘/local/scratch/mehlhorn/62120/_ph0/pwscf.phsave/dynmat.1.79.xml’: Operation not supported
cp: preserving permissions for ‘/local/scratch/mehlhorn/62120/_ph0/pwscf.phsave/dynmat.1.80.xml’: Operation not supported
cp: preserving permissions for ‘/local/scratch/mehlhorn/62120/_ph0/pwscf.phsave/dynmat.1.82.xml’: Operation not supported
cp: preserving permissions for ‘/local/scratch/mehlhorn/62120/_ph0/pwscf.phsave/dynmat.1.140.xml’: Operation not supported
cp: preserving permissions for ‘/local/scratch/mehlhorn/62120/_ph0/pwscf.phsave/dynmat.1.142.xml’: Operation not supported
cp: preserving permissions for ‘/local/scratch/mehlhorn/62120/_ph0/pwscf.phsave/dynmat.1.143.xml’: Operation not supported
cp: preserving permissions for ‘/local/scratch/mehlhorn/62120/_ph0/pwscf.phsave/dynmat.1.57.xml’: Operation not supported
cp: preserving permissions for ‘/local/scratch/mehlhorn/62120/_ph0/pwscf.phsave/dynmat.1.141.xml’: Operation not supported
cp: preserving permissions for ‘/local/scratch/mehlhorn/62120/_ph0/pwscf.phsave/dynmat.1.147.xml’: Operation not supported
cp: preserving permissions for ‘/local/scratch/mehlhorn/62120/_ph0/pwscf.phsave/dynmat.1.169.xml’: Operation not supported
cp: preserving permissions for ‘/local/scratch/mehlhorn/62120/_ph0/pwscf.phsave/dynmat.1.171.xml’: Operation not supported
cp: preserving permissions for ‘/local/scratch/mehlhorn/62120/_ph0/pwscf.phsave/dynmat.1.172.xml’: Operation not supported
cp: preserving permissions for ‘/local/scratch/mehlhorn/62120/_ph0/pwscf.phsave/dynmat.1.173.xml’: Operation not supported
cp: preserving permissions for ‘/local/scratch/mehlhorn/62120/_ph0/pwscf.phsave/dynmat.1.180.xml’: Operation not supported
cp: preserving permissions for ‘/local/scratch/mehlhorn/62120/_ph0/pwscf.phsave/dynmat.1.182.xml’: Operation not supported
cp: preserving permissions for ‘/local/scratch/mehlhorn/62120/_ph0/pwscf.phsave/dynmat.1.183.xml’: Operation not supported
cp: preserving permissions for ‘/local/scratch/mehlhorn/62120/_ph0/pwscf.phsave/dynmat.1.185.xml’: Operation not supported
cp: preserving permissions for ‘/local/scratch/mehlhorn/62120/_ph0/pwscf.phsave/dynmat.1.188.xml’: Operation not supported
cp: preserving permissions for ‘/local/scratch/mehlhorn/62120/_ph0/pwscf.phsave/dynmat.1.190.xml’: Operation not supported
cp: preserving permissions for ‘/local/scratch/mehlhorn/62120/_ph0/pwscf.phsave/dynmat.1.194.xml’: Operation not supported
cp: preserving permissions for ‘/local/scratch/mehlhorn/62120/_ph0/pwscf.phsave/dynmat.1.196.xml’: Operation not supported
cp: preserving permissions for ‘/local/scratch/mehlhorn/62120/_ph0/pwscf.phsave/dynmat.1.198.xml’: Operation not supported
cp: preserving permissions for ‘/local/scratch/mehlhorn/62120/_ph0/pwscf.phsave/dynmat.1.199.xml’: Operation not supported
cp: preserving permissions for ‘/local/scratch/mehlhorn/62120/_ph0/pwscf.phsave/dynmat.1.203.xml’: Operation not supported
cp: preserving permissions for ‘/local/scratch/mehlhorn/62120/_ph0/pwscf.phsave/dynmat.1.204.xml’: Operation not supported
cp: preserving permissions for ‘/local/scratch/mehlhorn/62120/_ph0/pwscf.phsave/dynmat.1.2.xml’: Operation not supported
cp: preserving permissions for ‘/local/scratch/mehlhorn/62120/_ph0/pwscf.phsave/dynmat.1.84.xml’: Operation not supported
cp: preserving permissions for ‘/local/scratch/mehlhorn/62120/_ph0/pwscf.phsave/dynmat.1.86.xml’: Operation not supported
cp: preserving permissions for ‘/local/scratch/mehlhorn/62120/_ph0/pwscf.phsave/dynmat.1.97.xml’: Operation not supported
cp: preserving permissions for ‘/local/scratch/mehlhorn/62120/_ph0/pwscf.phsave/dynmat.1.110.xml’: Operation not supported
cp: preserving permissions for ‘/local/scratch/mehlhorn/62120/_ph0/pwscf.phsave/dynmat.1.111.xml’: Operation not supported
cp: preserving permissions for ‘/local/scratch/mehlhorn/62120/_ph0/pwscf.phsave/dynmat.1.113.xml’: Operation not supported
cp: preserving permissions for ‘/local/scratch/mehlhorn/62120/_ph0/pwscf.phsave/dynmat.1.114.xml’: Operation not supported
cp: preserving permissions for ‘/local/scratch/mehlhorn/62120/_ph0/pwscf.phsave/dynmat.1.116.xml’: Operation not supported
cp: preserving permissions for ‘/local/scratch/mehlhorn/62120/_ph0/pwscf.phsave/dynmat.1.118.xml’: Operation not supported
cp: preserving permissions for ‘/local/scratch/mehlhorn/62120/_ph0/pwscf.phsave/dynmat.1.119.xml’: Operation not supported
cp: preserving permissions for ‘/local/scratch/mehlhorn/62120/_ph0/pwscf.phsave/dynmat.1.41.xml’: Operation not supported
cp: preserving permissions for ‘/local/scratch/mehlhorn/62120/_ph0/pwscf.phsave/dynmat.1.54.xml’: Operation not supported
cp: preserving permissions for ‘/local/scratch/mehlhorn/62120/_ph0/pwscf.phsave/dynmat.1.55.xml’: Operation not supported
cp: preserving permissions for ‘/local/scratch/mehlhorn/62120/_ph0/pwscf.phsave/dynmat.1.148.xml’: Operation not supported
cp: preserving permissions for ‘/local/scratch/mehlhorn/62120/_ph0/pwscf.phsave/dynmat.1.149.xml’: Operation not supported
cp: preserving permissions for ‘/local/scratch/mehlhorn/62120/_ph0/pwscf.phsave/dynmat.1.154.xml’: Operation not supported
cp: preserving permissions for ‘/local/scratch/mehlhorn/62120/_ph0/pwscf.phsave/dynmat.1.206.xml’: Operation not supported
cp: preserving permissions for ‘/local/scratch/mehlhorn/62120/_ph0/pwscf.phsave/dynmat.1.213.xml’: Operation not supported
cp: preserving permissions for ‘/local/scratch/mehlhorn/62120/_ph0/pwscf.phsave/dynmat.1.4.xml’: Operation not supported
cp: preserving permissions for ‘/local/scratch/mehlhorn/62120/_ph0/pwscf.phsave/dynmat.1.5.xml’: Operation not supported
cp: preserving permissions for ‘/local/scratch/mehlhorn/62120/_ph0/pwscf.phsave/dynmat.1.6.xml’: Operation not supported
cp: preserving permissions for ‘/local/scratch/mehlhorn/62120/_ph0/pwscf.phsave/dynmat.1.7.xml’: Operation not supported
cp: preserving permissions for ‘/local/scratch/mehlhorn/62120/_ph0/pwscf.phsave/dynmat.1.9.xml’: Operation not supported
cp: preserving permissions for ‘/local/scratch/mehlhorn/62120/_ph0/pwscf.phsave/dynmat.1.10.xml’: Operation not supported
cp: preserving permissions for ‘/local/scratch/mehlhorn/62120/_ph0/pwscf.phsave/dynmat.1.12.xml’: Operation not supported
cp: preserving permissions for ‘/local/scratch/mehlhorn/62120/_ph0/pwscf.phsave/dynmat.1.15.xml’: Operation not supported
cp: preserving permissions for ‘/local/scratch/mehlhorn/62120/_ph0/pwscf.phsave/dynmat.1.17.xml’: Operation not supported
cp: preserving permissions for ‘/local/scratch/mehlhorn/62120/_ph0/pwscf.phsave/dynmat.1.18.xml’: Operation not supported
cp: preserving permissions for ‘/local/scratch/mehlhorn/62120/_ph0/pwscf.phsave/dynmat.1.22.xml’: Operation not supported
cp: preserving permissions for ‘/local/scratch/mehlhorn/62120/_ph0/pwscf.phsave/dynmat.1.23.xml’: Operation not supported
cp: preserving permissions for ‘/local/scratch/mehlhorn/62120/_ph0/pwscf.phsave/dynmat.1.26.xml’: Operation not supported
cp: preserving permissions for ‘/local/scratch/mehlhorn/62120/_ph0/pwscf.phsave/dynmat.1.61.xml’: Operation not supported
cp: preserving permissions for ‘/local/scratch/mehlhorn/62120/_ph0/pwscf.phsave/dynmat.1.88.xml’: Operation not supported
cp: preserving permissions for ‘/local/scratch/mehlhorn/62120/_ph0/pwscf.phsave/dynmat.1.90.xml’: Operation not supported
cp: preserving permissions for ‘/local/scratch/mehlhorn/62120/_ph0/pwscf.phsave/dynmat.1.91.xml’: Operation not supported
cp: preserving permissions for ‘/local/scratch/mehlhorn/62120/_ph0/pwscf.phsave/dynmat.1.93.xml’: Operation not supported
cp: preserving permissions for ‘/local/scratch/mehlhorn/62120/_ph0/pwscf.phsave/dynmat.1.98.xml’: Operation not supported
cp: preserving permissions for ‘/local/scratch/mehlhorn/62120/_ph0/pwscf.phsave/dynmat.1.112.xml’: Operation not supported
cp: preserving permissions for ‘/local/scratch/mehlhorn/62120/_ph0/pwscf.phsave/dynmat.1.115.xml’: Operation not supported
cp: preserving permissions for ‘/local/scratch/mehlhorn/62120/_ph0/pwscf.phsave/dynmat.1.120.xml’: Operation not supported
cp: preserving permissions for ‘/local/scratch/mehlhorn/62120/_ph0/pwscf.phsave/dynmat.1.123.xml’: Operation not supported
cp: preserving permissions for ‘/local/scratch/mehlhorn/62120/_ph0/pwscf.phsave/dynmat.1.125.xml’: Operation not supported
cp: preserving permissions for ‘/local/scratch/mehlhorn/62120/_ph0/pwscf.phsave/dynmat.1.126.xml’: Operation not supported
cp: preserving permissions for ‘/local/scratch/mehlhorn/62120/_ph0/pwscf.phsave/dynmat.1.128.xml’: Operation not supported
cp: preserving permissions for ‘/local/scratch/mehlhorn/62120/_ph0/pwscf.phsave/dynmat.1.131.xml’: Operation not supported
cp: preserving permissions for ‘/local/scratch/mehlhorn/62120/_ph0/pwscf.phsave/dynmat.1.133.xml’: Operation not supported
cp: preserving permissions for ‘/local/scratch/mehlhorn/62120/_ph0/pwscf.phsave/dynmat.1.134.xml’: Operation not supported
cp: preserving permissions for ‘/local/scratch/mehlhorn/62120/_ph0/pwscf.phsave/dynmat.1.136.xml’: Operation not supported
cp: preserving permissions for ‘/local/scratch/mehlhorn/62120/_ph0/pwscf.phsave/dynmat.1.137.xml’: Operation not supported
cp: preserving permissions for ‘/local/scratch/mehlhorn/62120/_ph0/pwscf.phsave/control_ph.xml’: Operation not supported
cp: preserving permissions for ‘/local/scratch/mehlhorn/62120/_ph0/pwscf.phsave/patterns.1.xml’: Operation not supported
cp: preserving permissions for ‘/local/scratch/mehlhorn/62120/_ph0/pwscf.phsave/status_run.xml’: Operation not supported
cp: preserving permissions for ‘/local/scratch/mehlhorn/62120/_ph0/pwscf.phsave/dynmat.1.0.xml’: Operation not supported
cp: preserving permissions for ‘/local/scratch/mehlhorn/62120/_ph0/pwscf.phsave/tensors.xml’: Operation not supported
cp: preserving permissions for ‘/local/scratch/mehlhorn/62120/_ph0/pwscf.phsave/dynmat.1.1.xml’: Operation not supported
cp: preserving permissions for ‘/local/scratch/mehlhorn/62120/_ph0/pwscf.phsave/dynmat.1.3.xml’: Operation not supported
cp: preserving permissions for ‘/local/scratch/mehlhorn/62120/_ph0/pwscf.phsave/dynmat.1.8.xml’: Operation not supported
cp: preserving permissions for ‘/local/scratch/mehlhorn/62120/_ph0/pwscf.phsave/dynmat.1.11.xml’: Operation not supported
cp: preserving permissions for ‘/local/scratch/mehlhorn/62120/_ph0/pwscf.phsave/dynmat.1.13.xml’: Operation not supported
cp: preserving permissions for ‘/local/scratch/mehlhorn/62120/_ph0/pwscf.phsave/dynmat.1.14.xml’: Operation not supported
cp: preserving permissions for ‘/local/scratch/mehlhorn/62120/_ph0/pwscf.phsave/dynmat.1.16.xml’: Operation not supported
cp: preserving permissions for ‘/local/scratch/mehlhorn/62120/_ph0/pwscf.phsave/dynmat.1.21.xml’: Operation not supported
cp: preserving permissions for ‘/local/scratch/mehlhorn/62120/_ph0/pwscf.phsave/dynmat.1.24.xml’: Operation not supported
cp: preserving permissions for ‘/local/scratch/mehlhorn/62120/_ph0/pwscf.phsave/dynmat.1.25.xml’: Operation not supported
cp: preserving permissions for ‘/local/scratch/mehlhorn/62120/_ph0/pwscf.phsave/dynmat.1.27.xml’: Operation not supported
cp: preserving permissions for ‘/local/scratch/mehlhorn/62120/_ph0/pwscf.phsave/dynmat.1.30.xml’: Operation not supported
cp: preserving permissions for ‘/local/scratch/mehlhorn/62120/_ph0/pwscf.phsave/dynmat.1.32.xml’: Operation not supported
cp: preserving permissions for ‘/local/scratch/mehlhorn/62120/_ph0/pwscf.phsave/dynmat.1.33.xml’: Operation not supported
cp: preserving permissions for ‘/local/scratch/mehlhorn/62120/_ph0/pwscf.phsave/dynmat.1.36.xml’: Operation not supported
cp: preserving permissions for ‘/local/scratch/mehlhorn/62120/_ph0/pwscf.phsave/dynmat.1.38.xml’: Operation not supported
cp: preserving permissions for ‘/local/scratch/mehlhorn/62120/_ph0/pwscf.phsave/dynmat.1.87.xml’: Operation not supported
cp: preserving permissions for ‘/local/scratch/mehlhorn/62120/_ph0/pwscf.phsave/dynmat.1.89.xml’: Operation not supported
cp: preserving permissions for ‘/local/scratch/mehlhorn/62120/_ph0/pwscf.phsave/dynmat.1.92.xml’: Operation not supported
cp: preserving permissions for ‘/local/scratch/mehlhorn/62120/_ph0/pwscf.phsave/dynmat.1.94.xml’: Operation not supported
cp: preserving permissions for ‘/local/scratch/mehlhorn/62120/_ph0/pwscf.phsave/dynmat.1.95.xml’: Operation not supported
cp: preserving permissions for ‘/local/scratch/mehlhorn/62120/_ph0/pwscf.phsave/dynmat.1.99.xml’: Operation not supported
cp: preserving permissions for ‘/local/scratch/mehlhorn/62120/_ph0/pwscf.phsave/dynmat.1.100.xml’: Operation not supported
cp: preserving permissions for ‘/local/scratch/mehlhorn/62120/_ph0/pwscf.phsave/dynmat.1.103.xml’: Operation not supported
cp: preserving permissions for ‘/local/scratch/mehlhorn/62120/_ph0/pwscf.phsave/dynmat.1.105.xml’: Operation not supported
cp: preserving permissions for ‘/local/scratch/mehlhorn/62120/_ph0/pwscf.phsave/dynmat.1.107.xml’: Operation not supported
cp: preserving permissions for ‘/local/scratch/mehlhorn/62120/_ph0/pwscf.phsave/dynmat.1.108.xml’: Operation not supported
cp: preserving permissions for ‘/local/scratch/mehlhorn/62120/_ph0/pwscf.phsave/dynmat.1.109.xml’: Operation not supported
cp: preserving permissions for ‘/local/scratch/mehlhorn/62120/_ph0/pwscf.phsave/dynmat.1.122.xml’: Operation not supported
cp: preserving permissions for ‘/local/scratch/mehlhorn/62120/_ph0/pwscf.phsave/dynmat.1.124.xml’: Operation not supported
cp: preserving permissions for ‘/local/scratch/mehlhorn/62120/_ph0/pwscf.phsave/dynmat.1.127.xml’: Operation not supported
cp: preserving permissions for ‘/local/scratch/mehlhorn/62120/_ph0/pwscf.phsave/dynmat.1.129.xml’: Operation not supported
cp: preserving permissions for ‘/local/scratch/mehlhorn/62120/_ph0/pwscf.phsave/dynmat.1.130.xml’: Operation not supported
cp: preserving permissions for ‘/local/scratch/mehlhorn/62120/_ph0/pwscf.phsave/dynmat.1.65.xml’: Operation not supported
cp: preserving permissions for ‘/local/scratch/mehlhorn/62120/_ph0/pwscf.phsave/dynmat.1.66.xml’: Operation not supported
cp: preserving permissions for ‘/local/scratch/mehlhorn/62120/_ph0/pwscf.phsave/dynmat.1.68.xml’: Operation not supported
cp: preserving permissions for ‘/local/scratch/mehlhorn/62120/_ph0/pwscf.phsave/dynmat.1.69.xml’: Operation not supported
cp: preserving permissions for ‘/local/scratch/mehlhorn/62120/_ph0/pwscf.phsave/dynmat.1.71.xml’: Operation not supported
cp: preserving permissions for ‘/local/scratch/mehlhorn/62120/_ph0/pwscf.phsave/dynmat.1.74.xml’: Operation not supported
cp: preserving permissions for ‘/local/scratch/mehlhorn/62120/_ph0/pwscf.phsave/dynmat.1.75.xml’: Operation not supported
cp: preserving permissions for ‘/local/scratch/mehlhorn/62120/_ph0/pwscf.phsave/dynmat.1.76.xml’: Operation not supported
cp: preserving permissions for ‘/local/scratch/mehlhorn/62120/_ph0/pwscf.phsave/dynmat.1.77.xml’: Operation not supported
cp: preserving permissions for ‘/local/scratch/mehlhorn/62120/_ph0/pwscf.phsave/dynmat.1.78.xml’: Operation not supported
cp: preserving permissions for ‘/local/scratch/mehlhorn/62120/_ph0/pwscf.phsave/dynmat.1.81.xml’: Operation not supported
cp: preserving permissions for ‘/local/scratch/mehlhorn/62120/_ph0/pwscf.phsave/dynmat.1.83.xml’: Operation not supported
cp: preserving permissions for ‘/local/scratch/mehlhorn/62120/_ph0/pwscf.phsave/dynmat.1.155.xml’: Operation not supported
cp: preserving permissions for ‘/local/scratch/mehlhorn/62120/_ph0/pwscf.phsave/dynmat.1.157.xml’: Operation not supported
cp: preserving permissions for ‘/local/scratch/mehlhorn/62120/_ph0/pwscf.phsave/dynmat.1.158.xml’: Operation not supported
cp: preserving permissions for ‘/local/scratch/mehlhorn/62120/_ph0/pwscf.phsave/dynmat.1.160.xml’: Operation not supported
cp: preserving permissions for ‘/local/scratch/mehlhorn/62120/_ph0/pwscf.phsave/dynmat.1.44.xml’: Operation not supported
cp: preserving permissions for ‘/local/scratch/mehlhorn/62120/_ph0/pwscf.phsave/dynmat.1.45.xml’: Operation not supported
cp: preserving permissions for ‘/local/scratch/mehlhorn/62120/_ph0/pwscf.phsave/dynmat.1.46.xml’: Operation not supported
cp: preserving permissions for ‘/local/scratch/mehlhorn/62120/_ph0/pwscf.phsave/dynmat.1.47.xml’: Operation not supported
cp: preserving permissions for ‘/local/scratch/mehlhorn/62120/_ph0/pwscf.phsave/dynmat.1.49.xml’: Operation not supported
cp: preserving permissions for ‘/local/scratch/mehlhorn/62120/_ph0/pwscf.phsave/dynmat.1.50.xml’: Operation not supported
cp: preserving permissions for ‘/local/scratch/mehlhorn/62120/_ph0/pwscf.phsave/dynmat.1.51.xml’: Operation not supported
cp: preserving permissions for ‘/local/scratch/mehlhorn/62120/_ph0/pwscf.phsave/dynmat.1.52.xml’: Operation not supported
cp: preserving permissions for ‘/local/scratch/mehlhorn/62120/_ph0/pwscf.phsave/dynmat.1.53.xml’: Operation not supported
cp: preserving permissions for ‘/local/scratch/mehlhorn/62120/_ph0/pwscf.phsave/dynmat.1.150.xml’: Operation not supported
cp: preserving permissions for ‘/local/scratch/mehlhorn/62120/_ph0/pwscf.phsave/dynmat.1.151.xml’: Operation not supported
cp: preserving permissions for ‘/local/scratch/mehlhorn/62120/_ph0/pwscf.phsave/dynmat.1.152.xml’: Operation not supported
cp: preserving permissions for ‘/local/scratch/mehlhorn/62120/_ph0/pwscf.phsave/dynmat.1.153.xml’: Operation not supported
cp: preserving permissions for ‘/local/scratch/mehlhorn/62120/_ph0/pwscf.phsave/dynmat.1.207.xml’: Operation not supported
cp: preserving permissions for ‘/local/scratch/mehlhorn/62120/_ph0/pwscf.phsave/dynmat.1.208.xml’: Operation not supported
cp: preserving permissions for ‘/local/scratch/mehlhorn/62120/_ph0/pwscf.phsave/dynmat.1.210.xml’: Operation not supported
cp: preserving permissions for ‘/local/scratch/mehlhorn/62120/_ph0/pwscf.phsave/dynmat.1.67.xml’: Operation not supported
cp: preserving permissions for ‘/local/scratch/mehlhorn/62120/_ph0/pwscf.phsave/dynmat.1.70.xml’: Operation not supported
cp: preserving permissions for ‘/local/scratch/mehlhorn/62120/_ph0/pwscf.phsave/dynmat.1.72.xml’: Operation not supported
cp: preserving permissions for ‘/local/scratch/mehlhorn/62120/_ph0/pwscf.phsave/dynmat.1.156.xml’: Operation not supported
cp: preserving permissions for ‘/local/scratch/mehlhorn/62120/_ph0/pwscf.phsave/dynmat.1.159.xml’: Operation not supported
cp: preserving permissions for ‘/local/scratch/mehlhorn/62120/_ph0/pwscf.phsave/dynmat.1.161.xml’: Operation not supported
cp: preserving permissions for ‘/local/scratch/mehlhorn/62120/_ph0/pwscf.phsave/dynmat.1.164.xml’: Operation not supported
cp: preserving permissions for ‘/local/scratch/mehlhorn/62120/_ph0/pwscf.phsave/dynmat.1.166.xml’: Operation not supported
cp: preserving permissions for ‘/local/scratch/mehlhorn/62120/_ph0/pwscf.phsave/dynmat.1.167.xml’: Operation not supported
cp: preserving permissions for ‘/local/scratch/mehlhorn/62120/_ph0/pwscf.phsave/dynmat.1.19.xml’: Operation not supported
cp: preserving permissions for ‘/local/scratch/mehlhorn/62120/_ph0/pwscf.phsave/dynmat.1.20.xml’: Operation not supported
cp: preserving permissions for ‘/local/scratch/mehlhorn/62120/_ph0/pwscf.phsave/dynmat.1.28.xml’: Operation not supported
cp: preserving permissions for ‘/local/scratch/mehlhorn/62120/_ph0/pwscf.phsave/dynmat.1.29.xml’: Operation not supported
cp: preserving permissions for ‘/local/scratch/mehlhorn/62120/_ph0/pwscf.phsave/dynmat.1.31.xml’: Operation not supported
cp: preserving permissions for ‘/local/scratch/mehlhorn/62120/_ph0/pwscf.phsave/dynmat.1.34.xml’: Operation not supported
cp: preserving permissions for ‘/local/scratch/mehlhorn/62120/_ph0/pwscf.phsave/dynmat.1.35.xml’: Operation not supported
cp: preserving permissions for ‘/local/scratch/mehlhorn/62120/_ph0/pwscf.phsave/dynmat.1.37.xml’: Operation not supported
cp: preserving permissions for ‘/local/scratch/mehlhorn/62120/_ph0/pwscf.phsave/dynmat.1.39.xml’: Operation not supported
cp: preserving permissions for ‘/local/scratch/mehlhorn/62120/_ph0/pwscf.phsave/dynmat.1.85.xml’: Operation not supported
cp: preserving permissions for ‘/local/scratch/mehlhorn/62120/_ph0/pwscf.phsave/dynmat.1.96.xml’: Operation not supported
cp: preserving permissions for ‘/local/scratch/mehlhorn/62120/_ph0/pwscf.phsave/dynmat.1.101.xml’: Operation not supported
cp: preserving permissions for ‘/local/scratch/mehlhorn/62120/_ph0/pwscf.phsave/dynmat.1.102.xml’: Operation not supported
cp: preserving permissions for ‘/local/scratch/mehlhorn/62120/_ph0/pwscf.phsave/dynmat.1.104.xml’: Operation not supported
cp: preserving permissions for ‘/local/scratch/mehlhorn/62120/_ph0/pwscf.phsave/dynmat.1.106.xml’: Operation not supported
cp: preserving permissions for ‘/local/scratch/mehlhorn/62120/_ph0/pwscf.phsave/dynmat.1.117.xml’: Operation not supported
cp: preserving permissions for ‘/local/scratch/mehlhorn/62120/_ph0/pwscf.phsave/dynmat.1.121.xml’: Operation not supported
cp: preserving permissions for ‘/local/scratch/mehlhorn/62120/_ph0/pwscf.phsave/dynmat.1.40.xml’: Operation not supported
cp: preserving permissions for ‘/local/scratch/mehlhorn/62120/_ph0/pwscf.phsave/dynmat.1.42.xml’: Operation not supported
cp: preserving permissions for ‘/local/scratch/mehlhorn/62120/_ph0/pwscf.phsave/dynmat.1.43.xml’: Operation not supported
cp: preserving permissions for ‘/local/scratch/mehlhorn/62120/_ph0/pwscf.phsave/dynmat.1.48.xml’: Operation not supported
cp: preserving permissions for ‘/local/scratch/mehlhorn/62120/_ph0/pwscf.phsave/dynmat.1.56.xml’: Operation not supported
cp: preserving permissions for ‘/local/scratch/mehlhorn/62120/_ph0/pwscf.phsave/dynmat.1.58.xml’: Operation not supported
cp: preserving permissions for ‘/local/scratch/mehlhorn/62120/_ph0/pwscf.phsave/dynmat.1.59.xml’: Operation not supported
cp: preserving permissions for ‘/local/scratch/mehlhorn/62120/_ph0/pwscf.phsave/dynmat.1.60.xml’: Operation not supported
cp: preserving permissions for ‘/local/scratch/mehlhorn/62120/_ph0/pwscf.phsave/dynmat.1.139.xml’: Operation not supported
cp: preserving permissions for ‘/local/scratch/mehlhorn/62120/_ph0/pwscf.phsave/dynmat.1.144.xml’: Operation not supported
cp: preserving permissions for ‘/local/scratch/mehlhorn/62120/_ph0/pwscf.phsave/dynmat.1.145.xml’: Operation not supported
cp: preserving permissions for ‘/local/scratch/mehlhorn/62120/_ph0/pwscf.phsave/dynmat.1.146.xml’: Operation not supported
cp: preserving permissions for ‘/local/scratch/mehlhorn/62120/_ph0/pwscf.phsave/dynmat.1.170.xml’: Operation not supported
cp: preserving permissions for ‘/local/scratch/mehlhorn/62120/_ph0/pwscf.phsave/dynmat.1.174.xml’: Operation not supported
cp: preserving permissions for ‘/local/scratch/mehlhorn/62120/_ph0/pwscf.phsave/dynmat.1.176.xml’: Operation not supported
cp: preserving permissions for ‘/local/scratch/mehlhorn/62120/_ph0/pwscf.phsave/dynmat.1.177.xml’: Operation not supported
cp: preserving permissions for ‘/local/scratch/mehlhorn/62120/_ph0/pwscf.phsave/dynmat.1.178.xml’: Operation not supported
cp: preserving permissions for ‘/local/scratch/mehlhorn/62120/_ph0/pwscf.phsave/dynmat.1.179.xml’: Operation not supported
cp: preserving permissions for ‘/local/scratch/mehlhorn/62120/_ph0/pwscf.phsave/dynmat.1.181.xml’: Operation not supported
cp: preserving permissions for ‘/local/scratch/mehlhorn/62120/_ph0/pwscf.phsave/dynmat.1.184.xml’: Operation not supported
cp: preserving permissions for ‘/local/scratch/mehlhorn/62120/_ph0/pwscf.phsave/dynmat.1.186.xml’: Operation not supported
cp: preserving permissions for ‘/local/scratch/mehlhorn/62120/_ph0/pwscf.phsave/dynmat.1.193.xml’: Operation not supported
cp: preserving permissions for ‘/local/scratch/mehlhorn/62120/_ph0/pwscf.phsave/dynmat.1.195.xml’: Operation not supported
cp: preserving permissions for ‘/local/scratch/mehlhorn/62120/_ph0/pwscf.phsave/dynmat.1.197.xml’: Operation not supported
cp: preserving permissions for ‘/local/scratch/mehlhorn/62120/_ph0/pwscf.phsave/dynmat.1.200.xml’: Operation not supported
cp: preserving permissions for ‘/local/scratch/mehlhorn/62120/_ph0/pwscf.phsave/dynmat.1.201.xml’: Operation not supported
cp: preserving permissions for ‘/local/scratch/mehlhorn/62120/_ph0/pwscf.phsave/dynmat.1.202.xml’: Operation not supported
cp: preserving permissions for ‘/local/scratch/mehlhorn/62120/_ph0/pwscf.phsave/dynmat.1.62.xml’: Operation not supported
cp: preserving permissions for ‘/local/scratch/mehlhorn/62120/_ph0/pwscf.phsave/dynmat.1.64.xml’: Operation not supported
cp: preserving permissions for ‘/local/scratch/mehlhorn/62120/_ph0/pwscf.phsave/dynmat.1.132.xml’: Operation not supported
cp: preserving permissions for ‘/local/scratch/mehlhorn/62120/_ph0/pwscf.phsave/dynmat.1.135.xml’: Operation not supported
cp: preserving permissions for ‘/local/scratch/mehlhorn/62120/_ph0/pwscf.phsave/dynmat.1.138.xml’: Operation not supported
cp: preserving permissions for ‘/local/scratch/mehlhorn/62120/_ph0/pwscf.phsave/dynmat.1.162.xml’: Operation not supported
cp: preserving permissions for ‘/local/scratch/mehlhorn/62120/_ph0/pwscf.phsave/dynmat.1.163.xml’: Operation not supported
cp: preserving permissions for ‘/local/scratch/mehlhorn/62120/_ph0/pwscf.phsave/dynmat.1.165.xml’: Operation not supported
cp: preserving permissions for ‘/local/scratch/mehlhorn/62120/_ph0/pwscf.phsave/dynmat.1.168.xml’: Operation not supported
cp: preserving permissions for ‘/local/scratch/mehlhorn/62120/_ph0/pwscf.phsave/dynmat.1.175.xml’: Operation not supported
cp: preserving permissions for ‘/local/scratch/mehlhorn/62120/_ph0/pwscf.phsave/dynmat.1.187.xml’: Operation not supported
cp: preserving permissions for ‘/local/scratch/mehlhorn/62120/_ph0/pwscf.phsave/dynmat.1.189.xml’: Operation not supported
cp: preserving permissions for ‘/local/scratch/mehlhorn/62120/_ph0/pwscf.phsave/dynmat.1.191.xml’: Operation not supported
cp: preserving permissions for ‘/local/scratch/mehlhorn/62120/_ph0/pwscf.phsave/dynmat.1.192.xml’: Operation not supported
cp: preserving permissions for ‘/local/scratch/mehlhorn/62120/_ph0/pwscf.phsave/dynmat.1.211.xml’: Operation not supported
cp: preserving permissions for ‘/local/scratch/mehlhorn/62120/_ph0/pwscf.phsave/dynmat.1.212.xml’: Operation not supported
cp: preserving permissions for ‘/local/scratch/mehlhorn/62120/_ph0/pwscf.phsave’: Operation not supported
cp: preserving permissions for ‘/local/scratch/mehlhorn/62120/_ph0/pwscf.dvscf1’: Operation not supported
cp: preserving permissions for ‘/local/scratch/mehlhorn/62120/_ph0’: Operation not supported
cp: preserving permissions for ‘/local/scratch/mehlhorn/62120/dyn0’: Operation not supported
cp: preserving permissions for ‘/local/scratch/mehlhorn/62120/dyn1’: Operation not supported
cp: preserving permissions for ‘/local/scratch/mehlhorn/62120/input_tmp.in’: Operation not supported
cp: preserving permissions for ‘/local/scratch/mehlhorn/62120/matdyn.inp’: Operation not supported
cp: preserving permissions for ‘/local/scratch/mehlhorn/62120/ph.inp’: Operation not supported
cp: preserving permissions for ‘/local/scratch/mehlhorn/62120/ph.out’: Operation not supported
cp: preserving permissions for ‘/local/scratch/mehlhorn/62120/ph_error.out’: Operation not supported
cp: preserving permissions for ‘/local/scratch/mehlhorn/62120/pw.inp’: Operation not supported
cp: preserving permissions for ‘/local/scratch/mehlhorn/62120/pw.out’: Operation not supported
cp: preserving permissions for ‘/local/scratch/mehlhorn/62120/pw_error.out’: Operation not supported
cp: preserving permissions for ‘/local/scratch/mehlhorn/62120/pwscf.save/charge-density.dat’: Operation not supported
cp: preserving permissions for ‘/local/scratch/mehlhorn/62120/pwscf.save/H.pbe-kjpaw_psl.1.0.0.UPF’: Operation not supported
cp: preserving permissions for ‘/local/scratch/mehlhorn/62120/pwscf.save/Zr.pbe-spn-kjpaw_psl.1.0.0.UPF’: Operation not supported
cp: preserving permissions for ‘/local/scratch/mehlhorn/62120/pwscf.save/C.pbe-n-kjpaw_psl.1.0.0.UPF’: Operation not supported
cp: preserving permissions for ‘/local/scratch/mehlhorn/62120/pwscf.save/O.pbe-n-kjpaw_psl.1.0.0.UPF’: Operation not supported
cp: preserving permissions for ‘/local/scratch/mehlhorn/62120/pwscf.save/paw.txt’: Operation not supported
cp: preserving permissions for ‘/local/scratch/mehlhorn/62120/pwscf.save/data-file-schema.xml’: Operation not supported
cp: preserving permissions for ‘/local/scratch/mehlhorn/62120/pwscf.save/wfc1.dat’: Operation not supported
cp: preserving permissions for ‘/local/scratch/mehlhorn/62120/pwscf.save’: Operation not supported
cp: preserving permissions for ‘/local/scratch/mehlhorn/62120/pwscf.wfc1’: Operation not supported
cp: preserving permissions for ‘/local/scratch/mehlhorn/62120/pwscf.wfc10’: Operation not supported
cp: preserving permissions for ‘/local/scratch/mehlhorn/62120/pwscf.wfc100’: Operation not supported
cp: preserving permissions for ‘/local/scratch/mehlhorn/62120/pwscf.wfc101’: Operation not supported
cp: preserving permissions for ‘/local/scratch/mehlhorn/62120/pwscf.wfc102’: Operation not supported
cp: preserving permissions for ‘/local/scratch/mehlhorn/62120/pwscf.wfc103’: Operation not supported
cp: preserving permissions for ‘/local/scratch/mehlhorn/62120/pwscf.wfc104’: Operation not supported
cp: preserving permissions for ‘/local/scratch/mehlhorn/62120/pwscf.wfc105’: Operation not supported
cp: preserving permissions for ‘/local/scratch/mehlhorn/62120/pwscf.wfc106’: Operation not supported
cp: preserving permissions for ‘/local/scratch/mehlhorn/62120/pwscf.wfc107’: Operation not supported
cp: preserving permissions for ‘/local/scratch/mehlhorn/62120/pwscf.wfc108’: Operation not supported
cp: preserving permissions for ‘/local/scratch/mehlhorn/62120/pwscf.wfc109’: Operation not supported
cp: preserving permissions for ‘/local/scratch/mehlhorn/62120/pwscf.wfc11’: Operation not supported
cp: preserving permissions for ‘/local/scratch/mehlhorn/62120/pwscf.wfc110’: Operation not supported
cp: preserving permissions for ‘/local/scratch/mehlhorn/62120/pwscf.wfc111’: Operation not supported
cp: preserving permissions for ‘/local/scratch/mehlhorn/62120/pwscf.wfc112’: Operation not supported
cp: preserving permissions for ‘/local/scratch/mehlhorn/62120/pwscf.wfc113’: Operation not supported
cp: preserving permissions for ‘/local/scratch/mehlhorn/62120/pwscf.wfc114’: Operation not supported
cp: preserving permissions for ‘/local/scratch/mehlhorn/62120/pwscf.wfc115’: Operation not supported
cp: preserving permissions for ‘/local/scratch/mehlhorn/62120/pwscf.wfc116’: Operation not supported
cp: preserving permissions for ‘/local/scratch/mehlhorn/62120/pwscf.wfc117’: Operation not supported
cp: preserving permissions for ‘/local/scratch/mehlhorn/62120/pwscf.wfc118’: Operation not supported
cp: preserving permissions for ‘/local/scratch/mehlhorn/62120/pwscf.wfc119’: Operation not supported
cp: preserving permissions for ‘/local/scratch/mehlhorn/62120/pwscf.wfc12’: Operation not supported
cp: preserving permissions for ‘/local/scratch/mehlhorn/62120/pwscf.wfc120’: Operation not supported
cp: preserving permissions for ‘/local/scratch/mehlhorn/62120/pwscf.wfc121’: Operation not supported
cp: preserving permissions for ‘/local/scratch/mehlhorn/62120/pwscf.wfc122’: Operation not supported
cp: preserving permissions for ‘/local/scratch/mehlhorn/62120/pwscf.wfc123’: Operation not supported
cp: preserving permissions for ‘/local/scratch/mehlhorn/62120/pwscf.wfc124’: Operation not supported
cp: preserving permissions for ‘/local/scratch/mehlhorn/62120/pwscf.wfc125’: Operation not supported
cp: preserving permissions for ‘/local/scratch/mehlhorn/62120/pwscf.wfc126’: Operation not supported
cp: preserving permissions for ‘/local/scratch/mehlhorn/62120/pwscf.wfc127’: Operation not supported
cp: preserving permissions for ‘/local/scratch/mehlhorn/62120/pwscf.wfc128’: Operation not supported
cp: preserving permissions for ‘/local/scratch/mehlhorn/62120/pwscf.wfc129’: Operation not supported
cp: preserving permissions for ‘/local/scratch/mehlhorn/62120/pwscf.wfc13’: Operation not supported
cp: preserving permissions for ‘/local/scratch/mehlhorn/62120/pwscf.wfc130’: Operation not supported
cp: preserving permissions for ‘/local/scratch/mehlhorn/62120/pwscf.wfc131’: Operation not supported
cp: preserving permissions for ‘/local/scratch/mehlhorn/62120/pwscf.wfc132’: Operation not supported
cp: preserving permissions for ‘/local/scratch/mehlhorn/62120/pwscf.wfc133’: Operation not supported
cp: preserving permissions for ‘/local/scratch/mehlhorn/62120/pwscf.wfc134’: Operation not supported
cp: preserving permissions for ‘/local/scratch/mehlhorn/62120/pwscf.wfc135’: Operation not supported
cp: preserving permissions for ‘/local/scratch/mehlhorn/62120/pwscf.wfc136’: Operation not supported
cp: preserving permissions for ‘/local/scratch/mehlhorn/62120/pwscf.wfc137’: Operation not supported
cp: preserving permissions for ‘/local/scratch/mehlhorn/62120/pwscf.wfc138’: Operation not supported
cp: preserving permissions for ‘/local/scratch/mehlhorn/62120/pwscf.wfc139’: Operation not supported
cp: preserving permissions for ‘/local/scratch/mehlhorn/62120/pwscf.wfc14’: Operation not supported
cp: preserving permissions for ‘/local/scratch/mehlhorn/62120/pwscf.wfc140’: Operation not supported
cp: preserving permissions for ‘/local/scratch/mehlhorn/62120/pwscf.wfc141’: Operation not supported
cp: preserving permissions for ‘/local/scratch/mehlhorn/62120/pwscf.wfc142’: Operation not supported
cp: preserving permissions for ‘/local/scratch/mehlhorn/62120/pwscf.wfc143’: Operation not supported
cp: preserving permissions for ‘/local/scratch/mehlhorn/62120/pwscf.wfc144’: Operation not supported
cp: preserving permissions for ‘/local/scratch/mehlhorn/62120/pwscf.wfc145’: Operation not supported
cp: preserving permissions for ‘/local/scratch/mehlhorn/62120/pwscf.wfc146’: Operation not supported
cp: preserving permissions for ‘/local/scratch/mehlhorn/62120/pwscf.wfc147’: Operation not supported
cp: preserving permissions for ‘/local/scratch/mehlhorn/62120/pwscf.wfc148’: Operation not supported
cp: preserving permissions for ‘/local/scratch/mehlhorn/62120/pwscf.wfc149’: Operation not supported
cp: preserving permissions for ‘/local/scratch/mehlhorn/62120/pwscf.wfc15’: Operation not supported
cp: preserving permissions for ‘/local/scratch/mehlhorn/62120/pwscf.wfc150’: Operation not supported
cp: preserving permissions for ‘/local/scratch/mehlhorn/62120/pwscf.wfc151’: Operation not supported
cp: preserving permissions for ‘/local/scratch/mehlhorn/62120/pwscf.wfc152’: Operation not supported
cp: preserving permissions for ‘/local/scratch/mehlhorn/62120/pwscf.wfc153’: Operation not supported
cp: preserving permissions for ‘/local/scratch/mehlhorn/62120/pwscf.wfc154’: Operation not supported
cp: preserving permissions for ‘/local/scratch/mehlhorn/62120/pwscf.wfc155’: Operation not supported
cp: preserving permissions for ‘/local/scratch/mehlhorn/62120/pwscf.wfc156’: Operation not supported
cp: preserving permissions for ‘/local/scratch/mehlhorn/62120/pwscf.wfc157’: Operation not supported
cp: preserving permissions for ‘/local/scratch/mehlhorn/62120/pwscf.wfc158’: Operation not supported
cp: preserving permissions for ‘/local/scratch/mehlhorn/62120/pwscf.wfc159’: Operation not supported
cp: preserving permissions for ‘/local/scratch/mehlhorn/62120/pwscf.wfc16’: Operation not supported
cp: preserving permissions for ‘/local/scratch/mehlhorn/62120/pwscf.wfc160’: Operation not supported
cp: preserving permissions for ‘/local/scratch/mehlhorn/62120/pwscf.wfc161’: Operation not supported
cp: preserving permissions for ‘/local/scratch/mehlhorn/62120/pwscf.wfc162’: Operation not supported
cp: preserving permissions for ‘/local/scratch/mehlhorn/62120/pwscf.wfc163’: Operation not supported
cp: preserving permissions for ‘/local/scratch/mehlhorn/62120/pwscf.wfc164’: Operation not supported
cp: preserving permissions for ‘/local/scratch/mehlhorn/62120/pwscf.wfc165’: Operation not supported
cp: preserving permissions for ‘/local/scratch/mehlhorn/62120/pwscf.wfc166’: Operation not supported
cp: preserving permissions for ‘/local/scratch/mehlhorn/62120/pwscf.wfc167’: Operation not supported
cp: preserving permissions for ‘/local/scratch/mehlhorn/62120/pwscf.wfc168’: Operation not supported
cp: preserving permissions for ‘/local/scratch/mehlhorn/62120/pwscf.wfc169’: Operation not supported
cp: preserving permissions for ‘/local/scratch/mehlhorn/62120/pwscf.wfc17’: Operation not supported
cp: preserving permissions for ‘/local/scratch/mehlhorn/62120/pwscf.wfc170’: Operation not supported
cp: preserving permissions for ‘/local/scratch/mehlhorn/62120/pwscf.wfc171’: Operation not supported
cp: preserving permissions for ‘/local/scratch/mehlhorn/62120/pwscf.wfc172’: Operation not supported
cp: preserving permissions for ‘/local/scratch/mehlhorn/62120/pwscf.wfc173’: Operation not supported
cp: preserving permissions for ‘/local/scratch/mehlhorn/62120/pwscf.wfc174’: Operation not supported
cp: preserving permissions for ‘/local/scratch/mehlhorn/62120/pwscf.wfc175’: Operation not supported
cp: preserving permissions for ‘/local/scratch/mehlhorn/62120/pwscf.wfc176’: Operation not supported
cp: preserving permissions for ‘/local/scratch/mehlhorn/62120/pwscf.wfc177’: Operation not supported
cp: preserving permissions for ‘/local/scratch/mehlhorn/62120/pwscf.wfc178’: Operation not supported
cp: preserving permissions for ‘/local/scratch/mehlhorn/62120/pwscf.wfc179’: Operation not supported
cp: preserving permissions for ‘/local/scratch/mehlhorn/62120/pwscf.wfc18’: Operation not supported
cp: preserving permissions for ‘/local/scratch/mehlhorn/62120/pwscf.wfc180’: Operation not supported
cp: preserving permissions for ‘/local/scratch/mehlhorn/62120/pwscf.wfc181’: Operation not supported
cp: preserving permissions for ‘/local/scratch/mehlhorn/62120/pwscf.wfc182’: Operation not supported
cp: preserving permissions for ‘/local/scratch/mehlhorn/62120/pwscf.wfc183’: Operation not supported
cp: preserving permissions for ‘/local/scratch/mehlhorn/62120/pwscf.wfc184’: Operation not supported
cp: preserving permissions for ‘/local/scratch/mehlhorn/62120/pwscf.wfc185’: Operation not supported
cp: preserving permissions for ‘/local/scratch/mehlhorn/62120/pwscf.wfc186’: Operation not supported
cp: preserving permissions for ‘/local/scratch/mehlhorn/62120/pwscf.wfc187’: Operation not supported
cp: preserving permissions for ‘/local/scratch/mehlhorn/62120/pwscf.wfc188’: Operation not supported
cp: preserving permissions for ‘/local/scratch/mehlhorn/62120/pwscf.wfc189’: Operation not supported
cp: preserving permissions for ‘/local/scratch/mehlhorn/62120/pwscf.wfc19’: Operation not supported
cp: preserving permissions for ‘/local/scratch/mehlhorn/62120/pwscf.wfc190’: Operation not supported
cp: preserving permissions for ‘/local/scratch/mehlhorn/62120/pwscf.wfc191’: Operation not supported
cp: preserving permissions for ‘/local/scratch/mehlhorn/62120/pwscf.wfc192’: Operation not supported
cp: preserving permissions for ‘/local/scratch/mehlhorn/62120/pwscf.wfc193’: Operation not supported
cp: preserving permissions for ‘/local/scratch/mehlhorn/62120/pwscf.wfc194’: Operation not supported
cp: preserving permissions for ‘/local/scratch/mehlhorn/62120/pwscf.wfc195’: Operation not supported
cp: preserving permissions for ‘/local/scratch/mehlhorn/62120/pwscf.wfc196’: Operation not supported
cp: preserving permissions for ‘/local/scratch/mehlhorn/62120/pwscf.wfc197’: Operation not supported
cp: preserving permissions for ‘/local/scratch/mehlhorn/62120/pwscf.wfc198’: Operation not supported
cp: preserving permissions for ‘/local/scratch/mehlhorn/62120/pwscf.wfc199’: Operation not supported
cp: preserving permissions for ‘/local/scratch/mehlhorn/62120/pwscf.wfc2’: Operation not supported
cp: preserving permissions for ‘/local/scratch/mehlhorn/62120/pwscf.wfc20’: Operation not supported
cp: preserving permissions for ‘/local/scratch/mehlhorn/62120/pwscf.wfc200’: Operation not supported
cp: preserving permissions for ‘/local/scratch/mehlhorn/62120/pwscf.wfc201’: Operation not supported
cp: preserving permissions for ‘/local/scratch/mehlhorn/62120/pwscf.wfc202’: Operation not supported
cp: preserving permissions for ‘/local/scratch/mehlhorn/62120/pwscf.wfc203’: Operation not supported
cp: preserving permissions for ‘/local/scratch/mehlhorn/62120/pwscf.wfc204’: Operation not supported
cp: preserving permissions for ‘/local/scratch/mehlhorn/62120/pwscf.wfc205’: Operation not supported
cp: preserving permissions for ‘/local/scratch/mehlhorn/62120/pwscf.wfc206’: Operation not supported
cp: preserving permissions for ‘/local/scratch/mehlhorn/62120/pwscf.wfc207’: Operation not supported
cp: preserving permissions for ‘/local/scratch/mehlhorn/62120/pwscf.wfc208’: Operation not supported
cp: preserving permissions for ‘/local/scratch/mehlhorn/62120/pwscf.wfc209’: Operation not supported
cp: preserving permissions for ‘/local/scratch/mehlhorn/62120/pwscf.wfc21’: Operation not supported
cp: preserving permissions for ‘/local/scratch/mehlhorn/62120/pwscf.wfc210’: Operation not supported
cp: preserving permissions for ‘/local/scratch/mehlhorn/62120/pwscf.wfc211’: Operation not supported
cp: preserving permissions for ‘/local/scratch/mehlhorn/62120/pwscf.wfc212’: Operation not supported
cp: preserving permissions for ‘/local/scratch/mehlhorn/62120/pwscf.wfc213’: Operation not supported
cp: preserving permissions for ‘/local/scratch/mehlhorn/62120/pwscf.wfc214’: Operation not supported
cp: preserving permissions for ‘/local/scratch/mehlhorn/62120/pwscf.wfc215’: Operation not supported
cp: preserving permissions for ‘/local/scratch/mehlhorn/62120/pwscf.wfc216’: Operation not supported
cp: preserving permissions for ‘/local/scratch/mehlhorn/62120/pwscf.wfc217’: Operation not supported
cp: preserving permissions for ‘/local/scratch/mehlhorn/62120/pwscf.wfc218’: Operation not supported
cp: preserving permissions for ‘/local/scratch/mehlhorn/62120/pwscf.wfc219’: Operation not supported
cp: preserving permissions for ‘/local/scratch/mehlhorn/62120/pwscf.wfc22’: Operation not supported
cp: preserving permissions for ‘/local/scratch/mehlhorn/62120/pwscf.wfc220’: Operation not supported
cp: preserving permissions for ‘/local/scratch/mehlhorn/62120/pwscf.wfc221’: Operation not supported
cp: preserving permissions for ‘/local/scratch/mehlhorn/62120/pwscf.wfc222’: Operation not supported
cp: preserving permissions for ‘/local/scratch/mehlhorn/62120/pwscf.wfc223’: Operation not supported
cp: preserving permissions for ‘/local/scratch/mehlhorn/62120/pwscf.wfc224’: Operation not supported
cp: preserving permissions for ‘/local/scratch/mehlhorn/62120/pwscf.wfc225’: Operation not supported
cp: preserving permissions for ‘/local/scratch/mehlhorn/62120/pwscf.wfc226’: Operation not supported
cp: preserving permissions for ‘/local/scratch/mehlhorn/62120/pwscf.wfc227’: Operation not supported
cp: preserving permissions for ‘/local/scratch/mehlhorn/62120/pwscf.wfc228’: Operation not supported
cp: preserving permissions for ‘/local/scratch/mehlhorn/62120/pwscf.wfc229’: Operation not supported
cp: preserving permissions for ‘/local/scratch/mehlhorn/62120/pwscf.wfc23’: Operation not supported
cp: preserving permissions for ‘/local/scratch/mehlhorn/62120/pwscf.wfc230’: Operation not supported
cp: preserving permissions for ‘/local/scratch/mehlhorn/62120/pwscf.wfc231’: Operation not supported
cp: preserving permissions for ‘/local/scratch/mehlhorn/62120/pwscf.wfc232’: Operation not supported
cp: preserving permissions for ‘/local/scratch/mehlhorn/62120/pwscf.wfc233’: Operation not supported
cp: preserving permissions for ‘/local/scratch/mehlhorn/62120/pwscf.wfc234’: Operation not supported
cp: preserving permissions for ‘/local/scratch/mehlhorn/62120/pwscf.wfc235’: Operation not supported
cp: preserving permissions for ‘/local/scratch/mehlhorn/62120/pwscf.wfc236’: Operation not supported
cp: preserving permissions for ‘/local/scratch/mehlhorn/62120/pwscf.wfc237’: Operation not supported
cp: preserving permissions for ‘/local/scratch/mehlhorn/62120/pwscf.wfc238’: Operation not supported
cp: preserving permissions for ‘/local/scratch/mehlhorn/62120/pwscf.wfc239’: Operation not supported
cp: preserving permissions for ‘/local/scratch/mehlhorn/62120/pwscf.wfc24’: Operation not supported
cp: preserving permissions for ‘/local/scratch/mehlhorn/62120/pwscf.wfc240’: Operation not supported
cp: preserving permissions for ‘/local/scratch/mehlhorn/62120/pwscf.wfc241’: Operation not supported
cp: preserving permissions for ‘/local/scratch/mehlhorn/62120/pwscf.wfc242’: Operation not supported
cp: preserving permissions for ‘/local/scratch/mehlhorn/62120/pwscf.wfc243’: Operation not supported
cp: preserving permissions for ‘/local/scratch/mehlhorn/62120/pwscf.wfc244’: Operation not supported
cp: preserving permissions for ‘/local/scratch/mehlhorn/62120/pwscf.wfc245’: Operation not supported
cp: preserving permissions for ‘/local/scratch/mehlhorn/62120/pwscf.wfc246’: Operation not supported
cp: preserving permissions for ‘/local/scratch/mehlhorn/62120/pwscf.wfc247’: Operation not supported
cp: preserving permissions for ‘/local/scratch/mehlhorn/62120/pwscf.wfc248’: Operation not supported
cp: preserving permissions for ‘/local/scratch/mehlhorn/62120/pwscf.wfc249’: Operation not supported
cp: preserving permissions for ‘/local/scratch/mehlhorn/62120/pwscf.wfc25’: Operation not supported
cp: preserving permissions for ‘/local/scratch/mehlhorn/62120/pwscf.wfc250’: Operation not supported
cp: preserving permissions for ‘/local/scratch/mehlhorn/62120/pwscf.wfc251’: Operation not supported
cp: preserving permissions for ‘/local/scratch/mehlhorn/62120/pwscf.wfc252’: Operation not supported
cp: preserving permissions for ‘/local/scratch/mehlhorn/62120/pwscf.wfc253’: Operation not supported
cp: preserving permissions for ‘/local/scratch/mehlhorn/62120/pwscf.wfc254’: Operation not supported
cp: preserving permissions for ‘/local/scratch/mehlhorn/62120/pwscf.wfc255’: Operation not supported
cp: preserving permissions for ‘/local/scratch/mehlhorn/62120/pwscf.wfc256’: Operation not supported
cp: preserving permissions for ‘/local/scratch/mehlhorn/62120/pwscf.wfc26’: Operation not supported
cp: preserving permissions for ‘/local/scratch/mehlhorn/62120/pwscf.wfc27’: Operation not supported
cp: preserving permissions for ‘/local/scratch/mehlhorn/62120/pwscf.wfc28’: Operation not supported
cp: preserving permissions for ‘/local/scratch/mehlhorn/62120/pwscf.wfc29’: Operation not supported
cp: preserving permissions for ‘/local/scratch/mehlhorn/62120/pwscf.wfc3’: Operation not supported
cp: preserving permissions for ‘/local/scratch/mehlhorn/62120/pwscf.wfc30’: Operation not supported
cp: preserving permissions for ‘/local/scratch/mehlhorn/62120/pwscf.wfc31’: Operation not supported
cp: preserving permissions for ‘/local/scratch/mehlhorn/62120/pwscf.wfc32’: Operation not supported
cp: preserving permissions for ‘/local/scratch/mehlhorn/62120/pwscf.wfc33’: Operation not supported
cp: preserving permissions for ‘/local/scratch/mehlhorn/62120/pwscf.wfc34’: Operation not supported
cp: preserving permissions for ‘/local/scratch/mehlhorn/62120/pwscf.wfc35’: Operation not supported
cp: preserving permissions for ‘/local/scratch/mehlhorn/62120/pwscf.wfc36’: Operation not supported
cp: preserving permissions for ‘/local/scratch/mehlhorn/62120/pwscf.wfc37’: Operation not supported
cp: preserving permissions for ‘/local/scratch/mehlhorn/62120/pwscf.wfc38’: Operation not supported
cp: preserving permissions for ‘/local/scratch/mehlhorn/62120/pwscf.wfc39’: Operation not supported
cp: preserving permissions for ‘/local/scratch/mehlhorn/62120/pwscf.wfc4’: Operation not supported
cp: preserving permissions for ‘/local/scratch/mehlhorn/62120/pwscf.wfc40’: Operation not supported
cp: preserving permissions for ‘/local/scratch/mehlhorn/62120/pwscf.wfc41’: Operation not supported
cp: preserving permissions for ‘/local/scratch/mehlhorn/62120/pwscf.wfc42’: Operation not supported
cp: preserving permissions for ‘/local/scratch/mehlhorn/62120/pwscf.wfc43’: Operation not supported
cp: preserving permissions for ‘/local/scratch/mehlhorn/62120/pwscf.wfc44’: Operation not supported
cp: preserving permissions for ‘/local/scratch/mehlhorn/62120/pwscf.wfc45’: Operation not supported
cp: preserving permissions for ‘/local/scratch/mehlhorn/62120/pwscf.wfc46’: Operation not supported
cp: preserving permissions for ‘/local/scratch/mehlhorn/62120/pwscf.wfc47’: Operation not supported
cp: preserving permissions for ‘/local/scratch/mehlhorn/62120/pwscf.wfc48’: Operation not supported
cp: preserving permissions for ‘/local/scratch/mehlhorn/62120/pwscf.wfc49’: Operation not supported
cp: preserving permissions for ‘/local/scratch/mehlhorn/62120/pwscf.wfc5’: Operation not supported
cp: preserving permissions for ‘/local/scratch/mehlhorn/62120/pwscf.wfc50’: Operation not supported
cp: preserving permissions for ‘/local/scratch/mehlhorn/62120/pwscf.wfc51’: Operation not supported
cp: preserving permissions for ‘/local/scratch/mehlhorn/62120/pwscf.wfc52’: Operation not supported
cp: preserving permissions for ‘/local/scratch/mehlhorn/62120/pwscf.wfc53’: Operation not supported
cp: preserving permissions for ‘/local/scratch/mehlhorn/62120/pwscf.wfc54’: Operation not supported
cp: preserving permissions for ‘/local/scratch/mehlhorn/62120/pwscf.wfc55’: Operation not supported
cp: preserving permissions for ‘/local/scratch/mehlhorn/62120/pwscf.wfc56’: Operation not supported
cp: preserving permissions for ‘/local/scratch/mehlhorn/62120/pwscf.wfc57’: Operation not supported
cp: preserving permissions for ‘/local/scratch/mehlhorn/62120/pwscf.wfc58’: Operation not supported
cp: preserving permissions for ‘/local/scratch/mehlhorn/62120/pwscf.wfc59’: Operation not supported
cp: preserving permissions for ‘/local/scratch/mehlhorn/62120/pwscf.wfc6’: Operation not supported
cp: preserving permissions for ‘/local/scratch/mehlhorn/62120/pwscf.wfc60’: Operation not supported
cp: preserving permissions for ‘/local/scratch/mehlhorn/62120/pwscf.wfc61’: Operation not supported
cp: preserving permissions for ‘/local/scratch/mehlhorn/62120/pwscf.wfc62’: Operation not supported
cp: preserving permissions for ‘/local/scratch/mehlhorn/62120/pwscf.wfc63’: Operation not supported
cp: preserving permissions for ‘/local/scratch/mehlhorn/62120/pwscf.wfc64’: Operation not supported
cp: preserving permissions for ‘/local/scratch/mehlhorn/62120/pwscf.wfc65’: Operation not supported
cp: preserving permissions for ‘/local/scratch/mehlhorn/62120/pwscf.wfc66’: Operation not supported
cp: preserving permissions for ‘/local/scratch/mehlhorn/62120/pwscf.wfc67’: Operation not supported
cp: preserving permissions for ‘/local/scratch/mehlhorn/62120/pwscf.wfc68’: Operation not supported
cp: preserving permissions for ‘/local/scratch/mehlhorn/62120/pwscf.wfc69’: Operation not supported
cp: preserving permissions for ‘/local/scratch/mehlhorn/62120/pwscf.wfc7’: Operation not supported
cp: preserving permissions for ‘/local/scratch/mehlhorn/62120/pwscf.wfc70’: Operation not supported
cp: preserving permissions for ‘/local/scratch/mehlhorn/62120/pwscf.wfc71’: Operation not supported
cp: preserving permissions for ‘/local/scratch/mehlhorn/62120/pwscf.wfc72’: Operation not supported
cp: preserving permissions for ‘/local/scratch/mehlhorn/62120/pwscf.wfc73’: Operation not supported
cp: preserving permissions for ‘/local/scratch/mehlhorn/62120/pwscf.wfc74’: Operation not supported
cp: preserving permissions for ‘/local/scratch/mehlhorn/62120/pwscf.wfc75’: Operation not supported
cp: preserving permissions for ‘/local/scratch/mehlhorn/62120/pwscf.wfc76’: Operation not supported
cp: preserving permissions for ‘/local/scratch/mehlhorn/62120/pwscf.wfc77’: Operation not supported
cp: preserving permissions for ‘/local/scratch/mehlhorn/62120/pwscf.wfc78’: Operation not supported
cp: preserving permissions for ‘/local/scratch/mehlhorn/62120/pwscf.wfc79’: Operation not supported
cp: preserving permissions for ‘/local/scratch/mehlhorn/62120/pwscf.wfc8’: Operation not supported
cp: preserving permissions for ‘/local/scratch/mehlhorn/62120/pwscf.wfc80’: Operation not supported
cp: preserving permissions for ‘/local/scratch/mehlhorn/62120/pwscf.wfc81’: Operation not supported
cp: preserving permissions for ‘/local/scratch/mehlhorn/62120/pwscf.wfc82’: Operation not supported
cp: preserving permissions for ‘/local/scratch/mehlhorn/62120/pwscf.wfc83’: Operation not supported
cp: preserving permissions for ‘/local/scratch/mehlhorn/62120/pwscf.wfc84’: Operation not supported
cp: preserving permissions for ‘/local/scratch/mehlhorn/62120/pwscf.wfc85’: Operation not supported
cp: preserving permissions for ‘/local/scratch/mehlhorn/62120/pwscf.wfc86’: Operation not supported
cp: preserving permissions for ‘/local/scratch/mehlhorn/62120/pwscf.wfc87’: Operation not supported
cp: preserving permissions for ‘/local/scratch/mehlhorn/62120/pwscf.wfc88’: Operation not supported
cp: preserving permissions for ‘/local/scratch/mehlhorn/62120/pwscf.wfc89’: Operation not supported
cp: preserving permissions for ‘/local/scratch/mehlhorn/62120/pwscf.wfc9’: Operation not supported
cp: preserving permissions for ‘/local/scratch/mehlhorn/62120/pwscf.wfc90’: Operation not supported
cp: preserving permissions for ‘/local/scratch/mehlhorn/62120/pwscf.wfc91’: Operation not supported
cp: preserving permissions for ‘/local/scratch/mehlhorn/62120/pwscf.wfc92’: Operation not supported
cp: preserving permissions for ‘/local/scratch/mehlhorn/62120/pwscf.wfc93’: Operation not supported
cp: preserving permissions for ‘/local/scratch/mehlhorn/62120/pwscf.wfc94’: Operation not supported
cp: preserving permissions for ‘/local/scratch/mehlhorn/62120/pwscf.wfc95’: Operation not supported
cp: preserving permissions for ‘/local/scratch/mehlhorn/62120/pwscf.wfc96’: Operation not supported
cp: preserving permissions for ‘/local/scratch/mehlhorn/62120/pwscf.wfc97’: Operation not supported
cp: preserving permissions for ‘/local/scratch/mehlhorn/62120/pwscf.wfc98’: Operation not supported
cp: preserving permissions for ‘/local/scratch/mehlhorn/62120/pwscf.wfc99’: Operation not supported
cp: preserving permissions for ‘/local/scratch/mehlhorn/62120/pwscf.xml’: Operation not supported
cp: preserving permissions for ‘/local/scratch/mehlhorn/62120/q2r.inp’: Operation not supported
cp: preserving permissions for ‘/local/scratch/mehlhorn/62120/qe.job’: Operation not supported
cp: preserving permissions for ‘/local/scratch/mehlhorn/62120/slurm-61690.out’: Operation not supported
cp: preserving permissions for ‘/local/scratch/mehlhorn/62120/slurm-61691.out’: Operation not supported
cp: preserving permissions for ‘/local/scratch/mehlhorn/62120/slurm-61692.out’: Operation not supported
