cp: preserving permissions for ‘/local/scratch/mehlhorn/61692/CRASH’: Operation not supported
cp: preserving permissions for ‘/local/scratch/mehlhorn/61692/JOBLOG’: Operation not supported
cp: preserving permissions for ‘/local/scratch/mehlhorn/61692/UiO-66-dehydrox_pbe.cif’: Operation not supported
cp: preserving permissions for ‘/local/scratch/mehlhorn/61692/UiO-66-dehydrox_pbe_R3.cif’: Operation not supported
cp: preserving permissions for ‘/local/scratch/mehlhorn/61692/UiO-66-dehydrox_pbe_R3_rhom.cif’: Operation not supported
cp: preserving permissions for ‘/local/scratch/mehlhorn/61692/UiO-66-dehydrox_pbe_R3_rhom_pw.inp’: Operation not supported
cp: preserving permissions for ‘/local/scratch/mehlhorn/61692/_ph0’: Operation not supported
cp: preserving permissions for ‘/local/scratch/mehlhorn/61692/input_tmp.in’: Operation not supported
cp: preserving permissions for ‘/local/scratch/mehlhorn/61692/ph.inp’: Operation not supported
cp: preserving permissions for ‘/local/scratch/mehlhorn/61692/ph.out’: Operation not supported
cp: preserving permissions for ‘/local/scratch/mehlhorn/61692/ph_error.out’: Operation not supported
cp: preserving permissions for ‘/local/scratch/mehlhorn/61692/pw.inp’: Operation not supported
cp: preserving permissions for ‘/local/scratch/mehlhorn/61692/pw.out’: Operation not supported
cp: preserving permissions for ‘/local/scratch/mehlhorn/61692/pw_error.out’: Operation not supported
cp: preserving permissions for ‘/local/scratch/mehlhorn/61692/pwscf.save/charge-density.dat’: Operation not supported
cp: preserving permissions for ‘/local/scratch/mehlhorn/61692/pwscf.save/H.pbe-kjpaw_psl.1.0.0.UPF’: Operation not supported
cp: preserving permissions for ‘/local/scratch/mehlhorn/61692/pwscf.save/Zr.pbe-spn-kjpaw_psl.1.0.0.UPF’: Operation not supported
cp: preserving permissions for ‘/local/scratch/mehlhorn/61692/pwscf.save/C.pbe-n-kjpaw_psl.1.0.0.UPF’: Operation not supported
cp: preserving permissions for ‘/local/scratch/mehlhorn/61692/pwscf.save/O.pbe-n-kjpaw_psl.1.0.0.UPF’: Operation not supported
cp: preserving permissions for ‘/local/scratch/mehlhorn/61692/pwscf.save/paw.txt’: Operation not supported
cp: preserving permissions for ‘/local/scratch/mehlhorn/61692/pwscf.save/data-file-schema.xml’: Operation not supported
cp: preserving permissions for ‘/local/scratch/mehlhorn/61692/pwscf.save/wfc1.dat’: Operation not supported
cp: preserving permissions for ‘/local/scratch/mehlhorn/61692/pwscf.save’: Operation not supported
cp: preserving permissions for ‘/local/scratch/mehlhorn/61692/pwscf.wfc1’: Operation not supported
cp: preserving permissions for ‘/local/scratch/mehlhorn/61692/pwscf.wfc10’: Operation not supported
cp: preserving permissions for ‘/local/scratch/mehlhorn/61692/pwscf.wfc100’: Operation not supported
cp: preserving permissions for ‘/local/scratch/mehlhorn/61692/pwscf.wfc101’: Operation not supported
cp: preserving permissions for ‘/local/scratch/mehlhorn/61692/pwscf.wfc102’: Operation not supported
cp: preserving permissions for ‘/local/scratch/mehlhorn/61692/pwscf.wfc103’: Operation not supported
cp: preserving permissions for ‘/local/scratch/mehlhorn/61692/pwscf.wfc104’: Operation not supported
cp: preserving permissions for ‘/local/scratch/mehlhorn/61692/pwscf.wfc105’: Operation not supported
cp: preserving permissions for ‘/local/scratch/mehlhorn/61692/pwscf.wfc106’: Operation not supported
cp: preserving permissions for ‘/local/scratch/mehlhorn/61692/pwscf.wfc107’: Operation not supported
cp: preserving permissions for ‘/local/scratch/mehlhorn/61692/pwscf.wfc108’: Operation not supported
cp: preserving permissions for ‘/local/scratch/mehlhorn/61692/pwscf.wfc109’: Operation not supported
cp: preserving permissions for ‘/local/scratch/mehlhorn/61692/pwscf.wfc11’: Operation not supported
cp: preserving permissions for ‘/local/scratch/mehlhorn/61692/pwscf.wfc110’: Operation not supported
cp: preserving permissions for ‘/local/scratch/mehlhorn/61692/pwscf.wfc111’: Operation not supported
cp: preserving permissions for ‘/local/scratch/mehlhorn/61692/pwscf.wfc112’: Operation not supported
cp: preserving permissions for ‘/local/scratch/mehlhorn/61692/pwscf.wfc113’: Operation not supported
cp: preserving permissions for ‘/local/scratch/mehlhorn/61692/pwscf.wfc114’: Operation not supported
cp: preserving permissions for ‘/local/scratch/mehlhorn/61692/pwscf.wfc115’: Operation not supported
cp: preserving permissions for ‘/local/scratch/mehlhorn/61692/pwscf.wfc116’: Operation not supported
cp: preserving permissions for ‘/local/scratch/mehlhorn/61692/pwscf.wfc117’: Operation not supported
cp: preserving permissions for ‘/local/scratch/mehlhorn/61692/pwscf.wfc118’: Operation not supported
cp: preserving permissions for ‘/local/scratch/mehlhorn/61692/pwscf.wfc119’: Operation not supported
cp: preserving permissions for ‘/local/scratch/mehlhorn/61692/pwscf.wfc12’: Operation not supported
cp: preserving permissions for ‘/local/scratch/mehlhorn/61692/pwscf.wfc120’: Operation not supported
cp: preserving permissions for ‘/local/scratch/mehlhorn/61692/pwscf.wfc121’: Operation not supported
cp: preserving permissions for ‘/local/scratch/mehlhorn/61692/pwscf.wfc122’: Operation not supported
cp: preserving permissions for ‘/local/scratch/mehlhorn/61692/pwscf.wfc123’: Operation not supported
cp: preserving permissions for ‘/local/scratch/mehlhorn/61692/pwscf.wfc124’: Operation not supported
cp: preserving permissions for ‘/local/scratch/mehlhorn/61692/pwscf.wfc125’: Operation not supported
cp: preserving permissions for ‘/local/scratch/mehlhorn/61692/pwscf.wfc126’: Operation not supported
cp: preserving permissions for ‘/local/scratch/mehlhorn/61692/pwscf.wfc127’: Operation not supported
cp: preserving permissions for ‘/local/scratch/mehlhorn/61692/pwscf.wfc128’: Operation not supported
cp: preserving permissions for ‘/local/scratch/mehlhorn/61692/pwscf.wfc129’: Operation not supported
cp: preserving permissions for ‘/local/scratch/mehlhorn/61692/pwscf.wfc13’: Operation not supported
cp: preserving permissions for ‘/local/scratch/mehlhorn/61692/pwscf.wfc130’: Operation not supported
cp: preserving permissions for ‘/local/scratch/mehlhorn/61692/pwscf.wfc131’: Operation not supported
cp: preserving permissions for ‘/local/scratch/mehlhorn/61692/pwscf.wfc132’: Operation not supported
cp: preserving permissions for ‘/local/scratch/mehlhorn/61692/pwscf.wfc133’: Operation not supported
cp: preserving permissions for ‘/local/scratch/mehlhorn/61692/pwscf.wfc134’: Operation not supported
cp: preserving permissions for ‘/local/scratch/mehlhorn/61692/pwscf.wfc135’: Operation not supported
cp: preserving permissions for ‘/local/scratch/mehlhorn/61692/pwscf.wfc136’: Operation not supported
cp: preserving permissions for ‘/local/scratch/mehlhorn/61692/pwscf.wfc137’: Operation not supported
cp: preserving permissions for ‘/local/scratch/mehlhorn/61692/pwscf.wfc138’: Operation not supported
cp: preserving permissions for ‘/local/scratch/mehlhorn/61692/pwscf.wfc139’: Operation not supported
cp: preserving permissions for ‘/local/scratch/mehlhorn/61692/pwscf.wfc14’: Operation not supported
cp: preserving permissions for ‘/local/scratch/mehlhorn/61692/pwscf.wfc140’: Operation not supported
cp: preserving permissions for ‘/local/scratch/mehlhorn/61692/pwscf.wfc141’: Operation not supported
cp: preserving permissions for ‘/local/scratch/mehlhorn/61692/pwscf.wfc142’: Operation not supported
cp: preserving permissions for ‘/local/scratch/mehlhorn/61692/pwscf.wfc143’: Operation not supported
cp: preserving permissions for ‘/local/scratch/mehlhorn/61692/pwscf.wfc144’: Operation not supported
cp: preserving permissions for ‘/local/scratch/mehlhorn/61692/pwscf.wfc145’: Operation not supported
cp: preserving permissions for ‘/local/scratch/mehlhorn/61692/pwscf.wfc146’: Operation not supported
cp: preserving permissions for ‘/local/scratch/mehlhorn/61692/pwscf.wfc147’: Operation not supported
cp: preserving permissions for ‘/local/scratch/mehlhorn/61692/pwscf.wfc148’: Operation not supported
cp: preserving permissions for ‘/local/scratch/mehlhorn/61692/pwscf.wfc149’: Operation not supported
cp: preserving permissions for ‘/local/scratch/mehlhorn/61692/pwscf.wfc15’: Operation not supported
cp: preserving permissions for ‘/local/scratch/mehlhorn/61692/pwscf.wfc150’: Operation not supported
cp: preserving permissions for ‘/local/scratch/mehlhorn/61692/pwscf.wfc151’: Operation not supported
cp: preserving permissions for ‘/local/scratch/mehlhorn/61692/pwscf.wfc152’: Operation not supported
cp: preserving permissions for ‘/local/scratch/mehlhorn/61692/pwscf.wfc153’: Operation not supported
cp: preserving permissions for ‘/local/scratch/mehlhorn/61692/pwscf.wfc154’: Operation not supported
cp: preserving permissions for ‘/local/scratch/mehlhorn/61692/pwscf.wfc155’: Operation not supported
cp: preserving permissions for ‘/local/scratch/mehlhorn/61692/pwscf.wfc156’: Operation not supported
cp: preserving permissions for ‘/local/scratch/mehlhorn/61692/pwscf.wfc157’: Operation not supported
cp: preserving permissions for ‘/local/scratch/mehlhorn/61692/pwscf.wfc158’: Operation not supported
cp: preserving permissions for ‘/local/scratch/mehlhorn/61692/pwscf.wfc159’: Operation not supported
cp: preserving permissions for ‘/local/scratch/mehlhorn/61692/pwscf.wfc16’: Operation not supported
cp: preserving permissions for ‘/local/scratch/mehlhorn/61692/pwscf.wfc160’: Operation not supported
cp: preserving permissions for ‘/local/scratch/mehlhorn/61692/pwscf.wfc161’: Operation not supported
cp: preserving permissions for ‘/local/scratch/mehlhorn/61692/pwscf.wfc162’: Operation not supported
cp: preserving permissions for ‘/local/scratch/mehlhorn/61692/pwscf.wfc163’: Operation not supported
cp: preserving permissions for ‘/local/scratch/mehlhorn/61692/pwscf.wfc164’: Operation not supported
cp: preserving permissions for ‘/local/scratch/mehlhorn/61692/pwscf.wfc165’: Operation not supported
cp: preserving permissions for ‘/local/scratch/mehlhorn/61692/pwscf.wfc166’: Operation not supported
cp: preserving permissions for ‘/local/scratch/mehlhorn/61692/pwscf.wfc167’: Operation not supported
cp: preserving permissions for ‘/local/scratch/mehlhorn/61692/pwscf.wfc168’: Operation not supported
cp: preserving permissions for ‘/local/scratch/mehlhorn/61692/pwscf.wfc169’: Operation not supported
cp: preserving permissions for ‘/local/scratch/mehlhorn/61692/pwscf.wfc17’: Operation not supported
cp: preserving permissions for ‘/local/scratch/mehlhorn/61692/pwscf.wfc170’: Operation not supported
cp: preserving permissions for ‘/local/scratch/mehlhorn/61692/pwscf.wfc171’: Operation not supported
cp: preserving permissions for ‘/local/scratch/mehlhorn/61692/pwscf.wfc172’: Operation not supported
cp: preserving permissions for ‘/local/scratch/mehlhorn/61692/pwscf.wfc173’: Operation not supported
cp: preserving permissions for ‘/local/scratch/mehlhorn/61692/pwscf.wfc174’: Operation not supported
cp: preserving permissions for ‘/local/scratch/mehlhorn/61692/pwscf.wfc175’: Operation not supported
cp: preserving permissions for ‘/local/scratch/mehlhorn/61692/pwscf.wfc176’: Operation not supported
cp: preserving permissions for ‘/local/scratch/mehlhorn/61692/pwscf.wfc177’: Operation not supported
cp: preserving permissions for ‘/local/scratch/mehlhorn/61692/pwscf.wfc178’: Operation not supported
cp: preserving permissions for ‘/local/scratch/mehlhorn/61692/pwscf.wfc179’: Operation not supported
cp: preserving permissions for ‘/local/scratch/mehlhorn/61692/pwscf.wfc18’: Operation not supported
cp: preserving permissions for ‘/local/scratch/mehlhorn/61692/pwscf.wfc180’: Operation not supported
cp: preserving permissions for ‘/local/scratch/mehlhorn/61692/pwscf.wfc181’: Operation not supported
cp: preserving permissions for ‘/local/scratch/mehlhorn/61692/pwscf.wfc182’: Operation not supported
cp: preserving permissions for ‘/local/scratch/mehlhorn/61692/pwscf.wfc183’: Operation not supported
cp: preserving permissions for ‘/local/scratch/mehlhorn/61692/pwscf.wfc184’: Operation not supported
cp: preserving permissions for ‘/local/scratch/mehlhorn/61692/pwscf.wfc185’: Operation not supported
cp: preserving permissions for ‘/local/scratch/mehlhorn/61692/pwscf.wfc186’: Operation not supported
cp: preserving permissions for ‘/local/scratch/mehlhorn/61692/pwscf.wfc187’: Operation not supported
cp: preserving permissions for ‘/local/scratch/mehlhorn/61692/pwscf.wfc188’: Operation not supported
cp: preserving permissions for ‘/local/scratch/mehlhorn/61692/pwscf.wfc189’: Operation not supported
cp: preserving permissions for ‘/local/scratch/mehlhorn/61692/pwscf.wfc19’: Operation not supported
cp: preserving permissions for ‘/local/scratch/mehlhorn/61692/pwscf.wfc190’: Operation not supported
cp: preserving permissions for ‘/local/scratch/mehlhorn/61692/pwscf.wfc191’: Operation not supported
cp: preserving permissions for ‘/local/scratch/mehlhorn/61692/pwscf.wfc192’: Operation not supported
cp: preserving permissions for ‘/local/scratch/mehlhorn/61692/pwscf.wfc193’: Operation not supported
cp: preserving permissions for ‘/local/scratch/mehlhorn/61692/pwscf.wfc194’: Operation not supported
cp: preserving permissions for ‘/local/scratch/mehlhorn/61692/pwscf.wfc195’: Operation not supported
cp: preserving permissions for ‘/local/scratch/mehlhorn/61692/pwscf.wfc196’: Operation not supported
cp: preserving permissions for ‘/local/scratch/mehlhorn/61692/pwscf.wfc197’: Operation not supported
cp: preserving permissions for ‘/local/scratch/mehlhorn/61692/pwscf.wfc198’: Operation not supported
cp: preserving permissions for ‘/local/scratch/mehlhorn/61692/pwscf.wfc199’: Operation not supported
cp: preserving permissions for ‘/local/scratch/mehlhorn/61692/pwscf.wfc2’: Operation not supported
cp: preserving permissions for ‘/local/scratch/mehlhorn/61692/pwscf.wfc20’: Operation not supported
cp: preserving permissions for ‘/local/scratch/mehlhorn/61692/pwscf.wfc200’: Operation not supported
cp: preserving permissions for ‘/local/scratch/mehlhorn/61692/pwscf.wfc201’: Operation not supported
cp: preserving permissions for ‘/local/scratch/mehlhorn/61692/pwscf.wfc202’: Operation not supported
cp: preserving permissions for ‘/local/scratch/mehlhorn/61692/pwscf.wfc203’: Operation not supported
cp: preserving permissions for ‘/local/scratch/mehlhorn/61692/pwscf.wfc204’: Operation not supported
cp: preserving permissions for ‘/local/scratch/mehlhorn/61692/pwscf.wfc205’: Operation not supported
cp: preserving permissions for ‘/local/scratch/mehlhorn/61692/pwscf.wfc206’: Operation not supported
cp: preserving permissions for ‘/local/scratch/mehlhorn/61692/pwscf.wfc207’: Operation not supported
cp: preserving permissions for ‘/local/scratch/mehlhorn/61692/pwscf.wfc208’: Operation not supported
cp: preserving permissions for ‘/local/scratch/mehlhorn/61692/pwscf.wfc209’: Operation not supported
cp: preserving permissions for ‘/local/scratch/mehlhorn/61692/pwscf.wfc21’: Operation not supported
cp: preserving permissions for ‘/local/scratch/mehlhorn/61692/pwscf.wfc210’: Operation not supported
cp: preserving permissions for ‘/local/scratch/mehlhorn/61692/pwscf.wfc211’: Operation not supported
cp: preserving permissions for ‘/local/scratch/mehlhorn/61692/pwscf.wfc212’: Operation not supported
cp: preserving permissions for ‘/local/scratch/mehlhorn/61692/pwscf.wfc213’: Operation not supported
cp: preserving permissions for ‘/local/scratch/mehlhorn/61692/pwscf.wfc214’: Operation not supported
cp: preserving permissions for ‘/local/scratch/mehlhorn/61692/pwscf.wfc215’: Operation not supported
cp: preserving permissions for ‘/local/scratch/mehlhorn/61692/pwscf.wfc216’: Operation not supported
cp: preserving permissions for ‘/local/scratch/mehlhorn/61692/pwscf.wfc217’: Operation not supported
cp: preserving permissions for ‘/local/scratch/mehlhorn/61692/pwscf.wfc218’: Operation not supported
cp: preserving permissions for ‘/local/scratch/mehlhorn/61692/pwscf.wfc219’: Operation not supported
cp: preserving permissions for ‘/local/scratch/mehlhorn/61692/pwscf.wfc22’: Operation not supported
cp: preserving permissions for ‘/local/scratch/mehlhorn/61692/pwscf.wfc220’: Operation not supported
cp: preserving permissions for ‘/local/scratch/mehlhorn/61692/pwscf.wfc221’: Operation not supported
cp: preserving permissions for ‘/local/scratch/mehlhorn/61692/pwscf.wfc222’: Operation not supported
cp: preserving permissions for ‘/local/scratch/mehlhorn/61692/pwscf.wfc223’: Operation not supported
cp: preserving permissions for ‘/local/scratch/mehlhorn/61692/pwscf.wfc224’: Operation not supported
cp: preserving permissions for ‘/local/scratch/mehlhorn/61692/pwscf.wfc225’: Operation not supported
cp: preserving permissions for ‘/local/scratch/mehlhorn/61692/pwscf.wfc226’: Operation not supported
cp: preserving permissions for ‘/local/scratch/mehlhorn/61692/pwscf.wfc227’: Operation not supported
cp: preserving permissions for ‘/local/scratch/mehlhorn/61692/pwscf.wfc228’: Operation not supported
cp: preserving permissions for ‘/local/scratch/mehlhorn/61692/pwscf.wfc229’: Operation not supported
cp: preserving permissions for ‘/local/scratch/mehlhorn/61692/pwscf.wfc23’: Operation not supported
cp: preserving permissions for ‘/local/scratch/mehlhorn/61692/pwscf.wfc230’: Operation not supported
cp: preserving permissions for ‘/local/scratch/mehlhorn/61692/pwscf.wfc231’: Operation not supported
cp: preserving permissions for ‘/local/scratch/mehlhorn/61692/pwscf.wfc232’: Operation not supported
cp: preserving permissions for ‘/local/scratch/mehlhorn/61692/pwscf.wfc233’: Operation not supported
cp: preserving permissions for ‘/local/scratch/mehlhorn/61692/pwscf.wfc234’: Operation not supported
cp: preserving permissions for ‘/local/scratch/mehlhorn/61692/pwscf.wfc235’: Operation not supported
cp: preserving permissions for ‘/local/scratch/mehlhorn/61692/pwscf.wfc236’: Operation not supported
cp: preserving permissions for ‘/local/scratch/mehlhorn/61692/pwscf.wfc237’: Operation not supported
cp: preserving permissions for ‘/local/scratch/mehlhorn/61692/pwscf.wfc238’: Operation not supported
cp: preserving permissions for ‘/local/scratch/mehlhorn/61692/pwscf.wfc239’: Operation not supported
cp: preserving permissions for ‘/local/scratch/mehlhorn/61692/pwscf.wfc24’: Operation not supported
cp: preserving permissions for ‘/local/scratch/mehlhorn/61692/pwscf.wfc240’: Operation not supported
cp: preserving permissions for ‘/local/scratch/mehlhorn/61692/pwscf.wfc241’: Operation not supported
cp: preserving permissions for ‘/local/scratch/mehlhorn/61692/pwscf.wfc242’: Operation not supported
cp: preserving permissions for ‘/local/scratch/mehlhorn/61692/pwscf.wfc243’: Operation not supported
cp: preserving permissions for ‘/local/scratch/mehlhorn/61692/pwscf.wfc244’: Operation not supported
cp: preserving permissions for ‘/local/scratch/mehlhorn/61692/pwscf.wfc245’: Operation not supported
cp: preserving permissions for ‘/local/scratch/mehlhorn/61692/pwscf.wfc246’: Operation not supported
cp: preserving permissions for ‘/local/scratch/mehlhorn/61692/pwscf.wfc247’: Operation not supported
cp: preserving permissions for ‘/local/scratch/mehlhorn/61692/pwscf.wfc248’: Operation not supported
cp: preserving permissions for ‘/local/scratch/mehlhorn/61692/pwscf.wfc249’: Operation not supported
cp: preserving permissions for ‘/local/scratch/mehlhorn/61692/pwscf.wfc25’: Operation not supported
cp: preserving permissions for ‘/local/scratch/mehlhorn/61692/pwscf.wfc250’: Operation not supported
cp: preserving permissions for ‘/local/scratch/mehlhorn/61692/pwscf.wfc251’: Operation not supported
cp: preserving permissions for ‘/local/scratch/mehlhorn/61692/pwscf.wfc252’: Operation not supported
cp: preserving permissions for ‘/local/scratch/mehlhorn/61692/pwscf.wfc253’: Operation not supported
cp: preserving permissions for ‘/local/scratch/mehlhorn/61692/pwscf.wfc254’: Operation not supported
cp: preserving permissions for ‘/local/scratch/mehlhorn/61692/pwscf.wfc255’: Operation not supported
cp: preserving permissions for ‘/local/scratch/mehlhorn/61692/pwscf.wfc256’: Operation not supported
cp: preserving permissions for ‘/local/scratch/mehlhorn/61692/pwscf.wfc26’: Operation not supported
cp: preserving permissions for ‘/local/scratch/mehlhorn/61692/pwscf.wfc27’: Operation not supported
cp: preserving permissions for ‘/local/scratch/mehlhorn/61692/pwscf.wfc28’: Operation not supported
cp: preserving permissions for ‘/local/scratch/mehlhorn/61692/pwscf.wfc29’: Operation not supported
cp: preserving permissions for ‘/local/scratch/mehlhorn/61692/pwscf.wfc3’: Operation not supported
cp: preserving permissions for ‘/local/scratch/mehlhorn/61692/pwscf.wfc30’: Operation not supported
cp: preserving permissions for ‘/local/scratch/mehlhorn/61692/pwscf.wfc31’: Operation not supported
cp: preserving permissions for ‘/local/scratch/mehlhorn/61692/pwscf.wfc32’: Operation not supported
cp: preserving permissions for ‘/local/scratch/mehlhorn/61692/pwscf.wfc33’: Operation not supported
cp: preserving permissions for ‘/local/scratch/mehlhorn/61692/pwscf.wfc34’: Operation not supported
cp: preserving permissions for ‘/local/scratch/mehlhorn/61692/pwscf.wfc35’: Operation not supported
cp: preserving permissions for ‘/local/scratch/mehlhorn/61692/pwscf.wfc36’: Operation not supported
cp: preserving permissions for ‘/local/scratch/mehlhorn/61692/pwscf.wfc37’: Operation not supported
cp: preserving permissions for ‘/local/scratch/mehlhorn/61692/pwscf.wfc38’: Operation not supported
cp: preserving permissions for ‘/local/scratch/mehlhorn/61692/pwscf.wfc39’: Operation not supported
cp: preserving permissions for ‘/local/scratch/mehlhorn/61692/pwscf.wfc4’: Operation not supported
cp: preserving permissions for ‘/local/scratch/mehlhorn/61692/pwscf.wfc40’: Operation not supported
cp: preserving permissions for ‘/local/scratch/mehlhorn/61692/pwscf.wfc41’: Operation not supported
cp: preserving permissions for ‘/local/scratch/mehlhorn/61692/pwscf.wfc42’: Operation not supported
cp: preserving permissions for ‘/local/scratch/mehlhorn/61692/pwscf.wfc43’: Operation not supported
cp: preserving permissions for ‘/local/scratch/mehlhorn/61692/pwscf.wfc44’: Operation not supported
cp: preserving permissions for ‘/local/scratch/mehlhorn/61692/pwscf.wfc45’: Operation not supported
cp: preserving permissions for ‘/local/scratch/mehlhorn/61692/pwscf.wfc46’: Operation not supported
cp: preserving permissions for ‘/local/scratch/mehlhorn/61692/pwscf.wfc47’: Operation not supported
cp: preserving permissions for ‘/local/scratch/mehlhorn/61692/pwscf.wfc48’: Operation not supported
cp: preserving permissions for ‘/local/scratch/mehlhorn/61692/pwscf.wfc49’: Operation not supported
cp: preserving permissions for ‘/local/scratch/mehlhorn/61692/pwscf.wfc5’: Operation not supported
cp: preserving permissions for ‘/local/scratch/mehlhorn/61692/pwscf.wfc50’: Operation not supported
cp: preserving permissions for ‘/local/scratch/mehlhorn/61692/pwscf.wfc51’: Operation not supported
cp: preserving permissions for ‘/local/scratch/mehlhorn/61692/pwscf.wfc52’: Operation not supported
cp: preserving permissions for ‘/local/scratch/mehlhorn/61692/pwscf.wfc53’: Operation not supported
cp: preserving permissions for ‘/local/scratch/mehlhorn/61692/pwscf.wfc54’: Operation not supported
cp: preserving permissions for ‘/local/scratch/mehlhorn/61692/pwscf.wfc55’: Operation not supported
cp: preserving permissions for ‘/local/scratch/mehlhorn/61692/pwscf.wfc56’: Operation not supported
cp: preserving permissions for ‘/local/scratch/mehlhorn/61692/pwscf.wfc57’: Operation not supported
cp: preserving permissions for ‘/local/scratch/mehlhorn/61692/pwscf.wfc58’: Operation not supported
cp: preserving permissions for ‘/local/scratch/mehlhorn/61692/pwscf.wfc59’: Operation not supported
cp: preserving permissions for ‘/local/scratch/mehlhorn/61692/pwscf.wfc6’: Operation not supported
cp: preserving permissions for ‘/local/scratch/mehlhorn/61692/pwscf.wfc60’: Operation not supported
cp: preserving permissions for ‘/local/scratch/mehlhorn/61692/pwscf.wfc61’: Operation not supported
cp: preserving permissions for ‘/local/scratch/mehlhorn/61692/pwscf.wfc62’: Operation not supported
cp: preserving permissions for ‘/local/scratch/mehlhorn/61692/pwscf.wfc63’: Operation not supported
cp: preserving permissions for ‘/local/scratch/mehlhorn/61692/pwscf.wfc64’: Operation not supported
cp: preserving permissions for ‘/local/scratch/mehlhorn/61692/pwscf.wfc65’: Operation not supported
cp: preserving permissions for ‘/local/scratch/mehlhorn/61692/pwscf.wfc66’: Operation not supported
cp: preserving permissions for ‘/local/scratch/mehlhorn/61692/pwscf.wfc67’: Operation not supported
cp: preserving permissions for ‘/local/scratch/mehlhorn/61692/pwscf.wfc68’: Operation not supported
cp: preserving permissions for ‘/local/scratch/mehlhorn/61692/pwscf.wfc69’: Operation not supported
cp: preserving permissions for ‘/local/scratch/mehlhorn/61692/pwscf.wfc7’: Operation not supported
cp: preserving permissions for ‘/local/scratch/mehlhorn/61692/pwscf.wfc70’: Operation not supported
cp: preserving permissions for ‘/local/scratch/mehlhorn/61692/pwscf.wfc71’: Operation not supported
cp: preserving permissions for ‘/local/scratch/mehlhorn/61692/pwscf.wfc72’: Operation not supported
cp: preserving permissions for ‘/local/scratch/mehlhorn/61692/pwscf.wfc73’: Operation not supported
cp: preserving permissions for ‘/local/scratch/mehlhorn/61692/pwscf.wfc74’: Operation not supported
cp: preserving permissions for ‘/local/scratch/mehlhorn/61692/pwscf.wfc75’: Operation not supported
cp: preserving permissions for ‘/local/scratch/mehlhorn/61692/pwscf.wfc76’: Operation not supported
cp: preserving permissions for ‘/local/scratch/mehlhorn/61692/pwscf.wfc77’: Operation not supported
cp: preserving permissions for ‘/local/scratch/mehlhorn/61692/pwscf.wfc78’: Operation not supported
cp: preserving permissions for ‘/local/scratch/mehlhorn/61692/pwscf.wfc79’: Operation not supported
cp: preserving permissions for ‘/local/scratch/mehlhorn/61692/pwscf.wfc8’: Operation not supported
cp: preserving permissions for ‘/local/scratch/mehlhorn/61692/pwscf.wfc80’: Operation not supported
cp: preserving permissions for ‘/local/scratch/mehlhorn/61692/pwscf.wfc81’: Operation not supported
cp: preserving permissions for ‘/local/scratch/mehlhorn/61692/pwscf.wfc82’: Operation not supported
cp: preserving permissions for ‘/local/scratch/mehlhorn/61692/pwscf.wfc83’: Operation not supported
cp: preserving permissions for ‘/local/scratch/mehlhorn/61692/pwscf.wfc84’: Operation not supported
cp: preserving permissions for ‘/local/scratch/mehlhorn/61692/pwscf.wfc85’: Operation not supported
cp: preserving permissions for ‘/local/scratch/mehlhorn/61692/pwscf.wfc86’: Operation not supported
cp: preserving permissions for ‘/local/scratch/mehlhorn/61692/pwscf.wfc87’: Operation not supported
cp: preserving permissions for ‘/local/scratch/mehlhorn/61692/pwscf.wfc88’: Operation not supported
cp: preserving permissions for ‘/local/scratch/mehlhorn/61692/pwscf.wfc89’: Operation not supported
cp: preserving permissions for ‘/local/scratch/mehlhorn/61692/pwscf.wfc9’: Operation not supported
cp: preserving permissions for ‘/local/scratch/mehlhorn/61692/pwscf.wfc90’: Operation not supported
cp: preserving permissions for ‘/local/scratch/mehlhorn/61692/pwscf.wfc91’: Operation not supported
cp: preserving permissions for ‘/local/scratch/mehlhorn/61692/pwscf.wfc92’: Operation not supported
cp: preserving permissions for ‘/local/scratch/mehlhorn/61692/pwscf.wfc93’: Operation not supported
cp: preserving permissions for ‘/local/scratch/mehlhorn/61692/pwscf.wfc94’: Operation not supported
cp: preserving permissions for ‘/local/scratch/mehlhorn/61692/pwscf.wfc95’: Operation not supported
cp: preserving permissions for ‘/local/scratch/mehlhorn/61692/pwscf.wfc96’: Operation not supported
cp: preserving permissions for ‘/local/scratch/mehlhorn/61692/pwscf.wfc97’: Operation not supported
cp: preserving permissions for ‘/local/scratch/mehlhorn/61692/pwscf.wfc98’: Operation not supported
cp: preserving permissions for ‘/local/scratch/mehlhorn/61692/pwscf.wfc99’: Operation not supported
cp: preserving permissions for ‘/local/scratch/mehlhorn/61692/pwscf.xml’: Operation not supported
cp: preserving permissions for ‘/local/scratch/mehlhorn/61692/qe.job’: Operation not supported
cp: preserving permissions for ‘/local/scratch/mehlhorn/61692/slurm-61690.out’: Operation not supported
cp: preserving permissions for ‘/local/scratch/mehlhorn/61692/slurm-61691.out’: Operation not supported
